[2025-07-12T15:24:16.401+0000] {processor.py:161} INFO - Started process (PID=1044) to work on /opt/airflow/dags/realtime_global_flight_data.py
[2025-07-12T15:24:16.402+0000] {processor.py:830} INFO - Processing file /opt/airflow/dags/realtime_global_flight_data.py for tasks to queue
[2025-07-12T15:24:16.403+0000] {logging_mixin.py:188} INFO - [2025-07-12T15:24:16.402+0000] {dagbag.py:538} INFO - Filling up the DagBag from /opt/airflow/dags/realtime_global_flight_data.py
[2025-07-12T15:24:16.593+0000] {processor.py:840} INFO - DAG(s) 'realtime_global_flight_data' retrieved from /opt/airflow/dags/realtime_global_flight_data.py
[2025-07-12T15:24:16.645+0000] {logging_mixin.py:188} INFO - [2025-07-12T15:24:16.645+0000] {override.py:1769} INFO - Created Permission View: can read on DAG:realtime_global_flight_data
[2025-07-12T15:24:16.649+0000] {logging_mixin.py:188} INFO - [2025-07-12T15:24:16.649+0000] {override.py:1769} INFO - Created Permission View: can edit on DAG:realtime_global_flight_data
[2025-07-12T15:24:16.652+0000] {logging_mixin.py:188} INFO - [2025-07-12T15:24:16.652+0000] {override.py:1769} INFO - Created Permission View: can delete on DAG:realtime_global_flight_data
[2025-07-12T15:24:16.652+0000] {logging_mixin.py:188} INFO - [2025-07-12T15:24:16.652+0000] {dag.py:3036} INFO - Sync 1 DAGs
[2025-07-12T15:24:16.657+0000] {logging_mixin.py:188} INFO - [2025-07-12T15:24:16.657+0000] {dag.py:3058} INFO - Creating ORM DAG for realtime_global_flight_data
[2025-07-12T15:24:16.662+0000] {logging_mixin.py:188} INFO - [2025-07-12T15:24:16.662+0000] {dag.py:3823} INFO - Setting next_dagrun for realtime_global_flight_data to 2025-07-12 15:00:00+00:00, run_after=2025-07-12 15:15:00+00:00
[2025-07-12T15:24:16.673+0000] {processor.py:183} INFO - Processing /opt/airflow/dags/realtime_global_flight_data.py took 0.274 seconds
[2025-07-12T15:24:47.445+0000] {processor.py:161} INFO - Started process (PID=1084) to work on /opt/airflow/dags/realtime_global_flight_data.py
[2025-07-12T15:24:47.446+0000] {processor.py:830} INFO - Processing file /opt/airflow/dags/realtime_global_flight_data.py for tasks to queue
[2025-07-12T15:24:47.447+0000] {logging_mixin.py:188} INFO - [2025-07-12T15:24:47.447+0000] {dagbag.py:538} INFO - Filling up the DagBag from /opt/airflow/dags/realtime_global_flight_data.py
[2025-07-12T15:24:47.557+0000] {processor.py:840} INFO - DAG(s) 'realtime_global_flight_data' retrieved from /opt/airflow/dags/realtime_global_flight_data.py
[2025-07-12T15:24:47.568+0000] {logging_mixin.py:188} INFO - [2025-07-12T15:24:47.568+0000] {dag.py:3036} INFO - Sync 1 DAGs
[2025-07-12T15:24:47.576+0000] {logging_mixin.py:188} INFO - [2025-07-12T15:24:47.576+0000] {dag.py:3823} INFO - Setting next_dagrun for realtime_global_flight_data to 2025-07-12 15:00:00+00:00, run_after=2025-07-12 15:15:00+00:00
[2025-07-12T15:24:47.583+0000] {processor.py:183} INFO - Processing /opt/airflow/dags/realtime_global_flight_data.py took 0.140 seconds
[2025-07-12T15:25:18.377+0000] {processor.py:161} INFO - Started process (PID=1124) to work on /opt/airflow/dags/realtime_global_flight_data.py
[2025-07-12T15:25:18.378+0000] {processor.py:830} INFO - Processing file /opt/airflow/dags/realtime_global_flight_data.py for tasks to queue
[2025-07-12T15:25:18.379+0000] {logging_mixin.py:188} INFO - [2025-07-12T15:25:18.378+0000] {dagbag.py:538} INFO - Filling up the DagBag from /opt/airflow/dags/realtime_global_flight_data.py
[2025-07-12T15:25:18.505+0000] {processor.py:840} INFO - DAG(s) 'realtime_global_flight_data' retrieved from /opt/airflow/dags/realtime_global_flight_data.py
[2025-07-12T15:25:18.517+0000] {logging_mixin.py:188} INFO - [2025-07-12T15:25:18.517+0000] {dag.py:3036} INFO - Sync 1 DAGs
[2025-07-12T15:25:18.525+0000] {logging_mixin.py:188} INFO - [2025-07-12T15:25:18.525+0000] {dag.py:3823} INFO - Setting next_dagrun for realtime_global_flight_data to 2025-07-12 15:00:00+00:00, run_after=2025-07-12 15:15:00+00:00
[2025-07-12T15:25:18.532+0000] {processor.py:183} INFO - Processing /opt/airflow/dags/realtime_global_flight_data.py took 0.158 seconds
[2025-07-12T15:25:49.428+0000] {processor.py:161} INFO - Started process (PID=1164) to work on /opt/airflow/dags/realtime_global_flight_data.py
[2025-07-12T15:25:49.430+0000] {processor.py:830} INFO - Processing file /opt/airflow/dags/realtime_global_flight_data.py for tasks to queue
[2025-07-12T15:25:49.431+0000] {logging_mixin.py:188} INFO - [2025-07-12T15:25:49.431+0000] {dagbag.py:538} INFO - Filling up the DagBag from /opt/airflow/dags/realtime_global_flight_data.py
[2025-07-12T15:25:49.637+0000] {processor.py:840} INFO - DAG(s) 'realtime_global_flight_data' retrieved from /opt/airflow/dags/realtime_global_flight_data.py
[2025-07-12T15:25:49.657+0000] {logging_mixin.py:188} INFO - [2025-07-12T15:25:49.656+0000] {dag.py:3036} INFO - Sync 1 DAGs
[2025-07-12T15:25:49.668+0000] {logging_mixin.py:188} INFO - [2025-07-12T15:25:49.668+0000] {dag.py:3823} INFO - Setting next_dagrun for realtime_global_flight_data to 2025-07-12 15:00:00+00:00, run_after=2025-07-12 15:15:00+00:00
[2025-07-12T15:25:49.676+0000] {processor.py:183} INFO - Processing /opt/airflow/dags/realtime_global_flight_data.py took 0.253 seconds
[2025-07-12T15:26:20.512+0000] {processor.py:161} INFO - Started process (PID=1204) to work on /opt/airflow/dags/realtime_global_flight_data.py
[2025-07-12T15:26:20.515+0000] {processor.py:830} INFO - Processing file /opt/airflow/dags/realtime_global_flight_data.py for tasks to queue
[2025-07-12T15:26:20.516+0000] {logging_mixin.py:188} INFO - [2025-07-12T15:26:20.516+0000] {dagbag.py:538} INFO - Filling up the DagBag from /opt/airflow/dags/realtime_global_flight_data.py
[2025-07-12T15:26:20.725+0000] {processor.py:840} INFO - DAG(s) 'realtime_global_flight_data' retrieved from /opt/airflow/dags/realtime_global_flight_data.py
[2025-07-12T15:26:20.744+0000] {logging_mixin.py:188} INFO - [2025-07-12T15:26:20.744+0000] {dag.py:3036} INFO - Sync 1 DAGs
[2025-07-12T15:26:20.833+0000] {logging_mixin.py:188} INFO - [2025-07-12T15:26:20.833+0000] {dag.py:3823} INFO - Setting next_dagrun for realtime_global_flight_data to 2025-07-12 15:00:00+00:00, run_after=2025-07-12 15:15:00+00:00
[2025-07-12T15:26:20.840+0000] {processor.py:183} INFO - Processing /opt/airflow/dags/realtime_global_flight_data.py took 0.333 seconds
[2025-07-12T15:26:51.584+0000] {processor.py:161} INFO - Started process (PID=1244) to work on /opt/airflow/dags/realtime_global_flight_data.py
[2025-07-12T15:26:51.585+0000] {processor.py:830} INFO - Processing file /opt/airflow/dags/realtime_global_flight_data.py for tasks to queue
[2025-07-12T15:26:51.586+0000] {logging_mixin.py:188} INFO - [2025-07-12T15:26:51.585+0000] {dagbag.py:538} INFO - Filling up the DagBag from /opt/airflow/dags/realtime_global_flight_data.py
[2025-07-12T15:26:51.998+0000] {processor.py:840} INFO - DAG(s) 'realtime_global_flight_data' retrieved from /opt/airflow/dags/realtime_global_flight_data.py
[2025-07-12T15:26:52.023+0000] {logging_mixin.py:188} INFO - [2025-07-12T15:26:52.023+0000] {dag.py:3036} INFO - Sync 1 DAGs
[2025-07-12T15:26:52.034+0000] {logging_mixin.py:188} INFO - [2025-07-12T15:26:52.034+0000] {dag.py:3823} INFO - Setting next_dagrun for realtime_global_flight_data to 2025-07-12 15:00:00+00:00, run_after=2025-07-12 15:15:00+00:00
[2025-07-12T15:26:52.042+0000] {processor.py:183} INFO - Processing /opt/airflow/dags/realtime_global_flight_data.py took 0.467 seconds
[2025-07-12T15:27:22.172+0000] {processor.py:161} INFO - Started process (PID=1284) to work on /opt/airflow/dags/realtime_global_flight_data.py
[2025-07-12T15:27:22.173+0000] {processor.py:830} INFO - Processing file /opt/airflow/dags/realtime_global_flight_data.py for tasks to queue
[2025-07-12T15:27:22.174+0000] {logging_mixin.py:188} INFO - [2025-07-12T15:27:22.174+0000] {dagbag.py:538} INFO - Filling up the DagBag from /opt/airflow/dags/realtime_global_flight_data.py
[2025-07-12T15:27:22.361+0000] {processor.py:840} INFO - DAG(s) 'realtime_global_flight_data' retrieved from /opt/airflow/dags/realtime_global_flight_data.py
[2025-07-12T15:27:22.374+0000] {logging_mixin.py:188} INFO - [2025-07-12T15:27:22.373+0000] {dag.py:3036} INFO - Sync 1 DAGs
[2025-07-12T15:27:22.382+0000] {logging_mixin.py:188} INFO - [2025-07-12T15:27:22.382+0000] {dag.py:3823} INFO - Setting next_dagrun for realtime_global_flight_data to 2025-07-12 15:00:00+00:00, run_after=2025-07-12 15:15:00+00:00
[2025-07-12T15:27:22.388+0000] {processor.py:183} INFO - Processing /opt/airflow/dags/realtime_global_flight_data.py took 0.219 seconds
[2025-07-12T15:27:52.645+0000] {processor.py:161} INFO - Started process (PID=1324) to work on /opt/airflow/dags/realtime_global_flight_data.py
[2025-07-12T15:27:52.646+0000] {processor.py:830} INFO - Processing file /opt/airflow/dags/realtime_global_flight_data.py for tasks to queue
[2025-07-12T15:27:52.647+0000] {logging_mixin.py:188} INFO - [2025-07-12T15:27:52.647+0000] {dagbag.py:538} INFO - Filling up the DagBag from /opt/airflow/dags/realtime_global_flight_data.py
[2025-07-12T15:27:52.818+0000] {processor.py:840} INFO - DAG(s) 'realtime_global_flight_data' retrieved from /opt/airflow/dags/realtime_global_flight_data.py
[2025-07-12T15:27:52.832+0000] {logging_mixin.py:188} INFO - [2025-07-12T15:27:52.832+0000] {dag.py:3036} INFO - Sync 1 DAGs
[2025-07-12T15:27:52.841+0000] {logging_mixin.py:188} INFO - [2025-07-12T15:27:52.841+0000] {dag.py:3823} INFO - Setting next_dagrun for realtime_global_flight_data to 2025-07-12 15:00:00+00:00, run_after=2025-07-12 15:15:00+00:00
[2025-07-12T15:27:52.847+0000] {processor.py:183} INFO - Processing /opt/airflow/dags/realtime_global_flight_data.py took 0.205 seconds
[2025-07-12T15:28:23.134+0000] {processor.py:161} INFO - Started process (PID=1364) to work on /opt/airflow/dags/realtime_global_flight_data.py
[2025-07-12T15:28:23.135+0000] {processor.py:830} INFO - Processing file /opt/airflow/dags/realtime_global_flight_data.py for tasks to queue
[2025-07-12T15:28:23.136+0000] {logging_mixin.py:188} INFO - [2025-07-12T15:28:23.136+0000] {dagbag.py:538} INFO - Filling up the DagBag from /opt/airflow/dags/realtime_global_flight_data.py
[2025-07-12T15:28:23.335+0000] {processor.py:840} INFO - DAG(s) 'realtime_global_flight_data' retrieved from /opt/airflow/dags/realtime_global_flight_data.py
[2025-07-12T15:28:23.348+0000] {logging_mixin.py:188} INFO - [2025-07-12T15:28:23.348+0000] {dag.py:3036} INFO - Sync 1 DAGs
[2025-07-12T15:28:23.355+0000] {logging_mixin.py:188} INFO - [2025-07-12T15:28:23.355+0000] {dag.py:3823} INFO - Setting next_dagrun for realtime_global_flight_data to 2025-07-12 15:00:00+00:00, run_after=2025-07-12 15:15:00+00:00
[2025-07-12T15:28:23.362+0000] {processor.py:183} INFO - Processing /opt/airflow/dags/realtime_global_flight_data.py took 0.231 seconds
[2025-07-12T15:28:53.494+0000] {processor.py:161} INFO - Started process (PID=1404) to work on /opt/airflow/dags/realtime_global_flight_data.py
[2025-07-12T15:28:53.495+0000] {processor.py:830} INFO - Processing file /opt/airflow/dags/realtime_global_flight_data.py for tasks to queue
[2025-07-12T15:28:53.496+0000] {logging_mixin.py:188} INFO - [2025-07-12T15:28:53.496+0000] {dagbag.py:538} INFO - Filling up the DagBag from /opt/airflow/dags/realtime_global_flight_data.py
[2025-07-12T15:28:53.722+0000] {processor.py:840} INFO - DAG(s) 'realtime_global_flight_data' retrieved from /opt/airflow/dags/realtime_global_flight_data.py
[2025-07-12T15:28:53.733+0000] {logging_mixin.py:188} INFO - [2025-07-12T15:28:53.733+0000] {dag.py:3036} INFO - Sync 1 DAGs
[2025-07-12T15:28:53.740+0000] {logging_mixin.py:188} INFO - [2025-07-12T15:28:53.740+0000] {dag.py:3823} INFO - Setting next_dagrun for realtime_global_flight_data to 2025-07-12 15:00:00+00:00, run_after=2025-07-12 15:15:00+00:00
[2025-07-12T15:28:53.747+0000] {processor.py:183} INFO - Processing /opt/airflow/dags/realtime_global_flight_data.py took 0.257 seconds
[2025-07-12T15:29:23.996+0000] {processor.py:161} INFO - Started process (PID=1444) to work on /opt/airflow/dags/realtime_global_flight_data.py
[2025-07-12T15:29:23.997+0000] {processor.py:830} INFO - Processing file /opt/airflow/dags/realtime_global_flight_data.py for tasks to queue
[2025-07-12T15:29:23.998+0000] {logging_mixin.py:188} INFO - [2025-07-12T15:29:23.998+0000] {dagbag.py:538} INFO - Filling up the DagBag from /opt/airflow/dags/realtime_global_flight_data.py
[2025-07-12T15:29:24.201+0000] {processor.py:840} INFO - DAG(s) 'realtime_global_flight_data' retrieved from /opt/airflow/dags/realtime_global_flight_data.py
[2025-07-12T15:29:24.211+0000] {logging_mixin.py:188} INFO - [2025-07-12T15:29:24.211+0000] {dag.py:3036} INFO - Sync 1 DAGs
[2025-07-12T15:29:24.218+0000] {logging_mixin.py:188} INFO - [2025-07-12T15:29:24.218+0000] {dag.py:3823} INFO - Setting next_dagrun for realtime_global_flight_data to 2025-07-12 15:00:00+00:00, run_after=2025-07-12 15:15:00+00:00
[2025-07-12T15:29:24.224+0000] {processor.py:183} INFO - Processing /opt/airflow/dags/realtime_global_flight_data.py took 0.233 seconds
[2025-07-12T15:29:54.648+0000] {processor.py:161} INFO - Started process (PID=1484) to work on /opt/airflow/dags/realtime_global_flight_data.py
[2025-07-12T15:29:54.650+0000] {processor.py:830} INFO - Processing file /opt/airflow/dags/realtime_global_flight_data.py for tasks to queue
[2025-07-12T15:29:54.651+0000] {logging_mixin.py:188} INFO - [2025-07-12T15:29:54.650+0000] {dagbag.py:538} INFO - Filling up the DagBag from /opt/airflow/dags/realtime_global_flight_data.py
[2025-07-12T15:29:54.867+0000] {processor.py:840} INFO - DAG(s) 'realtime_global_flight_data' retrieved from /opt/airflow/dags/realtime_global_flight_data.py
[2025-07-12T15:29:54.879+0000] {logging_mixin.py:188} INFO - [2025-07-12T15:29:54.879+0000] {dag.py:3036} INFO - Sync 1 DAGs
[2025-07-12T15:29:54.887+0000] {logging_mixin.py:188} INFO - [2025-07-12T15:29:54.887+0000] {dag.py:3823} INFO - Setting next_dagrun for realtime_global_flight_data to 2025-07-12 15:00:00+00:00, run_after=2025-07-12 15:15:00+00:00
[2025-07-12T15:29:54.894+0000] {processor.py:183} INFO - Processing /opt/airflow/dags/realtime_global_flight_data.py took 0.249 seconds
[2025-07-12T15:30:25.429+0000] {processor.py:161} INFO - Started process (PID=1542) to work on /opt/airflow/dags/realtime_global_flight_data.py
[2025-07-12T15:30:25.430+0000] {processor.py:830} INFO - Processing file /opt/airflow/dags/realtime_global_flight_data.py for tasks to queue
[2025-07-12T15:30:25.431+0000] {logging_mixin.py:188} INFO - [2025-07-12T15:30:25.430+0000] {dagbag.py:538} INFO - Filling up the DagBag from /opt/airflow/dags/realtime_global_flight_data.py
[2025-07-12T15:30:25.552+0000] {processor.py:840} INFO - DAG(s) 'realtime_global_flight_data' retrieved from /opt/airflow/dags/realtime_global_flight_data.py
[2025-07-12T15:30:25.564+0000] {logging_mixin.py:188} INFO - [2025-07-12T15:30:25.564+0000] {dag.py:3036} INFO - Sync 1 DAGs
[2025-07-12T15:30:25.571+0000] {logging_mixin.py:188} INFO - [2025-07-12T15:30:25.571+0000] {dag.py:3823} INFO - Setting next_dagrun for realtime_global_flight_data to 2025-07-12 15:30:00+00:00, run_after=2025-07-12 15:45:00+00:00
[2025-07-12T15:30:25.577+0000] {processor.py:183} INFO - Processing /opt/airflow/dags/realtime_global_flight_data.py took 0.152 seconds
[2025-07-12T15:30:55.632+0000] {processor.py:161} INFO - Started process (PID=1582) to work on /opt/airflow/dags/realtime_global_flight_data.py
[2025-07-12T15:30:55.633+0000] {processor.py:830} INFO - Processing file /opt/airflow/dags/realtime_global_flight_data.py for tasks to queue
[2025-07-12T15:30:55.634+0000] {logging_mixin.py:188} INFO - [2025-07-12T15:30:55.634+0000] {dagbag.py:538} INFO - Filling up the DagBag from /opt/airflow/dags/realtime_global_flight_data.py
[2025-07-12T15:30:55.746+0000] {processor.py:840} INFO - DAG(s) 'realtime_global_flight_data' retrieved from /opt/airflow/dags/realtime_global_flight_data.py
[2025-07-12T15:30:55.757+0000] {logging_mixin.py:188} INFO - [2025-07-12T15:30:55.757+0000] {dag.py:3036} INFO - Sync 1 DAGs
[2025-07-12T15:30:55.764+0000] {logging_mixin.py:188} INFO - [2025-07-12T15:30:55.764+0000] {dag.py:3823} INFO - Setting next_dagrun for realtime_global_flight_data to 2025-07-12 15:30:00+00:00, run_after=2025-07-12 15:45:00+00:00
[2025-07-12T15:30:55.771+0000] {processor.py:183} INFO - Processing /opt/airflow/dags/realtime_global_flight_data.py took 0.142 seconds
[2025-07-12T15:31:26.214+0000] {processor.py:161} INFO - Started process (PID=1622) to work on /opt/airflow/dags/realtime_global_flight_data.py
[2025-07-12T15:31:26.216+0000] {processor.py:830} INFO - Processing file /opt/airflow/dags/realtime_global_flight_data.py for tasks to queue
[2025-07-12T15:31:26.217+0000] {logging_mixin.py:188} INFO - [2025-07-12T15:31:26.217+0000] {dagbag.py:538} INFO - Filling up the DagBag from /opt/airflow/dags/realtime_global_flight_data.py
[2025-07-12T15:31:26.362+0000] {processor.py:840} INFO - DAG(s) 'realtime_global_flight_data' retrieved from /opt/airflow/dags/realtime_global_flight_data.py
[2025-07-12T15:31:26.379+0000] {logging_mixin.py:188} INFO - [2025-07-12T15:31:26.379+0000] {dag.py:3036} INFO - Sync 1 DAGs
[2025-07-12T15:31:26.389+0000] {logging_mixin.py:188} INFO - [2025-07-12T15:31:26.389+0000] {dag.py:3823} INFO - Setting next_dagrun for realtime_global_flight_data to 2025-07-12 15:30:00+00:00, run_after=2025-07-12 15:45:00+00:00
[2025-07-12T15:31:26.396+0000] {processor.py:183} INFO - Processing /opt/airflow/dags/realtime_global_flight_data.py took 0.187 seconds
[2025-07-12T15:31:56.976+0000] {processor.py:161} INFO - Started process (PID=1662) to work on /opt/airflow/dags/realtime_global_flight_data.py
[2025-07-12T15:31:56.977+0000] {processor.py:830} INFO - Processing file /opt/airflow/dags/realtime_global_flight_data.py for tasks to queue
[2025-07-12T15:31:56.978+0000] {logging_mixin.py:188} INFO - [2025-07-12T15:31:56.978+0000] {dagbag.py:538} INFO - Filling up the DagBag from /opt/airflow/dags/realtime_global_flight_data.py
[2025-07-12T15:31:57.081+0000] {processor.py:840} INFO - DAG(s) 'realtime_global_flight_data' retrieved from /opt/airflow/dags/realtime_global_flight_data.py
[2025-07-12T15:31:57.091+0000] {logging_mixin.py:188} INFO - [2025-07-12T15:31:57.091+0000] {dag.py:3036} INFO - Sync 1 DAGs
[2025-07-12T15:31:57.099+0000] {logging_mixin.py:188} INFO - [2025-07-12T15:31:57.099+0000] {dag.py:3823} INFO - Setting next_dagrun for realtime_global_flight_data to 2025-07-12 15:30:00+00:00, run_after=2025-07-12 15:45:00+00:00
[2025-07-12T15:31:57.106+0000] {processor.py:183} INFO - Processing /opt/airflow/dags/realtime_global_flight_data.py took 0.131 seconds
[2025-07-12T15:32:27.725+0000] {processor.py:161} INFO - Started process (PID=1702) to work on /opt/airflow/dags/realtime_global_flight_data.py
[2025-07-12T15:32:27.727+0000] {processor.py:830} INFO - Processing file /opt/airflow/dags/realtime_global_flight_data.py for tasks to queue
[2025-07-12T15:32:27.728+0000] {logging_mixin.py:188} INFO - [2025-07-12T15:32:27.728+0000] {dagbag.py:538} INFO - Filling up the DagBag from /opt/airflow/dags/realtime_global_flight_data.py
[2025-07-12T15:32:27.838+0000] {processor.py:840} INFO - DAG(s) 'realtime_global_flight_data' retrieved from /opt/airflow/dags/realtime_global_flight_data.py
[2025-07-12T15:32:27.847+0000] {logging_mixin.py:188} INFO - [2025-07-12T15:32:27.847+0000] {dag.py:3036} INFO - Sync 1 DAGs
[2025-07-12T15:32:27.855+0000] {logging_mixin.py:188} INFO - [2025-07-12T15:32:27.855+0000] {dag.py:3823} INFO - Setting next_dagrun for realtime_global_flight_data to 2025-07-12 15:30:00+00:00, run_after=2025-07-12 15:45:00+00:00
[2025-07-12T15:32:27.861+0000] {processor.py:183} INFO - Processing /opt/airflow/dags/realtime_global_flight_data.py took 0.141 seconds
[2025-07-12T15:32:58.431+0000] {processor.py:161} INFO - Started process (PID=1742) to work on /opt/airflow/dags/realtime_global_flight_data.py
[2025-07-12T15:32:58.432+0000] {processor.py:830} INFO - Processing file /opt/airflow/dags/realtime_global_flight_data.py for tasks to queue
[2025-07-12T15:32:58.433+0000] {logging_mixin.py:188} INFO - [2025-07-12T15:32:58.432+0000] {dagbag.py:538} INFO - Filling up the DagBag from /opt/airflow/dags/realtime_global_flight_data.py
[2025-07-12T15:32:58.543+0000] {processor.py:840} INFO - DAG(s) 'realtime_global_flight_data' retrieved from /opt/airflow/dags/realtime_global_flight_data.py
[2025-07-12T15:32:58.558+0000] {logging_mixin.py:188} INFO - [2025-07-12T15:32:58.558+0000] {dag.py:3036} INFO - Sync 1 DAGs
[2025-07-12T15:32:58.567+0000] {logging_mixin.py:188} INFO - [2025-07-12T15:32:58.567+0000] {dag.py:3823} INFO - Setting next_dagrun for realtime_global_flight_data to 2025-07-12 15:30:00+00:00, run_after=2025-07-12 15:45:00+00:00
[2025-07-12T15:32:58.574+0000] {processor.py:183} INFO - Processing /opt/airflow/dags/realtime_global_flight_data.py took 0.144 seconds
[2025-07-12T15:33:29.100+0000] {processor.py:161} INFO - Started process (PID=1800) to work on /opt/airflow/dags/realtime_global_flight_data.py
[2025-07-12T15:33:29.101+0000] {processor.py:830} INFO - Processing file /opt/airflow/dags/realtime_global_flight_data.py for tasks to queue
[2025-07-12T15:33:29.101+0000] {logging_mixin.py:188} INFO - [2025-07-12T15:33:29.101+0000] {dagbag.py:538} INFO - Filling up the DagBag from /opt/airflow/dags/realtime_global_flight_data.py
[2025-07-12T15:33:29.220+0000] {processor.py:840} INFO - DAG(s) 'realtime_global_flight_data' retrieved from /opt/airflow/dags/realtime_global_flight_data.py
[2025-07-12T15:33:29.230+0000] {logging_mixin.py:188} INFO - [2025-07-12T15:33:29.230+0000] {dag.py:3036} INFO - Sync 1 DAGs
[2025-07-12T15:33:29.238+0000] {logging_mixin.py:188} INFO - [2025-07-12T15:33:29.238+0000] {dag.py:3823} INFO - Setting next_dagrun for realtime_global_flight_data to 2025-07-12 15:30:00+00:00, run_after=2025-07-12 15:45:00+00:00
[2025-07-12T15:33:29.306+0000] {processor.py:183} INFO - Processing /opt/airflow/dags/realtime_global_flight_data.py took 0.208 seconds
[2025-07-12T15:33:59.879+0000] {processor.py:161} INFO - Started process (PID=1840) to work on /opt/airflow/dags/realtime_global_flight_data.py
[2025-07-12T15:33:59.880+0000] {processor.py:830} INFO - Processing file /opt/airflow/dags/realtime_global_flight_data.py for tasks to queue
[2025-07-12T15:33:59.880+0000] {logging_mixin.py:188} INFO - [2025-07-12T15:33:59.880+0000] {dagbag.py:538} INFO - Filling up the DagBag from /opt/airflow/dags/realtime_global_flight_data.py
[2025-07-12T15:34:00.042+0000] {processor.py:840} INFO - DAG(s) 'realtime_global_flight_data' retrieved from /opt/airflow/dags/realtime_global_flight_data.py
[2025-07-12T15:34:00.051+0000] {logging_mixin.py:188} INFO - [2025-07-12T15:34:00.051+0000] {dag.py:3036} INFO - Sync 1 DAGs
[2025-07-12T15:34:00.058+0000] {logging_mixin.py:188} INFO - [2025-07-12T15:34:00.058+0000] {dag.py:3823} INFO - Setting next_dagrun for realtime_global_flight_data to 2025-07-12 15:30:00+00:00, run_after=2025-07-12 15:45:00+00:00
[2025-07-12T15:34:00.064+0000] {processor.py:183} INFO - Processing /opt/airflow/dags/realtime_global_flight_data.py took 0.188 seconds
[2025-07-12T15:34:30.160+0000] {processor.py:161} INFO - Started process (PID=1880) to work on /opt/airflow/dags/realtime_global_flight_data.py
[2025-07-12T15:34:30.161+0000] {processor.py:830} INFO - Processing file /opt/airflow/dags/realtime_global_flight_data.py for tasks to queue
[2025-07-12T15:34:30.162+0000] {logging_mixin.py:188} INFO - [2025-07-12T15:34:30.162+0000] {dagbag.py:538} INFO - Filling up the DagBag from /opt/airflow/dags/realtime_global_flight_data.py
[2025-07-12T15:34:30.610+0000] {processor.py:840} INFO - DAG(s) 'realtime_global_flight_data' retrieved from /opt/airflow/dags/realtime_global_flight_data.py
[2025-07-12T15:34:30.627+0000] {logging_mixin.py:188} INFO - [2025-07-12T15:34:30.627+0000] {dag.py:3036} INFO - Sync 1 DAGs
[2025-07-12T15:34:30.637+0000] {logging_mixin.py:188} INFO - [2025-07-12T15:34:30.636+0000] {dag.py:3823} INFO - Setting next_dagrun for realtime_global_flight_data to 2025-07-12 15:30:00+00:00, run_after=2025-07-12 15:45:00+00:00
[2025-07-12T15:34:30.644+0000] {processor.py:183} INFO - Processing /opt/airflow/dags/realtime_global_flight_data.py took 0.489 seconds
[2025-07-12T15:35:00.881+0000] {processor.py:161} INFO - Started process (PID=1920) to work on /opt/airflow/dags/realtime_global_flight_data.py
[2025-07-12T15:35:00.882+0000] {processor.py:830} INFO - Processing file /opt/airflow/dags/realtime_global_flight_data.py for tasks to queue
[2025-07-12T15:35:00.883+0000] {logging_mixin.py:188} INFO - [2025-07-12T15:35:00.883+0000] {dagbag.py:538} INFO - Filling up the DagBag from /opt/airflow/dags/realtime_global_flight_data.py
[2025-07-12T15:35:01.054+0000] {processor.py:840} INFO - DAG(s) 'realtime_global_flight_data' retrieved from /opt/airflow/dags/realtime_global_flight_data.py
[2025-07-12T15:35:01.063+0000] {logging_mixin.py:188} INFO - [2025-07-12T15:35:01.062+0000] {dag.py:3036} INFO - Sync 1 DAGs
[2025-07-12T15:35:01.069+0000] {logging_mixin.py:188} INFO - [2025-07-12T15:35:01.069+0000] {dag.py:3823} INFO - Setting next_dagrun for realtime_global_flight_data to 2025-07-12 15:30:00+00:00, run_after=2025-07-12 15:45:00+00:00
[2025-07-12T15:35:01.075+0000] {processor.py:183} INFO - Processing /opt/airflow/dags/realtime_global_flight_data.py took 0.198 seconds
[2025-07-12T15:35:31.777+0000] {processor.py:161} INFO - Started process (PID=1960) to work on /opt/airflow/dags/realtime_global_flight_data.py
[2025-07-12T15:35:31.778+0000] {processor.py:830} INFO - Processing file /opt/airflow/dags/realtime_global_flight_data.py for tasks to queue
[2025-07-12T15:35:31.779+0000] {logging_mixin.py:188} INFO - [2025-07-12T15:35:31.779+0000] {dagbag.py:538} INFO - Filling up the DagBag from /opt/airflow/dags/realtime_global_flight_data.py
[2025-07-12T15:35:31.951+0000] {processor.py:840} INFO - DAG(s) 'realtime_global_flight_data' retrieved from /opt/airflow/dags/realtime_global_flight_data.py
[2025-07-12T15:35:31.960+0000] {logging_mixin.py:188} INFO - [2025-07-12T15:35:31.959+0000] {dag.py:3036} INFO - Sync 1 DAGs
[2025-07-12T15:35:31.966+0000] {logging_mixin.py:188} INFO - [2025-07-12T15:35:31.966+0000] {dag.py:3823} INFO - Setting next_dagrun for realtime_global_flight_data to 2025-07-12 15:30:00+00:00, run_after=2025-07-12 15:45:00+00:00
[2025-07-12T15:35:31.972+0000] {processor.py:183} INFO - Processing /opt/airflow/dags/realtime_global_flight_data.py took 0.199 seconds
[2025-07-12T15:36:02.760+0000] {processor.py:161} INFO - Started process (PID=2000) to work on /opt/airflow/dags/realtime_global_flight_data.py
[2025-07-12T15:36:02.762+0000] {processor.py:830} INFO - Processing file /opt/airflow/dags/realtime_global_flight_data.py for tasks to queue
[2025-07-12T15:36:02.763+0000] {logging_mixin.py:188} INFO - [2025-07-12T15:36:02.762+0000] {dagbag.py:538} INFO - Filling up the DagBag from /opt/airflow/dags/realtime_global_flight_data.py
[2025-07-12T15:36:02.930+0000] {processor.py:840} INFO - DAG(s) 'realtime_global_flight_data' retrieved from /opt/airflow/dags/realtime_global_flight_data.py
[2025-07-12T15:36:02.939+0000] {logging_mixin.py:188} INFO - [2025-07-12T15:36:02.939+0000] {dag.py:3036} INFO - Sync 1 DAGs
[2025-07-12T15:36:02.945+0000] {logging_mixin.py:188} INFO - [2025-07-12T15:36:02.945+0000] {dag.py:3823} INFO - Setting next_dagrun for realtime_global_flight_data to 2025-07-12 15:30:00+00:00, run_after=2025-07-12 15:45:00+00:00
[2025-07-12T15:36:02.952+0000] {processor.py:183} INFO - Processing /opt/airflow/dags/realtime_global_flight_data.py took 0.195 seconds
[2025-07-12T15:36:32.989+0000] {processor.py:161} INFO - Started process (PID=2046) to work on /opt/airflow/dags/realtime_global_flight_data.py
[2025-07-12T15:36:32.990+0000] {processor.py:830} INFO - Processing file /opt/airflow/dags/realtime_global_flight_data.py for tasks to queue
[2025-07-12T15:36:32.990+0000] {logging_mixin.py:188} INFO - [2025-07-12T15:36:32.990+0000] {dagbag.py:538} INFO - Filling up the DagBag from /opt/airflow/dags/realtime_global_flight_data.py
[2025-07-12T15:36:33.219+0000] {processor.py:840} INFO - DAG(s) 'realtime_global_flight_data' retrieved from /opt/airflow/dags/realtime_global_flight_data.py
[2025-07-12T15:36:33.232+0000] {logging_mixin.py:188} INFO - [2025-07-12T15:36:33.231+0000] {dag.py:3036} INFO - Sync 1 DAGs
[2025-07-12T15:36:33.240+0000] {logging_mixin.py:188} INFO - [2025-07-12T15:36:33.240+0000] {dag.py:3823} INFO - Setting next_dagrun for realtime_global_flight_data to 2025-07-12 15:30:00+00:00, run_after=2025-07-12 15:45:00+00:00
[2025-07-12T15:36:33.247+0000] {processor.py:183} INFO - Processing /opt/airflow/dags/realtime_global_flight_data.py took 0.261 seconds
[2025-07-12T15:37:03.335+0000] {processor.py:161} INFO - Started process (PID=2086) to work on /opt/airflow/dags/realtime_global_flight_data.py
[2025-07-12T15:37:03.336+0000] {processor.py:830} INFO - Processing file /opt/airflow/dags/realtime_global_flight_data.py for tasks to queue
[2025-07-12T15:37:03.337+0000] {logging_mixin.py:188} INFO - [2025-07-12T15:37:03.337+0000] {dagbag.py:538} INFO - Filling up the DagBag from /opt/airflow/dags/realtime_global_flight_data.py
[2025-07-12T15:37:03.566+0000] {processor.py:840} INFO - DAG(s) 'realtime_global_flight_data' retrieved from /opt/airflow/dags/realtime_global_flight_data.py
[2025-07-12T15:37:03.578+0000] {logging_mixin.py:188} INFO - [2025-07-12T15:37:03.577+0000] {dag.py:3036} INFO - Sync 1 DAGs
[2025-07-12T15:37:03.586+0000] {logging_mixin.py:188} INFO - [2025-07-12T15:37:03.586+0000] {dag.py:3823} INFO - Setting next_dagrun for realtime_global_flight_data to 2025-07-12 15:30:00+00:00, run_after=2025-07-12 15:45:00+00:00
[2025-07-12T15:37:03.593+0000] {processor.py:183} INFO - Processing /opt/airflow/dags/realtime_global_flight_data.py took 0.261 seconds
[2025-07-12T15:37:33.654+0000] {processor.py:161} INFO - Started process (PID=2126) to work on /opt/airflow/dags/realtime_global_flight_data.py
[2025-07-12T15:37:33.655+0000] {processor.py:830} INFO - Processing file /opt/airflow/dags/realtime_global_flight_data.py for tasks to queue
[2025-07-12T15:37:33.656+0000] {logging_mixin.py:188} INFO - [2025-07-12T15:37:33.656+0000] {dagbag.py:538} INFO - Filling up the DagBag from /opt/airflow/dags/realtime_global_flight_data.py
[2025-07-12T15:37:33.859+0000] {processor.py:840} INFO - DAG(s) 'realtime_global_flight_data' retrieved from /opt/airflow/dags/realtime_global_flight_data.py
[2025-07-12T15:37:33.870+0000] {logging_mixin.py:188} INFO - [2025-07-12T15:37:33.870+0000] {dag.py:3036} INFO - Sync 1 DAGs
[2025-07-12T15:37:33.880+0000] {logging_mixin.py:188} INFO - [2025-07-12T15:37:33.880+0000] {dag.py:3823} INFO - Setting next_dagrun for realtime_global_flight_data to 2025-07-12 15:30:00+00:00, run_after=2025-07-12 15:45:00+00:00
[2025-07-12T15:37:33.888+0000] {processor.py:183} INFO - Processing /opt/airflow/dags/realtime_global_flight_data.py took 0.237 seconds
[2025-07-12T15:38:04.173+0000] {processor.py:161} INFO - Started process (PID=2166) to work on /opt/airflow/dags/realtime_global_flight_data.py
[2025-07-12T15:38:04.173+0000] {processor.py:830} INFO - Processing file /opt/airflow/dags/realtime_global_flight_data.py for tasks to queue
[2025-07-12T15:38:04.174+0000] {logging_mixin.py:188} INFO - [2025-07-12T15:38:04.174+0000] {dagbag.py:538} INFO - Filling up the DagBag from /opt/airflow/dags/realtime_global_flight_data.py
[2025-07-12T15:38:04.356+0000] {processor.py:840} INFO - DAG(s) 'realtime_global_flight_data' retrieved from /opt/airflow/dags/realtime_global_flight_data.py
[2025-07-12T15:38:04.365+0000] {logging_mixin.py:188} INFO - [2025-07-12T15:38:04.365+0000] {dag.py:3036} INFO - Sync 1 DAGs
[2025-07-12T15:38:04.372+0000] {logging_mixin.py:188} INFO - [2025-07-12T15:38:04.372+0000] {dag.py:3823} INFO - Setting next_dagrun for realtime_global_flight_data to 2025-07-12 15:30:00+00:00, run_after=2025-07-12 15:45:00+00:00
[2025-07-12T15:38:04.379+0000] {processor.py:183} INFO - Processing /opt/airflow/dags/realtime_global_flight_data.py took 0.208 seconds
[2025-07-12T15:38:34.866+0000] {processor.py:161} INFO - Started process (PID=2206) to work on /opt/airflow/dags/realtime_global_flight_data.py
[2025-07-12T15:38:34.867+0000] {processor.py:830} INFO - Processing file /opt/airflow/dags/realtime_global_flight_data.py for tasks to queue
[2025-07-12T15:38:34.868+0000] {logging_mixin.py:188} INFO - [2025-07-12T15:38:34.868+0000] {dagbag.py:538} INFO - Filling up the DagBag from /opt/airflow/dags/realtime_global_flight_data.py
[2025-07-12T15:38:34.989+0000] {processor.py:840} INFO - DAG(s) 'realtime_global_flight_data' retrieved from /opt/airflow/dags/realtime_global_flight_data.py
[2025-07-12T15:38:35.002+0000] {logging_mixin.py:188} INFO - [2025-07-12T15:38:35.001+0000] {dag.py:3036} INFO - Sync 1 DAGs
[2025-07-12T15:38:35.010+0000] {logging_mixin.py:188} INFO - [2025-07-12T15:38:35.010+0000] {dag.py:3823} INFO - Setting next_dagrun for realtime_global_flight_data to 2025-07-12 15:30:00+00:00, run_after=2025-07-12 15:45:00+00:00
[2025-07-12T15:38:35.018+0000] {processor.py:183} INFO - Processing /opt/airflow/dags/realtime_global_flight_data.py took 0.155 seconds
[2025-07-12T15:38:53.279+0000] {processor.py:161} INFO - Started process (PID=2212) to work on /opt/airflow/dags/realtime_global_flight_data.py
[2025-07-12T15:38:53.281+0000] {processor.py:830} INFO - Processing file /opt/airflow/dags/realtime_global_flight_data.py for tasks to queue
[2025-07-12T15:38:53.282+0000] {logging_mixin.py:188} INFO - [2025-07-12T15:38:53.281+0000] {dagbag.py:538} INFO - Filling up the DagBag from /opt/airflow/dags/realtime_global_flight_data.py
[2025-07-12T15:38:53.569+0000] {processor.py:840} INFO - DAG(s) 'realtime_global_flight_data' retrieved from /opt/airflow/dags/realtime_global_flight_data.py
[2025-07-12T15:38:53.595+0000] {logging_mixin.py:188} INFO - [2025-07-12T15:38:53.594+0000] {dag.py:3036} INFO - Sync 1 DAGs
[2025-07-12T15:38:53.608+0000] {logging_mixin.py:188} INFO - [2025-07-12T15:38:53.608+0000] {dag.py:3823} INFO - Setting next_dagrun for realtime_global_flight_data to 2025-07-12 15:30:00+00:00, run_after=2025-07-12 15:45:00+00:00
[2025-07-12T15:38:53.628+0000] {processor.py:183} INFO - Processing /opt/airflow/dags/realtime_global_flight_data.py took 0.354 seconds
[2025-07-12T15:39:07.757+0000] {processor.py:161} INFO - Started process (PID=2252) to work on /opt/airflow/dags/realtime_global_flight_data.py
[2025-07-12T15:39:07.759+0000] {processor.py:830} INFO - Processing file /opt/airflow/dags/realtime_global_flight_data.py for tasks to queue
[2025-07-12T15:39:07.759+0000] {logging_mixin.py:188} INFO - [2025-07-12T15:39:07.759+0000] {dagbag.py:538} INFO - Filling up the DagBag from /opt/airflow/dags/realtime_global_flight_data.py
[2025-07-12T15:39:07.934+0000] {processor.py:840} INFO - DAG(s) 'realtime_global_flight_data' retrieved from /opt/airflow/dags/realtime_global_flight_data.py
[2025-07-12T15:39:07.960+0000] {logging_mixin.py:188} INFO - [2025-07-12T15:39:07.960+0000] {dag.py:3036} INFO - Sync 1 DAGs
[2025-07-12T15:39:07.972+0000] {logging_mixin.py:188} INFO - [2025-07-12T15:39:07.972+0000] {dag.py:3823} INFO - Setting next_dagrun for realtime_global_flight_data to 2025-07-12 15:30:00+00:00, run_after=2025-07-12 15:45:00+00:00
[2025-07-12T15:39:07.982+0000] {processor.py:183} INFO - Processing /opt/airflow/dags/realtime_global_flight_data.py took 0.227 seconds
[2025-07-12T15:39:18.031+0000] {processor.py:161} INFO - Started process (PID=2264) to work on /opt/airflow/dags/realtime_global_flight_data.py
[2025-07-12T15:39:18.032+0000] {processor.py:830} INFO - Processing file /opt/airflow/dags/realtime_global_flight_data.py for tasks to queue
[2025-07-12T15:39:18.033+0000] {logging_mixin.py:188} INFO - [2025-07-12T15:39:18.033+0000] {dagbag.py:538} INFO - Filling up the DagBag from /opt/airflow/dags/realtime_global_flight_data.py
[2025-07-12T15:39:18.233+0000] {processor.py:840} INFO - DAG(s) 'realtime_global_flight_data' retrieved from /opt/airflow/dags/realtime_global_flight_data.py
[2025-07-12T15:39:18.254+0000] {logging_mixin.py:188} INFO - [2025-07-12T15:39:18.253+0000] {dag.py:3036} INFO - Sync 1 DAGs
[2025-07-12T15:39:18.264+0000] {logging_mixin.py:188} INFO - [2025-07-12T15:39:18.264+0000] {dag.py:3823} INFO - Setting next_dagrun for realtime_global_flight_data to 2025-07-12 15:30:00+00:00, run_after=2025-07-12 15:45:00+00:00
[2025-07-12T15:39:18.276+0000] {processor.py:183} INFO - Processing /opt/airflow/dags/realtime_global_flight_data.py took 0.250 seconds
[2025-07-12T15:39:19.304+0000] {processor.py:161} INFO - Started process (PID=2270) to work on /opt/airflow/dags/realtime_global_flight_data.py
[2025-07-12T15:39:19.304+0000] {processor.py:830} INFO - Processing file /opt/airflow/dags/realtime_global_flight_data.py for tasks to queue
[2025-07-12T15:39:19.305+0000] {logging_mixin.py:188} INFO - [2025-07-12T15:39:19.305+0000] {dagbag.py:538} INFO - Filling up the DagBag from /opt/airflow/dags/realtime_global_flight_data.py
[2025-07-12T15:39:19.434+0000] {processor.py:840} INFO - DAG(s) 'realtime_global_flight_data' retrieved from /opt/airflow/dags/realtime_global_flight_data.py
[2025-07-12T15:39:19.450+0000] {logging_mixin.py:188} INFO - [2025-07-12T15:39:19.450+0000] {dag.py:3036} INFO - Sync 1 DAGs
[2025-07-12T15:39:19.461+0000] {logging_mixin.py:188} INFO - [2025-07-12T15:39:19.461+0000] {dag.py:3823} INFO - Setting next_dagrun for realtime_global_flight_data to 2025-07-12 15:30:00+00:00, run_after=2025-07-12 15:45:00+00:00
[2025-07-12T15:39:19.472+0000] {processor.py:183} INFO - Processing /opt/airflow/dags/realtime_global_flight_data.py took 0.172 seconds
[2025-07-12T15:39:38.745+0000] {processor.py:161} INFO - Started process (PID=188) to work on /opt/airflow/dags/realtime_global_flight_data.py
[2025-07-12T15:39:38.746+0000] {processor.py:830} INFO - Processing file /opt/airflow/dags/realtime_global_flight_data.py for tasks to queue
[2025-07-12T15:39:38.746+0000] {logging_mixin.py:188} INFO - [2025-07-12T15:39:38.746+0000] {dagbag.py:538} INFO - Filling up the DagBag from /opt/airflow/dags/realtime_global_flight_data.py
[2025-07-12T15:39:38.960+0000] {processor.py:840} INFO - DAG(s) 'realtime_global_flight_data' retrieved from /opt/airflow/dags/realtime_global_flight_data.py
[2025-07-12T15:39:39.008+0000] {logging_mixin.py:188} INFO - [2025-07-12T15:39:39.007+0000] {dag.py:3036} INFO - Sync 1 DAGs
[2025-07-12T15:39:39.073+0000] {logging_mixin.py:188} INFO - [2025-07-12T15:39:39.073+0000] {dag.py:3823} INFO - Setting next_dagrun for realtime_global_flight_data to 2025-07-12 15:30:00+00:00, run_after=2025-07-12 15:45:00+00:00
[2025-07-12T15:39:39.214+0000] {processor.py:183} INFO - Processing /opt/airflow/dags/realtime_global_flight_data.py took 0.472 seconds
[2025-07-12T15:40:10.011+0000] {processor.py:161} INFO - Started process (PID=228) to work on /opt/airflow/dags/realtime_global_flight_data.py
[2025-07-12T15:40:10.014+0000] {processor.py:830} INFO - Processing file /opt/airflow/dags/realtime_global_flight_data.py for tasks to queue
[2025-07-12T15:40:10.015+0000] {logging_mixin.py:188} INFO - [2025-07-12T15:40:10.014+0000] {dagbag.py:538} INFO - Filling up the DagBag from /opt/airflow/dags/realtime_global_flight_data.py
[2025-07-12T15:40:10.282+0000] {processor.py:840} INFO - DAG(s) 'realtime_global_flight_data' retrieved from /opt/airflow/dags/realtime_global_flight_data.py
[2025-07-12T15:40:10.312+0000] {logging_mixin.py:188} INFO - [2025-07-12T15:40:10.312+0000] {dag.py:3036} INFO - Sync 1 DAGs
[2025-07-12T15:40:10.336+0000] {logging_mixin.py:188} INFO - [2025-07-12T15:40:10.336+0000] {dag.py:3823} INFO - Setting next_dagrun for realtime_global_flight_data to 2025-07-12 15:30:00+00:00, run_after=2025-07-12 15:45:00+00:00
[2025-07-12T15:40:10.505+0000] {processor.py:183} INFO - Processing /opt/airflow/dags/realtime_global_flight_data.py took 0.501 seconds
[2025-07-12T15:40:41.397+0000] {processor.py:161} INFO - Started process (PID=268) to work on /opt/airflow/dags/realtime_global_flight_data.py
[2025-07-12T15:40:41.399+0000] {processor.py:830} INFO - Processing file /opt/airflow/dags/realtime_global_flight_data.py for tasks to queue
[2025-07-12T15:40:41.400+0000] {logging_mixin.py:188} INFO - [2025-07-12T15:40:41.400+0000] {dagbag.py:538} INFO - Filling up the DagBag from /opt/airflow/dags/realtime_global_flight_data.py
[2025-07-12T15:40:41.778+0000] {processor.py:840} INFO - DAG(s) 'realtime_global_flight_data' retrieved from /opt/airflow/dags/realtime_global_flight_data.py
[2025-07-12T15:40:41.793+0000] {logging_mixin.py:188} INFO - [2025-07-12T15:40:41.793+0000] {dag.py:3036} INFO - Sync 1 DAGs
[2025-07-12T15:40:41.819+0000] {logging_mixin.py:188} INFO - [2025-07-12T15:40:41.819+0000] {dag.py:3823} INFO - Setting next_dagrun for realtime_global_flight_data to 2025-07-12 15:30:00+00:00, run_after=2025-07-12 15:45:00+00:00
[2025-07-12T15:40:41.840+0000] {processor.py:183} INFO - Processing /opt/airflow/dags/realtime_global_flight_data.py took 0.456 seconds
[2025-07-12T15:41:12.681+0000] {processor.py:161} INFO - Started process (PID=308) to work on /opt/airflow/dags/realtime_global_flight_data.py
[2025-07-12T15:41:12.682+0000] {processor.py:830} INFO - Processing file /opt/airflow/dags/realtime_global_flight_data.py for tasks to queue
[2025-07-12T15:41:12.685+0000] {logging_mixin.py:188} INFO - [2025-07-12T15:41:12.683+0000] {dagbag.py:538} INFO - Filling up the DagBag from /opt/airflow/dags/realtime_global_flight_data.py
[2025-07-12T15:41:13.038+0000] {processor.py:840} INFO - DAG(s) 'realtime_global_flight_data' retrieved from /opt/airflow/dags/realtime_global_flight_data.py
[2025-07-12T15:41:13.056+0000] {logging_mixin.py:188} INFO - [2025-07-12T15:41:13.056+0000] {dag.py:3036} INFO - Sync 1 DAGs
[2025-07-12T15:41:13.071+0000] {logging_mixin.py:188} INFO - [2025-07-12T15:41:13.071+0000] {dag.py:3823} INFO - Setting next_dagrun for realtime_global_flight_data to 2025-07-12 15:30:00+00:00, run_after=2025-07-12 15:45:00+00:00
[2025-07-12T15:41:13.092+0000] {processor.py:183} INFO - Processing /opt/airflow/dags/realtime_global_flight_data.py took 0.417 seconds
[2025-07-12T15:41:43.957+0000] {processor.py:161} INFO - Started process (PID=348) to work on /opt/airflow/dags/realtime_global_flight_data.py
[2025-07-12T15:41:43.958+0000] {processor.py:830} INFO - Processing file /opt/airflow/dags/realtime_global_flight_data.py for tasks to queue
[2025-07-12T15:41:43.959+0000] {logging_mixin.py:188} INFO - [2025-07-12T15:41:43.959+0000] {dagbag.py:538} INFO - Filling up the DagBag from /opt/airflow/dags/realtime_global_flight_data.py
[2025-07-12T15:41:44.272+0000] {processor.py:840} INFO - DAG(s) 'realtime_global_flight_data' retrieved from /opt/airflow/dags/realtime_global_flight_data.py
[2025-07-12T15:41:44.286+0000] {logging_mixin.py:188} INFO - [2025-07-12T15:41:44.286+0000] {dag.py:3036} INFO - Sync 1 DAGs
[2025-07-12T15:41:44.315+0000] {logging_mixin.py:188} INFO - [2025-07-12T15:41:44.315+0000] {dag.py:3823} INFO - Setting next_dagrun for realtime_global_flight_data to 2025-07-12 15:30:00+00:00, run_after=2025-07-12 15:45:00+00:00
[2025-07-12T15:41:44.342+0000] {processor.py:183} INFO - Processing /opt/airflow/dags/realtime_global_flight_data.py took 0.393 seconds
[2025-07-12T15:42:02.043+0000] {processor.py:161} INFO - Started process (PID=388) to work on /opt/airflow/dags/realtime_global_flight_data.py
[2025-07-12T15:42:02.048+0000] {processor.py:830} INFO - Processing file /opt/airflow/dags/realtime_global_flight_data.py for tasks to queue
[2025-07-12T15:42:02.049+0000] {logging_mixin.py:188} INFO - [2025-07-12T15:42:02.049+0000] {dagbag.py:538} INFO - Filling up the DagBag from /opt/airflow/dags/realtime_global_flight_data.py
[2025-07-12T15:42:02.455+0000] {processor.py:840} INFO - DAG(s) 'realtime_global_flight_data' retrieved from /opt/airflow/dags/realtime_global_flight_data.py
[2025-07-12T15:42:02.503+0000] {logging_mixin.py:188} INFO - [2025-07-12T15:42:02.502+0000] {dag.py:3036} INFO - Sync 1 DAGs
[2025-07-12T15:42:02.506+0000] {logging_mixin.py:188} INFO - [2025-07-12T15:42:02.506+0000] {dag.py:3058} INFO - Creating ORM DAG for realtime_global_flight_data
[2025-07-12T15:42:02.510+0000] {logging_mixin.py:188} INFO - [2025-07-12T15:42:02.510+0000] {dag.py:3823} INFO - Setting next_dagrun for realtime_global_flight_data to 2025-07-12 15:15:00+00:00, run_after=2025-07-12 15:30:00+00:00
[2025-07-12T15:42:02.519+0000] {processor.py:183} INFO - Processing /opt/airflow/dags/realtime_global_flight_data.py took 0.487 seconds
[2025-07-12T15:42:32.598+0000] {processor.py:161} INFO - Started process (PID=428) to work on /opt/airflow/dags/realtime_global_flight_data.py
[2025-07-12T15:42:32.599+0000] {processor.py:830} INFO - Processing file /opt/airflow/dags/realtime_global_flight_data.py for tasks to queue
[2025-07-12T15:42:32.600+0000] {logging_mixin.py:188} INFO - [2025-07-12T15:42:32.600+0000] {dagbag.py:538} INFO - Filling up the DagBag from /opt/airflow/dags/realtime_global_flight_data.py
[2025-07-12T15:42:32.787+0000] {processor.py:840} INFO - DAG(s) 'realtime_global_flight_data' retrieved from /opt/airflow/dags/realtime_global_flight_data.py
[2025-07-12T15:42:32.796+0000] {logging_mixin.py:188} INFO - [2025-07-12T15:42:32.796+0000] {dag.py:3036} INFO - Sync 1 DAGs
[2025-07-12T15:42:32.803+0000] {logging_mixin.py:188} INFO - [2025-07-12T15:42:32.803+0000] {dag.py:3823} INFO - Setting next_dagrun for realtime_global_flight_data to 2025-07-12 15:15:00+00:00, run_after=2025-07-12 15:30:00+00:00
[2025-07-12T15:42:32.809+0000] {processor.py:183} INFO - Processing /opt/airflow/dags/realtime_global_flight_data.py took 0.216 seconds
[2025-07-12T15:43:03.543+0000] {processor.py:161} INFO - Started process (PID=468) to work on /opt/airflow/dags/realtime_global_flight_data.py
[2025-07-12T15:43:03.545+0000] {processor.py:830} INFO - Processing file /opt/airflow/dags/realtime_global_flight_data.py for tasks to queue
[2025-07-12T15:43:03.546+0000] {logging_mixin.py:188} INFO - [2025-07-12T15:43:03.546+0000] {dagbag.py:538} INFO - Filling up the DagBag from /opt/airflow/dags/realtime_global_flight_data.py
[2025-07-12T15:43:03.777+0000] {processor.py:840} INFO - DAG(s) 'realtime_global_flight_data' retrieved from /opt/airflow/dags/realtime_global_flight_data.py
[2025-07-12T15:43:03.790+0000] {logging_mixin.py:188} INFO - [2025-07-12T15:43:03.790+0000] {dag.py:3036} INFO - Sync 1 DAGs
[2025-07-12T15:43:03.800+0000] {logging_mixin.py:188} INFO - [2025-07-12T15:43:03.800+0000] {dag.py:3823} INFO - Setting next_dagrun for realtime_global_flight_data to 2025-07-12 15:15:00+00:00, run_after=2025-07-12 15:30:00+00:00
[2025-07-12T15:43:03.809+0000] {processor.py:183} INFO - Processing /opt/airflow/dags/realtime_global_flight_data.py took 0.269 seconds
[2025-07-12T15:43:34.564+0000] {processor.py:161} INFO - Started process (PID=508) to work on /opt/airflow/dags/realtime_global_flight_data.py
[2025-07-12T15:43:34.565+0000] {processor.py:830} INFO - Processing file /opt/airflow/dags/realtime_global_flight_data.py for tasks to queue
[2025-07-12T15:43:34.566+0000] {logging_mixin.py:188} INFO - [2025-07-12T15:43:34.566+0000] {dagbag.py:538} INFO - Filling up the DagBag from /opt/airflow/dags/realtime_global_flight_data.py
[2025-07-12T15:43:34.758+0000] {processor.py:840} INFO - DAG(s) 'realtime_global_flight_data' retrieved from /opt/airflow/dags/realtime_global_flight_data.py
[2025-07-12T15:43:34.767+0000] {logging_mixin.py:188} INFO - [2025-07-12T15:43:34.767+0000] {dag.py:3036} INFO - Sync 1 DAGs
[2025-07-12T15:43:34.774+0000] {logging_mixin.py:188} INFO - [2025-07-12T15:43:34.774+0000] {dag.py:3823} INFO - Setting next_dagrun for realtime_global_flight_data to 2025-07-12 15:15:00+00:00, run_after=2025-07-12 15:30:00+00:00
[2025-07-12T15:43:34.781+0000] {processor.py:183} INFO - Processing /opt/airflow/dags/realtime_global_flight_data.py took 0.220 seconds
[2025-07-12T15:44:05.663+0000] {processor.py:161} INFO - Started process (PID=548) to work on /opt/airflow/dags/realtime_global_flight_data.py
[2025-07-12T15:44:05.665+0000] {processor.py:830} INFO - Processing file /opt/airflow/dags/realtime_global_flight_data.py for tasks to queue
[2025-07-12T15:44:05.666+0000] {logging_mixin.py:188} INFO - [2025-07-12T15:44:05.665+0000] {dagbag.py:538} INFO - Filling up the DagBag from /opt/airflow/dags/realtime_global_flight_data.py
[2025-07-12T15:44:05.858+0000] {processor.py:840} INFO - DAG(s) 'realtime_global_flight_data' retrieved from /opt/airflow/dags/realtime_global_flight_data.py
[2025-07-12T15:44:05.867+0000] {logging_mixin.py:188} INFO - [2025-07-12T15:44:05.867+0000] {dag.py:3036} INFO - Sync 1 DAGs
[2025-07-12T15:44:05.874+0000] {logging_mixin.py:188} INFO - [2025-07-12T15:44:05.874+0000] {dag.py:3823} INFO - Setting next_dagrun for realtime_global_flight_data to 2025-07-12 15:15:00+00:00, run_after=2025-07-12 15:30:00+00:00
[2025-07-12T15:44:05.883+0000] {processor.py:183} INFO - Processing /opt/airflow/dags/realtime_global_flight_data.py took 0.223 seconds
[2025-07-12T15:44:36.638+0000] {processor.py:161} INFO - Started process (PID=588) to work on /opt/airflow/dags/realtime_global_flight_data.py
[2025-07-12T15:44:36.639+0000] {processor.py:830} INFO - Processing file /opt/airflow/dags/realtime_global_flight_data.py for tasks to queue
[2025-07-12T15:44:36.640+0000] {logging_mixin.py:188} INFO - [2025-07-12T15:44:36.640+0000] {dagbag.py:538} INFO - Filling up the DagBag from /opt/airflow/dags/realtime_global_flight_data.py
[2025-07-12T15:44:36.894+0000] {processor.py:840} INFO - DAG(s) 'realtime_global_flight_data' retrieved from /opt/airflow/dags/realtime_global_flight_data.py
[2025-07-12T15:44:36.908+0000] {logging_mixin.py:188} INFO - [2025-07-12T15:44:36.908+0000] {dag.py:3036} INFO - Sync 1 DAGs
[2025-07-12T15:44:36.918+0000] {logging_mixin.py:188} INFO - [2025-07-12T15:44:36.918+0000] {dag.py:3823} INFO - Setting next_dagrun for realtime_global_flight_data to 2025-07-12 15:15:00+00:00, run_after=2025-07-12 15:30:00+00:00
[2025-07-12T15:44:36.930+0000] {processor.py:183} INFO - Processing /opt/airflow/dags/realtime_global_flight_data.py took 0.294 seconds
[2025-07-12T15:45:07.702+0000] {processor.py:161} INFO - Started process (PID=628) to work on /opt/airflow/dags/realtime_global_flight_data.py
[2025-07-12T15:45:07.704+0000] {processor.py:830} INFO - Processing file /opt/airflow/dags/realtime_global_flight_data.py for tasks to queue
[2025-07-12T15:45:07.705+0000] {logging_mixin.py:188} INFO - [2025-07-12T15:45:07.704+0000] {dagbag.py:538} INFO - Filling up the DagBag from /opt/airflow/dags/realtime_global_flight_data.py
[2025-07-12T15:45:07.935+0000] {processor.py:840} INFO - DAG(s) 'realtime_global_flight_data' retrieved from /opt/airflow/dags/realtime_global_flight_data.py
[2025-07-12T15:45:07.946+0000] {logging_mixin.py:188} INFO - [2025-07-12T15:45:07.946+0000] {dag.py:3036} INFO - Sync 1 DAGs
[2025-07-12T15:45:07.953+0000] {logging_mixin.py:188} INFO - [2025-07-12T15:45:07.953+0000] {dag.py:3823} INFO - Setting next_dagrun for realtime_global_flight_data to 2025-07-12 15:30:00+00:00, run_after=2025-07-12 15:45:00+00:00
[2025-07-12T15:45:07.959+0000] {processor.py:183} INFO - Processing /opt/airflow/dags/realtime_global_flight_data.py took 0.262 seconds
[2025-07-12T15:45:38.696+0000] {processor.py:161} INFO - Started process (PID=668) to work on /opt/airflow/dags/realtime_global_flight_data.py
[2025-07-12T15:45:38.697+0000] {processor.py:830} INFO - Processing file /opt/airflow/dags/realtime_global_flight_data.py for tasks to queue
[2025-07-12T15:45:38.698+0000] {logging_mixin.py:188} INFO - [2025-07-12T15:45:38.698+0000] {dagbag.py:538} INFO - Filling up the DagBag from /opt/airflow/dags/realtime_global_flight_data.py
[2025-07-12T15:45:38.933+0000] {processor.py:840} INFO - DAG(s) 'realtime_global_flight_data' retrieved from /opt/airflow/dags/realtime_global_flight_data.py
[2025-07-12T15:45:38.951+0000] {logging_mixin.py:188} INFO - [2025-07-12T15:45:38.951+0000] {dag.py:3036} INFO - Sync 1 DAGs
[2025-07-12T15:45:38.959+0000] {logging_mixin.py:188} INFO - [2025-07-12T15:45:38.959+0000] {dag.py:3823} INFO - Setting next_dagrun for realtime_global_flight_data to 2025-07-12 15:30:00+00:00, run_after=2025-07-12 15:45:00+00:00
[2025-07-12T15:45:38.965+0000] {processor.py:183} INFO - Processing /opt/airflow/dags/realtime_global_flight_data.py took 0.273 seconds
[2025-07-12T15:46:09.916+0000] {processor.py:161} INFO - Started process (PID=708) to work on /opt/airflow/dags/realtime_global_flight_data.py
[2025-07-12T15:46:09.917+0000] {processor.py:830} INFO - Processing file /opt/airflow/dags/realtime_global_flight_data.py for tasks to queue
[2025-07-12T15:46:09.918+0000] {logging_mixin.py:188} INFO - [2025-07-12T15:46:09.917+0000] {dagbag.py:538} INFO - Filling up the DagBag from /opt/airflow/dags/realtime_global_flight_data.py
[2025-07-12T15:46:10.187+0000] {processor.py:840} INFO - DAG(s) 'realtime_global_flight_data' retrieved from /opt/airflow/dags/realtime_global_flight_data.py
[2025-07-12T15:46:10.198+0000] {logging_mixin.py:188} INFO - [2025-07-12T15:46:10.198+0000] {dag.py:3036} INFO - Sync 1 DAGs
[2025-07-12T15:46:10.206+0000] {logging_mixin.py:188} INFO - [2025-07-12T15:46:10.206+0000] {dag.py:3823} INFO - Setting next_dagrun for realtime_global_flight_data to 2025-07-12 15:30:00+00:00, run_after=2025-07-12 15:45:00+00:00
[2025-07-12T15:46:10.212+0000] {processor.py:183} INFO - Processing /opt/airflow/dags/realtime_global_flight_data.py took 0.302 seconds
[2025-07-12T15:46:41.033+0000] {processor.py:161} INFO - Started process (PID=748) to work on /opt/airflow/dags/realtime_global_flight_data.py
[2025-07-12T15:46:41.035+0000] {processor.py:830} INFO - Processing file /opt/airflow/dags/realtime_global_flight_data.py for tasks to queue
[2025-07-12T15:46:41.036+0000] {logging_mixin.py:188} INFO - [2025-07-12T15:46:41.035+0000] {dagbag.py:538} INFO - Filling up the DagBag from /opt/airflow/dags/realtime_global_flight_data.py
[2025-07-12T15:46:41.234+0000] {processor.py:840} INFO - DAG(s) 'realtime_global_flight_data' retrieved from /opt/airflow/dags/realtime_global_flight_data.py
[2025-07-12T15:46:41.245+0000] {logging_mixin.py:188} INFO - [2025-07-12T15:46:41.245+0000] {dag.py:3036} INFO - Sync 1 DAGs
[2025-07-12T15:46:41.252+0000] {logging_mixin.py:188} INFO - [2025-07-12T15:46:41.252+0000] {dag.py:3823} INFO - Setting next_dagrun for realtime_global_flight_data to 2025-07-12 15:30:00+00:00, run_after=2025-07-12 15:45:00+00:00
[2025-07-12T15:46:41.259+0000] {processor.py:183} INFO - Processing /opt/airflow/dags/realtime_global_flight_data.py took 0.231 seconds
[2025-07-12T15:47:11.392+0000] {processor.py:161} INFO - Started process (PID=788) to work on /opt/airflow/dags/realtime_global_flight_data.py
[2025-07-12T15:47:11.394+0000] {processor.py:830} INFO - Processing file /opt/airflow/dags/realtime_global_flight_data.py for tasks to queue
[2025-07-12T15:47:11.395+0000] {logging_mixin.py:188} INFO - [2025-07-12T15:47:11.395+0000] {dagbag.py:538} INFO - Filling up the DagBag from /opt/airflow/dags/realtime_global_flight_data.py
[2025-07-12T15:47:11.694+0000] {processor.py:840} INFO - DAG(s) 'realtime_global_flight_data' retrieved from /opt/airflow/dags/realtime_global_flight_data.py
[2025-07-12T15:47:11.705+0000] {logging_mixin.py:188} INFO - [2025-07-12T15:47:11.705+0000] {dag.py:3036} INFO - Sync 1 DAGs
[2025-07-12T15:47:11.713+0000] {logging_mixin.py:188} INFO - [2025-07-12T15:47:11.713+0000] {dag.py:3823} INFO - Setting next_dagrun for realtime_global_flight_data to 2025-07-12 15:30:00+00:00, run_after=2025-07-12 15:45:00+00:00
[2025-07-12T15:47:11.720+0000] {processor.py:183} INFO - Processing /opt/airflow/dags/realtime_global_flight_data.py took 0.336 seconds
[2025-07-12T15:47:41.939+0000] {processor.py:161} INFO - Started process (PID=828) to work on /opt/airflow/dags/realtime_global_flight_data.py
[2025-07-12T15:47:41.941+0000] {processor.py:830} INFO - Processing file /opt/airflow/dags/realtime_global_flight_data.py for tasks to queue
[2025-07-12T15:47:41.942+0000] {logging_mixin.py:188} INFO - [2025-07-12T15:47:41.941+0000] {dagbag.py:538} INFO - Filling up the DagBag from /opt/airflow/dags/realtime_global_flight_data.py
[2025-07-12T15:47:42.077+0000] {processor.py:840} INFO - DAG(s) 'realtime_global_flight_data' retrieved from /opt/airflow/dags/realtime_global_flight_data.py
[2025-07-12T15:47:42.095+0000] {logging_mixin.py:188} INFO - [2025-07-12T15:47:42.095+0000] {dag.py:3036} INFO - Sync 1 DAGs
[2025-07-12T15:47:42.104+0000] {logging_mixin.py:188} INFO - [2025-07-12T15:47:42.104+0000] {dag.py:3823} INFO - Setting next_dagrun for realtime_global_flight_data to 2025-07-12 15:30:00+00:00, run_after=2025-07-12 15:45:00+00:00
[2025-07-12T15:47:42.111+0000] {processor.py:183} INFO - Processing /opt/airflow/dags/realtime_global_flight_data.py took 0.178 seconds
[2025-07-12T15:48:12.148+0000] {processor.py:161} INFO - Started process (PID=874) to work on /opt/airflow/dags/realtime_global_flight_data.py
[2025-07-12T15:48:12.149+0000] {processor.py:830} INFO - Processing file /opt/airflow/dags/realtime_global_flight_data.py for tasks to queue
[2025-07-12T15:48:12.150+0000] {logging_mixin.py:188} INFO - [2025-07-12T15:48:12.150+0000] {dagbag.py:538} INFO - Filling up the DagBag from /opt/airflow/dags/realtime_global_flight_data.py
[2025-07-12T15:48:12.277+0000] {processor.py:840} INFO - DAG(s) 'realtime_global_flight_data' retrieved from /opt/airflow/dags/realtime_global_flight_data.py
[2025-07-12T15:48:12.289+0000] {logging_mixin.py:188} INFO - [2025-07-12T15:48:12.289+0000] {dag.py:3036} INFO - Sync 1 DAGs
[2025-07-12T15:48:12.298+0000] {logging_mixin.py:188} INFO - [2025-07-12T15:48:12.298+0000] {dag.py:3823} INFO - Setting next_dagrun for realtime_global_flight_data to 2025-07-12 15:30:00+00:00, run_after=2025-07-12 15:45:00+00:00
[2025-07-12T15:48:12.305+0000] {processor.py:183} INFO - Processing /opt/airflow/dags/realtime_global_flight_data.py took 0.160 seconds
[2025-07-12T15:48:42.530+0000] {processor.py:161} INFO - Started process (PID=914) to work on /opt/airflow/dags/realtime_global_flight_data.py
[2025-07-12T15:48:42.532+0000] {processor.py:830} INFO - Processing file /opt/airflow/dags/realtime_global_flight_data.py for tasks to queue
[2025-07-12T15:48:42.533+0000] {logging_mixin.py:188} INFO - [2025-07-12T15:48:42.532+0000] {dagbag.py:538} INFO - Filling up the DagBag from /opt/airflow/dags/realtime_global_flight_data.py
[2025-07-12T15:48:42.690+0000] {processor.py:840} INFO - DAG(s) 'realtime_global_flight_data' retrieved from /opt/airflow/dags/realtime_global_flight_data.py
[2025-07-12T15:48:42.707+0000] {logging_mixin.py:188} INFO - [2025-07-12T15:48:42.707+0000] {dag.py:3036} INFO - Sync 1 DAGs
[2025-07-12T15:48:42.717+0000] {logging_mixin.py:188} INFO - [2025-07-12T15:48:42.717+0000] {dag.py:3823} INFO - Setting next_dagrun for realtime_global_flight_data to 2025-07-12 15:30:00+00:00, run_after=2025-07-12 15:45:00+00:00
[2025-07-12T15:48:42.725+0000] {processor.py:183} INFO - Processing /opt/airflow/dags/realtime_global_flight_data.py took 0.198 seconds
[2025-07-12T15:49:13.451+0000] {processor.py:161} INFO - Started process (PID=954) to work on /opt/airflow/dags/realtime_global_flight_data.py
[2025-07-12T15:49:13.452+0000] {processor.py:830} INFO - Processing file /opt/airflow/dags/realtime_global_flight_data.py for tasks to queue
[2025-07-12T15:49:13.453+0000] {logging_mixin.py:188} INFO - [2025-07-12T15:49:13.453+0000] {dagbag.py:538} INFO - Filling up the DagBag from /opt/airflow/dags/realtime_global_flight_data.py
[2025-07-12T15:49:13.595+0000] {processor.py:840} INFO - DAG(s) 'realtime_global_flight_data' retrieved from /opt/airflow/dags/realtime_global_flight_data.py
[2025-07-12T15:49:13.611+0000] {logging_mixin.py:188} INFO - [2025-07-12T15:49:13.611+0000] {dag.py:3036} INFO - Sync 1 DAGs
[2025-07-12T15:49:13.621+0000] {logging_mixin.py:188} INFO - [2025-07-12T15:49:13.621+0000] {dag.py:3823} INFO - Setting next_dagrun for realtime_global_flight_data to 2025-07-12 15:30:00+00:00, run_after=2025-07-12 15:45:00+00:00
[2025-07-12T15:49:13.628+0000] {processor.py:183} INFO - Processing /opt/airflow/dags/realtime_global_flight_data.py took 0.183 seconds
[2025-07-12T15:49:44.245+0000] {processor.py:161} INFO - Started process (PID=1003) to work on /opt/airflow/dags/realtime_global_flight_data.py
[2025-07-12T15:49:44.246+0000] {processor.py:830} INFO - Processing file /opt/airflow/dags/realtime_global_flight_data.py for tasks to queue
[2025-07-12T15:49:44.247+0000] {logging_mixin.py:188} INFO - [2025-07-12T15:49:44.246+0000] {dagbag.py:538} INFO - Filling up the DagBag from /opt/airflow/dags/realtime_global_flight_data.py
[2025-07-12T15:49:44.376+0000] {processor.py:840} INFO - DAG(s) 'realtime_global_flight_data' retrieved from /opt/airflow/dags/realtime_global_flight_data.py
[2025-07-12T15:49:44.394+0000] {logging_mixin.py:188} INFO - [2025-07-12T15:49:44.394+0000] {dag.py:3036} INFO - Sync 1 DAGs
[2025-07-12T15:49:44.406+0000] {logging_mixin.py:188} INFO - [2025-07-12T15:49:44.406+0000] {dag.py:3823} INFO - Setting next_dagrun for realtime_global_flight_data to 2025-07-12 15:30:00+00:00, run_after=2025-07-12 15:45:00+00:00
[2025-07-12T15:49:44.415+0000] {processor.py:183} INFO - Processing /opt/airflow/dags/realtime_global_flight_data.py took 0.173 seconds
[2025-07-12T15:50:14.484+0000] {processor.py:161} INFO - Started process (PID=1076) to work on /opt/airflow/dags/realtime_global_flight_data.py
[2025-07-12T15:50:14.485+0000] {processor.py:830} INFO - Processing file /opt/airflow/dags/realtime_global_flight_data.py for tasks to queue
[2025-07-12T15:50:14.486+0000] {logging_mixin.py:188} INFO - [2025-07-12T15:50:14.485+0000] {dagbag.py:538} INFO - Filling up the DagBag from /opt/airflow/dags/realtime_global_flight_data.py
[2025-07-12T15:50:14.605+0000] {processor.py:840} INFO - DAG(s) 'realtime_global_flight_data' retrieved from /opt/airflow/dags/realtime_global_flight_data.py
[2025-07-12T15:50:14.710+0000] {logging_mixin.py:188} INFO - [2025-07-12T15:50:14.710+0000] {dag.py:3036} INFO - Sync 1 DAGs
[2025-07-12T15:50:14.718+0000] {logging_mixin.py:188} INFO - [2025-07-12T15:50:14.718+0000] {dag.py:3823} INFO - Setting next_dagrun for realtime_global_flight_data to 2025-07-12 15:30:00+00:00, run_after=2025-07-12 15:45:00+00:00
[2025-07-12T15:50:14.726+0000] {processor.py:183} INFO - Processing /opt/airflow/dags/realtime_global_flight_data.py took 0.244 seconds
[2025-07-12T15:50:45.321+0000] {processor.py:161} INFO - Started process (PID=1180) to work on /opt/airflow/dags/realtime_global_flight_data.py
[2025-07-12T15:50:45.322+0000] {processor.py:830} INFO - Processing file /opt/airflow/dags/realtime_global_flight_data.py for tasks to queue
[2025-07-12T15:50:45.323+0000] {logging_mixin.py:188} INFO - [2025-07-12T15:50:45.323+0000] {dagbag.py:538} INFO - Filling up the DagBag from /opt/airflow/dags/realtime_global_flight_data.py
[2025-07-12T15:50:45.603+0000] {processor.py:840} INFO - DAG(s) 'realtime_global_flight_data' retrieved from /opt/airflow/dags/realtime_global_flight_data.py
[2025-07-12T15:50:45.613+0000] {logging_mixin.py:188} INFO - [2025-07-12T15:50:45.613+0000] {dag.py:3036} INFO - Sync 1 DAGs
[2025-07-12T15:50:45.620+0000] {logging_mixin.py:188} INFO - [2025-07-12T15:50:45.620+0000] {dag.py:3823} INFO - Setting next_dagrun for realtime_global_flight_data to 2025-07-12 15:30:00+00:00, run_after=2025-07-12 15:45:00+00:00
[2025-07-12T15:50:45.627+0000] {processor.py:183} INFO - Processing /opt/airflow/dags/realtime_global_flight_data.py took 0.310 seconds
[2025-07-12T15:51:06.965+0000] {processor.py:161} INFO - Started process (PID=191) to work on /opt/airflow/dags/realtime_global_flight_data.py
[2025-07-12T15:51:06.966+0000] {processor.py:830} INFO - Processing file /opt/airflow/dags/realtime_global_flight_data.py for tasks to queue
[2025-07-12T15:51:06.966+0000] {logging_mixin.py:188} INFO - [2025-07-12T15:51:06.966+0000] {dagbag.py:538} INFO - Filling up the DagBag from /opt/airflow/dags/realtime_global_flight_data.py
[2025-07-12T15:51:07.138+0000] {processor.py:840} INFO - DAG(s) 'realtime_global_flight_data' retrieved from /opt/airflow/dags/realtime_global_flight_data.py
[2025-07-12T15:51:07.156+0000] {logging_mixin.py:188} INFO - [2025-07-12T15:51:07.156+0000] {dag.py:3036} INFO - Sync 1 DAGs
[2025-07-12T15:51:07.169+0000] {logging_mixin.py:188} INFO - [2025-07-12T15:51:07.169+0000] {dag.py:3823} INFO - Setting next_dagrun for realtime_global_flight_data to 2025-07-12 15:30:00+00:00, run_after=2025-07-12 15:45:00+00:00
[2025-07-12T15:51:07.181+0000] {processor.py:183} INFO - Processing /opt/airflow/dags/realtime_global_flight_data.py took 0.224 seconds
[2025-07-12T15:51:38.106+0000] {processor.py:161} INFO - Started process (PID=246) to work on /opt/airflow/dags/realtime_global_flight_data.py
[2025-07-12T15:51:38.106+0000] {processor.py:830} INFO - Processing file /opt/airflow/dags/realtime_global_flight_data.py for tasks to queue
[2025-07-12T15:51:38.107+0000] {logging_mixin.py:188} INFO - [2025-07-12T15:51:38.107+0000] {dagbag.py:538} INFO - Filling up the DagBag from /opt/airflow/dags/realtime_global_flight_data.py
[2025-07-12T15:51:38.293+0000] {processor.py:840} INFO - DAG(s) 'realtime_global_flight_data' retrieved from /opt/airflow/dags/realtime_global_flight_data.py
[2025-07-12T15:51:38.302+0000] {logging_mixin.py:188} INFO - [2025-07-12T15:51:38.302+0000] {dag.py:3036} INFO - Sync 1 DAGs
[2025-07-12T15:51:38.310+0000] {logging_mixin.py:188} INFO - [2025-07-12T15:51:38.310+0000] {dag.py:3823} INFO - Setting next_dagrun for realtime_global_flight_data to 2025-07-12 15:30:00+00:00, run_after=2025-07-12 15:45:00+00:00
[2025-07-12T15:51:38.316+0000] {processor.py:183} INFO - Processing /opt/airflow/dags/realtime_global_flight_data.py took 0.212 seconds
[2025-07-12T15:52:09.106+0000] {processor.py:161} INFO - Started process (PID=365) to work on /opt/airflow/dags/realtime_global_flight_data.py
[2025-07-12T15:52:09.108+0000] {processor.py:830} INFO - Processing file /opt/airflow/dags/realtime_global_flight_data.py for tasks to queue
[2025-07-12T15:52:09.109+0000] {logging_mixin.py:188} INFO - [2025-07-12T15:52:09.109+0000] {dagbag.py:538} INFO - Filling up the DagBag from /opt/airflow/dags/realtime_global_flight_data.py
[2025-07-12T15:52:09.478+0000] {processor.py:840} INFO - DAG(s) 'realtime_global_flight_data' retrieved from /opt/airflow/dags/realtime_global_flight_data.py
[2025-07-12T15:52:09.491+0000] {logging_mixin.py:188} INFO - [2025-07-12T15:52:09.490+0000] {dag.py:3036} INFO - Sync 1 DAGs
[2025-07-12T15:52:09.499+0000] {logging_mixin.py:188} INFO - [2025-07-12T15:52:09.499+0000] {dag.py:3823} INFO - Setting next_dagrun for realtime_global_flight_data to 2025-07-12 15:30:00+00:00, run_after=2025-07-12 15:45:00+00:00
[2025-07-12T15:52:09.507+0000] {processor.py:183} INFO - Processing /opt/airflow/dags/realtime_global_flight_data.py took 0.414 seconds
[2025-07-12T15:52:40.375+0000] {processor.py:161} INFO - Started process (PID=405) to work on /opt/airflow/dags/realtime_global_flight_data.py
[2025-07-12T15:52:40.378+0000] {processor.py:830} INFO - Processing file /opt/airflow/dags/realtime_global_flight_data.py for tasks to queue
[2025-07-12T15:52:40.379+0000] {logging_mixin.py:188} INFO - [2025-07-12T15:52:40.379+0000] {dagbag.py:538} INFO - Filling up the DagBag from /opt/airflow/dags/realtime_global_flight_data.py
[2025-07-12T15:52:40.736+0000] {processor.py:840} INFO - DAG(s) 'realtime_global_flight_data' retrieved from /opt/airflow/dags/realtime_global_flight_data.py
[2025-07-12T15:52:40.765+0000] {logging_mixin.py:188} INFO - [2025-07-12T15:52:40.765+0000] {dag.py:3036} INFO - Sync 1 DAGs
[2025-07-12T15:52:40.776+0000] {logging_mixin.py:188} INFO - [2025-07-12T15:52:40.776+0000] {dag.py:3823} INFO - Setting next_dagrun for realtime_global_flight_data to 2025-07-12 15:30:00+00:00, run_after=2025-07-12 15:45:00+00:00
[2025-07-12T15:52:40.784+0000] {processor.py:183} INFO - Processing /opt/airflow/dags/realtime_global_flight_data.py took 0.417 seconds
[2025-07-12T15:53:11.673+0000] {processor.py:161} INFO - Started process (PID=445) to work on /opt/airflow/dags/realtime_global_flight_data.py
[2025-07-12T15:53:11.674+0000] {processor.py:830} INFO - Processing file /opt/airflow/dags/realtime_global_flight_data.py for tasks to queue
[2025-07-12T15:53:11.675+0000] {logging_mixin.py:188} INFO - [2025-07-12T15:53:11.674+0000] {dagbag.py:538} INFO - Filling up the DagBag from /opt/airflow/dags/realtime_global_flight_data.py
[2025-07-12T15:53:11.985+0000] {processor.py:840} INFO - DAG(s) 'realtime_global_flight_data' retrieved from /opt/airflow/dags/realtime_global_flight_data.py
[2025-07-12T15:53:11.995+0000] {logging_mixin.py:188} INFO - [2025-07-12T15:53:11.995+0000] {dag.py:3036} INFO - Sync 1 DAGs
[2025-07-12T15:53:12.005+0000] {logging_mixin.py:188} INFO - [2025-07-12T15:53:12.004+0000] {dag.py:3823} INFO - Setting next_dagrun for realtime_global_flight_data to 2025-07-12 15:30:00+00:00, run_after=2025-07-12 15:45:00+00:00
[2025-07-12T15:53:12.012+0000] {processor.py:183} INFO - Processing /opt/airflow/dags/realtime_global_flight_data.py took 0.344 seconds
[2025-07-12T15:53:43.051+0000] {processor.py:161} INFO - Started process (PID=485) to work on /opt/airflow/dags/realtime_global_flight_data.py
[2025-07-12T15:53:43.052+0000] {processor.py:830} INFO - Processing file /opt/airflow/dags/realtime_global_flight_data.py for tasks to queue
[2025-07-12T15:53:43.053+0000] {logging_mixin.py:188} INFO - [2025-07-12T15:53:43.053+0000] {dagbag.py:538} INFO - Filling up the DagBag from /opt/airflow/dags/realtime_global_flight_data.py
[2025-07-12T15:53:43.358+0000] {processor.py:840} INFO - DAG(s) 'realtime_global_flight_data' retrieved from /opt/airflow/dags/realtime_global_flight_data.py
[2025-07-12T15:53:43.369+0000] {logging_mixin.py:188} INFO - [2025-07-12T15:53:43.369+0000] {dag.py:3036} INFO - Sync 1 DAGs
[2025-07-12T15:53:43.378+0000] {logging_mixin.py:188} INFO - [2025-07-12T15:53:43.378+0000] {dag.py:3823} INFO - Setting next_dagrun for realtime_global_flight_data to 2025-07-12 15:30:00+00:00, run_after=2025-07-12 15:45:00+00:00
[2025-07-12T15:53:43.385+0000] {processor.py:183} INFO - Processing /opt/airflow/dags/realtime_global_flight_data.py took 0.338 seconds
[2025-07-12T15:54:14.384+0000] {processor.py:161} INFO - Started process (PID=525) to work on /opt/airflow/dags/realtime_global_flight_data.py
[2025-07-12T15:54:14.387+0000] {processor.py:830} INFO - Processing file /opt/airflow/dags/realtime_global_flight_data.py for tasks to queue
[2025-07-12T15:54:14.388+0000] {logging_mixin.py:188} INFO - [2025-07-12T15:54:14.387+0000] {dagbag.py:538} INFO - Filling up the DagBag from /opt/airflow/dags/realtime_global_flight_data.py
[2025-07-12T15:54:14.632+0000] {processor.py:840} INFO - DAG(s) 'realtime_global_flight_data' retrieved from /opt/airflow/dags/realtime_global_flight_data.py
[2025-07-12T15:54:14.662+0000] {logging_mixin.py:188} INFO - [2025-07-12T15:54:14.661+0000] {dag.py:3036} INFO - Sync 1 DAGs
[2025-07-12T15:54:14.679+0000] {logging_mixin.py:188} INFO - [2025-07-12T15:54:14.679+0000] {dag.py:3823} INFO - Setting next_dagrun for realtime_global_flight_data to 2025-07-12 15:30:00+00:00, run_after=2025-07-12 15:45:00+00:00
[2025-07-12T15:54:14.687+0000] {processor.py:183} INFO - Processing /opt/airflow/dags/realtime_global_flight_data.py took 0.311 seconds
[2025-07-12T15:54:45.570+0000] {processor.py:161} INFO - Started process (PID=565) to work on /opt/airflow/dags/realtime_global_flight_data.py
[2025-07-12T15:54:45.571+0000] {processor.py:830} INFO - Processing file /opt/airflow/dags/realtime_global_flight_data.py for tasks to queue
[2025-07-12T15:54:45.572+0000] {logging_mixin.py:188} INFO - [2025-07-12T15:54:45.571+0000] {dagbag.py:538} INFO - Filling up the DagBag from /opt/airflow/dags/realtime_global_flight_data.py
[2025-07-12T15:54:45.714+0000] {processor.py:840} INFO - DAG(s) 'realtime_global_flight_data' retrieved from /opt/airflow/dags/realtime_global_flight_data.py
[2025-07-12T15:54:45.730+0000] {logging_mixin.py:188} INFO - [2025-07-12T15:54:45.730+0000] {dag.py:3036} INFO - Sync 1 DAGs
[2025-07-12T15:54:45.741+0000] {logging_mixin.py:188} INFO - [2025-07-12T15:54:45.741+0000] {dag.py:3823} INFO - Setting next_dagrun for realtime_global_flight_data to 2025-07-12 15:30:00+00:00, run_after=2025-07-12 15:45:00+00:00
[2025-07-12T15:54:45.750+0000] {processor.py:183} INFO - Processing /opt/airflow/dags/realtime_global_flight_data.py took 0.185 seconds
[2025-07-12T15:55:16.596+0000] {processor.py:161} INFO - Started process (PID=605) to work on /opt/airflow/dags/realtime_global_flight_data.py
[2025-07-12T15:55:16.596+0000] {processor.py:830} INFO - Processing file /opt/airflow/dags/realtime_global_flight_data.py for tasks to queue
[2025-07-12T15:55:16.597+0000] {logging_mixin.py:188} INFO - [2025-07-12T15:55:16.597+0000] {dagbag.py:538} INFO - Filling up the DagBag from /opt/airflow/dags/realtime_global_flight_data.py
[2025-07-12T15:55:16.713+0000] {processor.py:840} INFO - DAG(s) 'realtime_global_flight_data' retrieved from /opt/airflow/dags/realtime_global_flight_data.py
[2025-07-12T15:55:16.724+0000] {logging_mixin.py:188} INFO - [2025-07-12T15:55:16.724+0000] {dag.py:3036} INFO - Sync 1 DAGs
[2025-07-12T15:55:16.733+0000] {logging_mixin.py:188} INFO - [2025-07-12T15:55:16.733+0000] {dag.py:3823} INFO - Setting next_dagrun for realtime_global_flight_data to 2025-07-12 15:30:00+00:00, run_after=2025-07-12 15:45:00+00:00
[2025-07-12T15:55:16.740+0000] {processor.py:183} INFO - Processing /opt/airflow/dags/realtime_global_flight_data.py took 0.147 seconds
[2025-07-12T15:55:47.592+0000] {processor.py:161} INFO - Started process (PID=645) to work on /opt/airflow/dags/realtime_global_flight_data.py
[2025-07-12T15:55:47.593+0000] {processor.py:830} INFO - Processing file /opt/airflow/dags/realtime_global_flight_data.py for tasks to queue
[2025-07-12T15:55:47.594+0000] {logging_mixin.py:188} INFO - [2025-07-12T15:55:47.593+0000] {dagbag.py:538} INFO - Filling up the DagBag from /opt/airflow/dags/realtime_global_flight_data.py
[2025-07-12T15:55:47.763+0000] {processor.py:840} INFO - DAG(s) 'realtime_global_flight_data' retrieved from /opt/airflow/dags/realtime_global_flight_data.py
[2025-07-12T15:55:47.784+0000] {logging_mixin.py:188} INFO - [2025-07-12T15:55:47.784+0000] {dag.py:3036} INFO - Sync 1 DAGs
[2025-07-12T15:55:47.802+0000] {logging_mixin.py:188} INFO - [2025-07-12T15:55:47.802+0000] {dag.py:3823} INFO - Setting next_dagrun for realtime_global_flight_data to 2025-07-12 15:30:00+00:00, run_after=2025-07-12 15:45:00+00:00
[2025-07-12T15:55:47.812+0000] {processor.py:183} INFO - Processing /opt/airflow/dags/realtime_global_flight_data.py took 0.224 seconds
