[2025-07-13T00:20:17.443+0000] {taskinstance.py:1956} INFO - Dependencies all met for dep_context=non-requeueable deps ti=<TaskInstance: flight_analytics_dag.generate_executive_summary scheduled__2025-07-12T12:00:00+00:00 [queued]>
[2025-07-13T00:20:17.465+0000] {taskinstance.py:1956} INFO - Dependencies all met for dep_context=requeueable deps ti=<TaskInstance: flight_analytics_dag.generate_executive_summary scheduled__2025-07-12T12:00:00+00:00 [queued]>
[2025-07-13T00:20:17.467+0000] {taskinstance.py:2170} INFO - Starting attempt 1 of 2
[2025-07-13T00:20:17.519+0000] {taskinstance.py:2191} INFO - Executing <Task(PythonOperator): generate_executive_summary> on 2025-07-12 12:00:00+00:00
[2025-07-13T00:20:17.554+0000] {standard_task_runner.py:60} INFO - Started process 12364 to run task
[2025-07-13T00:20:17.572+0000] {standard_task_runner.py:87} INFO - Running: ['***', 'tasks', 'run', 'flight_analytics_dag', 'generate_executive_summary', 'scheduled__2025-07-12T12:00:00+00:00', '--job-id', '169', '--raw', '--subdir', 'DAGS_FOLDER/flight_analytics_dag.py', '--cfg-path', '/tmp/tmp_l15hh9w']
[2025-07-13T00:20:17.585+0000] {standard_task_runner.py:88} INFO - Job 169: Subtask generate_executive_summary
[2025-07-13T00:20:17.782+0000] {task_command.py:423} INFO - Running <TaskInstance: flight_analytics_dag.generate_executive_summary scheduled__2025-07-12T12:00:00+00:00 [running]> on host f1b3ce86e5d1
[2025-07-13T00:20:18.576+0000] {taskinstance.py:2480} INFO - Exporting env vars: AIRFLOW_CTX_DAG_OWNER='data_engineer' AIRFLOW_CTX_DAG_ID='flight_analytics_dag' AIRFLOW_CTX_TASK_ID='generate_executive_summary' AIRFLOW_CTX_EXECUTION_DATE='2025-07-12T12:00:00+00:00' AIRFLOW_CTX_TRY_NUMBER='1' AIRFLOW_CTX_DAG_RUN_ID='scheduled__2025-07-12T12:00:00+00:00'
[2025-07-13T00:20:18.594+0000] {base.py:83} INFO - Using connection ID 'postgres_default' for task execution.
[2025-07-13T00:20:18.601+0000] {sql.py:450} INFO - Running statement: 
        SELECT 
            COUNT(*) as total_flights,
            COUNT(DISTINCT airline) as total_airlines,
            COUNT(DISTINCT origin_airport) as origin_airports,
            COUNT(DISTINCT destination_airport) as destination_airports,
            COUNT(DISTINCT aircraft_type) as aircraft_types,
            AVG(flight_duration_minutes) as avg_flight_duration,
            MIN(scheduled_departure::timestamp) as earliest_flight,
            MAX(scheduled_departure::timestamp) as latest_flight
        FROM scheduled_flights
        WHERE scheduled_departure IS NOT NULL;
        , parameters: None
[2025-07-13T00:20:18.606+0000] {sql.py:459} INFO - Rows affected: 1
[2025-07-13T00:20:18.628+0000] {base.py:83} INFO - Using connection ID 'postgres_default' for task execution.
[2025-07-13T00:20:18.641+0000] {sql.py:450} INFO - Running statement: SELECT COUNT(*) FROM realtime_flights;, parameters: None
[2025-07-13T00:20:18.659+0000] {sql.py:459} INFO - Rows affected: 1
[2025-07-13T00:20:18.697+0000] {base.py:83} INFO - Using connection ID 'postgres_default' for task execution.
[2025-07-13T00:20:18.711+0000] {sql.py:450} INFO - Running statement: SELECT COUNT(*) FROM realtime_flights;, parameters: None
[2025-07-13T00:20:18.717+0000] {sql.py:459} INFO - Rows affected: 1
[2025-07-13T00:20:18.729+0000] {base.py:83} INFO - Using connection ID 'postgres_default' for task execution.
[2025-07-13T00:20:18.738+0000] {sql.py:450} INFO - Running statement: SELECT COUNT(*) FROM airports;, parameters: None
[2025-07-13T00:20:18.743+0000] {sql.py:459} INFO - Rows affected: 1
[2025-07-13T00:20:18.754+0000] {base.py:83} INFO - Using connection ID 'postgres_default' for task execution.
[2025-07-13T00:20:18.760+0000] {sql.py:450} INFO - Running statement: SELECT COUNT(*) FROM airports;, parameters: None
[2025-07-13T00:20:18.763+0000] {sql.py:459} INFO - Rows affected: 1
[2025-07-13T00:20:18.822+0000] {logging_mixin.py:188} INFO - ✅ Executive Summary Generated
[2025-07-13T00:20:18.828+0000] {logging_mixin.py:188} INFO - 📊 Total Flights: 1000
[2025-07-13T00:20:18.830+0000] {logging_mixin.py:188} INFO - ✈️ Airlines: 109
[2025-07-13T00:20:18.832+0000] {logging_mixin.py:188} INFO - 🏢 Airports: 81
[2025-07-13T00:20:18.835+0000] {logging_mixin.py:188} INFO - ⏱️ Avg Flight Duration: 3.9 hours
[2025-07-13T00:20:18.837+0000] {python.py:201} INFO - Done. Returned value was: None
[2025-07-13T00:20:18.881+0000] {taskinstance.py:1138} INFO - Marking task as SUCCESS. dag_id=flight_analytics_dag, task_id=generate_executive_summary, execution_date=20250712T120000, start_date=20250713T002017, end_date=20250713T002018
[2025-07-13T00:20:18.955+0000] {local_task_job_runner.py:234} INFO - Task exited with return code 0
[2025-07-13T00:20:19.003+0000] {taskinstance.py:3280} INFO - 0 downstream tasks scheduled from follow-on schedule check
