[2025-07-13T00:20:13.693+0000] {taskinstance.py:1956} INFO - Dependencies all met for dep_context=non-requeueable deps ti=<TaskInstance: flight_data_quality_check.check_data_freshness scheduled__2025-07-12T12:00:00+00:00 [queued]>
[2025-07-13T00:20:13.732+0000] {taskinstance.py:1956} INFO - Dependencies all met for dep_context=requeueable deps ti=<TaskInstance: flight_data_quality_check.check_data_freshness scheduled__2025-07-12T12:00:00+00:00 [queued]>
[2025-07-13T00:20:13.740+0000] {taskinstance.py:2170} INFO - Starting attempt 1 of 2
[2025-07-13T00:20:13.806+0000] {taskinstance.py:2191} INFO - Executing <Task(PythonOperator): check_data_freshness> on 2025-07-12 12:00:00+00:00
[2025-07-13T00:20:13.835+0000] {standard_task_runner.py:60} INFO - Started process 12293 to run task
[2025-07-13T00:20:13.846+0000] {standard_task_runner.py:87} INFO - Running: ['***', 'tasks', 'run', 'flight_data_quality_check', 'check_data_freshness', 'scheduled__2025-07-12T12:00:00+00:00', '--job-id', '160', '--raw', '--subdir', 'DAGS_FOLDER/flight_data_quality.py', '--cfg-path', '/tmp/tmpdzp22wfk']
[2025-07-13T00:20:13.859+0000] {standard_task_runner.py:88} INFO - Job 160: Subtask check_data_freshness
[2025-07-13T00:20:13.920+0000] {task_command.py:423} INFO - Running <TaskInstance: flight_data_quality_check.check_data_freshness scheduled__2025-07-12T12:00:00+00:00 [running]> on host f1b3ce86e5d1
[2025-07-13T00:20:14.367+0000] {taskinstance.py:2480} INFO - Exporting env vars: AIRFLOW_CTX_DAG_OWNER='data_engineer' AIRFLOW_CTX_DAG_ID='flight_data_quality_check' AIRFLOW_CTX_TASK_ID='check_data_freshness' AIRFLOW_CTX_EXECUTION_DATE='2025-07-12T12:00:00+00:00' AIRFLOW_CTX_TRY_NUMBER='1' AIRFLOW_CTX_DAG_RUN_ID='scheduled__2025-07-12T12:00:00+00:00'
[2025-07-13T00:20:14.434+0000] {base.py:83} INFO - Using connection ID 'postgres_default' for task execution.
[2025-07-13T00:20:14.457+0000] {sql.py:450} INFO - Running statement: 
        SELECT COUNT(*) as count, MAX(extraction_date) as latest_date 
        FROM airports
        , parameters: None
[2025-07-13T00:20:14.469+0000] {sql.py:459} INFO - Rows affected: 1
[2025-07-13T00:20:14.500+0000] {base.py:83} INFO - Using connection ID 'postgres_default' for task execution.
[2025-07-13T00:20:14.524+0000] {sql.py:450} INFO - Running statement: 
        SELECT COUNT(*) as count, MAX(extraction_date) as latest_date 
        FROM scheduled_flights
        , parameters: None
[2025-07-13T00:20:14.528+0000] {sql.py:459} INFO - Rows affected: 1
[2025-07-13T00:20:14.529+0000] {logging_mixin.py:188} INFO - Airports: 81 records, latest: 2025-07-12
[2025-07-13T00:20:14.532+0000] {logging_mixin.py:188} INFO - Scheduled flights: 1000 records, latest: 2025-07-12
[2025-07-13T00:20:14.533+0000] {logging_mixin.py:188} INFO - WARNING: Airport data is not from today. Latest: 2025-07-12
[2025-07-13T00:20:14.533+0000] {logging_mixin.py:188} INFO - WARNING: Flight data is not from today. Latest: 2025-07-12
[2025-07-13T00:20:14.533+0000] {python.py:201} INFO - Done. Returned value was: None
[2025-07-13T00:20:14.548+0000] {taskinstance.py:1138} INFO - Marking task as SUCCESS. dag_id=flight_data_quality_check, task_id=check_data_freshness, execution_date=20250712T120000, start_date=20250713T002013, end_date=20250713T002014
[2025-07-13T00:20:14.588+0000] {local_task_job_runner.py:234} INFO - Task exited with return code 0
[2025-07-13T00:20:14.635+0000] {taskinstance.py:3280} INFO - 0 downstream tasks scheduled from follow-on schedule check
