[2025-07-12T13:42:59.305+0000] {taskinstance.py:1956} INFO - Dependencies all met for dep_context=non-requeueable deps ti=<TaskInstance: flight_data_etl.extract_airport_data scheduled__2025-07-12T06:00:00+00:00 [queued]>
[2025-07-12T13:42:59.311+0000] {taskinstance.py:1956} INFO - Dependencies all met for dep_context=requeueable deps ti=<TaskInstance: flight_data_etl.extract_airport_data scheduled__2025-07-12T06:00:00+00:00 [queued]>
[2025-07-12T13:42:59.312+0000] {taskinstance.py:2170} INFO - Starting attempt 1 of 2
[2025-07-12T13:42:59.322+0000] {taskinstance.py:2191} INFO - Executing <Task(PythonOperator): extract_airport_data> on 2025-07-12 06:00:00+00:00
[2025-07-12T13:42:59.326+0000] {standard_task_runner.py:60} INFO - Started process 278 to run task
[2025-07-12T13:42:59.331+0000] {standard_task_runner.py:87} INFO - Running: ['***', 'tasks', 'run', 'flight_data_etl', 'extract_airport_data', 'scheduled__2025-07-12T06:00:00+00:00', '--job-id', '6', '--raw', '--subdir', 'DAGS_FOLDER/flight_data_etl.py', '--cfg-path', '/tmp/tmpchkmz52q']
[2025-07-12T13:42:59.334+0000] {standard_task_runner.py:88} INFO - Job 6: Subtask extract_airport_data
[2025-07-12T13:42:59.384+0000] {task_command.py:423} INFO - Running <TaskInstance: flight_data_etl.extract_airport_data scheduled__2025-07-12T06:00:00+00:00 [running]> on host d712b9c489aa
[2025-07-12T13:42:59.698+0000] {taskinstance.py:2480} INFO - Exporting env vars: AIRFLOW_CTX_DAG_OWNER='data_engineer' AIRFLOW_CTX_DAG_ID='flight_data_etl' AIRFLOW_CTX_TASK_ID='extract_airport_data' AIRFLOW_CTX_EXECUTION_DATE='2025-07-12T06:00:00+00:00' AIRFLOW_CTX_TRY_NUMBER='1' AIRFLOW_CTX_DAG_RUN_ID='scheduled__2025-07-12T06:00:00+00:00'
[2025-07-12T13:42:59.705+0000] {logging_mixin.py:188} INFO - Extracted 10 airport records
[2025-07-12T13:42:59.705+0000] {python.py:201} INFO - Done. Returned value was: /opt/***/data/airport_data.csv
[2025-07-12T13:42:59.716+0000] {taskinstance.py:1138} INFO - Marking task as SUCCESS. dag_id=flight_data_etl, task_id=extract_airport_data, execution_date=20250712T060000, start_date=20250712T134259, end_date=20250712T134259
[2025-07-12T13:42:59.764+0000] {local_task_job_runner.py:234} INFO - Task exited with return code 0
[2025-07-12T13:42:59.790+0000] {taskinstance.py:3280} INFO - 0 downstream tasks scheduled from follow-on schedule check
[2025-07-12T14:21:17.649+0000] {taskinstance.py:1956} INFO - Dependencies all met for dep_context=non-requeueable deps ti=<TaskInstance: flight_data_etl.extract_airport_data scheduled__2025-07-12T06:00:00+00:00 [queued]>
[2025-07-12T14:21:17.653+0000] {taskinstance.py:1956} INFO - Dependencies all met for dep_context=requeueable deps ti=<TaskInstance: flight_data_etl.extract_airport_data scheduled__2025-07-12T06:00:00+00:00 [queued]>
[2025-07-12T14:21:17.653+0000] {taskinstance.py:2170} INFO - Starting attempt 1 of 2
[2025-07-12T14:21:17.659+0000] {taskinstance.py:2191} INFO - Executing <Task(PythonOperator): extract_airport_data> on 2025-07-12 06:00:00+00:00
[2025-07-12T14:21:17.662+0000] {standard_task_runner.py:60} INFO - Started process 322 to run task
[2025-07-12T14:21:17.665+0000] {standard_task_runner.py:87} INFO - Running: ['***', 'tasks', 'run', 'flight_data_etl', 'extract_airport_data', 'scheduled__2025-07-12T06:00:00+00:00', '--job-id', '45', '--raw', '--subdir', 'DAGS_FOLDER/flight_data_etl.py', '--cfg-path', '/tmp/tmpxj4nzzfq']
[2025-07-12T14:21:17.670+0000] {standard_task_runner.py:88} INFO - Job 45: Subtask extract_airport_data
[2025-07-12T14:21:17.697+0000] {task_command.py:423} INFO - Running <TaskInstance: flight_data_etl.extract_airport_data scheduled__2025-07-12T06:00:00+00:00 [running]> on host b78d8dd28f9c
[2025-07-12T14:21:17.876+0000] {taskinstance.py:2480} INFO - Exporting env vars: AIRFLOW_CTX_DAG_OWNER='data_engineer' AIRFLOW_CTX_DAG_ID='flight_data_etl' AIRFLOW_CTX_TASK_ID='extract_airport_data' AIRFLOW_CTX_EXECUTION_DATE='2025-07-12T06:00:00+00:00' AIRFLOW_CTX_TRY_NUMBER='1' AIRFLOW_CTX_DAG_RUN_ID='scheduled__2025-07-12T06:00:00+00:00'
[2025-07-12T14:21:17.881+0000] {logging_mixin.py:188} INFO - Extracted 10 airport records
[2025-07-12T14:21:17.882+0000] {python.py:201} INFO - Done. Returned value was: /opt/***/data/airport_data.csv
[2025-07-12T14:21:17.890+0000] {taskinstance.py:1138} INFO - Marking task as SUCCESS. dag_id=flight_data_etl, task_id=extract_airport_data, execution_date=20250712T060000, start_date=20250712T142117, end_date=20250712T142117
[2025-07-12T14:21:17.929+0000] {local_task_job_runner.py:234} INFO - Task exited with return code 0
[2025-07-12T14:21:17.946+0000] {taskinstance.py:3280} INFO - 0 downstream tasks scheduled from follow-on schedule check
