[2025-07-13T00:20:15.182+0000] {processor.py:161} INFO - Started process (PID=12327) to work on /opt/airflow/dags/flight_data_quality.py
[2025-07-13T00:20:15.184+0000] {processor.py:830} INFO - Processing file /opt/airflow/dags/flight_data_quality.py for tasks to queue
[2025-07-13T00:20:15.185+0000] {logging_mixin.py:188} INFO - [2025-07-13T00:20:15.185+0000] {dagbag.py:538} INFO - Filling up the DagBag from /opt/airflow/dags/flight_data_quality.py
[2025-07-13T00:20:16.301+0000] {processor.py:840} INFO - DAG(s) 'flight_data_quality_check' retrieved from /opt/airflow/dags/flight_data_quality.py
[2025-07-13T00:20:16.359+0000] {logging_mixin.py:188} INFO - [2025-07-13T00:20:16.358+0000] {dag.py:3036} INFO - Sync 1 DAGs
[2025-07-13T00:20:16.427+0000] {logging_mixin.py:188} INFO - [2025-07-13T00:20:16.426+0000] {dag.py:3823} INFO - Setting next_dagrun for flight_data_quality_check to 2025-07-13 00:00:00+00:00, run_after=2025-07-13 12:00:00+00:00
[2025-07-13T00:20:16.462+0000] {processor.py:183} INFO - Processing /opt/airflow/dags/flight_data_quality.py took 1.288 seconds
[2025-07-13T00:35:43.025+0000] {processor.py:161} INFO - Started process (PID=12422) to work on /opt/airflow/dags/flight_data_quality.py
[2025-07-13T00:35:43.026+0000] {processor.py:830} INFO - Processing file /opt/airflow/dags/flight_data_quality.py for tasks to queue
[2025-07-13T00:35:43.028+0000] {logging_mixin.py:188} INFO - [2025-07-13T00:35:43.027+0000] {dagbag.py:538} INFO - Filling up the DagBag from /opt/airflow/dags/flight_data_quality.py
[2025-07-13T00:35:43.199+0000] {processor.py:840} INFO - DAG(s) 'flight_data_quality_check' retrieved from /opt/airflow/dags/flight_data_quality.py
[2025-07-13T00:35:43.208+0000] {logging_mixin.py:188} INFO - [2025-07-13T00:35:43.208+0000] {dag.py:3036} INFO - Sync 1 DAGs
[2025-07-13T00:35:43.215+0000] {logging_mixin.py:188} INFO - [2025-07-13T00:35:43.215+0000] {dag.py:3823} INFO - Setting next_dagrun for flight_data_quality_check to 2025-07-13 00:00:00+00:00, run_after=2025-07-13 12:00:00+00:00
[2025-07-13T00:35:43.221+0000] {processor.py:183} INFO - Processing /opt/airflow/dags/flight_data_quality.py took 0.198 seconds
[2025-07-13T00:51:13.730+0000] {processor.py:161} INFO - Started process (PID=12463) to work on /opt/airflow/dags/flight_data_quality.py
[2025-07-13T00:51:13.731+0000] {processor.py:830} INFO - Processing file /opt/airflow/dags/flight_data_quality.py for tasks to queue
[2025-07-13T00:51:13.732+0000] {logging_mixin.py:188} INFO - [2025-07-13T00:51:13.732+0000] {dagbag.py:538} INFO - Filling up the DagBag from /opt/airflow/dags/flight_data_quality.py
[2025-07-13T00:51:14.060+0000] {processor.py:840} INFO - DAG(s) 'flight_data_quality_check' retrieved from /opt/airflow/dags/flight_data_quality.py
[2025-07-13T00:51:14.073+0000] {logging_mixin.py:188} INFO - [2025-07-13T00:51:14.073+0000] {dag.py:3036} INFO - Sync 1 DAGs
[2025-07-13T00:51:14.085+0000] {logging_mixin.py:188} INFO - [2025-07-13T00:51:14.085+0000] {dag.py:3823} INFO - Setting next_dagrun for flight_data_quality_check to 2025-07-13 00:00:00+00:00, run_after=2025-07-13 12:00:00+00:00
[2025-07-13T00:51:14.093+0000] {processor.py:183} INFO - Processing /opt/airflow/dags/flight_data_quality.py took 0.367 seconds
[2025-07-13T01:03:16.388+0000] {processor.py:161} INFO - Started process (PID=12503) to work on /opt/airflow/dags/flight_data_quality.py
[2025-07-13T01:03:16.389+0000] {processor.py:830} INFO - Processing file /opt/airflow/dags/flight_data_quality.py for tasks to queue
[2025-07-13T01:03:16.391+0000] {logging_mixin.py:188} INFO - [2025-07-13T01:03:16.390+0000] {dagbag.py:538} INFO - Filling up the DagBag from /opt/airflow/dags/flight_data_quality.py
[2025-07-13T01:03:16.875+0000] {processor.py:840} INFO - DAG(s) 'flight_data_quality_check' retrieved from /opt/airflow/dags/flight_data_quality.py
[2025-07-13T01:03:16.896+0000] {logging_mixin.py:188} INFO - [2025-07-13T01:03:16.895+0000] {dag.py:3036} INFO - Sync 1 DAGs
[2025-07-13T01:03:16.921+0000] {logging_mixin.py:188} INFO - [2025-07-13T01:03:16.921+0000] {dag.py:3823} INFO - Setting next_dagrun for flight_data_quality_check to 2025-07-13 00:00:00+00:00, run_after=2025-07-13 12:00:00+00:00
[2025-07-13T01:03:16.935+0000] {processor.py:183} INFO - Processing /opt/airflow/dags/flight_data_quality.py took 0.552 seconds
[2025-07-13T01:03:47.678+0000] {processor.py:161} INFO - Started process (PID=12532) to work on /opt/airflow/dags/flight_data_quality.py
[2025-07-13T01:03:47.682+0000] {processor.py:830} INFO - Processing file /opt/airflow/dags/flight_data_quality.py for tasks to queue
[2025-07-13T01:03:47.683+0000] {logging_mixin.py:188} INFO - [2025-07-13T01:03:47.683+0000] {dagbag.py:538} INFO - Filling up the DagBag from /opt/airflow/dags/flight_data_quality.py
[2025-07-13T01:03:47.792+0000] {processor.py:840} INFO - DAG(s) 'flight_data_quality_check' retrieved from /opt/airflow/dags/flight_data_quality.py
[2025-07-13T01:03:47.803+0000] {logging_mixin.py:188} INFO - [2025-07-13T01:03:47.803+0000] {dag.py:3036} INFO - Sync 1 DAGs
[2025-07-13T01:03:47.827+0000] {logging_mixin.py:188} INFO - [2025-07-13T01:03:47.827+0000] {dag.py:3823} INFO - Setting next_dagrun for flight_data_quality_check to 2025-07-13 00:00:00+00:00, run_after=2025-07-13 12:00:00+00:00
[2025-07-13T01:03:47.841+0000] {processor.py:183} INFO - Processing /opt/airflow/dags/flight_data_quality.py took 0.166 seconds
[2025-07-13T01:04:18.535+0000] {processor.py:161} INFO - Started process (PID=12572) to work on /opt/airflow/dags/flight_data_quality.py
[2025-07-13T01:04:18.536+0000] {processor.py:830} INFO - Processing file /opt/airflow/dags/flight_data_quality.py for tasks to queue
[2025-07-13T01:04:18.537+0000] {logging_mixin.py:188} INFO - [2025-07-13T01:04:18.536+0000] {dagbag.py:538} INFO - Filling up the DagBag from /opt/airflow/dags/flight_data_quality.py
[2025-07-13T01:04:18.643+0000] {processor.py:840} INFO - DAG(s) 'flight_data_quality_check' retrieved from /opt/airflow/dags/flight_data_quality.py
[2025-07-13T01:04:18.654+0000] {logging_mixin.py:188} INFO - [2025-07-13T01:04:18.653+0000] {dag.py:3036} INFO - Sync 1 DAGs
[2025-07-13T01:04:18.675+0000] {logging_mixin.py:188} INFO - [2025-07-13T01:04:18.674+0000] {dag.py:3823} INFO - Setting next_dagrun for flight_data_quality_check to 2025-07-13 00:00:00+00:00, run_after=2025-07-13 12:00:00+00:00
[2025-07-13T01:04:18.690+0000] {processor.py:183} INFO - Processing /opt/airflow/dags/flight_data_quality.py took 0.158 seconds
[2025-07-13T01:19:45.978+0000] {processor.py:161} INFO - Started process (PID=12625) to work on /opt/airflow/dags/flight_data_quality.py
[2025-07-13T01:19:45.979+0000] {processor.py:830} INFO - Processing file /opt/airflow/dags/flight_data_quality.py for tasks to queue
[2025-07-13T01:19:45.981+0000] {logging_mixin.py:188} INFO - [2025-07-13T01:19:45.980+0000] {dagbag.py:538} INFO - Filling up the DagBag from /opt/airflow/dags/flight_data_quality.py
[2025-07-13T01:19:46.305+0000] {processor.py:840} INFO - DAG(s) 'flight_data_quality_check' retrieved from /opt/airflow/dags/flight_data_quality.py
[2025-07-13T01:19:46.330+0000] {logging_mixin.py:188} INFO - [2025-07-13T01:19:46.329+0000] {dag.py:3036} INFO - Sync 1 DAGs
[2025-07-13T01:19:46.349+0000] {logging_mixin.py:188} INFO - [2025-07-13T01:19:46.349+0000] {dag.py:3823} INFO - Setting next_dagrun for flight_data_quality_check to 2025-07-13 00:00:00+00:00, run_after=2025-07-13 12:00:00+00:00
[2025-07-13T01:19:46.363+0000] {processor.py:183} INFO - Processing /opt/airflow/dags/flight_data_quality.py took 0.391 seconds
[2025-07-13T01:35:15.258+0000] {processor.py:161} INFO - Started process (PID=12664) to work on /opt/airflow/dags/flight_data_quality.py
[2025-07-13T01:35:15.259+0000] {processor.py:830} INFO - Processing file /opt/airflow/dags/flight_data_quality.py for tasks to queue
[2025-07-13T01:35:15.259+0000] {logging_mixin.py:188} INFO - [2025-07-13T01:35:15.259+0000] {dagbag.py:538} INFO - Filling up the DagBag from /opt/airflow/dags/flight_data_quality.py
[2025-07-13T01:35:15.358+0000] {processor.py:840} INFO - DAG(s) 'flight_data_quality_check' retrieved from /opt/airflow/dags/flight_data_quality.py
[2025-07-13T01:35:15.368+0000] {logging_mixin.py:188} INFO - [2025-07-13T01:35:15.368+0000] {dag.py:3036} INFO - Sync 1 DAGs
[2025-07-13T01:35:15.377+0000] {logging_mixin.py:188} INFO - [2025-07-13T01:35:15.376+0000] {dag.py:3823} INFO - Setting next_dagrun for flight_data_quality_check to 2025-07-13 00:00:00+00:00, run_after=2025-07-13 12:00:00+00:00
[2025-07-13T01:35:15.383+0000] {processor.py:183} INFO - Processing /opt/airflow/dags/flight_data_quality.py took 0.126 seconds
[2025-07-13T01:50:45.410+0000] {processor.py:161} INFO - Started process (PID=12704) to work on /opt/airflow/dags/flight_data_quality.py
[2025-07-13T01:50:45.410+0000] {processor.py:830} INFO - Processing file /opt/airflow/dags/flight_data_quality.py for tasks to queue
[2025-07-13T01:50:45.411+0000] {logging_mixin.py:188} INFO - [2025-07-13T01:50:45.411+0000] {dagbag.py:538} INFO - Filling up the DagBag from /opt/airflow/dags/flight_data_quality.py
[2025-07-13T01:50:45.505+0000] {processor.py:840} INFO - DAG(s) 'flight_data_quality_check' retrieved from /opt/airflow/dags/flight_data_quality.py
[2025-07-13T01:50:45.515+0000] {logging_mixin.py:188} INFO - [2025-07-13T01:50:45.515+0000] {dag.py:3036} INFO - Sync 1 DAGs
[2025-07-13T01:50:45.523+0000] {logging_mixin.py:188} INFO - [2025-07-13T01:50:45.523+0000] {dag.py:3823} INFO - Setting next_dagrun for flight_data_quality_check to 2025-07-13 00:00:00+00:00, run_after=2025-07-13 12:00:00+00:00
[2025-07-13T01:50:45.529+0000] {processor.py:183} INFO - Processing /opt/airflow/dags/flight_data_quality.py took 0.121 seconds
[2025-07-13T02:06:14.865+0000] {processor.py:161} INFO - Started process (PID=12744) to work on /opt/airflow/dags/flight_data_quality.py
[2025-07-13T02:06:14.867+0000] {processor.py:830} INFO - Processing file /opt/airflow/dags/flight_data_quality.py for tasks to queue
[2025-07-13T02:06:14.868+0000] {logging_mixin.py:188} INFO - [2025-07-13T02:06:14.867+0000] {dagbag.py:538} INFO - Filling up the DagBag from /opt/airflow/dags/flight_data_quality.py
[2025-07-13T02:06:15.216+0000] {processor.py:840} INFO - DAG(s) 'flight_data_quality_check' retrieved from /opt/airflow/dags/flight_data_quality.py
[2025-07-13T02:06:15.243+0000] {logging_mixin.py:188} INFO - [2025-07-13T02:06:15.242+0000] {dag.py:3036} INFO - Sync 1 DAGs
[2025-07-13T02:06:15.277+0000] {logging_mixin.py:188} INFO - [2025-07-13T02:06:15.276+0000] {dag.py:3823} INFO - Setting next_dagrun for flight_data_quality_check to 2025-07-13 00:00:00+00:00, run_after=2025-07-13 12:00:00+00:00
[2025-07-13T02:06:15.315+0000] {processor.py:183} INFO - Processing /opt/airflow/dags/flight_data_quality.py took 0.455 seconds
[2025-07-13T02:06:45.498+0000] {processor.py:161} INFO - Started process (PID=12784) to work on /opt/airflow/dags/flight_data_quality.py
[2025-07-13T02:06:45.498+0000] {processor.py:830} INFO - Processing file /opt/airflow/dags/flight_data_quality.py for tasks to queue
[2025-07-13T02:06:45.499+0000] {logging_mixin.py:188} INFO - [2025-07-13T02:06:45.499+0000] {dagbag.py:538} INFO - Filling up the DagBag from /opt/airflow/dags/flight_data_quality.py
[2025-07-13T02:06:45.592+0000] {processor.py:840} INFO - DAG(s) 'flight_data_quality_check' retrieved from /opt/airflow/dags/flight_data_quality.py
[2025-07-13T02:06:45.602+0000] {logging_mixin.py:188} INFO - [2025-07-13T02:06:45.602+0000] {dag.py:3036} INFO - Sync 1 DAGs
[2025-07-13T02:06:45.610+0000] {logging_mixin.py:188} INFO - [2025-07-13T02:06:45.610+0000] {dag.py:3823} INFO - Setting next_dagrun for flight_data_quality_check to 2025-07-13 00:00:00+00:00, run_after=2025-07-13 12:00:00+00:00
[2025-07-13T02:06:45.617+0000] {processor.py:183} INFO - Processing /opt/airflow/dags/flight_data_quality.py took 0.120 seconds
[2025-07-13T02:07:16.414+0000] {processor.py:161} INFO - Started process (PID=12825) to work on /opt/airflow/dags/flight_data_quality.py
[2025-07-13T02:07:16.415+0000] {processor.py:830} INFO - Processing file /opt/airflow/dags/flight_data_quality.py for tasks to queue
[2025-07-13T02:07:16.415+0000] {logging_mixin.py:188} INFO - [2025-07-13T02:07:16.415+0000] {dagbag.py:538} INFO - Filling up the DagBag from /opt/airflow/dags/flight_data_quality.py
[2025-07-13T02:07:16.578+0000] {processor.py:840} INFO - DAG(s) 'flight_data_quality_check' retrieved from /opt/airflow/dags/flight_data_quality.py
[2025-07-13T02:07:16.621+0000] {logging_mixin.py:188} INFO - [2025-07-13T02:07:16.620+0000] {dag.py:3036} INFO - Sync 1 DAGs
[2025-07-13T02:07:16.640+0000] {logging_mixin.py:188} INFO - [2025-07-13T02:07:16.640+0000] {dag.py:3823} INFO - Setting next_dagrun for flight_data_quality_check to 2025-07-13 00:00:00+00:00, run_after=2025-07-13 12:00:00+00:00
[2025-07-13T02:07:16.753+0000] {processor.py:183} INFO - Processing /opt/airflow/dags/flight_data_quality.py took 0.341 seconds
[2025-07-13T02:07:48.119+0000] {processor.py:161} INFO - Started process (PID=12864) to work on /opt/airflow/dags/flight_data_quality.py
[2025-07-13T02:07:48.120+0000] {processor.py:830} INFO - Processing file /opt/airflow/dags/flight_data_quality.py for tasks to queue
[2025-07-13T02:07:48.120+0000] {logging_mixin.py:188} INFO - [2025-07-13T02:07:48.120+0000] {dagbag.py:538} INFO - Filling up the DagBag from /opt/airflow/dags/flight_data_quality.py
[2025-07-13T02:07:48.449+0000] {processor.py:840} INFO - DAG(s) 'flight_data_quality_check' retrieved from /opt/airflow/dags/flight_data_quality.py
[2025-07-13T02:07:48.465+0000] {logging_mixin.py:188} INFO - [2025-07-13T02:07:48.464+0000] {dag.py:3036} INFO - Sync 1 DAGs
[2025-07-13T02:07:48.478+0000] {logging_mixin.py:188} INFO - [2025-07-13T02:07:48.478+0000] {dag.py:3823} INFO - Setting next_dagrun for flight_data_quality_check to 2025-07-13 00:00:00+00:00, run_after=2025-07-13 12:00:00+00:00
[2025-07-13T02:07:48.489+0000] {processor.py:183} INFO - Processing /opt/airflow/dags/flight_data_quality.py took 0.372 seconds
[2025-07-13T02:08:18.928+0000] {processor.py:161} INFO - Started process (PID=12905) to work on /opt/airflow/dags/flight_data_quality.py
[2025-07-13T02:08:18.929+0000] {processor.py:830} INFO - Processing file /opt/airflow/dags/flight_data_quality.py for tasks to queue
[2025-07-13T02:08:18.929+0000] {logging_mixin.py:188} INFO - [2025-07-13T02:08:18.929+0000] {dagbag.py:538} INFO - Filling up the DagBag from /opt/airflow/dags/flight_data_quality.py
[2025-07-13T02:08:19.109+0000] {processor.py:840} INFO - DAG(s) 'flight_data_quality_check' retrieved from /opt/airflow/dags/flight_data_quality.py
[2025-07-13T02:08:19.120+0000] {logging_mixin.py:188} INFO - [2025-07-13T02:08:19.120+0000] {dag.py:3036} INFO - Sync 1 DAGs
[2025-07-13T02:08:19.129+0000] {logging_mixin.py:188} INFO - [2025-07-13T02:08:19.129+0000] {dag.py:3823} INFO - Setting next_dagrun for flight_data_quality_check to 2025-07-13 00:00:00+00:00, run_after=2025-07-13 12:00:00+00:00
[2025-07-13T02:08:19.136+0000] {processor.py:183} INFO - Processing /opt/airflow/dags/flight_data_quality.py took 0.210 seconds
[2025-07-13T02:08:50.347+0000] {processor.py:161} INFO - Started process (PID=12945) to work on /opt/airflow/dags/flight_data_quality.py
[2025-07-13T02:08:50.348+0000] {processor.py:830} INFO - Processing file /opt/airflow/dags/flight_data_quality.py for tasks to queue
[2025-07-13T02:08:50.348+0000] {logging_mixin.py:188} INFO - [2025-07-13T02:08:50.348+0000] {dagbag.py:538} INFO - Filling up the DagBag from /opt/airflow/dags/flight_data_quality.py
[2025-07-13T02:08:50.537+0000] {processor.py:840} INFO - DAG(s) 'flight_data_quality_check' retrieved from /opt/airflow/dags/flight_data_quality.py
[2025-07-13T02:08:50.546+0000] {logging_mixin.py:188} INFO - [2025-07-13T02:08:50.546+0000] {dag.py:3036} INFO - Sync 1 DAGs
[2025-07-13T02:08:50.553+0000] {logging_mixin.py:188} INFO - [2025-07-13T02:08:50.552+0000] {dag.py:3823} INFO - Setting next_dagrun for flight_data_quality_check to 2025-07-13 00:00:00+00:00, run_after=2025-07-13 12:00:00+00:00
[2025-07-13T02:08:50.559+0000] {processor.py:183} INFO - Processing /opt/airflow/dags/flight_data_quality.py took 0.215 seconds
[2025-07-13T02:35:14.572+0000] {processor.py:161} INFO - Started process (PID=12985) to work on /opt/airflow/dags/flight_data_quality.py
[2025-07-13T02:35:14.574+0000] {processor.py:830} INFO - Processing file /opt/airflow/dags/flight_data_quality.py for tasks to queue
[2025-07-13T02:35:14.576+0000] {logging_mixin.py:188} INFO - [2025-07-13T02:35:14.575+0000] {dagbag.py:538} INFO - Filling up the DagBag from /opt/airflow/dags/flight_data_quality.py
[2025-07-13T02:35:15.163+0000] {processor.py:840} INFO - DAG(s) 'flight_data_quality_check' retrieved from /opt/airflow/dags/flight_data_quality.py
[2025-07-13T02:35:15.186+0000] {logging_mixin.py:188} INFO - [2025-07-13T02:35:15.186+0000] {dag.py:3036} INFO - Sync 1 DAGs
[2025-07-13T02:35:15.207+0000] {logging_mixin.py:188} INFO - [2025-07-13T02:35:15.207+0000] {dag.py:3823} INFO - Setting next_dagrun for flight_data_quality_check to 2025-07-13 00:00:00+00:00, run_after=2025-07-13 12:00:00+00:00
[2025-07-13T02:35:15.225+0000] {processor.py:183} INFO - Processing /opt/airflow/dags/flight_data_quality.py took 0.657 seconds
[2025-07-13T02:50:45.184+0000] {processor.py:161} INFO - Started process (PID=13027) to work on /opt/airflow/dags/flight_data_quality.py
[2025-07-13T02:50:45.185+0000] {processor.py:830} INFO - Processing file /opt/airflow/dags/flight_data_quality.py for tasks to queue
[2025-07-13T02:50:45.186+0000] {logging_mixin.py:188} INFO - [2025-07-13T02:50:45.186+0000] {dagbag.py:538} INFO - Filling up the DagBag from /opt/airflow/dags/flight_data_quality.py
[2025-07-13T02:50:45.490+0000] {processor.py:840} INFO - DAG(s) 'flight_data_quality_check' retrieved from /opt/airflow/dags/flight_data_quality.py
[2025-07-13T02:50:45.505+0000] {logging_mixin.py:188} INFO - [2025-07-13T02:50:45.505+0000] {dag.py:3036} INFO - Sync 1 DAGs
[2025-07-13T02:50:45.515+0000] {logging_mixin.py:188} INFO - [2025-07-13T02:50:45.515+0000] {dag.py:3823} INFO - Setting next_dagrun for flight_data_quality_check to 2025-07-13 00:00:00+00:00, run_after=2025-07-13 12:00:00+00:00
[2025-07-13T02:50:45.523+0000] {processor.py:183} INFO - Processing /opt/airflow/dags/flight_data_quality.py took 0.343 seconds
[2025-07-13T03:04:14.657+0000] {processor.py:161} INFO - Started process (PID=13067) to work on /opt/airflow/dags/flight_data_quality.py
[2025-07-13T03:04:14.658+0000] {processor.py:830} INFO - Processing file /opt/airflow/dags/flight_data_quality.py for tasks to queue
[2025-07-13T03:04:14.659+0000] {logging_mixin.py:188} INFO - [2025-07-13T03:04:14.659+0000] {dagbag.py:538} INFO - Filling up the DagBag from /opt/airflow/dags/flight_data_quality.py
[2025-07-13T03:04:15.751+0000] {processor.py:840} INFO - DAG(s) 'flight_data_quality_check' retrieved from /opt/airflow/dags/flight_data_quality.py
[2025-07-13T03:04:15.784+0000] {logging_mixin.py:188} INFO - [2025-07-13T03:04:15.783+0000] {dag.py:3036} INFO - Sync 1 DAGs
[2025-07-13T03:04:15.820+0000] {logging_mixin.py:188} INFO - [2025-07-13T03:04:15.820+0000] {dag.py:3823} INFO - Setting next_dagrun for flight_data_quality_check to 2025-07-13 00:00:00+00:00, run_after=2025-07-13 12:00:00+00:00
[2025-07-13T03:04:15.850+0000] {processor.py:183} INFO - Processing /opt/airflow/dags/flight_data_quality.py took 1.196 seconds
[2025-07-13T03:04:45.971+0000] {processor.py:161} INFO - Started process (PID=13096) to work on /opt/airflow/dags/flight_data_quality.py
[2025-07-13T03:04:45.972+0000] {processor.py:830} INFO - Processing file /opt/airflow/dags/flight_data_quality.py for tasks to queue
[2025-07-13T03:04:45.972+0000] {logging_mixin.py:188} INFO - [2025-07-13T03:04:45.972+0000] {dagbag.py:538} INFO - Filling up the DagBag from /opt/airflow/dags/flight_data_quality.py
[2025-07-13T03:04:46.122+0000] {processor.py:840} INFO - DAG(s) 'flight_data_quality_check' retrieved from /opt/airflow/dags/flight_data_quality.py
[2025-07-13T03:04:46.131+0000] {logging_mixin.py:188} INFO - [2025-07-13T03:04:46.131+0000] {dag.py:3036} INFO - Sync 1 DAGs
[2025-07-13T03:04:46.156+0000] {logging_mixin.py:188} INFO - [2025-07-13T03:04:46.156+0000] {dag.py:3823} INFO - Setting next_dagrun for flight_data_quality_check to 2025-07-13 00:00:00+00:00, run_after=2025-07-13 12:00:00+00:00
[2025-07-13T03:04:46.177+0000] {processor.py:183} INFO - Processing /opt/airflow/dags/flight_data_quality.py took 0.207 seconds
[2025-07-13T03:05:17.342+0000] {processor.py:161} INFO - Started process (PID=13146) to work on /opt/airflow/dags/flight_data_quality.py
[2025-07-13T03:05:17.344+0000] {processor.py:830} INFO - Processing file /opt/airflow/dags/flight_data_quality.py for tasks to queue
[2025-07-13T03:05:17.344+0000] {logging_mixin.py:188} INFO - [2025-07-13T03:05:17.344+0000] {dagbag.py:538} INFO - Filling up the DagBag from /opt/airflow/dags/flight_data_quality.py
[2025-07-13T03:05:17.658+0000] {processor.py:840} INFO - DAG(s) 'flight_data_quality_check' retrieved from /opt/airflow/dags/flight_data_quality.py
[2025-07-13T03:05:17.679+0000] {logging_mixin.py:188} INFO - [2025-07-13T03:05:17.679+0000] {dag.py:3036} INFO - Sync 1 DAGs
[2025-07-13T03:05:17.696+0000] {logging_mixin.py:188} INFO - [2025-07-13T03:05:17.696+0000] {dag.py:3823} INFO - Setting next_dagrun for flight_data_quality_check to 2025-07-13 00:00:00+00:00, run_after=2025-07-13 12:00:00+00:00
[2025-07-13T03:05:17.710+0000] {processor.py:183} INFO - Processing /opt/airflow/dags/flight_data_quality.py took 0.370 seconds
[2025-07-13T03:05:47.920+0000] {processor.py:161} INFO - Started process (PID=13186) to work on /opt/airflow/dags/flight_data_quality.py
[2025-07-13T03:05:47.921+0000] {processor.py:830} INFO - Processing file /opt/airflow/dags/flight_data_quality.py for tasks to queue
[2025-07-13T03:05:47.921+0000] {logging_mixin.py:188} INFO - [2025-07-13T03:05:47.921+0000] {dagbag.py:538} INFO - Filling up the DagBag from /opt/airflow/dags/flight_data_quality.py
[2025-07-13T03:05:48.020+0000] {processor.py:840} INFO - DAG(s) 'flight_data_quality_check' retrieved from /opt/airflow/dags/flight_data_quality.py
[2025-07-13T03:05:48.029+0000] {logging_mixin.py:188} INFO - [2025-07-13T03:05:48.029+0000] {dag.py:3036} INFO - Sync 1 DAGs
[2025-07-13T03:05:48.037+0000] {logging_mixin.py:188} INFO - [2025-07-13T03:05:48.037+0000] {dag.py:3823} INFO - Setting next_dagrun for flight_data_quality_check to 2025-07-13 00:00:00+00:00, run_after=2025-07-13 12:00:00+00:00
[2025-07-13T03:05:48.044+0000] {processor.py:183} INFO - Processing /opt/airflow/dags/flight_data_quality.py took 0.125 seconds
[2025-07-13T03:06:18.918+0000] {processor.py:161} INFO - Started process (PID=13226) to work on /opt/airflow/dags/flight_data_quality.py
[2025-07-13T03:06:18.918+0000] {processor.py:830} INFO - Processing file /opt/airflow/dags/flight_data_quality.py for tasks to queue
[2025-07-13T03:06:18.918+0000] {logging_mixin.py:188} INFO - [2025-07-13T03:06:18.918+0000] {dagbag.py:538} INFO - Filling up the DagBag from /opt/airflow/dags/flight_data_quality.py
[2025-07-13T03:06:19.012+0000] {processor.py:840} INFO - DAG(s) 'flight_data_quality_check' retrieved from /opt/airflow/dags/flight_data_quality.py
[2025-07-13T03:06:19.022+0000] {logging_mixin.py:188} INFO - [2025-07-13T03:06:19.022+0000] {dag.py:3036} INFO - Sync 1 DAGs
[2025-07-13T03:06:19.030+0000] {logging_mixin.py:188} INFO - [2025-07-13T03:06:19.030+0000] {dag.py:3823} INFO - Setting next_dagrun for flight_data_quality_check to 2025-07-13 00:00:00+00:00, run_after=2025-07-13 12:00:00+00:00
[2025-07-13T03:06:19.037+0000] {processor.py:183} INFO - Processing /opt/airflow/dags/flight_data_quality.py took 0.121 seconds
[2025-07-13T03:06:50.105+0000] {processor.py:161} INFO - Started process (PID=13266) to work on /opt/airflow/dags/flight_data_quality.py
[2025-07-13T03:06:50.106+0000] {processor.py:830} INFO - Processing file /opt/airflow/dags/flight_data_quality.py for tasks to queue
[2025-07-13T03:06:50.106+0000] {logging_mixin.py:188} INFO - [2025-07-13T03:06:50.106+0000] {dagbag.py:538} INFO - Filling up the DagBag from /opt/airflow/dags/flight_data_quality.py
[2025-07-13T03:06:50.215+0000] {processor.py:840} INFO - DAG(s) 'flight_data_quality_check' retrieved from /opt/airflow/dags/flight_data_quality.py
[2025-07-13T03:06:50.229+0000] {logging_mixin.py:188} INFO - [2025-07-13T03:06:50.229+0000] {dag.py:3036} INFO - Sync 1 DAGs
[2025-07-13T03:06:50.239+0000] {logging_mixin.py:188} INFO - [2025-07-13T03:06:50.239+0000] {dag.py:3823} INFO - Setting next_dagrun for flight_data_quality_check to 2025-07-13 00:00:00+00:00, run_after=2025-07-13 12:00:00+00:00
[2025-07-13T03:06:50.247+0000] {processor.py:183} INFO - Processing /opt/airflow/dags/flight_data_quality.py took 0.143 seconds
[2025-07-13T03:24:08.806+0000] {processor.py:161} INFO - Started process (PID=13309) to work on /opt/airflow/dags/flight_data_quality.py
[2025-07-13T03:24:08.809+0000] {processor.py:830} INFO - Processing file /opt/airflow/dags/flight_data_quality.py for tasks to queue
[2025-07-13T03:24:08.811+0000] {logging_mixin.py:188} INFO - [2025-07-13T03:24:08.810+0000] {dagbag.py:538} INFO - Filling up the DagBag from /opt/airflow/dags/flight_data_quality.py
[2025-07-13T03:24:09.281+0000] {processor.py:840} INFO - DAG(s) 'flight_data_quality_check' retrieved from /opt/airflow/dags/flight_data_quality.py
[2025-07-13T03:24:09.318+0000] {logging_mixin.py:188} INFO - [2025-07-13T03:24:09.318+0000] {dag.py:3036} INFO - Sync 1 DAGs
[2025-07-13T03:24:09.348+0000] {logging_mixin.py:188} INFO - [2025-07-13T03:24:09.348+0000] {dag.py:3823} INFO - Setting next_dagrun for flight_data_quality_check to 2025-07-13 00:00:00+00:00, run_after=2025-07-13 12:00:00+00:00
[2025-07-13T03:24:09.369+0000] {processor.py:183} INFO - Processing /opt/airflow/dags/flight_data_quality.py took 0.568 seconds
[2025-07-13T03:39:39.224+0000] {processor.py:161} INFO - Started process (PID=13349) to work on /opt/airflow/dags/flight_data_quality.py
[2025-07-13T03:39:39.225+0000] {processor.py:830} INFO - Processing file /opt/airflow/dags/flight_data_quality.py for tasks to queue
[2025-07-13T03:39:39.226+0000] {logging_mixin.py:188} INFO - [2025-07-13T03:39:39.226+0000] {dagbag.py:538} INFO - Filling up the DagBag from /opt/airflow/dags/flight_data_quality.py
[2025-07-13T03:39:39.407+0000] {processor.py:840} INFO - DAG(s) 'flight_data_quality_check' retrieved from /opt/airflow/dags/flight_data_quality.py
[2025-07-13T03:39:39.424+0000] {logging_mixin.py:188} INFO - [2025-07-13T03:39:39.424+0000] {dag.py:3036} INFO - Sync 1 DAGs
[2025-07-13T03:39:39.437+0000] {logging_mixin.py:188} INFO - [2025-07-13T03:39:39.437+0000] {dag.py:3823} INFO - Setting next_dagrun for flight_data_quality_check to 2025-07-13 00:00:00+00:00, run_after=2025-07-13 12:00:00+00:00
[2025-07-13T03:39:39.446+0000] {processor.py:183} INFO - Processing /opt/airflow/dags/flight_data_quality.py took 0.225 seconds
[2025-07-13T03:55:08.532+0000] {processor.py:161} INFO - Started process (PID=13389) to work on /opt/airflow/dags/flight_data_quality.py
[2025-07-13T03:55:08.533+0000] {processor.py:830} INFO - Processing file /opt/airflow/dags/flight_data_quality.py for tasks to queue
[2025-07-13T03:55:08.534+0000] {logging_mixin.py:188} INFO - [2025-07-13T03:55:08.533+0000] {dagbag.py:538} INFO - Filling up the DagBag from /opt/airflow/dags/flight_data_quality.py
[2025-07-13T03:55:08.681+0000] {processor.py:840} INFO - DAG(s) 'flight_data_quality_check' retrieved from /opt/airflow/dags/flight_data_quality.py
[2025-07-13T03:55:08.702+0000] {logging_mixin.py:188} INFO - [2025-07-13T03:55:08.702+0000] {dag.py:3036} INFO - Sync 1 DAGs
[2025-07-13T03:55:08.714+0000] {logging_mixin.py:188} INFO - [2025-07-13T03:55:08.714+0000] {dag.py:3823} INFO - Setting next_dagrun for flight_data_quality_check to 2025-07-13 00:00:00+00:00, run_after=2025-07-13 12:00:00+00:00
[2025-07-13T03:55:08.724+0000] {processor.py:183} INFO - Processing /opt/airflow/dags/flight_data_quality.py took 0.195 seconds
[2025-07-13T04:05:27.811+0000] {processor.py:161} INFO - Started process (PID=13431) to work on /opt/airflow/dags/flight_data_quality.py
[2025-07-13T04:05:27.812+0000] {processor.py:830} INFO - Processing file /opt/airflow/dags/flight_data_quality.py for tasks to queue
[2025-07-13T04:05:27.813+0000] {logging_mixin.py:188} INFO - [2025-07-13T04:05:27.813+0000] {dagbag.py:538} INFO - Filling up the DagBag from /opt/airflow/dags/flight_data_quality.py
[2025-07-13T04:05:28.187+0000] {processor.py:840} INFO - DAG(s) 'flight_data_quality_check' retrieved from /opt/airflow/dags/flight_data_quality.py
[2025-07-13T04:05:28.202+0000] {logging_mixin.py:188} INFO - [2025-07-13T04:05:28.201+0000] {dag.py:3036} INFO - Sync 1 DAGs
[2025-07-13T04:05:28.212+0000] {logging_mixin.py:188} INFO - [2025-07-13T04:05:28.212+0000] {dag.py:3823} INFO - Setting next_dagrun for flight_data_quality_check to 2025-07-13 00:00:00+00:00, run_after=2025-07-13 12:00:00+00:00
[2025-07-13T04:05:28.221+0000] {processor.py:183} INFO - Processing /opt/airflow/dags/flight_data_quality.py took 0.414 seconds
[2025-07-13T04:05:58.264+0000] {processor.py:161} INFO - Started process (PID=13460) to work on /opt/airflow/dags/flight_data_quality.py
[2025-07-13T04:05:58.264+0000] {processor.py:830} INFO - Processing file /opt/airflow/dags/flight_data_quality.py for tasks to queue
[2025-07-13T04:05:58.265+0000] {logging_mixin.py:188} INFO - [2025-07-13T04:05:58.265+0000] {dagbag.py:538} INFO - Filling up the DagBag from /opt/airflow/dags/flight_data_quality.py
[2025-07-13T04:05:58.430+0000] {processor.py:840} INFO - DAG(s) 'flight_data_quality_check' retrieved from /opt/airflow/dags/flight_data_quality.py
[2025-07-13T04:05:58.442+0000] {logging_mixin.py:188} INFO - [2025-07-13T04:05:58.442+0000] {dag.py:3036} INFO - Sync 1 DAGs
[2025-07-13T04:05:58.471+0000] {logging_mixin.py:188} INFO - [2025-07-13T04:05:58.471+0000] {dag.py:3823} INFO - Setting next_dagrun for flight_data_quality_check to 2025-07-13 00:00:00+00:00, run_after=2025-07-13 12:00:00+00:00
[2025-07-13T04:05:58.483+0000] {processor.py:183} INFO - Processing /opt/airflow/dags/flight_data_quality.py took 0.221 seconds
[2025-07-13T04:36:28.152+0000] {processor.py:161} INFO - Started process (PID=13511) to work on /opt/airflow/dags/flight_data_quality.py
[2025-07-13T04:36:28.153+0000] {processor.py:830} INFO - Processing file /opt/airflow/dags/flight_data_quality.py for tasks to queue
[2025-07-13T04:36:28.154+0000] {logging_mixin.py:188} INFO - [2025-07-13T04:36:28.154+0000] {dagbag.py:538} INFO - Filling up the DagBag from /opt/airflow/dags/flight_data_quality.py
[2025-07-13T04:36:28.610+0000] {processor.py:840} INFO - DAG(s) 'flight_data_quality_check' retrieved from /opt/airflow/dags/flight_data_quality.py
[2025-07-13T04:36:28.629+0000] {logging_mixin.py:188} INFO - [2025-07-13T04:36:28.629+0000] {dag.py:3036} INFO - Sync 1 DAGs
[2025-07-13T04:36:28.644+0000] {logging_mixin.py:188} INFO - [2025-07-13T04:36:28.643+0000] {dag.py:3823} INFO - Setting next_dagrun for flight_data_quality_check to 2025-07-13 00:00:00+00:00, run_after=2025-07-13 12:00:00+00:00
[2025-07-13T04:36:28.654+0000] {processor.py:183} INFO - Processing /opt/airflow/dags/flight_data_quality.py took 0.507 seconds
[2025-07-13T04:51:57.850+0000] {processor.py:161} INFO - Started process (PID=13551) to work on /opt/airflow/dags/flight_data_quality.py
[2025-07-13T04:51:57.852+0000] {processor.py:830} INFO - Processing file /opt/airflow/dags/flight_data_quality.py for tasks to queue
[2025-07-13T04:51:57.854+0000] {logging_mixin.py:188} INFO - [2025-07-13T04:51:57.853+0000] {dagbag.py:538} INFO - Filling up the DagBag from /opt/airflow/dags/flight_data_quality.py
[2025-07-13T04:51:58.193+0000] {processor.py:840} INFO - DAG(s) 'flight_data_quality_check' retrieved from /opt/airflow/dags/flight_data_quality.py
[2025-07-13T04:51:58.210+0000] {logging_mixin.py:188} INFO - [2025-07-13T04:51:58.210+0000] {dag.py:3036} INFO - Sync 1 DAGs
[2025-07-13T04:51:58.222+0000] {logging_mixin.py:188} INFO - [2025-07-13T04:51:58.222+0000] {dag.py:3823} INFO - Setting next_dagrun for flight_data_quality_check to 2025-07-13 00:00:00+00:00, run_after=2025-07-13 12:00:00+00:00
[2025-07-13T04:51:58.232+0000] {processor.py:183} INFO - Processing /opt/airflow/dags/flight_data_quality.py took 0.385 seconds
[2025-07-13T05:06:16.330+0000] {processor.py:161} INFO - Started process (PID=13591) to work on /opt/airflow/dags/flight_data_quality.py
[2025-07-13T05:06:16.332+0000] {processor.py:830} INFO - Processing file /opt/airflow/dags/flight_data_quality.py for tasks to queue
[2025-07-13T05:06:16.333+0000] {logging_mixin.py:188} INFO - [2025-07-13T05:06:16.332+0000] {dagbag.py:538} INFO - Filling up the DagBag from /opt/airflow/dags/flight_data_quality.py
[2025-07-13T05:06:16.714+0000] {processor.py:840} INFO - DAG(s) 'flight_data_quality_check' retrieved from /opt/airflow/dags/flight_data_quality.py
[2025-07-13T05:06:16.731+0000] {logging_mixin.py:188} INFO - [2025-07-13T05:06:16.731+0000] {dag.py:3036} INFO - Sync 1 DAGs
[2025-07-13T05:06:16.744+0000] {logging_mixin.py:188} INFO - [2025-07-13T05:06:16.743+0000] {dag.py:3823} INFO - Setting next_dagrun for flight_data_quality_check to 2025-07-13 00:00:00+00:00, run_after=2025-07-13 12:00:00+00:00
[2025-07-13T05:06:16.753+0000] {processor.py:183} INFO - Processing /opt/airflow/dags/flight_data_quality.py took 0.426 seconds
[2025-07-13T05:06:47.565+0000] {processor.py:161} INFO - Started process (PID=13620) to work on /opt/airflow/dags/flight_data_quality.py
[2025-07-13T05:06:47.566+0000] {processor.py:830} INFO - Processing file /opt/airflow/dags/flight_data_quality.py for tasks to queue
[2025-07-13T05:06:47.567+0000] {logging_mixin.py:188} INFO - [2025-07-13T05:06:47.566+0000] {dagbag.py:538} INFO - Filling up the DagBag from /opt/airflow/dags/flight_data_quality.py
[2025-07-13T05:06:47.733+0000] {processor.py:840} INFO - DAG(s) 'flight_data_quality_check' retrieved from /opt/airflow/dags/flight_data_quality.py
[2025-07-13T05:06:47.744+0000] {logging_mixin.py:188} INFO - [2025-07-13T05:06:47.743+0000] {dag.py:3036} INFO - Sync 1 DAGs
[2025-07-13T05:06:47.764+0000] {logging_mixin.py:188} INFO - [2025-07-13T05:06:47.764+0000] {dag.py:3823} INFO - Setting next_dagrun for flight_data_quality_check to 2025-07-13 00:00:00+00:00, run_after=2025-07-13 12:00:00+00:00
[2025-07-13T05:06:47.778+0000] {processor.py:183} INFO - Processing /opt/airflow/dags/flight_data_quality.py took 0.218 seconds
[2025-07-13T05:07:18.548+0000] {processor.py:161} INFO - Started process (PID=13660) to work on /opt/airflow/dags/flight_data_quality.py
[2025-07-13T05:07:18.549+0000] {processor.py:830} INFO - Processing file /opt/airflow/dags/flight_data_quality.py for tasks to queue
[2025-07-13T05:07:18.550+0000] {logging_mixin.py:188} INFO - [2025-07-13T05:07:18.550+0000] {dagbag.py:538} INFO - Filling up the DagBag from /opt/airflow/dags/flight_data_quality.py
[2025-07-13T05:07:18.655+0000] {processor.py:840} INFO - DAG(s) 'flight_data_quality_check' retrieved from /opt/airflow/dags/flight_data_quality.py
[2025-07-13T05:07:18.666+0000] {logging_mixin.py:188} INFO - [2025-07-13T05:07:18.665+0000] {dag.py:3036} INFO - Sync 1 DAGs
[2025-07-13T05:07:18.694+0000] {logging_mixin.py:188} INFO - [2025-07-13T05:07:18.694+0000] {dag.py:3823} INFO - Setting next_dagrun for flight_data_quality_check to 2025-07-13 00:00:00+00:00, run_after=2025-07-13 12:00:00+00:00
[2025-07-13T05:07:18.721+0000] {processor.py:183} INFO - Processing /opt/airflow/dags/flight_data_quality.py took 0.175 seconds
[2025-07-13T05:07:49.409+0000] {processor.py:161} INFO - Started process (PID=13700) to work on /opt/airflow/dags/flight_data_quality.py
[2025-07-13T05:07:49.410+0000] {processor.py:830} INFO - Processing file /opt/airflow/dags/flight_data_quality.py for tasks to queue
[2025-07-13T05:07:49.410+0000] {logging_mixin.py:188} INFO - [2025-07-13T05:07:49.410+0000] {dagbag.py:538} INFO - Filling up the DagBag from /opt/airflow/dags/flight_data_quality.py
[2025-07-13T05:07:49.517+0000] {processor.py:840} INFO - DAG(s) 'flight_data_quality_check' retrieved from /opt/airflow/dags/flight_data_quality.py
[2025-07-13T05:07:49.534+0000] {logging_mixin.py:188} INFO - [2025-07-13T05:07:49.534+0000] {dag.py:3036} INFO - Sync 1 DAGs
[2025-07-13T05:07:49.563+0000] {logging_mixin.py:188} INFO - [2025-07-13T05:07:49.563+0000] {dag.py:3823} INFO - Setting next_dagrun for flight_data_quality_check to 2025-07-13 00:00:00+00:00, run_after=2025-07-13 12:00:00+00:00
[2025-07-13T05:07:49.585+0000] {processor.py:183} INFO - Processing /opt/airflow/dags/flight_data_quality.py took 0.179 seconds
[2025-07-13T05:08:20.301+0000] {processor.py:161} INFO - Started process (PID=13740) to work on /opt/airflow/dags/flight_data_quality.py
[2025-07-13T05:08:20.302+0000] {processor.py:830} INFO - Processing file /opt/airflow/dags/flight_data_quality.py for tasks to queue
[2025-07-13T05:08:20.303+0000] {logging_mixin.py:188} INFO - [2025-07-13T05:08:20.302+0000] {dagbag.py:538} INFO - Filling up the DagBag from /opt/airflow/dags/flight_data_quality.py
[2025-07-13T05:08:20.418+0000] {processor.py:840} INFO - DAG(s) 'flight_data_quality_check' retrieved from /opt/airflow/dags/flight_data_quality.py
[2025-07-13T05:08:20.435+0000] {logging_mixin.py:188} INFO - [2025-07-13T05:08:20.434+0000] {dag.py:3036} INFO - Sync 1 DAGs
[2025-07-13T05:08:20.451+0000] {logging_mixin.py:188} INFO - [2025-07-13T05:08:20.451+0000] {dag.py:3823} INFO - Setting next_dagrun for flight_data_quality_check to 2025-07-13 00:00:00+00:00, run_after=2025-07-13 12:00:00+00:00
[2025-07-13T05:08:20.478+0000] {processor.py:183} INFO - Processing /opt/airflow/dags/flight_data_quality.py took 0.180 seconds
[2025-07-13T05:08:51.072+0000] {processor.py:161} INFO - Started process (PID=13780) to work on /opt/airflow/dags/flight_data_quality.py
[2025-07-13T05:08:51.073+0000] {processor.py:830} INFO - Processing file /opt/airflow/dags/flight_data_quality.py for tasks to queue
[2025-07-13T05:08:51.074+0000] {logging_mixin.py:188} INFO - [2025-07-13T05:08:51.074+0000] {dagbag.py:538} INFO - Filling up the DagBag from /opt/airflow/dags/flight_data_quality.py
[2025-07-13T05:08:51.179+0000] {processor.py:840} INFO - DAG(s) 'flight_data_quality_check' retrieved from /opt/airflow/dags/flight_data_quality.py
[2025-07-13T05:08:51.189+0000] {logging_mixin.py:188} INFO - [2025-07-13T05:08:51.189+0000] {dag.py:3036} INFO - Sync 1 DAGs
[2025-07-13T05:08:51.212+0000] {logging_mixin.py:188} INFO - [2025-07-13T05:08:51.212+0000] {dag.py:3823} INFO - Setting next_dagrun for flight_data_quality_check to 2025-07-13 00:00:00+00:00, run_after=2025-07-13 12:00:00+00:00
[2025-07-13T05:08:51.236+0000] {processor.py:183} INFO - Processing /opt/airflow/dags/flight_data_quality.py took 0.167 seconds
[2025-07-13T05:16:23.326+0000] {processor.py:161} INFO - Started process (PID=13830) to work on /opt/airflow/dags/flight_data_quality.py
[2025-07-13T05:16:23.327+0000] {processor.py:830} INFO - Processing file /opt/airflow/dags/flight_data_quality.py for tasks to queue
[2025-07-13T05:16:23.328+0000] {logging_mixin.py:188} INFO - [2025-07-13T05:16:23.327+0000] {dagbag.py:538} INFO - Filling up the DagBag from /opt/airflow/dags/flight_data_quality.py
[2025-07-13T05:16:23.496+0000] {processor.py:840} INFO - DAG(s) 'flight_data_quality_check' retrieved from /opt/airflow/dags/flight_data_quality.py
[2025-07-13T05:16:23.521+0000] {logging_mixin.py:188} INFO - [2025-07-13T05:16:23.521+0000] {dag.py:3036} INFO - Sync 1 DAGs
[2025-07-13T05:16:23.542+0000] {logging_mixin.py:188} INFO - [2025-07-13T05:16:23.542+0000] {dag.py:3823} INFO - Setting next_dagrun for flight_data_quality_check to 2025-07-13 00:00:00+00:00, run_after=2025-07-13 12:00:00+00:00
[2025-07-13T05:16:23.557+0000] {processor.py:183} INFO - Processing /opt/airflow/dags/flight_data_quality.py took 0.233 seconds
[2025-07-13T05:16:54.521+0000] {processor.py:161} INFO - Started process (PID=13871) to work on /opt/airflow/dags/flight_data_quality.py
[2025-07-13T05:16:54.522+0000] {processor.py:830} INFO - Processing file /opt/airflow/dags/flight_data_quality.py for tasks to queue
[2025-07-13T05:16:54.522+0000] {logging_mixin.py:188} INFO - [2025-07-13T05:16:54.522+0000] {dagbag.py:538} INFO - Filling up the DagBag from /opt/airflow/dags/flight_data_quality.py
[2025-07-13T05:16:54.621+0000] {processor.py:840} INFO - DAG(s) 'flight_data_quality_check' retrieved from /opt/airflow/dags/flight_data_quality.py
[2025-07-13T05:16:54.686+0000] {logging_mixin.py:188} INFO - [2025-07-13T05:16:54.686+0000] {dag.py:3036} INFO - Sync 1 DAGs
[2025-07-13T05:16:54.693+0000] {logging_mixin.py:188} INFO - [2025-07-13T05:16:54.693+0000] {dag.py:3823} INFO - Setting next_dagrun for flight_data_quality_check to 2025-07-13 00:00:00+00:00, run_after=2025-07-13 12:00:00+00:00
[2025-07-13T05:16:54.699+0000] {processor.py:183} INFO - Processing /opt/airflow/dags/flight_data_quality.py took 0.179 seconds
[2025-07-13T05:17:25.545+0000] {processor.py:161} INFO - Started process (PID=13911) to work on /opt/airflow/dags/flight_data_quality.py
[2025-07-13T05:17:25.546+0000] {processor.py:830} INFO - Processing file /opt/airflow/dags/flight_data_quality.py for tasks to queue
[2025-07-13T05:17:25.546+0000] {logging_mixin.py:188} INFO - [2025-07-13T05:17:25.546+0000] {dagbag.py:538} INFO - Filling up the DagBag from /opt/airflow/dags/flight_data_quality.py
[2025-07-13T05:17:25.717+0000] {processor.py:840} INFO - DAG(s) 'flight_data_quality_check' retrieved from /opt/airflow/dags/flight_data_quality.py
[2025-07-13T05:17:25.725+0000] {logging_mixin.py:188} INFO - [2025-07-13T05:17:25.725+0000] {dag.py:3036} INFO - Sync 1 DAGs
[2025-07-13T05:17:25.732+0000] {logging_mixin.py:188} INFO - [2025-07-13T05:17:25.731+0000] {dag.py:3823} INFO - Setting next_dagrun for flight_data_quality_check to 2025-07-13 00:00:00+00:00, run_after=2025-07-13 12:00:00+00:00
[2025-07-13T05:17:25.737+0000] {processor.py:183} INFO - Processing /opt/airflow/dags/flight_data_quality.py took 0.196 seconds
[2025-07-13T05:17:56.452+0000] {processor.py:161} INFO - Started process (PID=13951) to work on /opt/airflow/dags/flight_data_quality.py
[2025-07-13T05:17:56.453+0000] {processor.py:830} INFO - Processing file /opt/airflow/dags/flight_data_quality.py for tasks to queue
[2025-07-13T05:17:56.453+0000] {logging_mixin.py:188} INFO - [2025-07-13T05:17:56.453+0000] {dagbag.py:538} INFO - Filling up the DagBag from /opt/airflow/dags/flight_data_quality.py
[2025-07-13T05:17:56.623+0000] {processor.py:840} INFO - DAG(s) 'flight_data_quality_check' retrieved from /opt/airflow/dags/flight_data_quality.py
[2025-07-13T05:17:56.632+0000] {logging_mixin.py:188} INFO - [2025-07-13T05:17:56.632+0000] {dag.py:3036} INFO - Sync 1 DAGs
[2025-07-13T05:17:56.639+0000] {logging_mixin.py:188} INFO - [2025-07-13T05:17:56.639+0000] {dag.py:3823} INFO - Setting next_dagrun for flight_data_quality_check to 2025-07-13 00:00:00+00:00, run_after=2025-07-13 12:00:00+00:00
[2025-07-13T05:17:56.646+0000] {processor.py:183} INFO - Processing /opt/airflow/dags/flight_data_quality.py took 0.195 seconds
[2025-07-13T05:18:26.745+0000] {processor.py:161} INFO - Started process (PID=13980) to work on /opt/airflow/dags/flight_data_quality.py
[2025-07-13T05:18:26.745+0000] {processor.py:830} INFO - Processing file /opt/airflow/dags/flight_data_quality.py for tasks to queue
[2025-07-13T05:18:26.746+0000] {logging_mixin.py:188} INFO - [2025-07-13T05:18:26.746+0000] {dagbag.py:538} INFO - Filling up the DagBag from /opt/airflow/dags/flight_data_quality.py
[2025-07-13T05:18:26.921+0000] {processor.py:840} INFO - DAG(s) 'flight_data_quality_check' retrieved from /opt/airflow/dags/flight_data_quality.py
[2025-07-13T05:18:26.932+0000] {logging_mixin.py:188} INFO - [2025-07-13T05:18:26.932+0000] {dag.py:3036} INFO - Sync 1 DAGs
[2025-07-13T05:18:26.981+0000] {logging_mixin.py:188} INFO - [2025-07-13T05:18:26.981+0000] {dag.py:3823} INFO - Setting next_dagrun for flight_data_quality_check to 2025-07-13 00:00:00+00:00, run_after=2025-07-13 12:00:00+00:00
[2025-07-13T05:18:27.022+0000] {processor.py:183} INFO - Processing /opt/airflow/dags/flight_data_quality.py took 0.279 seconds
[2025-07-13T05:18:57.918+0000] {processor.py:161} INFO - Started process (PID=14031) to work on /opt/airflow/dags/flight_data_quality.py
[2025-07-13T05:18:57.918+0000] {processor.py:830} INFO - Processing file /opt/airflow/dags/flight_data_quality.py for tasks to queue
[2025-07-13T05:18:57.919+0000] {logging_mixin.py:188} INFO - [2025-07-13T05:18:57.919+0000] {dagbag.py:538} INFO - Filling up the DagBag from /opt/airflow/dags/flight_data_quality.py
[2025-07-13T05:18:58.105+0000] {processor.py:840} INFO - DAG(s) 'flight_data_quality_check' retrieved from /opt/airflow/dags/flight_data_quality.py
[2025-07-13T05:18:58.115+0000] {logging_mixin.py:188} INFO - [2025-07-13T05:18:58.115+0000] {dag.py:3036} INFO - Sync 1 DAGs
[2025-07-13T05:18:58.123+0000] {logging_mixin.py:188} INFO - [2025-07-13T05:18:58.123+0000] {dag.py:3823} INFO - Setting next_dagrun for flight_data_quality_check to 2025-07-13 00:00:00+00:00, run_after=2025-07-13 12:00:00+00:00
[2025-07-13T05:18:58.130+0000] {processor.py:183} INFO - Processing /opt/airflow/dags/flight_data_quality.py took 0.215 seconds
[2025-07-13T05:19:28.454+0000] {processor.py:161} INFO - Started process (PID=14070) to work on /opt/airflow/dags/flight_data_quality.py
[2025-07-13T05:19:28.454+0000] {processor.py:830} INFO - Processing file /opt/airflow/dags/flight_data_quality.py for tasks to queue
[2025-07-13T05:19:28.455+0000] {logging_mixin.py:188} INFO - [2025-07-13T05:19:28.455+0000] {dagbag.py:538} INFO - Filling up the DagBag from /opt/airflow/dags/flight_data_quality.py
[2025-07-13T05:19:28.642+0000] {processor.py:840} INFO - DAG(s) 'flight_data_quality_check' retrieved from /opt/airflow/dags/flight_data_quality.py
[2025-07-13T05:19:28.653+0000] {logging_mixin.py:188} INFO - [2025-07-13T05:19:28.653+0000] {dag.py:3036} INFO - Sync 1 DAGs
[2025-07-13T05:19:28.662+0000] {logging_mixin.py:188} INFO - [2025-07-13T05:19:28.662+0000] {dag.py:3823} INFO - Setting next_dagrun for flight_data_quality_check to 2025-07-13 00:00:00+00:00, run_after=2025-07-13 12:00:00+00:00
[2025-07-13T05:19:28.670+0000] {processor.py:183} INFO - Processing /opt/airflow/dags/flight_data_quality.py took 0.218 seconds
[2025-07-13T05:19:59.697+0000] {processor.py:161} INFO - Started process (PID=14111) to work on /opt/airflow/dags/flight_data_quality.py
[2025-07-13T05:19:59.698+0000] {processor.py:830} INFO - Processing file /opt/airflow/dags/flight_data_quality.py for tasks to queue
[2025-07-13T05:19:59.698+0000] {logging_mixin.py:188} INFO - [2025-07-13T05:19:59.698+0000] {dagbag.py:538} INFO - Filling up the DagBag from /opt/airflow/dags/flight_data_quality.py
[2025-07-13T05:19:59.842+0000] {processor.py:840} INFO - DAG(s) 'flight_data_quality_check' retrieved from /opt/airflow/dags/flight_data_quality.py
[2025-07-13T05:19:59.871+0000] {logging_mixin.py:188} INFO - [2025-07-13T05:19:59.871+0000] {dag.py:3036} INFO - Sync 1 DAGs
[2025-07-13T05:19:59.890+0000] {logging_mixin.py:188} INFO - [2025-07-13T05:19:59.889+0000] {dag.py:3823} INFO - Setting next_dagrun for flight_data_quality_check to 2025-07-13 00:00:00+00:00, run_after=2025-07-13 12:00:00+00:00
[2025-07-13T05:19:59.902+0000] {processor.py:183} INFO - Processing /opt/airflow/dags/flight_data_quality.py took 0.208 seconds
[2025-07-13T05:20:30.859+0000] {processor.py:161} INFO - Started process (PID=14151) to work on /opt/airflow/dags/flight_data_quality.py
[2025-07-13T05:20:30.860+0000] {processor.py:830} INFO - Processing file /opt/airflow/dags/flight_data_quality.py for tasks to queue
[2025-07-13T05:20:30.861+0000] {logging_mixin.py:188} INFO - [2025-07-13T05:20:30.860+0000] {dagbag.py:538} INFO - Filling up the DagBag from /opt/airflow/dags/flight_data_quality.py
[2025-07-13T05:20:31.012+0000] {processor.py:840} INFO - DAG(s) 'flight_data_quality_check' retrieved from /opt/airflow/dags/flight_data_quality.py
[2025-07-13T05:20:31.028+0000] {logging_mixin.py:188} INFO - [2025-07-13T05:20:31.027+0000] {dag.py:3036} INFO - Sync 1 DAGs
[2025-07-13T05:20:31.041+0000] {logging_mixin.py:188} INFO - [2025-07-13T05:20:31.041+0000] {dag.py:3823} INFO - Setting next_dagrun for flight_data_quality_check to 2025-07-13 00:00:00+00:00, run_after=2025-07-13 12:00:00+00:00
[2025-07-13T05:20:31.050+0000] {processor.py:183} INFO - Processing /opt/airflow/dags/flight_data_quality.py took 0.194 seconds
[2025-07-13T05:21:01.724+0000] {processor.py:161} INFO - Started process (PID=14191) to work on /opt/airflow/dags/flight_data_quality.py
[2025-07-13T05:21:01.724+0000] {processor.py:830} INFO - Processing file /opt/airflow/dags/flight_data_quality.py for tasks to queue
[2025-07-13T05:21:01.725+0000] {logging_mixin.py:188} INFO - [2025-07-13T05:21:01.725+0000] {dagbag.py:538} INFO - Filling up the DagBag from /opt/airflow/dags/flight_data_quality.py
[2025-07-13T05:21:01.894+0000] {processor.py:840} INFO - DAG(s) 'flight_data_quality_check' retrieved from /opt/airflow/dags/flight_data_quality.py
[2025-07-13T05:21:01.920+0000] {logging_mixin.py:188} INFO - [2025-07-13T05:21:01.920+0000] {dag.py:3036} INFO - Sync 1 DAGs
[2025-07-13T05:21:01.942+0000] {logging_mixin.py:188} INFO - [2025-07-13T05:21:01.942+0000] {dag.py:3823} INFO - Setting next_dagrun for flight_data_quality_check to 2025-07-13 00:00:00+00:00, run_after=2025-07-13 12:00:00+00:00
[2025-07-13T05:21:01.952+0000] {processor.py:183} INFO - Processing /opt/airflow/dags/flight_data_quality.py took 0.231 seconds
[2025-07-13T05:21:31.990+0000] {processor.py:161} INFO - Started process (PID=14217) to work on /opt/airflow/dags/flight_data_quality.py
[2025-07-13T05:21:31.991+0000] {processor.py:830} INFO - Processing file /opt/airflow/dags/flight_data_quality.py for tasks to queue
[2025-07-13T05:21:31.991+0000] {logging_mixin.py:188} INFO - [2025-07-13T05:21:31.991+0000] {dagbag.py:538} INFO - Filling up the DagBag from /opt/airflow/dags/flight_data_quality.py
[2025-07-13T05:21:32.103+0000] {processor.py:840} INFO - DAG(s) 'flight_data_quality_check' retrieved from /opt/airflow/dags/flight_data_quality.py
[2025-07-13T05:21:32.115+0000] {logging_mixin.py:188} INFO - [2025-07-13T05:21:32.115+0000] {dag.py:3036} INFO - Sync 1 DAGs
[2025-07-13T05:21:32.126+0000] {logging_mixin.py:188} INFO - [2025-07-13T05:21:32.126+0000] {dag.py:3823} INFO - Setting next_dagrun for flight_data_quality_check to 2025-07-13 00:00:00+00:00, run_after=2025-07-13 12:00:00+00:00
[2025-07-13T05:21:32.135+0000] {processor.py:183} INFO - Processing /opt/airflow/dags/flight_data_quality.py took 0.146 seconds
[2025-07-13T05:22:02.297+0000] {processor.py:161} INFO - Started process (PID=14255) to work on /opt/airflow/dags/flight_data_quality.py
[2025-07-13T05:22:02.298+0000] {processor.py:830} INFO - Processing file /opt/airflow/dags/flight_data_quality.py for tasks to queue
[2025-07-13T05:22:02.298+0000] {logging_mixin.py:188} INFO - [2025-07-13T05:22:02.298+0000] {dagbag.py:538} INFO - Filling up the DagBag from /opt/airflow/dags/flight_data_quality.py
[2025-07-13T05:22:02.416+0000] {processor.py:840} INFO - DAG(s) 'flight_data_quality_check' retrieved from /opt/airflow/dags/flight_data_quality.py
[2025-07-13T05:22:02.428+0000] {logging_mixin.py:188} INFO - [2025-07-13T05:22:02.428+0000] {dag.py:3036} INFO - Sync 1 DAGs
[2025-07-13T05:22:02.437+0000] {logging_mixin.py:188} INFO - [2025-07-13T05:22:02.437+0000] {dag.py:3823} INFO - Setting next_dagrun for flight_data_quality_check to 2025-07-13 00:00:00+00:00, run_after=2025-07-13 12:00:00+00:00
[2025-07-13T05:22:02.444+0000] {processor.py:183} INFO - Processing /opt/airflow/dags/flight_data_quality.py took 0.149 seconds
[2025-07-13T05:22:33.344+0000] {processor.py:161} INFO - Started process (PID=14295) to work on /opt/airflow/dags/flight_data_quality.py
[2025-07-13T05:22:33.345+0000] {processor.py:830} INFO - Processing file /opt/airflow/dags/flight_data_quality.py for tasks to queue
[2025-07-13T05:22:33.345+0000] {logging_mixin.py:188} INFO - [2025-07-13T05:22:33.345+0000] {dagbag.py:538} INFO - Filling up the DagBag from /opt/airflow/dags/flight_data_quality.py
[2025-07-13T05:22:33.523+0000] {processor.py:840} INFO - DAG(s) 'flight_data_quality_check' retrieved from /opt/airflow/dags/flight_data_quality.py
[2025-07-13T05:22:33.534+0000] {logging_mixin.py:188} INFO - [2025-07-13T05:22:33.534+0000] {dag.py:3036} INFO - Sync 1 DAGs
[2025-07-13T05:22:33.543+0000] {logging_mixin.py:188} INFO - [2025-07-13T05:22:33.543+0000] {dag.py:3823} INFO - Setting next_dagrun for flight_data_quality_check to 2025-07-13 00:00:00+00:00, run_after=2025-07-13 12:00:00+00:00
[2025-07-13T05:22:33.550+0000] {processor.py:183} INFO - Processing /opt/airflow/dags/flight_data_quality.py took 0.207 seconds
[2025-07-13T05:23:03.704+0000] {processor.py:161} INFO - Started process (PID=14335) to work on /opt/airflow/dags/flight_data_quality.py
[2025-07-13T05:23:03.704+0000] {processor.py:830} INFO - Processing file /opt/airflow/dags/flight_data_quality.py for tasks to queue
[2025-07-13T05:23:03.705+0000] {logging_mixin.py:188} INFO - [2025-07-13T05:23:03.705+0000] {dagbag.py:538} INFO - Filling up the DagBag from /opt/airflow/dags/flight_data_quality.py
[2025-07-13T05:23:03.879+0000] {processor.py:840} INFO - DAG(s) 'flight_data_quality_check' retrieved from /opt/airflow/dags/flight_data_quality.py
[2025-07-13T05:23:03.888+0000] {logging_mixin.py:188} INFO - [2025-07-13T05:23:03.888+0000] {dag.py:3036} INFO - Sync 1 DAGs
[2025-07-13T05:23:03.895+0000] {logging_mixin.py:188} INFO - [2025-07-13T05:23:03.895+0000] {dag.py:3823} INFO - Setting next_dagrun for flight_data_quality_check to 2025-07-13 00:00:00+00:00, run_after=2025-07-13 12:00:00+00:00
[2025-07-13T05:23:03.901+0000] {processor.py:183} INFO - Processing /opt/airflow/dags/flight_data_quality.py took 0.199 seconds
[2025-07-13T05:23:34.227+0000] {processor.py:161} INFO - Started process (PID=14377) to work on /opt/airflow/dags/flight_data_quality.py
[2025-07-13T05:23:34.228+0000] {processor.py:830} INFO - Processing file /opt/airflow/dags/flight_data_quality.py for tasks to queue
[2025-07-13T05:23:34.228+0000] {logging_mixin.py:188} INFO - [2025-07-13T05:23:34.228+0000] {dagbag.py:538} INFO - Filling up the DagBag from /opt/airflow/dags/flight_data_quality.py
[2025-07-13T05:23:34.384+0000] {processor.py:840} INFO - DAG(s) 'flight_data_quality_check' retrieved from /opt/airflow/dags/flight_data_quality.py
[2025-07-13T05:23:34.393+0000] {logging_mixin.py:188} INFO - [2025-07-13T05:23:34.393+0000] {dag.py:3036} INFO - Sync 1 DAGs
[2025-07-13T05:23:34.400+0000] {logging_mixin.py:188} INFO - [2025-07-13T05:23:34.400+0000] {dag.py:3823} INFO - Setting next_dagrun for flight_data_quality_check to 2025-07-13 00:00:00+00:00, run_after=2025-07-13 12:00:00+00:00
[2025-07-13T05:23:34.406+0000] {processor.py:183} INFO - Processing /opt/airflow/dags/flight_data_quality.py took 0.180 seconds
[2025-07-13T05:24:04.952+0000] {processor.py:161} INFO - Started process (PID=14417) to work on /opt/airflow/dags/flight_data_quality.py
[2025-07-13T05:24:04.953+0000] {processor.py:830} INFO - Processing file /opt/airflow/dags/flight_data_quality.py for tasks to queue
[2025-07-13T05:24:04.954+0000] {logging_mixin.py:188} INFO - [2025-07-13T05:24:04.954+0000] {dagbag.py:538} INFO - Filling up the DagBag from /opt/airflow/dags/flight_data_quality.py
[2025-07-13T05:24:05.220+0000] {processor.py:840} INFO - DAG(s) 'flight_data_quality_check' retrieved from /opt/airflow/dags/flight_data_quality.py
[2025-07-13T05:24:05.231+0000] {logging_mixin.py:188} INFO - [2025-07-13T05:24:05.231+0000] {dag.py:3036} INFO - Sync 1 DAGs
[2025-07-13T05:24:05.240+0000] {logging_mixin.py:188} INFO - [2025-07-13T05:24:05.240+0000] {dag.py:3823} INFO - Setting next_dagrun for flight_data_quality_check to 2025-07-13 00:00:00+00:00, run_after=2025-07-13 12:00:00+00:00
[2025-07-13T05:24:05.249+0000] {processor.py:183} INFO - Processing /opt/airflow/dags/flight_data_quality.py took 0.298 seconds
[2025-07-13T05:24:35.415+0000] {processor.py:161} INFO - Started process (PID=14455) to work on /opt/airflow/dags/flight_data_quality.py
[2025-07-13T05:24:35.417+0000] {processor.py:830} INFO - Processing file /opt/airflow/dags/flight_data_quality.py for tasks to queue
[2025-07-13T05:24:35.420+0000] {logging_mixin.py:188} INFO - [2025-07-13T05:24:35.419+0000] {dagbag.py:538} INFO - Filling up the DagBag from /opt/airflow/dags/flight_data_quality.py
[2025-07-13T05:24:35.614+0000] {processor.py:840} INFO - DAG(s) 'flight_data_quality_check' retrieved from /opt/airflow/dags/flight_data_quality.py
[2025-07-13T05:24:35.624+0000] {logging_mixin.py:188} INFO - [2025-07-13T05:24:35.624+0000] {dag.py:3036} INFO - Sync 1 DAGs
[2025-07-13T05:24:35.632+0000] {logging_mixin.py:188} INFO - [2025-07-13T05:24:35.632+0000] {dag.py:3823} INFO - Setting next_dagrun for flight_data_quality_check to 2025-07-13 00:00:00+00:00, run_after=2025-07-13 12:00:00+00:00
[2025-07-13T05:24:35.639+0000] {processor.py:183} INFO - Processing /opt/airflow/dags/flight_data_quality.py took 0.229 seconds
[2025-07-13T05:25:06.139+0000] {processor.py:161} INFO - Started process (PID=14497) to work on /opt/airflow/dags/flight_data_quality.py
[2025-07-13T05:25:06.140+0000] {processor.py:830} INFO - Processing file /opt/airflow/dags/flight_data_quality.py for tasks to queue
[2025-07-13T05:25:06.140+0000] {logging_mixin.py:188} INFO - [2025-07-13T05:25:06.140+0000] {dagbag.py:538} INFO - Filling up the DagBag from /opt/airflow/dags/flight_data_quality.py
[2025-07-13T05:25:06.294+0000] {processor.py:840} INFO - DAG(s) 'flight_data_quality_check' retrieved from /opt/airflow/dags/flight_data_quality.py
[2025-07-13T05:25:06.303+0000] {logging_mixin.py:188} INFO - [2025-07-13T05:25:06.303+0000] {dag.py:3036} INFO - Sync 1 DAGs
[2025-07-13T05:25:06.310+0000] {logging_mixin.py:188} INFO - [2025-07-13T05:25:06.310+0000] {dag.py:3823} INFO - Setting next_dagrun for flight_data_quality_check to 2025-07-13 00:00:00+00:00, run_after=2025-07-13 12:00:00+00:00
[2025-07-13T05:25:06.316+0000] {processor.py:183} INFO - Processing /opt/airflow/dags/flight_data_quality.py took 0.178 seconds
[2025-07-13T05:25:36.409+0000] {processor.py:161} INFO - Started process (PID=14534) to work on /opt/airflow/dags/flight_data_quality.py
[2025-07-13T05:25:36.409+0000] {processor.py:830} INFO - Processing file /opt/airflow/dags/flight_data_quality.py for tasks to queue
[2025-07-13T05:25:36.409+0000] {logging_mixin.py:188} INFO - [2025-07-13T05:25:36.409+0000] {dagbag.py:538} INFO - Filling up the DagBag from /opt/airflow/dags/flight_data_quality.py
[2025-07-13T05:25:36.571+0000] {processor.py:840} INFO - DAG(s) 'flight_data_quality_check' retrieved from /opt/airflow/dags/flight_data_quality.py
[2025-07-13T05:25:36.580+0000] {logging_mixin.py:188} INFO - [2025-07-13T05:25:36.580+0000] {dag.py:3036} INFO - Sync 1 DAGs
[2025-07-13T05:25:36.587+0000] {logging_mixin.py:188} INFO - [2025-07-13T05:25:36.587+0000] {dag.py:3823} INFO - Setting next_dagrun for flight_data_quality_check to 2025-07-13 00:00:00+00:00, run_after=2025-07-13 12:00:00+00:00
[2025-07-13T05:25:36.593+0000] {processor.py:183} INFO - Processing /opt/airflow/dags/flight_data_quality.py took 0.186 seconds
[2025-07-13T05:26:07.538+0000] {processor.py:161} INFO - Started process (PID=14577) to work on /opt/airflow/dags/flight_data_quality.py
[2025-07-13T05:26:07.539+0000] {processor.py:830} INFO - Processing file /opt/airflow/dags/flight_data_quality.py for tasks to queue
[2025-07-13T05:26:07.539+0000] {logging_mixin.py:188} INFO - [2025-07-13T05:26:07.539+0000] {dagbag.py:538} INFO - Filling up the DagBag from /opt/airflow/dags/flight_data_quality.py
[2025-07-13T05:26:07.639+0000] {processor.py:840} INFO - DAG(s) 'flight_data_quality_check' retrieved from /opt/airflow/dags/flight_data_quality.py
[2025-07-13T05:26:07.649+0000] {logging_mixin.py:188} INFO - [2025-07-13T05:26:07.648+0000] {dag.py:3036} INFO - Sync 1 DAGs
[2025-07-13T05:26:07.656+0000] {logging_mixin.py:188} INFO - [2025-07-13T05:26:07.656+0000] {dag.py:3823} INFO - Setting next_dagrun for flight_data_quality_check to 2025-07-13 00:00:00+00:00, run_after=2025-07-13 12:00:00+00:00
[2025-07-13T05:26:07.663+0000] {processor.py:183} INFO - Processing /opt/airflow/dags/flight_data_quality.py took 0.126 seconds
[2025-07-13T05:26:37.885+0000] {processor.py:161} INFO - Started process (PID=14617) to work on /opt/airflow/dags/flight_data_quality.py
[2025-07-13T05:26:37.886+0000] {processor.py:830} INFO - Processing file /opt/airflow/dags/flight_data_quality.py for tasks to queue
[2025-07-13T05:26:37.886+0000] {logging_mixin.py:188} INFO - [2025-07-13T05:26:37.886+0000] {dagbag.py:538} INFO - Filling up the DagBag from /opt/airflow/dags/flight_data_quality.py
[2025-07-13T05:26:37.986+0000] {processor.py:840} INFO - DAG(s) 'flight_data_quality_check' retrieved from /opt/airflow/dags/flight_data_quality.py
[2025-07-13T05:26:37.996+0000] {logging_mixin.py:188} INFO - [2025-07-13T05:26:37.996+0000] {dag.py:3036} INFO - Sync 1 DAGs
[2025-07-13T05:26:38.004+0000] {logging_mixin.py:188} INFO - [2025-07-13T05:26:38.004+0000] {dag.py:3823} INFO - Setting next_dagrun for flight_data_quality_check to 2025-07-13 00:00:00+00:00, run_after=2025-07-13 12:00:00+00:00
[2025-07-13T05:26:38.011+0000] {processor.py:183} INFO - Processing /opt/airflow/dags/flight_data_quality.py took 0.127 seconds
[2025-07-13T05:27:08.670+0000] {processor.py:161} INFO - Started process (PID=14657) to work on /opt/airflow/dags/flight_data_quality.py
[2025-07-13T05:27:08.671+0000] {processor.py:830} INFO - Processing file /opt/airflow/dags/flight_data_quality.py for tasks to queue
[2025-07-13T05:27:08.671+0000] {logging_mixin.py:188} INFO - [2025-07-13T05:27:08.671+0000] {dagbag.py:538} INFO - Filling up the DagBag from /opt/airflow/dags/flight_data_quality.py
[2025-07-13T05:27:08.769+0000] {processor.py:840} INFO - DAG(s) 'flight_data_quality_check' retrieved from /opt/airflow/dags/flight_data_quality.py
[2025-07-13T05:27:08.780+0000] {logging_mixin.py:188} INFO - [2025-07-13T05:27:08.779+0000] {dag.py:3036} INFO - Sync 1 DAGs
[2025-07-13T05:27:08.787+0000] {logging_mixin.py:188} INFO - [2025-07-13T05:27:08.787+0000] {dag.py:3823} INFO - Setting next_dagrun for flight_data_quality_check to 2025-07-13 00:00:00+00:00, run_after=2025-07-13 12:00:00+00:00
[2025-07-13T05:27:08.794+0000] {processor.py:183} INFO - Processing /opt/airflow/dags/flight_data_quality.py took 0.125 seconds
[2025-07-13T05:27:39.610+0000] {processor.py:161} INFO - Started process (PID=14697) to work on /opt/airflow/dags/flight_data_quality.py
[2025-07-13T05:27:39.610+0000] {processor.py:830} INFO - Processing file /opt/airflow/dags/flight_data_quality.py for tasks to queue
[2025-07-13T05:27:39.610+0000] {logging_mixin.py:188} INFO - [2025-07-13T05:27:39.610+0000] {dagbag.py:538} INFO - Filling up the DagBag from /opt/airflow/dags/flight_data_quality.py
[2025-07-13T05:27:39.709+0000] {processor.py:840} INFO - DAG(s) 'flight_data_quality_check' retrieved from /opt/airflow/dags/flight_data_quality.py
[2025-07-13T05:27:39.719+0000] {logging_mixin.py:188} INFO - [2025-07-13T05:27:39.718+0000] {dag.py:3036} INFO - Sync 1 DAGs
[2025-07-13T05:27:39.726+0000] {logging_mixin.py:188} INFO - [2025-07-13T05:27:39.726+0000] {dag.py:3823} INFO - Setting next_dagrun for flight_data_quality_check to 2025-07-13 00:00:00+00:00, run_after=2025-07-13 12:00:00+00:00
[2025-07-13T05:27:39.733+0000] {processor.py:183} INFO - Processing /opt/airflow/dags/flight_data_quality.py took 0.125 seconds
[2025-07-13T05:28:10.499+0000] {processor.py:161} INFO - Started process (PID=14737) to work on /opt/airflow/dags/flight_data_quality.py
[2025-07-13T05:28:10.500+0000] {processor.py:830} INFO - Processing file /opt/airflow/dags/flight_data_quality.py for tasks to queue
[2025-07-13T05:28:10.500+0000] {logging_mixin.py:188} INFO - [2025-07-13T05:28:10.500+0000] {dagbag.py:538} INFO - Filling up the DagBag from /opt/airflow/dags/flight_data_quality.py
[2025-07-13T05:28:10.600+0000] {processor.py:840} INFO - DAG(s) 'flight_data_quality_check' retrieved from /opt/airflow/dags/flight_data_quality.py
[2025-07-13T05:28:10.610+0000] {logging_mixin.py:188} INFO - [2025-07-13T05:28:10.610+0000] {dag.py:3036} INFO - Sync 1 DAGs
[2025-07-13T05:28:10.618+0000] {logging_mixin.py:188} INFO - [2025-07-13T05:28:10.618+0000] {dag.py:3823} INFO - Setting next_dagrun for flight_data_quality_check to 2025-07-13 00:00:00+00:00, run_after=2025-07-13 12:00:00+00:00
[2025-07-13T05:28:10.624+0000] {processor.py:183} INFO - Processing /opt/airflow/dags/flight_data_quality.py took 0.126 seconds
[2025-07-13T05:28:41.412+0000] {processor.py:161} INFO - Started process (PID=14777) to work on /opt/airflow/dags/flight_data_quality.py
[2025-07-13T05:28:41.413+0000] {processor.py:830} INFO - Processing file /opt/airflow/dags/flight_data_quality.py for tasks to queue
[2025-07-13T05:28:41.413+0000] {logging_mixin.py:188} INFO - [2025-07-13T05:28:41.413+0000] {dagbag.py:538} INFO - Filling up the DagBag from /opt/airflow/dags/flight_data_quality.py
[2025-07-13T05:28:41.513+0000] {processor.py:840} INFO - DAG(s) 'flight_data_quality_check' retrieved from /opt/airflow/dags/flight_data_quality.py
[2025-07-13T05:28:41.523+0000] {logging_mixin.py:188} INFO - [2025-07-13T05:28:41.523+0000] {dag.py:3036} INFO - Sync 1 DAGs
[2025-07-13T05:28:41.531+0000] {logging_mixin.py:188} INFO - [2025-07-13T05:28:41.531+0000] {dag.py:3823} INFO - Setting next_dagrun for flight_data_quality_check to 2025-07-13 00:00:00+00:00, run_after=2025-07-13 12:00:00+00:00
[2025-07-13T05:28:41.537+0000] {processor.py:183} INFO - Processing /opt/airflow/dags/flight_data_quality.py took 0.126 seconds
[2025-07-13T05:29:11.612+0000] {processor.py:161} INFO - Started process (PID=14815) to work on /opt/airflow/dags/flight_data_quality.py
[2025-07-13T05:29:11.613+0000] {processor.py:830} INFO - Processing file /opt/airflow/dags/flight_data_quality.py for tasks to queue
[2025-07-13T05:29:11.613+0000] {logging_mixin.py:188} INFO - [2025-07-13T05:29:11.613+0000] {dagbag.py:538} INFO - Filling up the DagBag from /opt/airflow/dags/flight_data_quality.py
[2025-07-13T05:29:11.718+0000] {processor.py:840} INFO - DAG(s) 'flight_data_quality_check' retrieved from /opt/airflow/dags/flight_data_quality.py
[2025-07-13T05:29:11.727+0000] {logging_mixin.py:188} INFO - [2025-07-13T05:29:11.727+0000] {dag.py:3036} INFO - Sync 1 DAGs
[2025-07-13T05:29:11.735+0000] {logging_mixin.py:188} INFO - [2025-07-13T05:29:11.735+0000] {dag.py:3823} INFO - Setting next_dagrun for flight_data_quality_check to 2025-07-13 00:00:00+00:00, run_after=2025-07-13 12:00:00+00:00
[2025-07-13T05:29:11.742+0000] {processor.py:183} INFO - Processing /opt/airflow/dags/flight_data_quality.py took 0.132 seconds
[2025-07-13T05:29:42.238+0000] {processor.py:161} INFO - Started process (PID=14857) to work on /opt/airflow/dags/flight_data_quality.py
[2025-07-13T05:29:42.239+0000] {processor.py:830} INFO - Processing file /opt/airflow/dags/flight_data_quality.py for tasks to queue
[2025-07-13T05:29:42.240+0000] {logging_mixin.py:188} INFO - [2025-07-13T05:29:42.239+0000] {dagbag.py:538} INFO - Filling up the DagBag from /opt/airflow/dags/flight_data_quality.py
[2025-07-13T05:29:42.475+0000] {processor.py:840} INFO - DAG(s) 'flight_data_quality_check' retrieved from /opt/airflow/dags/flight_data_quality.py
[2025-07-13T05:29:42.486+0000] {logging_mixin.py:188} INFO - [2025-07-13T05:29:42.486+0000] {dag.py:3036} INFO - Sync 1 DAGs
[2025-07-13T05:29:42.497+0000] {logging_mixin.py:188} INFO - [2025-07-13T05:29:42.497+0000] {dag.py:3823} INFO - Setting next_dagrun for flight_data_quality_check to 2025-07-13 00:00:00+00:00, run_after=2025-07-13 12:00:00+00:00
[2025-07-13T05:29:42.504+0000] {processor.py:183} INFO - Processing /opt/airflow/dags/flight_data_quality.py took 0.268 seconds
[2025-07-13T05:30:12.567+0000] {processor.py:161} INFO - Started process (PID=14897) to work on /opt/airflow/dags/flight_data_quality.py
[2025-07-13T05:30:12.567+0000] {processor.py:830} INFO - Processing file /opt/airflow/dags/flight_data_quality.py for tasks to queue
[2025-07-13T05:30:12.568+0000] {logging_mixin.py:188} INFO - [2025-07-13T05:30:12.567+0000] {dagbag.py:538} INFO - Filling up the DagBag from /opt/airflow/dags/flight_data_quality.py
[2025-07-13T05:30:12.723+0000] {processor.py:840} INFO - DAG(s) 'flight_data_quality_check' retrieved from /opt/airflow/dags/flight_data_quality.py
[2025-07-13T05:30:12.732+0000] {logging_mixin.py:188} INFO - [2025-07-13T05:30:12.732+0000] {dag.py:3036} INFO - Sync 1 DAGs
[2025-07-13T05:30:12.740+0000] {logging_mixin.py:188} INFO - [2025-07-13T05:30:12.740+0000] {dag.py:3823} INFO - Setting next_dagrun for flight_data_quality_check to 2025-07-13 00:00:00+00:00, run_after=2025-07-13 12:00:00+00:00
[2025-07-13T05:30:12.746+0000] {processor.py:183} INFO - Processing /opt/airflow/dags/flight_data_quality.py took 0.180 seconds
[2025-07-13T05:30:42.935+0000] {processor.py:161} INFO - Started process (PID=14937) to work on /opt/airflow/dags/flight_data_quality.py
[2025-07-13T05:30:42.935+0000] {processor.py:830} INFO - Processing file /opt/airflow/dags/flight_data_quality.py for tasks to queue
[2025-07-13T05:30:42.936+0000] {logging_mixin.py:188} INFO - [2025-07-13T05:30:42.935+0000] {dagbag.py:538} INFO - Filling up the DagBag from /opt/airflow/dags/flight_data_quality.py
[2025-07-13T05:30:43.098+0000] {processor.py:840} INFO - DAG(s) 'flight_data_quality_check' retrieved from /opt/airflow/dags/flight_data_quality.py
[2025-07-13T05:30:43.110+0000] {logging_mixin.py:188} INFO - [2025-07-13T05:30:43.110+0000] {dag.py:3036} INFO - Sync 1 DAGs
[2025-07-13T05:30:43.117+0000] {logging_mixin.py:188} INFO - [2025-07-13T05:30:43.117+0000] {dag.py:3823} INFO - Setting next_dagrun for flight_data_quality_check to 2025-07-13 00:00:00+00:00, run_after=2025-07-13 12:00:00+00:00
[2025-07-13T05:30:43.123+0000] {processor.py:183} INFO - Processing /opt/airflow/dags/flight_data_quality.py took 0.190 seconds
[2025-07-13T05:31:13.897+0000] {processor.py:161} INFO - Started process (PID=14974) to work on /opt/airflow/dags/flight_data_quality.py
[2025-07-13T05:31:13.897+0000] {processor.py:830} INFO - Processing file /opt/airflow/dags/flight_data_quality.py for tasks to queue
[2025-07-13T05:31:13.898+0000] {logging_mixin.py:188} INFO - [2025-07-13T05:31:13.897+0000] {dagbag.py:538} INFO - Filling up the DagBag from /opt/airflow/dags/flight_data_quality.py
[2025-07-13T05:31:14.069+0000] {processor.py:840} INFO - DAG(s) 'flight_data_quality_check' retrieved from /opt/airflow/dags/flight_data_quality.py
[2025-07-13T05:31:14.079+0000] {logging_mixin.py:188} INFO - [2025-07-13T05:31:14.078+0000] {dag.py:3036} INFO - Sync 1 DAGs
[2025-07-13T05:31:14.086+0000] {logging_mixin.py:188} INFO - [2025-07-13T05:31:14.086+0000] {dag.py:3823} INFO - Setting next_dagrun for flight_data_quality_check to 2025-07-13 00:00:00+00:00, run_after=2025-07-13 12:00:00+00:00
[2025-07-13T05:31:14.093+0000] {processor.py:183} INFO - Processing /opt/airflow/dags/flight_data_quality.py took 0.198 seconds
[2025-07-13T05:31:44.885+0000] {processor.py:161} INFO - Started process (PID=15017) to work on /opt/airflow/dags/flight_data_quality.py
[2025-07-13T05:31:44.885+0000] {processor.py:830} INFO - Processing file /opt/airflow/dags/flight_data_quality.py for tasks to queue
[2025-07-13T05:31:44.886+0000] {logging_mixin.py:188} INFO - [2025-07-13T05:31:44.886+0000] {dagbag.py:538} INFO - Filling up the DagBag from /opt/airflow/dags/flight_data_quality.py
[2025-07-13T05:31:45.038+0000] {processor.py:840} INFO - DAG(s) 'flight_data_quality_check' retrieved from /opt/airflow/dags/flight_data_quality.py
[2025-07-13T05:31:45.046+0000] {logging_mixin.py:188} INFO - [2025-07-13T05:31:45.046+0000] {dag.py:3036} INFO - Sync 1 DAGs
[2025-07-13T05:31:45.053+0000] {logging_mixin.py:188} INFO - [2025-07-13T05:31:45.053+0000] {dag.py:3823} INFO - Setting next_dagrun for flight_data_quality_check to 2025-07-13 00:00:00+00:00, run_after=2025-07-13 12:00:00+00:00
[2025-07-13T05:31:45.059+0000] {processor.py:183} INFO - Processing /opt/airflow/dags/flight_data_quality.py took 0.176 seconds
[2025-07-13T05:32:15.459+0000] {processor.py:161} INFO - Started process (PID=15054) to work on /opt/airflow/dags/flight_data_quality.py
[2025-07-13T05:32:15.460+0000] {processor.py:830} INFO - Processing file /opt/airflow/dags/flight_data_quality.py for tasks to queue
[2025-07-13T05:32:15.460+0000] {logging_mixin.py:188} INFO - [2025-07-13T05:32:15.460+0000] {dagbag.py:538} INFO - Filling up the DagBag from /opt/airflow/dags/flight_data_quality.py
[2025-07-13T05:32:15.608+0000] {processor.py:840} INFO - DAG(s) 'flight_data_quality_check' retrieved from /opt/airflow/dags/flight_data_quality.py
[2025-07-13T05:32:15.626+0000] {logging_mixin.py:188} INFO - [2025-07-13T05:32:15.626+0000] {dag.py:3036} INFO - Sync 1 DAGs
[2025-07-13T05:32:15.637+0000] {logging_mixin.py:188} INFO - [2025-07-13T05:32:15.637+0000] {dag.py:3823} INFO - Setting next_dagrun for flight_data_quality_check to 2025-07-13 00:00:00+00:00, run_after=2025-07-13 12:00:00+00:00
[2025-07-13T05:32:15.647+0000] {processor.py:183} INFO - Processing /opt/airflow/dags/flight_data_quality.py took 0.190 seconds
[2025-07-13T05:32:45.993+0000] {processor.py:161} INFO - Started process (PID=15097) to work on /opt/airflow/dags/flight_data_quality.py
[2025-07-13T05:32:45.994+0000] {processor.py:830} INFO - Processing file /opt/airflow/dags/flight_data_quality.py for tasks to queue
[2025-07-13T05:32:45.994+0000] {logging_mixin.py:188} INFO - [2025-07-13T05:32:45.994+0000] {dagbag.py:538} INFO - Filling up the DagBag from /opt/airflow/dags/flight_data_quality.py
[2025-07-13T05:32:46.094+0000] {processor.py:840} INFO - DAG(s) 'flight_data_quality_check' retrieved from /opt/airflow/dags/flight_data_quality.py
[2025-07-13T05:32:46.103+0000] {logging_mixin.py:188} INFO - [2025-07-13T05:32:46.103+0000] {dag.py:3036} INFO - Sync 1 DAGs
[2025-07-13T05:32:46.111+0000] {logging_mixin.py:188} INFO - [2025-07-13T05:32:46.111+0000] {dag.py:3823} INFO - Setting next_dagrun for flight_data_quality_check to 2025-07-13 00:00:00+00:00, run_after=2025-07-13 12:00:00+00:00
[2025-07-13T05:32:46.118+0000] {processor.py:183} INFO - Processing /opt/airflow/dags/flight_data_quality.py took 0.126 seconds
[2025-07-13T05:33:16.947+0000] {processor.py:161} INFO - Started process (PID=15137) to work on /opt/airflow/dags/flight_data_quality.py
[2025-07-13T05:33:16.948+0000] {processor.py:830} INFO - Processing file /opt/airflow/dags/flight_data_quality.py for tasks to queue
[2025-07-13T05:33:16.948+0000] {logging_mixin.py:188} INFO - [2025-07-13T05:33:16.948+0000] {dagbag.py:538} INFO - Filling up the DagBag from /opt/airflow/dags/flight_data_quality.py
[2025-07-13T05:33:17.059+0000] {processor.py:840} INFO - DAG(s) 'flight_data_quality_check' retrieved from /opt/airflow/dags/flight_data_quality.py
[2025-07-13T05:33:17.071+0000] {logging_mixin.py:188} INFO - [2025-07-13T05:33:17.071+0000] {dag.py:3036} INFO - Sync 1 DAGs
[2025-07-13T05:33:17.080+0000] {logging_mixin.py:188} INFO - [2025-07-13T05:33:17.080+0000] {dag.py:3823} INFO - Setting next_dagrun for flight_data_quality_check to 2025-07-13 00:00:00+00:00, run_after=2025-07-13 12:00:00+00:00
[2025-07-13T05:33:17.087+0000] {processor.py:183} INFO - Processing /opt/airflow/dags/flight_data_quality.py took 0.141 seconds
[2025-07-13T05:33:47.749+0000] {processor.py:161} INFO - Started process (PID=15177) to work on /opt/airflow/dags/flight_data_quality.py
[2025-07-13T05:33:47.749+0000] {processor.py:830} INFO - Processing file /opt/airflow/dags/flight_data_quality.py for tasks to queue
[2025-07-13T05:33:47.750+0000] {logging_mixin.py:188} INFO - [2025-07-13T05:33:47.750+0000] {dagbag.py:538} INFO - Filling up the DagBag from /opt/airflow/dags/flight_data_quality.py
[2025-07-13T05:33:47.876+0000] {processor.py:840} INFO - DAG(s) 'flight_data_quality_check' retrieved from /opt/airflow/dags/flight_data_quality.py
[2025-07-13T05:33:47.888+0000] {logging_mixin.py:188} INFO - [2025-07-13T05:33:47.888+0000] {dag.py:3036} INFO - Sync 1 DAGs
[2025-07-13T05:33:47.896+0000] {logging_mixin.py:188} INFO - [2025-07-13T05:33:47.896+0000] {dag.py:3823} INFO - Setting next_dagrun for flight_data_quality_check to 2025-07-13 00:00:00+00:00, run_after=2025-07-13 12:00:00+00:00
[2025-07-13T05:33:47.903+0000] {processor.py:183} INFO - Processing /opt/airflow/dags/flight_data_quality.py took 0.156 seconds
[2025-07-13T05:34:18.381+0000] {processor.py:161} INFO - Started process (PID=15214) to work on /opt/airflow/dags/flight_data_quality.py
[2025-07-13T05:34:18.382+0000] {processor.py:830} INFO - Processing file /opt/airflow/dags/flight_data_quality.py for tasks to queue
[2025-07-13T05:34:18.383+0000] {logging_mixin.py:188} INFO - [2025-07-13T05:34:18.383+0000] {dagbag.py:538} INFO - Filling up the DagBag from /opt/airflow/dags/flight_data_quality.py
[2025-07-13T05:34:18.495+0000] {processor.py:840} INFO - DAG(s) 'flight_data_quality_check' retrieved from /opt/airflow/dags/flight_data_quality.py
[2025-07-13T05:34:18.506+0000] {logging_mixin.py:188} INFO - [2025-07-13T05:34:18.505+0000] {dag.py:3036} INFO - Sync 1 DAGs
[2025-07-13T05:34:18.514+0000] {logging_mixin.py:188} INFO - [2025-07-13T05:34:18.514+0000] {dag.py:3823} INFO - Setting next_dagrun for flight_data_quality_check to 2025-07-13 00:00:00+00:00, run_after=2025-07-13 12:00:00+00:00
[2025-07-13T05:34:18.522+0000] {processor.py:183} INFO - Processing /opt/airflow/dags/flight_data_quality.py took 0.144 seconds
[2025-07-13T05:34:49.229+0000] {processor.py:161} INFO - Started process (PID=15254) to work on /opt/airflow/dags/flight_data_quality.py
[2025-07-13T05:34:49.230+0000] {processor.py:830} INFO - Processing file /opt/airflow/dags/flight_data_quality.py for tasks to queue
[2025-07-13T05:34:49.231+0000] {logging_mixin.py:188} INFO - [2025-07-13T05:34:49.231+0000] {dagbag.py:538} INFO - Filling up the DagBag from /opt/airflow/dags/flight_data_quality.py
[2025-07-13T05:34:49.359+0000] {processor.py:840} INFO - DAG(s) 'flight_data_quality_check' retrieved from /opt/airflow/dags/flight_data_quality.py
[2025-07-13T05:34:49.374+0000] {logging_mixin.py:188} INFO - [2025-07-13T05:34:49.374+0000] {dag.py:3036} INFO - Sync 1 DAGs
[2025-07-13T05:34:49.384+0000] {logging_mixin.py:188} INFO - [2025-07-13T05:34:49.383+0000] {dag.py:3823} INFO - Setting next_dagrun for flight_data_quality_check to 2025-07-13 00:00:00+00:00, run_after=2025-07-13 12:00:00+00:00
[2025-07-13T05:34:49.393+0000] {processor.py:183} INFO - Processing /opt/airflow/dags/flight_data_quality.py took 0.167 seconds
[2025-07-13T06:21:18.806+0000] {processor.py:161} INFO - Started process (PID=229) to work on /opt/airflow/dags/flight_data_quality.py
[2025-07-13T06:21:18.807+0000] {processor.py:830} INFO - Processing file /opt/airflow/dags/flight_data_quality.py for tasks to queue
[2025-07-13T06:21:18.807+0000] {logging_mixin.py:188} INFO - [2025-07-13T06:21:18.807+0000] {dagbag.py:538} INFO - Filling up the DagBag from /opt/airflow/dags/flight_data_quality.py
[2025-07-13T06:21:19.027+0000] {processor.py:840} INFO - DAG(s) 'flight_data_quality_check' retrieved from /opt/airflow/dags/flight_data_quality.py
[2025-07-13T06:21:19.033+0000] {logging_mixin.py:188} INFO - [2025-07-13T06:21:19.033+0000] {dag.py:3036} INFO - Sync 1 DAGs
[2025-07-13T06:21:19.044+0000] {logging_mixin.py:188} INFO - [2025-07-13T06:21:19.044+0000] {dag.py:3823} INFO - Setting next_dagrun for flight_data_quality_check to 2025-07-13 00:00:00+00:00, run_after=2025-07-13 12:00:00+00:00
[2025-07-13T06:21:19.051+0000] {processor.py:183} INFO - Processing /opt/airflow/dags/flight_data_quality.py took 0.248 seconds
[2025-07-13T06:21:49.114+0000] {processor.py:161} INFO - Started process (PID=264) to work on /opt/airflow/dags/flight_data_quality.py
[2025-07-13T06:21:49.117+0000] {processor.py:830} INFO - Processing file /opt/airflow/dags/flight_data_quality.py for tasks to queue
[2025-07-13T06:21:49.117+0000] {logging_mixin.py:188} INFO - [2025-07-13T06:21:49.117+0000] {dagbag.py:538} INFO - Filling up the DagBag from /opt/airflow/dags/flight_data_quality.py
[2025-07-13T06:21:49.345+0000] {processor.py:840} INFO - DAG(s) 'flight_data_quality_check' retrieved from /opt/airflow/dags/flight_data_quality.py
[2025-07-13T06:21:49.430+0000] {logging_mixin.py:188} INFO - [2025-07-13T06:21:49.430+0000] {dag.py:3036} INFO - Sync 1 DAGs
[2025-07-13T06:21:49.446+0000] {logging_mixin.py:188} INFO - [2025-07-13T06:21:49.446+0000] {dag.py:3823} INFO - Setting next_dagrun for flight_data_quality_check to 2025-07-13 00:00:00+00:00, run_after=2025-07-13 12:00:00+00:00
[2025-07-13T06:21:49.458+0000] {processor.py:183} INFO - Processing /opt/airflow/dags/flight_data_quality.py took 0.346 seconds
[2025-07-13T06:22:19.679+0000] {processor.py:161} INFO - Started process (PID=301) to work on /opt/airflow/dags/flight_data_quality.py
[2025-07-13T06:22:19.680+0000] {processor.py:830} INFO - Processing file /opt/airflow/dags/flight_data_quality.py for tasks to queue
[2025-07-13T06:22:19.680+0000] {logging_mixin.py:188} INFO - [2025-07-13T06:22:19.680+0000] {dagbag.py:538} INFO - Filling up the DagBag from /opt/airflow/dags/flight_data_quality.py
[2025-07-13T06:22:19.841+0000] {processor.py:840} INFO - DAG(s) 'flight_data_quality_check' retrieved from /opt/airflow/dags/flight_data_quality.py
[2025-07-13T06:22:19.849+0000] {logging_mixin.py:188} INFO - [2025-07-13T06:22:19.849+0000] {dag.py:3036} INFO - Sync 1 DAGs
[2025-07-13T06:22:19.857+0000] {logging_mixin.py:188} INFO - [2025-07-13T06:22:19.857+0000] {dag.py:3823} INFO - Setting next_dagrun for flight_data_quality_check to 2025-07-13 00:00:00+00:00, run_after=2025-07-13 12:00:00+00:00
[2025-07-13T06:22:19.863+0000] {processor.py:183} INFO - Processing /opt/airflow/dags/flight_data_quality.py took 0.186 seconds
[2025-07-13T06:22:50.052+0000] {processor.py:161} INFO - Started process (PID=341) to work on /opt/airflow/dags/flight_data_quality.py
[2025-07-13T06:22:50.052+0000] {processor.py:830} INFO - Processing file /opt/airflow/dags/flight_data_quality.py for tasks to queue
[2025-07-13T06:22:50.053+0000] {logging_mixin.py:188} INFO - [2025-07-13T06:22:50.052+0000] {dagbag.py:538} INFO - Filling up the DagBag from /opt/airflow/dags/flight_data_quality.py
[2025-07-13T06:22:50.205+0000] {processor.py:840} INFO - DAG(s) 'flight_data_quality_check' retrieved from /opt/airflow/dags/flight_data_quality.py
[2025-07-13T06:22:50.213+0000] {logging_mixin.py:188} INFO - [2025-07-13T06:22:50.212+0000] {dag.py:3036} INFO - Sync 1 DAGs
[2025-07-13T06:22:50.220+0000] {logging_mixin.py:188} INFO - [2025-07-13T06:22:50.220+0000] {dag.py:3823} INFO - Setting next_dagrun for flight_data_quality_check to 2025-07-13 00:00:00+00:00, run_after=2025-07-13 12:00:00+00:00
[2025-07-13T06:22:50.225+0000] {processor.py:183} INFO - Processing /opt/airflow/dags/flight_data_quality.py took 0.175 seconds
[2025-07-13T06:23:20.818+0000] {processor.py:161} INFO - Started process (PID=378) to work on /opt/airflow/dags/flight_data_quality.py
[2025-07-13T06:23:20.818+0000] {processor.py:830} INFO - Processing file /opt/airflow/dags/flight_data_quality.py for tasks to queue
[2025-07-13T06:23:20.819+0000] {logging_mixin.py:188} INFO - [2025-07-13T06:23:20.819+0000] {dagbag.py:538} INFO - Filling up the DagBag from /opt/airflow/dags/flight_data_quality.py
[2025-07-13T06:23:20.979+0000] {processor.py:840} INFO - DAG(s) 'flight_data_quality_check' retrieved from /opt/airflow/dags/flight_data_quality.py
[2025-07-13T06:23:20.987+0000] {logging_mixin.py:188} INFO - [2025-07-13T06:23:20.987+0000] {dag.py:3036} INFO - Sync 1 DAGs
[2025-07-13T06:23:20.994+0000] {logging_mixin.py:188} INFO - [2025-07-13T06:23:20.994+0000] {dag.py:3823} INFO - Setting next_dagrun for flight_data_quality_check to 2025-07-13 00:00:00+00:00, run_after=2025-07-13 12:00:00+00:00
[2025-07-13T06:23:21.001+0000] {processor.py:183} INFO - Processing /opt/airflow/dags/flight_data_quality.py took 0.184 seconds
[2025-07-13T06:23:51.761+0000] {processor.py:161} INFO - Started process (PID=418) to work on /opt/airflow/dags/flight_data_quality.py
[2025-07-13T06:23:51.761+0000] {processor.py:830} INFO - Processing file /opt/airflow/dags/flight_data_quality.py for tasks to queue
[2025-07-13T06:23:51.762+0000] {logging_mixin.py:188} INFO - [2025-07-13T06:23:51.761+0000] {dagbag.py:538} INFO - Filling up the DagBag from /opt/airflow/dags/flight_data_quality.py
[2025-07-13T06:23:51.930+0000] {processor.py:840} INFO - DAG(s) 'flight_data_quality_check' retrieved from /opt/airflow/dags/flight_data_quality.py
[2025-07-13T06:23:51.942+0000] {logging_mixin.py:188} INFO - [2025-07-13T06:23:51.942+0000] {dag.py:3036} INFO - Sync 1 DAGs
[2025-07-13T06:23:51.950+0000] {logging_mixin.py:188} INFO - [2025-07-13T06:23:51.950+0000] {dag.py:3823} INFO - Setting next_dagrun for flight_data_quality_check to 2025-07-13 00:00:00+00:00, run_after=2025-07-13 12:00:00+00:00
[2025-07-13T06:23:51.959+0000] {processor.py:183} INFO - Processing /opt/airflow/dags/flight_data_quality.py took 0.200 seconds
[2025-07-13T06:24:22.631+0000] {processor.py:161} INFO - Started process (PID=458) to work on /opt/airflow/dags/flight_data_quality.py
[2025-07-13T06:24:22.632+0000] {processor.py:830} INFO - Processing file /opt/airflow/dags/flight_data_quality.py for tasks to queue
[2025-07-13T06:24:22.632+0000] {logging_mixin.py:188} INFO - [2025-07-13T06:24:22.632+0000] {dagbag.py:538} INFO - Filling up the DagBag from /opt/airflow/dags/flight_data_quality.py
[2025-07-13T06:24:22.879+0000] {processor.py:840} INFO - DAG(s) 'flight_data_quality_check' retrieved from /opt/airflow/dags/flight_data_quality.py
[2025-07-13T06:24:22.891+0000] {logging_mixin.py:188} INFO - [2025-07-13T06:24:22.891+0000] {dag.py:3036} INFO - Sync 1 DAGs
[2025-07-13T06:24:22.908+0000] {logging_mixin.py:188} INFO - [2025-07-13T06:24:22.907+0000] {dag.py:3823} INFO - Setting next_dagrun for flight_data_quality_check to 2025-07-13 00:00:00+00:00, run_after=2025-07-13 12:00:00+00:00
[2025-07-13T06:24:22.928+0000] {processor.py:183} INFO - Processing /opt/airflow/dags/flight_data_quality.py took 0.298 seconds
[2025-07-13T06:24:53.934+0000] {processor.py:161} INFO - Started process (PID=498) to work on /opt/airflow/dags/flight_data_quality.py
[2025-07-13T06:24:53.935+0000] {processor.py:830} INFO - Processing file /opt/airflow/dags/flight_data_quality.py for tasks to queue
[2025-07-13T06:24:53.936+0000] {logging_mixin.py:188} INFO - [2025-07-13T06:24:53.935+0000] {dagbag.py:538} INFO - Filling up the DagBag from /opt/airflow/dags/flight_data_quality.py
[2025-07-13T06:24:54.119+0000] {processor.py:840} INFO - DAG(s) 'flight_data_quality_check' retrieved from /opt/airflow/dags/flight_data_quality.py
[2025-07-13T06:24:54.149+0000] {logging_mixin.py:188} INFO - [2025-07-13T06:24:54.149+0000] {dag.py:3036} INFO - Sync 1 DAGs
[2025-07-13T06:24:54.164+0000] {logging_mixin.py:188} INFO - [2025-07-13T06:24:54.164+0000] {dag.py:3823} INFO - Setting next_dagrun for flight_data_quality_check to 2025-07-13 00:00:00+00:00, run_after=2025-07-13 12:00:00+00:00
[2025-07-13T06:24:54.175+0000] {processor.py:183} INFO - Processing /opt/airflow/dags/flight_data_quality.py took 0.245 seconds
[2025-07-13T07:25:16.579+0000] {processor.py:161} INFO - Started process (PID=220) to work on /opt/airflow/dags/flight_data_quality.py
[2025-07-13T07:25:16.580+0000] {processor.py:830} INFO - Processing file /opt/airflow/dags/flight_data_quality.py for tasks to queue
[2025-07-13T07:25:16.581+0000] {logging_mixin.py:188} INFO - [2025-07-13T07:25:16.581+0000] {dagbag.py:538} INFO - Filling up the DagBag from /opt/airflow/dags/flight_data_quality.py
[2025-07-13T07:25:16.799+0000] {processor.py:840} INFO - DAG(s) 'flight_data_quality_check' retrieved from /opt/airflow/dags/flight_data_quality.py
[2025-07-13T07:25:16.805+0000] {logging_mixin.py:188} INFO - [2025-07-13T07:25:16.804+0000] {dag.py:3036} INFO - Sync 1 DAGs
[2025-07-13T07:25:16.815+0000] {logging_mixin.py:188} INFO - [2025-07-13T07:25:16.815+0000] {dag.py:3823} INFO - Setting next_dagrun for flight_data_quality_check to 2025-07-13 00:00:00+00:00, run_after=2025-07-13 12:00:00+00:00
[2025-07-13T07:25:16.823+0000] {processor.py:183} INFO - Processing /opt/airflow/dags/flight_data_quality.py took 0.245 seconds
[2025-07-13T07:25:47.728+0000] {processor.py:161} INFO - Started process (PID=260) to work on /opt/airflow/dags/flight_data_quality.py
[2025-07-13T07:25:47.728+0000] {processor.py:830} INFO - Processing file /opt/airflow/dags/flight_data_quality.py for tasks to queue
[2025-07-13T07:25:47.729+0000] {logging_mixin.py:188} INFO - [2025-07-13T07:25:47.729+0000] {dagbag.py:538} INFO - Filling up the DagBag from /opt/airflow/dags/flight_data_quality.py
[2025-07-13T07:25:47.917+0000] {processor.py:840} INFO - DAG(s) 'flight_data_quality_check' retrieved from /opt/airflow/dags/flight_data_quality.py
[2025-07-13T07:25:47.952+0000] {logging_mixin.py:188} INFO - [2025-07-13T07:25:47.952+0000] {dag.py:3036} INFO - Sync 1 DAGs
[2025-07-13T07:25:47.960+0000] {logging_mixin.py:188} INFO - [2025-07-13T07:25:47.960+0000] {dag.py:3823} INFO - Setting next_dagrun for flight_data_quality_check to 2025-07-13 00:00:00+00:00, run_after=2025-07-13 12:00:00+00:00
[2025-07-13T07:25:47.968+0000] {processor.py:183} INFO - Processing /opt/airflow/dags/flight_data_quality.py took 0.242 seconds
[2025-07-13T07:41:05.490+0000] {processor.py:161} INFO - Started process (PID=219) to work on /opt/airflow/dags/flight_data_quality.py
[2025-07-13T07:41:05.491+0000] {processor.py:830} INFO - Processing file /opt/airflow/dags/flight_data_quality.py for tasks to queue
[2025-07-13T07:41:05.491+0000] {logging_mixin.py:188} INFO - [2025-07-13T07:41:05.491+0000] {dagbag.py:538} INFO - Filling up the DagBag from /opt/airflow/dags/flight_data_quality.py
[2025-07-13T07:41:05.690+0000] {processor.py:840} INFO - DAG(s) 'flight_data_quality_check' retrieved from /opt/airflow/dags/flight_data_quality.py
[2025-07-13T07:41:05.696+0000] {logging_mixin.py:188} INFO - [2025-07-13T07:41:05.695+0000] {dag.py:3036} INFO - Sync 1 DAGs
[2025-07-13T07:41:05.706+0000] {logging_mixin.py:188} INFO - [2025-07-13T07:41:05.706+0000] {dag.py:3823} INFO - Setting next_dagrun for flight_data_quality_check to 2025-07-13 00:00:00+00:00, run_after=2025-07-13 12:00:00+00:00
[2025-07-13T07:41:05.713+0000] {processor.py:183} INFO - Processing /opt/airflow/dags/flight_data_quality.py took 0.224 seconds
