[2025-07-13T00:20:13.681+0000] {processor.py:161} INFO - Started process (PID=12275) to work on /opt/airflow/dags/flight_data_etl.py
[2025-07-13T00:20:13.701+0000] {processor.py:830} INFO - Processing file /opt/airflow/dags/flight_data_etl.py for tasks to queue
[2025-07-13T00:20:13.706+0000] {logging_mixin.py:188} INFO - [2025-07-13T00:20:13.706+0000] {dagbag.py:538} INFO - Filling up the DagBag from /opt/airflow/dags/flight_data_etl.py
[2025-07-13T00:20:14.455+0000] {processor.py:840} INFO - DAG(s) 'flight_data_etl' retrieved from /opt/airflow/dags/flight_data_etl.py
[2025-07-13T00:20:14.500+0000] {logging_mixin.py:188} INFO - [2025-07-13T00:20:14.498+0000] {dag.py:3036} INFO - Sync 1 DAGs
[2025-07-13T00:20:14.548+0000] {logging_mixin.py:188} INFO - [2025-07-13T00:20:14.547+0000] {dag.py:3823} INFO - Setting next_dagrun for flight_data_etl to 2025-07-13 00:00:00+00:00, run_after=2025-07-13 06:00:00+00:00
[2025-07-13T00:20:14.580+0000] {processor.py:183} INFO - Processing /opt/airflow/dags/flight_data_etl.py took 0.943 seconds
[2025-07-13T00:35:41.701+0000] {processor.py:161} INFO - Started process (PID=12391) to work on /opt/airflow/dags/flight_data_etl.py
[2025-07-13T00:35:41.704+0000] {processor.py:830} INFO - Processing file /opt/airflow/dags/flight_data_etl.py for tasks to queue
[2025-07-13T00:35:41.705+0000] {logging_mixin.py:188} INFO - [2025-07-13T00:35:41.705+0000] {dagbag.py:538} INFO - Filling up the DagBag from /opt/airflow/dags/flight_data_etl.py
[2025-07-13T00:35:42.168+0000] {processor.py:840} INFO - DAG(s) 'flight_data_etl' retrieved from /opt/airflow/dags/flight_data_etl.py
[2025-07-13T00:35:42.213+0000] {logging_mixin.py:188} INFO - [2025-07-13T00:35:42.213+0000] {dag.py:3036} INFO - Sync 1 DAGs
[2025-07-13T00:35:42.235+0000] {logging_mixin.py:188} INFO - [2025-07-13T00:35:42.235+0000] {dag.py:3823} INFO - Setting next_dagrun for flight_data_etl to 2025-07-13 00:00:00+00:00, run_after=2025-07-13 06:00:00+00:00
[2025-07-13T00:35:42.254+0000] {processor.py:183} INFO - Processing /opt/airflow/dags/flight_data_etl.py took 0.562 seconds
[2025-07-13T00:51:11.327+0000] {processor.py:161} INFO - Started process (PID=12431) to work on /opt/airflow/dags/flight_data_etl.py
[2025-07-13T00:51:11.331+0000] {processor.py:830} INFO - Processing file /opt/airflow/dags/flight_data_etl.py for tasks to queue
[2025-07-13T00:51:11.335+0000] {logging_mixin.py:188} INFO - [2025-07-13T00:51:11.333+0000] {dagbag.py:538} INFO - Filling up the DagBag from /opt/airflow/dags/flight_data_etl.py
[2025-07-13T00:51:12.266+0000] {processor.py:840} INFO - DAG(s) 'flight_data_etl' retrieved from /opt/airflow/dags/flight_data_etl.py
[2025-07-13T00:51:12.315+0000] {logging_mixin.py:188} INFO - [2025-07-13T00:51:12.314+0000] {dag.py:3036} INFO - Sync 1 DAGs
[2025-07-13T00:51:12.345+0000] {logging_mixin.py:188} INFO - [2025-07-13T00:51:12.345+0000] {dag.py:3823} INFO - Setting next_dagrun for flight_data_etl to 2025-07-13 00:00:00+00:00, run_after=2025-07-13 06:00:00+00:00
[2025-07-13T00:51:12.387+0000] {processor.py:183} INFO - Processing /opt/airflow/dags/flight_data_etl.py took 1.069 seconds
[2025-07-13T01:03:14.387+0000] {processor.py:161} INFO - Started process (PID=12471) to work on /opt/airflow/dags/flight_data_etl.py
[2025-07-13T01:03:14.390+0000] {processor.py:830} INFO - Processing file /opt/airflow/dags/flight_data_etl.py for tasks to queue
[2025-07-13T01:03:14.392+0000] {logging_mixin.py:188} INFO - [2025-07-13T01:03:14.391+0000] {dagbag.py:538} INFO - Filling up the DagBag from /opt/airflow/dags/flight_data_etl.py
[2025-07-13T01:03:14.984+0000] {processor.py:840} INFO - DAG(s) 'flight_data_etl' retrieved from /opt/airflow/dags/flight_data_etl.py
[2025-07-13T01:03:15.034+0000] {logging_mixin.py:188} INFO - [2025-07-13T01:03:15.033+0000] {dag.py:3036} INFO - Sync 1 DAGs
[2025-07-13T01:03:15.070+0000] {logging_mixin.py:188} INFO - [2025-07-13T01:03:15.069+0000] {dag.py:3823} INFO - Setting next_dagrun for flight_data_etl to 2025-07-13 00:00:00+00:00, run_after=2025-07-13 06:00:00+00:00
[2025-07-13T01:03:15.100+0000] {processor.py:183} INFO - Processing /opt/airflow/dags/flight_data_etl.py took 0.720 seconds
[2025-07-13T01:03:45.474+0000] {processor.py:161} INFO - Started process (PID=12511) to work on /opt/airflow/dags/flight_data_etl.py
[2025-07-13T01:03:45.475+0000] {processor.py:830} INFO - Processing file /opt/airflow/dags/flight_data_etl.py for tasks to queue
[2025-07-13T01:03:45.477+0000] {logging_mixin.py:188} INFO - [2025-07-13T01:03:45.476+0000] {dagbag.py:538} INFO - Filling up the DagBag from /opt/airflow/dags/flight_data_etl.py
[2025-07-13T01:03:45.885+0000] {processor.py:840} INFO - DAG(s) 'flight_data_etl' retrieved from /opt/airflow/dags/flight_data_etl.py
[2025-07-13T01:03:45.910+0000] {logging_mixin.py:188} INFO - [2025-07-13T01:03:45.909+0000] {dag.py:3036} INFO - Sync 1 DAGs
[2025-07-13T01:03:45.918+0000] {logging_mixin.py:188} INFO - [2025-07-13T01:03:45.918+0000] {dag.py:3823} INFO - Setting next_dagrun for flight_data_etl to 2025-07-13 00:00:00+00:00, run_after=2025-07-13 06:00:00+00:00
[2025-07-13T01:03:45.926+0000] {processor.py:183} INFO - Processing /opt/airflow/dags/flight_data_etl.py took 0.457 seconds
[2025-07-13T01:04:16.337+0000] {processor.py:161} INFO - Started process (PID=12551) to work on /opt/airflow/dags/flight_data_etl.py
[2025-07-13T01:04:16.339+0000] {processor.py:830} INFO - Processing file /opt/airflow/dags/flight_data_etl.py for tasks to queue
[2025-07-13T01:04:16.340+0000] {logging_mixin.py:188} INFO - [2025-07-13T01:04:16.340+0000] {dagbag.py:538} INFO - Filling up the DagBag from /opt/airflow/dags/flight_data_etl.py
[2025-07-13T01:04:16.452+0000] {processor.py:840} INFO - DAG(s) 'flight_data_etl' retrieved from /opt/airflow/dags/flight_data_etl.py
[2025-07-13T01:04:16.463+0000] {logging_mixin.py:188} INFO - [2025-07-13T01:04:16.463+0000] {dag.py:3036} INFO - Sync 1 DAGs
[2025-07-13T01:04:16.471+0000] {logging_mixin.py:188} INFO - [2025-07-13T01:04:16.470+0000] {dag.py:3823} INFO - Setting next_dagrun for flight_data_etl to 2025-07-13 00:00:00+00:00, run_after=2025-07-13 06:00:00+00:00
[2025-07-13T01:04:16.477+0000] {processor.py:183} INFO - Processing /opt/airflow/dags/flight_data_etl.py took 0.146 seconds
[2025-07-13T01:19:44.125+0000] {processor.py:161} INFO - Started process (PID=12592) to work on /opt/airflow/dags/flight_data_etl.py
[2025-07-13T01:19:44.127+0000] {processor.py:830} INFO - Processing file /opt/airflow/dags/flight_data_etl.py for tasks to queue
[2025-07-13T01:19:44.129+0000] {logging_mixin.py:188} INFO - [2025-07-13T01:19:44.129+0000] {dagbag.py:538} INFO - Filling up the DagBag from /opt/airflow/dags/flight_data_etl.py
[2025-07-13T01:19:44.409+0000] {processor.py:840} INFO - DAG(s) 'flight_data_etl' retrieved from /opt/airflow/dags/flight_data_etl.py
[2025-07-13T01:19:44.464+0000] {logging_mixin.py:188} INFO - [2025-07-13T01:19:44.464+0000] {dag.py:3036} INFO - Sync 1 DAGs
[2025-07-13T01:19:44.496+0000] {logging_mixin.py:188} INFO - [2025-07-13T01:19:44.496+0000] {dag.py:3823} INFO - Setting next_dagrun for flight_data_etl to 2025-07-13 00:00:00+00:00, run_after=2025-07-13 06:00:00+00:00
[2025-07-13T01:19:44.519+0000] {processor.py:183} INFO - Processing /opt/airflow/dags/flight_data_etl.py took 0.401 seconds
[2025-07-13T01:35:14.507+0000] {processor.py:161} INFO - Started process (PID=12633) to work on /opt/airflow/dags/flight_data_etl.py
[2025-07-13T01:35:14.508+0000] {processor.py:830} INFO - Processing file /opt/airflow/dags/flight_data_etl.py for tasks to queue
[2025-07-13T01:35:14.509+0000] {logging_mixin.py:188} INFO - [2025-07-13T01:35:14.509+0000] {dagbag.py:538} INFO - Filling up the DagBag from /opt/airflow/dags/flight_data_etl.py
[2025-07-13T01:35:14.708+0000] {processor.py:840} INFO - DAG(s) 'flight_data_etl' retrieved from /opt/airflow/dags/flight_data_etl.py
[2025-07-13T01:35:14.734+0000] {logging_mixin.py:188} INFO - [2025-07-13T01:35:14.733+0000] {dag.py:3036} INFO - Sync 1 DAGs
[2025-07-13T01:35:14.759+0000] {logging_mixin.py:188} INFO - [2025-07-13T01:35:14.759+0000] {dag.py:3823} INFO - Setting next_dagrun for flight_data_etl to 2025-07-13 00:00:00+00:00, run_after=2025-07-13 06:00:00+00:00
[2025-07-13T01:35:14.777+0000] {processor.py:183} INFO - Processing /opt/airflow/dags/flight_data_etl.py took 0.275 seconds
[2025-07-13T01:50:44.647+0000] {processor.py:161} INFO - Started process (PID=12673) to work on /opt/airflow/dags/flight_data_etl.py
[2025-07-13T01:50:44.648+0000] {processor.py:830} INFO - Processing file /opt/airflow/dags/flight_data_etl.py for tasks to queue
[2025-07-13T01:50:44.650+0000] {logging_mixin.py:188} INFO - [2025-07-13T01:50:44.649+0000] {dagbag.py:538} INFO - Filling up the DagBag from /opt/airflow/dags/flight_data_etl.py
[2025-07-13T01:50:44.879+0000] {processor.py:840} INFO - DAG(s) 'flight_data_etl' retrieved from /opt/airflow/dags/flight_data_etl.py
[2025-07-13T01:50:44.913+0000] {logging_mixin.py:188} INFO - [2025-07-13T01:50:44.913+0000] {dag.py:3036} INFO - Sync 1 DAGs
[2025-07-13T01:50:44.930+0000] {logging_mixin.py:188} INFO - [2025-07-13T01:50:44.930+0000] {dag.py:3823} INFO - Setting next_dagrun for flight_data_etl to 2025-07-13 00:00:00+00:00, run_after=2025-07-13 06:00:00+00:00
[2025-07-13T01:50:44.945+0000] {processor.py:183} INFO - Processing /opt/airflow/dags/flight_data_etl.py took 0.305 seconds
[2025-07-13T02:06:13.825+0000] {processor.py:161} INFO - Started process (PID=12713) to work on /opt/airflow/dags/flight_data_etl.py
[2025-07-13T02:06:13.828+0000] {processor.py:830} INFO - Processing file /opt/airflow/dags/flight_data_etl.py for tasks to queue
[2025-07-13T02:06:13.829+0000] {logging_mixin.py:188} INFO - [2025-07-13T02:06:13.828+0000] {dagbag.py:538} INFO - Filling up the DagBag from /opt/airflow/dags/flight_data_etl.py
[2025-07-13T02:06:14.017+0000] {processor.py:840} INFO - DAG(s) 'flight_data_etl' retrieved from /opt/airflow/dags/flight_data_etl.py
[2025-07-13T02:06:14.040+0000] {logging_mixin.py:188} INFO - [2025-07-13T02:06:14.040+0000] {dag.py:3036} INFO - Sync 1 DAGs
[2025-07-13T02:06:14.052+0000] {logging_mixin.py:188} INFO - [2025-07-13T02:06:14.052+0000] {dag.py:3823} INFO - Setting next_dagrun for flight_data_etl to 2025-07-13 00:00:00+00:00, run_after=2025-07-13 06:00:00+00:00
[2025-07-13T02:06:14.061+0000] {processor.py:183} INFO - Processing /opt/airflow/dags/flight_data_etl.py took 0.243 seconds
[2025-07-13T02:06:44.872+0000] {processor.py:161} INFO - Started process (PID=12753) to work on /opt/airflow/dags/flight_data_etl.py
[2025-07-13T02:06:44.874+0000] {processor.py:830} INFO - Processing file /opt/airflow/dags/flight_data_etl.py for tasks to queue
[2025-07-13T02:06:44.876+0000] {logging_mixin.py:188} INFO - [2025-07-13T02:06:44.876+0000] {dagbag.py:538} INFO - Filling up the DagBag from /opt/airflow/dags/flight_data_etl.py
[2025-07-13T02:06:45.058+0000] {processor.py:840} INFO - DAG(s) 'flight_data_etl' retrieved from /opt/airflow/dags/flight_data_etl.py
[2025-07-13T02:06:45.079+0000] {logging_mixin.py:188} INFO - [2025-07-13T02:06:45.079+0000] {dag.py:3036} INFO - Sync 1 DAGs
[2025-07-13T02:06:45.093+0000] {logging_mixin.py:188} INFO - [2025-07-13T02:06:45.093+0000] {dag.py:3823} INFO - Setting next_dagrun for flight_data_etl to 2025-07-13 00:00:00+00:00, run_after=2025-07-13 06:00:00+00:00
[2025-07-13T02:06:45.101+0000] {processor.py:183} INFO - Processing /opt/airflow/dags/flight_data_etl.py took 0.240 seconds
[2025-07-13T02:07:15.988+0000] {processor.py:161} INFO - Started process (PID=12793) to work on /opt/airflow/dags/flight_data_etl.py
[2025-07-13T02:07:15.990+0000] {processor.py:830} INFO - Processing file /opt/airflow/dags/flight_data_etl.py for tasks to queue
[2025-07-13T02:07:15.991+0000] {logging_mixin.py:188} INFO - [2025-07-13T02:07:15.991+0000] {dagbag.py:538} INFO - Filling up the DagBag from /opt/airflow/dags/flight_data_etl.py
[2025-07-13T02:07:16.104+0000] {processor.py:840} INFO - DAG(s) 'flight_data_etl' retrieved from /opt/airflow/dags/flight_data_etl.py
[2025-07-13T02:07:16.115+0000] {logging_mixin.py:188} INFO - [2025-07-13T02:07:16.115+0000] {dag.py:3036} INFO - Sync 1 DAGs
[2025-07-13T02:07:16.123+0000] {logging_mixin.py:188} INFO - [2025-07-13T02:07:16.123+0000] {dag.py:3823} INFO - Setting next_dagrun for flight_data_etl to 2025-07-13 00:00:00+00:00, run_after=2025-07-13 06:00:00+00:00
[2025-07-13T02:07:16.131+0000] {processor.py:183} INFO - Processing /opt/airflow/dags/flight_data_etl.py took 0.147 seconds
[2025-07-13T02:07:47.146+0000] {processor.py:161} INFO - Started process (PID=12833) to work on /opt/airflow/dags/flight_data_etl.py
[2025-07-13T02:07:47.148+0000] {processor.py:830} INFO - Processing file /opt/airflow/dags/flight_data_etl.py for tasks to queue
[2025-07-13T02:07:47.150+0000] {logging_mixin.py:188} INFO - [2025-07-13T02:07:47.149+0000] {dagbag.py:538} INFO - Filling up the DagBag from /opt/airflow/dags/flight_data_etl.py
[2025-07-13T02:07:47.482+0000] {processor.py:840} INFO - DAG(s) 'flight_data_etl' retrieved from /opt/airflow/dags/flight_data_etl.py
[2025-07-13T02:07:47.495+0000] {logging_mixin.py:188} INFO - [2025-07-13T02:07:47.495+0000] {dag.py:3036} INFO - Sync 1 DAGs
[2025-07-13T02:07:47.509+0000] {logging_mixin.py:188} INFO - [2025-07-13T02:07:47.509+0000] {dag.py:3823} INFO - Setting next_dagrun for flight_data_etl to 2025-07-13 00:00:00+00:00, run_after=2025-07-13 06:00:00+00:00
[2025-07-13T02:07:47.519+0000] {processor.py:183} INFO - Processing /opt/airflow/dags/flight_data_etl.py took 0.380 seconds
[2025-07-13T02:08:17.600+0000] {processor.py:161} INFO - Started process (PID=12873) to work on /opt/airflow/dags/flight_data_etl.py
[2025-07-13T02:08:17.601+0000] {processor.py:830} INFO - Processing file /opt/airflow/dags/flight_data_etl.py for tasks to queue
[2025-07-13T02:08:17.602+0000] {logging_mixin.py:188} INFO - [2025-07-13T02:08:17.602+0000] {dagbag.py:538} INFO - Filling up the DagBag from /opt/airflow/dags/flight_data_etl.py
[2025-07-13T02:08:17.779+0000] {processor.py:840} INFO - DAG(s) 'flight_data_etl' retrieved from /opt/airflow/dags/flight_data_etl.py
[2025-07-13T02:08:17.793+0000] {logging_mixin.py:188} INFO - [2025-07-13T02:08:17.792+0000] {dag.py:3036} INFO - Sync 1 DAGs
[2025-07-13T02:08:17.801+0000] {logging_mixin.py:188} INFO - [2025-07-13T02:08:17.801+0000] {dag.py:3823} INFO - Setting next_dagrun for flight_data_etl to 2025-07-13 00:00:00+00:00, run_after=2025-07-13 06:00:00+00:00
[2025-07-13T02:08:17.808+0000] {processor.py:183} INFO - Processing /opt/airflow/dags/flight_data_etl.py took 0.212 seconds
[2025-07-13T02:08:48.369+0000] {processor.py:161} INFO - Started process (PID=12913) to work on /opt/airflow/dags/flight_data_etl.py
[2025-07-13T02:08:48.371+0000] {processor.py:830} INFO - Processing file /opt/airflow/dags/flight_data_etl.py for tasks to queue
[2025-07-13T02:08:48.371+0000] {logging_mixin.py:188} INFO - [2025-07-13T02:08:48.371+0000] {dagbag.py:538} INFO - Filling up the DagBag from /opt/airflow/dags/flight_data_etl.py
[2025-07-13T02:08:48.742+0000] {processor.py:840} INFO - DAG(s) 'flight_data_etl' retrieved from /opt/airflow/dags/flight_data_etl.py
[2025-07-13T02:08:48.762+0000] {logging_mixin.py:188} INFO - [2025-07-13T02:08:48.762+0000] {dag.py:3036} INFO - Sync 1 DAGs
[2025-07-13T02:08:48.775+0000] {logging_mixin.py:188} INFO - [2025-07-13T02:08:48.775+0000] {dag.py:3823} INFO - Setting next_dagrun for flight_data_etl to 2025-07-13 00:00:00+00:00, run_after=2025-07-13 06:00:00+00:00
[2025-07-13T02:08:48.785+0000] {processor.py:183} INFO - Processing /opt/airflow/dags/flight_data_etl.py took 0.420 seconds
[2025-07-13T02:35:13.311+0000] {processor.py:161} INFO - Started process (PID=12953) to work on /opt/airflow/dags/flight_data_etl.py
[2025-07-13T02:35:13.313+0000] {processor.py:830} INFO - Processing file /opt/airflow/dags/flight_data_etl.py for tasks to queue
[2025-07-13T02:35:13.314+0000] {logging_mixin.py:188} INFO - [2025-07-13T02:35:13.314+0000] {dagbag.py:538} INFO - Filling up the DagBag from /opt/airflow/dags/flight_data_etl.py
[2025-07-13T02:35:13.695+0000] {processor.py:840} INFO - DAG(s) 'flight_data_etl' retrieved from /opt/airflow/dags/flight_data_etl.py
[2025-07-13T02:35:13.720+0000] {logging_mixin.py:188} INFO - [2025-07-13T02:35:13.719+0000] {dag.py:3036} INFO - Sync 1 DAGs
[2025-07-13T02:35:13.734+0000] {logging_mixin.py:188} INFO - [2025-07-13T02:35:13.734+0000] {dag.py:3823} INFO - Setting next_dagrun for flight_data_etl to 2025-07-13 00:00:00+00:00, run_after=2025-07-13 06:00:00+00:00
[2025-07-13T02:35:13.742+0000] {processor.py:183} INFO - Processing /opt/airflow/dags/flight_data_etl.py took 0.435 seconds
[2025-07-13T02:50:43.570+0000] {processor.py:161} INFO - Started process (PID=12995) to work on /opt/airflow/dags/flight_data_etl.py
[2025-07-13T02:50:43.572+0000] {processor.py:830} INFO - Processing file /opt/airflow/dags/flight_data_etl.py for tasks to queue
[2025-07-13T02:50:43.574+0000] {logging_mixin.py:188} INFO - [2025-07-13T02:50:43.573+0000] {dagbag.py:538} INFO - Filling up the DagBag from /opt/airflow/dags/flight_data_etl.py
[2025-07-13T02:50:44.065+0000] {processor.py:840} INFO - DAG(s) 'flight_data_etl' retrieved from /opt/airflow/dags/flight_data_etl.py
[2025-07-13T02:50:44.090+0000] {logging_mixin.py:188} INFO - [2025-07-13T02:50:44.089+0000] {dag.py:3036} INFO - Sync 1 DAGs
[2025-07-13T02:50:44.107+0000] {logging_mixin.py:188} INFO - [2025-07-13T02:50:44.106+0000] {dag.py:3823} INFO - Setting next_dagrun for flight_data_etl to 2025-07-13 00:00:00+00:00, run_after=2025-07-13 06:00:00+00:00
[2025-07-13T02:50:44.121+0000] {processor.py:183} INFO - Processing /opt/airflow/dags/flight_data_etl.py took 0.566 seconds
[2025-07-13T03:04:14.015+0000] {processor.py:161} INFO - Started process (PID=13035) to work on /opt/airflow/dags/flight_data_etl.py
[2025-07-13T03:04:14.016+0000] {processor.py:830} INFO - Processing file /opt/airflow/dags/flight_data_etl.py for tasks to queue
[2025-07-13T03:04:14.016+0000] {logging_mixin.py:188} INFO - [2025-07-13T03:04:14.016+0000] {dagbag.py:538} INFO - Filling up the DagBag from /opt/airflow/dags/flight_data_etl.py
[2025-07-13T03:04:14.280+0000] {processor.py:840} INFO - DAG(s) 'flight_data_etl' retrieved from /opt/airflow/dags/flight_data_etl.py
[2025-07-13T03:04:14.297+0000] {logging_mixin.py:188} INFO - [2025-07-13T03:04:14.296+0000] {dag.py:3036} INFO - Sync 1 DAGs
[2025-07-13T03:04:14.308+0000] {logging_mixin.py:188} INFO - [2025-07-13T03:04:14.308+0000] {dag.py:3823} INFO - Setting next_dagrun for flight_data_etl to 2025-07-13 00:00:00+00:00, run_after=2025-07-13 06:00:00+00:00
[2025-07-13T03:04:14.323+0000] {processor.py:183} INFO - Processing /opt/airflow/dags/flight_data_etl.py took 0.312 seconds
[2025-07-13T03:04:45.354+0000] {processor.py:161} INFO - Started process (PID=13075) to work on /opt/airflow/dags/flight_data_etl.py
[2025-07-13T03:04:45.355+0000] {processor.py:830} INFO - Processing file /opt/airflow/dags/flight_data_etl.py for tasks to queue
[2025-07-13T03:04:45.357+0000] {logging_mixin.py:188} INFO - [2025-07-13T03:04:45.356+0000] {dagbag.py:538} INFO - Filling up the DagBag from /opt/airflow/dags/flight_data_etl.py
[2025-07-13T03:04:45.729+0000] {processor.py:840} INFO - DAG(s) 'flight_data_etl' retrieved from /opt/airflow/dags/flight_data_etl.py
[2025-07-13T03:04:45.755+0000] {logging_mixin.py:188} INFO - [2025-07-13T03:04:45.755+0000] {dag.py:3036} INFO - Sync 1 DAGs
[2025-07-13T03:04:45.766+0000] {logging_mixin.py:188} INFO - [2025-07-13T03:04:45.766+0000] {dag.py:3823} INFO - Setting next_dagrun for flight_data_etl to 2025-07-13 00:00:00+00:00, run_after=2025-07-13 06:00:00+00:00
[2025-07-13T03:04:45.773+0000] {processor.py:183} INFO - Processing /opt/airflow/dags/flight_data_etl.py took 0.428 seconds
[2025-07-13T03:05:16.616+0000] {processor.py:161} INFO - Started process (PID=13115) to work on /opt/airflow/dags/flight_data_etl.py
[2025-07-13T03:05:16.618+0000] {processor.py:830} INFO - Processing file /opt/airflow/dags/flight_data_etl.py for tasks to queue
[2025-07-13T03:05:16.618+0000] {logging_mixin.py:188} INFO - [2025-07-13T03:05:16.618+0000] {dagbag.py:538} INFO - Filling up the DagBag from /opt/airflow/dags/flight_data_etl.py
[2025-07-13T03:05:16.796+0000] {processor.py:840} INFO - DAG(s) 'flight_data_etl' retrieved from /opt/airflow/dags/flight_data_etl.py
[2025-07-13T03:05:16.805+0000] {logging_mixin.py:188} INFO - [2025-07-13T03:05:16.805+0000] {dag.py:3036} INFO - Sync 1 DAGs
[2025-07-13T03:05:16.813+0000] {logging_mixin.py:188} INFO - [2025-07-13T03:05:16.813+0000] {dag.py:3823} INFO - Setting next_dagrun for flight_data_etl to 2025-07-13 00:00:00+00:00, run_after=2025-07-13 06:00:00+00:00
[2025-07-13T03:05:16.820+0000] {processor.py:183} INFO - Processing /opt/airflow/dags/flight_data_etl.py took 0.209 seconds
[2025-07-13T03:05:47.294+0000] {processor.py:161} INFO - Started process (PID=13155) to work on /opt/airflow/dags/flight_data_etl.py
[2025-07-13T03:05:47.295+0000] {processor.py:830} INFO - Processing file /opt/airflow/dags/flight_data_etl.py for tasks to queue
[2025-07-13T03:05:47.296+0000] {logging_mixin.py:188} INFO - [2025-07-13T03:05:47.296+0000] {dagbag.py:538} INFO - Filling up the DagBag from /opt/airflow/dags/flight_data_etl.py
[2025-07-13T03:05:47.460+0000] {processor.py:840} INFO - DAG(s) 'flight_data_etl' retrieved from /opt/airflow/dags/flight_data_etl.py
[2025-07-13T03:05:47.481+0000] {logging_mixin.py:188} INFO - [2025-07-13T03:05:47.481+0000] {dag.py:3036} INFO - Sync 1 DAGs
[2025-07-13T03:05:47.495+0000] {logging_mixin.py:188} INFO - [2025-07-13T03:05:47.495+0000] {dag.py:3823} INFO - Setting next_dagrun for flight_data_etl to 2025-07-13 00:00:00+00:00, run_after=2025-07-13 06:00:00+00:00
[2025-07-13T03:05:47.502+0000] {processor.py:183} INFO - Processing /opt/airflow/dags/flight_data_etl.py took 0.213 seconds
[2025-07-13T03:06:18.418+0000] {processor.py:161} INFO - Started process (PID=13195) to work on /opt/airflow/dags/flight_data_etl.py
[2025-07-13T03:06:18.419+0000] {processor.py:830} INFO - Processing file /opt/airflow/dags/flight_data_etl.py for tasks to queue
[2025-07-13T03:06:18.420+0000] {logging_mixin.py:188} INFO - [2025-07-13T03:06:18.420+0000] {dagbag.py:538} INFO - Filling up the DagBag from /opt/airflow/dags/flight_data_etl.py
[2025-07-13T03:06:18.533+0000] {processor.py:840} INFO - DAG(s) 'flight_data_etl' retrieved from /opt/airflow/dags/flight_data_etl.py
[2025-07-13T03:06:18.544+0000] {logging_mixin.py:188} INFO - [2025-07-13T03:06:18.543+0000] {dag.py:3036} INFO - Sync 1 DAGs
[2025-07-13T03:06:18.552+0000] {logging_mixin.py:188} INFO - [2025-07-13T03:06:18.551+0000] {dag.py:3823} INFO - Setting next_dagrun for flight_data_etl to 2025-07-13 00:00:00+00:00, run_after=2025-07-13 06:00:00+00:00
[2025-07-13T03:06:18.558+0000] {processor.py:183} INFO - Processing /opt/airflow/dags/flight_data_etl.py took 0.144 seconds
[2025-07-13T03:06:49.375+0000] {processor.py:161} INFO - Started process (PID=13235) to work on /opt/airflow/dags/flight_data_etl.py
[2025-07-13T03:06:49.377+0000] {processor.py:830} INFO - Processing file /opt/airflow/dags/flight_data_etl.py for tasks to queue
[2025-07-13T03:06:49.378+0000] {logging_mixin.py:188} INFO - [2025-07-13T03:06:49.378+0000] {dagbag.py:538} INFO - Filling up the DagBag from /opt/airflow/dags/flight_data_etl.py
[2025-07-13T03:06:49.526+0000] {processor.py:840} INFO - DAG(s) 'flight_data_etl' retrieved from /opt/airflow/dags/flight_data_etl.py
[2025-07-13T03:06:49.541+0000] {logging_mixin.py:188} INFO - [2025-07-13T03:06:49.541+0000] {dag.py:3036} INFO - Sync 1 DAGs
[2025-07-13T03:06:49.552+0000] {logging_mixin.py:188} INFO - [2025-07-13T03:06:49.552+0000] {dag.py:3823} INFO - Setting next_dagrun for flight_data_etl to 2025-07-13 00:00:00+00:00, run_after=2025-07-13 06:00:00+00:00
[2025-07-13T03:06:49.560+0000] {processor.py:183} INFO - Processing /opt/airflow/dags/flight_data_etl.py took 0.190 seconds
[2025-07-13T03:24:07.972+0000] {processor.py:161} INFO - Started process (PID=13277) to work on /opt/airflow/dags/flight_data_etl.py
[2025-07-13T03:24:07.978+0000] {processor.py:830} INFO - Processing file /opt/airflow/dags/flight_data_etl.py for tasks to queue
[2025-07-13T03:24:07.980+0000] {logging_mixin.py:188} INFO - [2025-07-13T03:24:07.979+0000] {dagbag.py:538} INFO - Filling up the DagBag from /opt/airflow/dags/flight_data_etl.py
[2025-07-13T03:24:08.153+0000] {processor.py:840} INFO - DAG(s) 'flight_data_etl' retrieved from /opt/airflow/dags/flight_data_etl.py
[2025-07-13T03:24:08.168+0000] {logging_mixin.py:188} INFO - [2025-07-13T03:24:08.168+0000] {dag.py:3036} INFO - Sync 1 DAGs
[2025-07-13T03:24:08.181+0000] {logging_mixin.py:188} INFO - [2025-07-13T03:24:08.181+0000] {dag.py:3823} INFO - Setting next_dagrun for flight_data_etl to 2025-07-13 00:00:00+00:00, run_after=2025-07-13 06:00:00+00:00
[2025-07-13T03:24:08.190+0000] {processor.py:183} INFO - Processing /opt/airflow/dags/flight_data_etl.py took 0.223 seconds
[2025-07-13T03:39:37.718+0000] {processor.py:161} INFO - Started process (PID=13317) to work on /opt/airflow/dags/flight_data_etl.py
[2025-07-13T03:39:37.722+0000] {processor.py:830} INFO - Processing file /opt/airflow/dags/flight_data_etl.py for tasks to queue
[2025-07-13T03:39:37.724+0000] {logging_mixin.py:188} INFO - [2025-07-13T03:39:37.723+0000] {dagbag.py:538} INFO - Filling up the DagBag from /opt/airflow/dags/flight_data_etl.py
[2025-07-13T03:39:38.036+0000] {processor.py:840} INFO - DAG(s) 'flight_data_etl' retrieved from /opt/airflow/dags/flight_data_etl.py
[2025-07-13T03:39:38.069+0000] {logging_mixin.py:188} INFO - [2025-07-13T03:39:38.069+0000] {dag.py:3036} INFO - Sync 1 DAGs
[2025-07-13T03:39:38.092+0000] {logging_mixin.py:188} INFO - [2025-07-13T03:39:38.091+0000] {dag.py:3823} INFO - Setting next_dagrun for flight_data_etl to 2025-07-13 00:00:00+00:00, run_after=2025-07-13 06:00:00+00:00
[2025-07-13T03:39:38.108+0000] {processor.py:183} INFO - Processing /opt/airflow/dags/flight_data_etl.py took 0.408 seconds
[2025-07-13T03:55:07.670+0000] {processor.py:161} INFO - Started process (PID=13357) to work on /opt/airflow/dags/flight_data_etl.py
[2025-07-13T03:55:07.676+0000] {processor.py:830} INFO - Processing file /opt/airflow/dags/flight_data_etl.py for tasks to queue
[2025-07-13T03:55:07.679+0000] {logging_mixin.py:188} INFO - [2025-07-13T03:55:07.676+0000] {dagbag.py:538} INFO - Filling up the DagBag from /opt/airflow/dags/flight_data_etl.py
[2025-07-13T03:55:07.873+0000] {processor.py:840} INFO - DAG(s) 'flight_data_etl' retrieved from /opt/airflow/dags/flight_data_etl.py
[2025-07-13T03:55:07.889+0000] {logging_mixin.py:188} INFO - [2025-07-13T03:55:07.889+0000] {dag.py:3036} INFO - Sync 1 DAGs
[2025-07-13T03:55:07.903+0000] {logging_mixin.py:188} INFO - [2025-07-13T03:55:07.903+0000] {dag.py:3823} INFO - Setting next_dagrun for flight_data_etl to 2025-07-13 00:00:00+00:00, run_after=2025-07-13 06:00:00+00:00
[2025-07-13T03:55:08.148+0000] {processor.py:183} INFO - Processing /opt/airflow/dags/flight_data_etl.py took 0.485 seconds
[2025-07-13T04:05:26.111+0000] {processor.py:161} INFO - Started process (PID=13399) to work on /opt/airflow/dags/flight_data_etl.py
[2025-07-13T04:05:26.112+0000] {processor.py:830} INFO - Processing file /opt/airflow/dags/flight_data_etl.py for tasks to queue
[2025-07-13T04:05:26.113+0000] {logging_mixin.py:188} INFO - [2025-07-13T04:05:26.113+0000] {dagbag.py:538} INFO - Filling up the DagBag from /opt/airflow/dags/flight_data_etl.py
[2025-07-13T04:05:26.320+0000] {processor.py:840} INFO - DAG(s) 'flight_data_etl' retrieved from /opt/airflow/dags/flight_data_etl.py
[2025-07-13T04:05:26.388+0000] {logging_mixin.py:188} INFO - [2025-07-13T04:05:26.388+0000] {dag.py:3036} INFO - Sync 1 DAGs
[2025-07-13T04:05:26.758+0000] {logging_mixin.py:188} INFO - [2025-07-13T04:05:26.758+0000] {dag.py:3823} INFO - Setting next_dagrun for flight_data_etl to 2025-07-13 00:00:00+00:00, run_after=2025-07-13 06:00:00+00:00
[2025-07-13T04:05:26.789+0000] {processor.py:183} INFO - Processing /opt/airflow/dags/flight_data_etl.py took 0.692 seconds
[2025-07-13T04:05:57.631+0000] {processor.py:161} INFO - Started process (PID=13439) to work on /opt/airflow/dags/flight_data_etl.py
[2025-07-13T04:05:57.632+0000] {processor.py:830} INFO - Processing file /opt/airflow/dags/flight_data_etl.py for tasks to queue
[2025-07-13T04:05:57.634+0000] {logging_mixin.py:188} INFO - [2025-07-13T04:05:57.633+0000] {dagbag.py:538} INFO - Filling up the DagBag from /opt/airflow/dags/flight_data_etl.py
[2025-07-13T04:05:58.027+0000] {processor.py:840} INFO - DAG(s) 'flight_data_etl' retrieved from /opt/airflow/dags/flight_data_etl.py
[2025-07-13T04:05:58.038+0000] {logging_mixin.py:188} INFO - [2025-07-13T04:05:58.038+0000] {dag.py:3036} INFO - Sync 1 DAGs
[2025-07-13T04:05:58.046+0000] {logging_mixin.py:188} INFO - [2025-07-13T04:05:58.046+0000] {dag.py:3823} INFO - Setting next_dagrun for flight_data_etl to 2025-07-13 00:00:00+00:00, run_after=2025-07-13 06:00:00+00:00
[2025-07-13T04:05:58.053+0000] {processor.py:183} INFO - Processing /opt/airflow/dags/flight_data_etl.py took 0.428 seconds
[2025-07-13T04:36:25.858+0000] {processor.py:161} INFO - Started process (PID=13479) to work on /opt/airflow/dags/flight_data_etl.py
[2025-07-13T04:36:25.861+0000] {processor.py:830} INFO - Processing file /opt/airflow/dags/flight_data_etl.py for tasks to queue
[2025-07-13T04:36:25.862+0000] {logging_mixin.py:188} INFO - [2025-07-13T04:36:25.862+0000] {dagbag.py:538} INFO - Filling up the DagBag from /opt/airflow/dags/flight_data_etl.py
[2025-07-13T04:36:26.844+0000] {processor.py:840} INFO - DAG(s) 'flight_data_etl' retrieved from /opt/airflow/dags/flight_data_etl.py
[2025-07-13T04:36:26.956+0000] {logging_mixin.py:188} INFO - [2025-07-13T04:36:26.955+0000] {dag.py:3036} INFO - Sync 1 DAGs
[2025-07-13T04:36:27.051+0000] {logging_mixin.py:188} INFO - [2025-07-13T04:36:27.050+0000] {dag.py:3823} INFO - Setting next_dagrun for flight_data_etl to 2025-07-13 00:00:00+00:00, run_after=2025-07-13 06:00:00+00:00
[2025-07-13T04:36:27.135+0000] {processor.py:183} INFO - Processing /opt/airflow/dags/flight_data_etl.py took 1.304 seconds
[2025-07-13T04:51:56.245+0000] {processor.py:161} INFO - Started process (PID=13519) to work on /opt/airflow/dags/flight_data_etl.py
[2025-07-13T04:51:56.250+0000] {processor.py:830} INFO - Processing file /opt/airflow/dags/flight_data_etl.py for tasks to queue
[2025-07-13T04:51:56.258+0000] {logging_mixin.py:188} INFO - [2025-07-13T04:51:56.252+0000] {dagbag.py:538} INFO - Filling up the DagBag from /opt/airflow/dags/flight_data_etl.py
[2025-07-13T04:51:56.765+0000] {processor.py:840} INFO - DAG(s) 'flight_data_etl' retrieved from /opt/airflow/dags/flight_data_etl.py
[2025-07-13T04:51:56.803+0000] {logging_mixin.py:188} INFO - [2025-07-13T04:51:56.802+0000] {dag.py:3036} INFO - Sync 1 DAGs
[2025-07-13T04:51:56.823+0000] {logging_mixin.py:188} INFO - [2025-07-13T04:51:56.823+0000] {dag.py:3823} INFO - Setting next_dagrun for flight_data_etl to 2025-07-13 00:00:00+00:00, run_after=2025-07-13 06:00:00+00:00
[2025-07-13T04:51:56.841+0000] {processor.py:183} INFO - Processing /opt/airflow/dags/flight_data_etl.py took 0.608 seconds
[2025-07-13T05:06:14.853+0000] {processor.py:161} INFO - Started process (PID=13559) to work on /opt/airflow/dags/flight_data_etl.py
[2025-07-13T05:06:14.854+0000] {processor.py:830} INFO - Processing file /opt/airflow/dags/flight_data_etl.py for tasks to queue
[2025-07-13T05:06:14.855+0000] {logging_mixin.py:188} INFO - [2025-07-13T05:06:14.855+0000] {dagbag.py:538} INFO - Filling up the DagBag from /opt/airflow/dags/flight_data_etl.py
[2025-07-13T05:06:15.379+0000] {processor.py:840} INFO - DAG(s) 'flight_data_etl' retrieved from /opt/airflow/dags/flight_data_etl.py
[2025-07-13T05:06:15.428+0000] {logging_mixin.py:188} INFO - [2025-07-13T05:06:15.427+0000] {dag.py:3036} INFO - Sync 1 DAGs
[2025-07-13T05:06:15.462+0000] {logging_mixin.py:188} INFO - [2025-07-13T05:06:15.462+0000] {dag.py:3823} INFO - Setting next_dagrun for flight_data_etl to 2025-07-13 00:00:00+00:00, run_after=2025-07-13 06:00:00+00:00
[2025-07-13T05:06:15.482+0000] {processor.py:183} INFO - Processing /opt/airflow/dags/flight_data_etl.py took 0.642 seconds
[2025-07-13T05:06:46.224+0000] {processor.py:161} INFO - Started process (PID=13599) to work on /opt/airflow/dags/flight_data_etl.py
[2025-07-13T05:06:46.225+0000] {processor.py:830} INFO - Processing file /opt/airflow/dags/flight_data_etl.py for tasks to queue
[2025-07-13T05:06:46.226+0000] {logging_mixin.py:188} INFO - [2025-07-13T05:06:46.226+0000] {dagbag.py:538} INFO - Filling up the DagBag from /opt/airflow/dags/flight_data_etl.py
[2025-07-13T05:06:46.462+0000] {processor.py:840} INFO - DAG(s) 'flight_data_etl' retrieved from /opt/airflow/dags/flight_data_etl.py
[2025-07-13T05:06:46.475+0000] {logging_mixin.py:188} INFO - [2025-07-13T05:06:46.475+0000] {dag.py:3036} INFO - Sync 1 DAGs
[2025-07-13T05:06:46.487+0000] {logging_mixin.py:188} INFO - [2025-07-13T05:06:46.486+0000] {dag.py:3823} INFO - Setting next_dagrun for flight_data_etl to 2025-07-13 00:00:00+00:00, run_after=2025-07-13 06:00:00+00:00
[2025-07-13T05:06:46.495+0000] {processor.py:183} INFO - Processing /opt/airflow/dags/flight_data_etl.py took 0.277 seconds
[2025-07-13T05:07:17.294+0000] {processor.py:161} INFO - Started process (PID=13639) to work on /opt/airflow/dags/flight_data_etl.py
[2025-07-13T05:07:17.295+0000] {processor.py:830} INFO - Processing file /opt/airflow/dags/flight_data_etl.py for tasks to queue
[2025-07-13T05:07:17.295+0000] {logging_mixin.py:188} INFO - [2025-07-13T05:07:17.295+0000] {dagbag.py:538} INFO - Filling up the DagBag from /opt/airflow/dags/flight_data_etl.py
[2025-07-13T05:07:17.461+0000] {processor.py:840} INFO - DAG(s) 'flight_data_etl' retrieved from /opt/airflow/dags/flight_data_etl.py
[2025-07-13T05:07:17.473+0000] {logging_mixin.py:188} INFO - [2025-07-13T05:07:17.473+0000] {dag.py:3036} INFO - Sync 1 DAGs
[2025-07-13T05:07:17.481+0000] {logging_mixin.py:188} INFO - [2025-07-13T05:07:17.481+0000] {dag.py:3823} INFO - Setting next_dagrun for flight_data_etl to 2025-07-13 00:00:00+00:00, run_after=2025-07-13 06:00:00+00:00
[2025-07-13T05:07:17.488+0000] {processor.py:183} INFO - Processing /opt/airflow/dags/flight_data_etl.py took 0.197 seconds
[2025-07-13T05:07:48.179+0000] {processor.py:161} INFO - Started process (PID=13679) to work on /opt/airflow/dags/flight_data_etl.py
[2025-07-13T05:07:48.180+0000] {processor.py:830} INFO - Processing file /opt/airflow/dags/flight_data_etl.py for tasks to queue
[2025-07-13T05:07:48.181+0000] {logging_mixin.py:188} INFO - [2025-07-13T05:07:48.181+0000] {dagbag.py:538} INFO - Filling up the DagBag from /opt/airflow/dags/flight_data_etl.py
[2025-07-13T05:07:48.318+0000] {processor.py:840} INFO - DAG(s) 'flight_data_etl' retrieved from /opt/airflow/dags/flight_data_etl.py
[2025-07-13T05:07:48.333+0000] {logging_mixin.py:188} INFO - [2025-07-13T05:07:48.332+0000] {dag.py:3036} INFO - Sync 1 DAGs
[2025-07-13T05:07:48.343+0000] {logging_mixin.py:188} INFO - [2025-07-13T05:07:48.343+0000] {dag.py:3823} INFO - Setting next_dagrun for flight_data_etl to 2025-07-13 00:00:00+00:00, run_after=2025-07-13 06:00:00+00:00
[2025-07-13T05:07:48.351+0000] {processor.py:183} INFO - Processing /opt/airflow/dags/flight_data_etl.py took 0.178 seconds
[2025-07-13T05:08:19.084+0000] {processor.py:161} INFO - Started process (PID=13719) to work on /opt/airflow/dags/flight_data_etl.py
[2025-07-13T05:08:19.086+0000] {processor.py:830} INFO - Processing file /opt/airflow/dags/flight_data_etl.py for tasks to queue
[2025-07-13T05:08:19.087+0000] {logging_mixin.py:188} INFO - [2025-07-13T05:08:19.087+0000] {dagbag.py:538} INFO - Filling up the DagBag from /opt/airflow/dags/flight_data_etl.py
[2025-07-13T05:08:19.206+0000] {processor.py:840} INFO - DAG(s) 'flight_data_etl' retrieved from /opt/airflow/dags/flight_data_etl.py
[2025-07-13T05:08:19.218+0000] {logging_mixin.py:188} INFO - [2025-07-13T05:08:19.218+0000] {dag.py:3036} INFO - Sync 1 DAGs
[2025-07-13T05:08:19.227+0000] {logging_mixin.py:188} INFO - [2025-07-13T05:08:19.227+0000] {dag.py:3823} INFO - Setting next_dagrun for flight_data_etl to 2025-07-13 00:00:00+00:00, run_after=2025-07-13 06:00:00+00:00
[2025-07-13T05:08:19.234+0000] {processor.py:183} INFO - Processing /opt/airflow/dags/flight_data_etl.py took 0.154 seconds
[2025-07-13T05:08:49.876+0000] {processor.py:161} INFO - Started process (PID=13759) to work on /opt/airflow/dags/flight_data_etl.py
[2025-07-13T05:08:49.877+0000] {processor.py:830} INFO - Processing file /opt/airflow/dags/flight_data_etl.py for tasks to queue
[2025-07-13T05:08:49.878+0000] {logging_mixin.py:188} INFO - [2025-07-13T05:08:49.878+0000] {dagbag.py:538} INFO - Filling up the DagBag from /opt/airflow/dags/flight_data_etl.py
[2025-07-13T05:08:49.991+0000] {processor.py:840} INFO - DAG(s) 'flight_data_etl' retrieved from /opt/airflow/dags/flight_data_etl.py
[2025-07-13T05:08:50.002+0000] {logging_mixin.py:188} INFO - [2025-07-13T05:08:50.002+0000] {dag.py:3036} INFO - Sync 1 DAGs
[2025-07-13T05:08:50.010+0000] {logging_mixin.py:188} INFO - [2025-07-13T05:08:50.010+0000] {dag.py:3823} INFO - Setting next_dagrun for flight_data_etl to 2025-07-13 00:00:00+00:00, run_after=2025-07-13 06:00:00+00:00
[2025-07-13T05:08:50.016+0000] {processor.py:183} INFO - Processing /opt/airflow/dags/flight_data_etl.py took 0.144 seconds
[2025-07-13T05:16:22.309+0000] {processor.py:161} INFO - Started process (PID=13799) to work on /opt/airflow/dags/flight_data_etl.py
[2025-07-13T05:16:22.313+0000] {processor.py:830} INFO - Processing file /opt/airflow/dags/flight_data_etl.py for tasks to queue
[2025-07-13T05:16:22.315+0000] {logging_mixin.py:188} INFO - [2025-07-13T05:16:22.314+0000] {dagbag.py:538} INFO - Filling up the DagBag from /opt/airflow/dags/flight_data_etl.py
[2025-07-13T05:16:22.487+0000] {processor.py:840} INFO - DAG(s) 'flight_data_etl' retrieved from /opt/airflow/dags/flight_data_etl.py
[2025-07-13T05:16:22.511+0000] {logging_mixin.py:188} INFO - [2025-07-13T05:16:22.511+0000] {dag.py:3036} INFO - Sync 1 DAGs
[2025-07-13T05:16:22.522+0000] {logging_mixin.py:188} INFO - [2025-07-13T05:16:22.522+0000] {dag.py:3823} INFO - Setting next_dagrun for flight_data_etl to 2025-07-13 00:00:00+00:00, run_after=2025-07-13 06:00:00+00:00
[2025-07-13T05:16:22.531+0000] {processor.py:183} INFO - Processing /opt/airflow/dags/flight_data_etl.py took 0.228 seconds
[2025-07-13T05:16:52.995+0000] {processor.py:161} INFO - Started process (PID=13839) to work on /opt/airflow/dags/flight_data_etl.py
[2025-07-13T05:16:52.996+0000] {processor.py:830} INFO - Processing file /opt/airflow/dags/flight_data_etl.py for tasks to queue
[2025-07-13T05:16:52.998+0000] {logging_mixin.py:188} INFO - [2025-07-13T05:16:52.997+0000] {dagbag.py:538} INFO - Filling up the DagBag from /opt/airflow/dags/flight_data_etl.py
[2025-07-13T05:16:53.138+0000] {processor.py:840} INFO - DAG(s) 'flight_data_etl' retrieved from /opt/airflow/dags/flight_data_etl.py
[2025-07-13T05:16:53.153+0000] {logging_mixin.py:188} INFO - [2025-07-13T05:16:53.153+0000] {dag.py:3036} INFO - Sync 1 DAGs
[2025-07-13T05:16:53.164+0000] {logging_mixin.py:188} INFO - [2025-07-13T05:16:53.164+0000] {dag.py:3823} INFO - Setting next_dagrun for flight_data_etl to 2025-07-13 00:00:00+00:00, run_after=2025-07-13 06:00:00+00:00
[2025-07-13T05:16:53.235+0000] {processor.py:183} INFO - Processing /opt/airflow/dags/flight_data_etl.py took 0.245 seconds
[2025-07-13T05:17:23.995+0000] {processor.py:161} INFO - Started process (PID=13879) to work on /opt/airflow/dags/flight_data_etl.py
[2025-07-13T05:17:23.997+0000] {processor.py:830} INFO - Processing file /opt/airflow/dags/flight_data_etl.py for tasks to queue
[2025-07-13T05:17:23.998+0000] {logging_mixin.py:188} INFO - [2025-07-13T05:17:23.998+0000] {dagbag.py:538} INFO - Filling up the DagBag from /opt/airflow/dags/flight_data_etl.py
[2025-07-13T05:17:24.119+0000] {processor.py:840} INFO - DAG(s) 'flight_data_etl' retrieved from /opt/airflow/dags/flight_data_etl.py
[2025-07-13T05:17:24.132+0000] {logging_mixin.py:188} INFO - [2025-07-13T05:17:24.131+0000] {dag.py:3036} INFO - Sync 1 DAGs
[2025-07-13T05:17:24.219+0000] {logging_mixin.py:188} INFO - [2025-07-13T05:17:24.219+0000] {dag.py:3823} INFO - Setting next_dagrun for flight_data_etl to 2025-07-13 00:00:00+00:00, run_after=2025-07-13 06:00:00+00:00
[2025-07-13T05:17:24.226+0000] {processor.py:183} INFO - Processing /opt/airflow/dags/flight_data_etl.py took 0.234 seconds
[2025-07-13T05:17:55.076+0000] {processor.py:161} INFO - Started process (PID=13919) to work on /opt/airflow/dags/flight_data_etl.py
[2025-07-13T05:17:55.077+0000] {processor.py:830} INFO - Processing file /opt/airflow/dags/flight_data_etl.py for tasks to queue
[2025-07-13T05:17:55.079+0000] {logging_mixin.py:188} INFO - [2025-07-13T05:17:55.078+0000] {dagbag.py:538} INFO - Filling up the DagBag from /opt/airflow/dags/flight_data_etl.py
[2025-07-13T05:17:55.308+0000] {processor.py:840} INFO - DAG(s) 'flight_data_etl' retrieved from /opt/airflow/dags/flight_data_etl.py
[2025-07-13T05:17:55.322+0000] {logging_mixin.py:188} INFO - [2025-07-13T05:17:55.321+0000] {dag.py:3036} INFO - Sync 1 DAGs
[2025-07-13T05:17:55.330+0000] {logging_mixin.py:188} INFO - [2025-07-13T05:17:55.330+0000] {dag.py:3823} INFO - Setting next_dagrun for flight_data_etl to 2025-07-13 00:00:00+00:00, run_after=2025-07-13 06:00:00+00:00
[2025-07-13T05:17:55.337+0000] {processor.py:183} INFO - Processing /opt/airflow/dags/flight_data_etl.py took 0.266 seconds
[2025-07-13T05:18:25.964+0000] {processor.py:161} INFO - Started process (PID=13959) to work on /opt/airflow/dags/flight_data_etl.py
[2025-07-13T05:18:25.974+0000] {processor.py:830} INFO - Processing file /opt/airflow/dags/flight_data_etl.py for tasks to queue
[2025-07-13T05:18:25.976+0000] {logging_mixin.py:188} INFO - [2025-07-13T05:18:25.975+0000] {dagbag.py:538} INFO - Filling up the DagBag from /opt/airflow/dags/flight_data_etl.py
[2025-07-13T05:18:26.478+0000] {processor.py:840} INFO - DAG(s) 'flight_data_etl' retrieved from /opt/airflow/dags/flight_data_etl.py
[2025-07-13T05:18:26.499+0000] {logging_mixin.py:188} INFO - [2025-07-13T05:18:26.499+0000] {dag.py:3036} INFO - Sync 1 DAGs
[2025-07-13T05:18:26.508+0000] {logging_mixin.py:188} INFO - [2025-07-13T05:18:26.508+0000] {dag.py:3823} INFO - Setting next_dagrun for flight_data_etl to 2025-07-13 00:00:00+00:00, run_after=2025-07-13 06:00:00+00:00
[2025-07-13T05:18:26.516+0000] {processor.py:183} INFO - Processing /opt/airflow/dags/flight_data_etl.py took 0.559 seconds
[2025-07-13T05:18:56.726+0000] {processor.py:161} INFO - Started process (PID=13999) to work on /opt/airflow/dags/flight_data_etl.py
[2025-07-13T05:18:56.728+0000] {processor.py:830} INFO - Processing file /opt/airflow/dags/flight_data_etl.py for tasks to queue
[2025-07-13T05:18:56.729+0000] {logging_mixin.py:188} INFO - [2025-07-13T05:18:56.728+0000] {dagbag.py:538} INFO - Filling up the DagBag from /opt/airflow/dags/flight_data_etl.py
[2025-07-13T05:18:57.294+0000] {processor.py:840} INFO - DAG(s) 'flight_data_etl' retrieved from /opt/airflow/dags/flight_data_etl.py
[2025-07-13T05:18:57.311+0000] {logging_mixin.py:188} INFO - [2025-07-13T05:18:57.310+0000] {dag.py:3036} INFO - Sync 1 DAGs
[2025-07-13T05:18:57.322+0000] {logging_mixin.py:188} INFO - [2025-07-13T05:18:57.322+0000] {dag.py:3823} INFO - Setting next_dagrun for flight_data_etl to 2025-07-13 00:00:00+00:00, run_after=2025-07-13 06:00:00+00:00
[2025-07-13T05:18:57.331+0000] {processor.py:183} INFO - Processing /opt/airflow/dags/flight_data_etl.py took 0.619 seconds
[2025-07-13T05:19:27.442+0000] {processor.py:161} INFO - Started process (PID=14039) to work on /opt/airflow/dags/flight_data_etl.py
[2025-07-13T05:19:27.444+0000] {processor.py:830} INFO - Processing file /opt/airflow/dags/flight_data_etl.py for tasks to queue
[2025-07-13T05:19:27.445+0000] {logging_mixin.py:188} INFO - [2025-07-13T05:19:27.445+0000] {dagbag.py:538} INFO - Filling up the DagBag from /opt/airflow/dags/flight_data_etl.py
[2025-07-13T05:19:27.881+0000] {processor.py:840} INFO - DAG(s) 'flight_data_etl' retrieved from /opt/airflow/dags/flight_data_etl.py
[2025-07-13T05:19:27.897+0000] {logging_mixin.py:188} INFO - [2025-07-13T05:19:27.897+0000] {dag.py:3036} INFO - Sync 1 DAGs
[2025-07-13T05:19:27.908+0000] {logging_mixin.py:188} INFO - [2025-07-13T05:19:27.908+0000] {dag.py:3823} INFO - Setting next_dagrun for flight_data_etl to 2025-07-13 00:00:00+00:00, run_after=2025-07-13 06:00:00+00:00
[2025-07-13T05:19:27.916+0000] {processor.py:183} INFO - Processing /opt/airflow/dags/flight_data_etl.py took 0.480 seconds
[2025-07-13T05:19:57.996+0000] {processor.py:161} INFO - Started process (PID=14079) to work on /opt/airflow/dags/flight_data_etl.py
[2025-07-13T05:19:57.998+0000] {processor.py:830} INFO - Processing file /opt/airflow/dags/flight_data_etl.py for tasks to queue
[2025-07-13T05:19:58.000+0000] {logging_mixin.py:188} INFO - [2025-07-13T05:19:58.000+0000] {dagbag.py:538} INFO - Filling up the DagBag from /opt/airflow/dags/flight_data_etl.py
[2025-07-13T05:19:58.315+0000] {processor.py:840} INFO - DAG(s) 'flight_data_etl' retrieved from /opt/airflow/dags/flight_data_etl.py
[2025-07-13T05:19:58.331+0000] {logging_mixin.py:188} INFO - [2025-07-13T05:19:58.331+0000] {dag.py:3036} INFO - Sync 1 DAGs
[2025-07-13T05:19:58.345+0000] {logging_mixin.py:188} INFO - [2025-07-13T05:19:58.345+0000] {dag.py:3823} INFO - Setting next_dagrun for flight_data_etl to 2025-07-13 00:00:00+00:00, run_after=2025-07-13 06:00:00+00:00
[2025-07-13T05:19:58.356+0000] {processor.py:183} INFO - Processing /opt/airflow/dags/flight_data_etl.py took 0.366 seconds
[2025-07-13T05:20:29.303+0000] {processor.py:161} INFO - Started process (PID=14119) to work on /opt/airflow/dags/flight_data_etl.py
[2025-07-13T05:20:29.305+0000] {processor.py:830} INFO - Processing file /opt/airflow/dags/flight_data_etl.py for tasks to queue
[2025-07-13T05:20:29.307+0000] {logging_mixin.py:188} INFO - [2025-07-13T05:20:29.306+0000] {dagbag.py:538} INFO - Filling up the DagBag from /opt/airflow/dags/flight_data_etl.py
[2025-07-13T05:20:29.471+0000] {processor.py:840} INFO - DAG(s) 'flight_data_etl' retrieved from /opt/airflow/dags/flight_data_etl.py
[2025-07-13T05:20:29.496+0000] {logging_mixin.py:188} INFO - [2025-07-13T05:20:29.496+0000] {dag.py:3036} INFO - Sync 1 DAGs
[2025-07-13T05:20:29.511+0000] {logging_mixin.py:188} INFO - [2025-07-13T05:20:29.511+0000] {dag.py:3823} INFO - Setting next_dagrun for flight_data_etl to 2025-07-13 00:00:00+00:00, run_after=2025-07-13 06:00:00+00:00
[2025-07-13T05:20:29.521+0000] {processor.py:183} INFO - Processing /opt/airflow/dags/flight_data_etl.py took 0.225 seconds
[2025-07-13T05:21:00.415+0000] {processor.py:161} INFO - Started process (PID=14159) to work on /opt/airflow/dags/flight_data_etl.py
[2025-07-13T05:21:00.417+0000] {processor.py:830} INFO - Processing file /opt/airflow/dags/flight_data_etl.py for tasks to queue
[2025-07-13T05:21:00.419+0000] {logging_mixin.py:188} INFO - [2025-07-13T05:21:00.418+0000] {dagbag.py:538} INFO - Filling up the DagBag from /opt/airflow/dags/flight_data_etl.py
[2025-07-13T05:21:00.670+0000] {processor.py:840} INFO - DAG(s) 'flight_data_etl' retrieved from /opt/airflow/dags/flight_data_etl.py
[2025-07-13T05:21:00.696+0000] {logging_mixin.py:188} INFO - [2025-07-13T05:21:00.695+0000] {dag.py:3036} INFO - Sync 1 DAGs
[2025-07-13T05:21:00.712+0000] {logging_mixin.py:188} INFO - [2025-07-13T05:21:00.712+0000] {dag.py:3823} INFO - Setting next_dagrun for flight_data_etl to 2025-07-13 00:00:00+00:00, run_after=2025-07-13 06:00:00+00:00
[2025-07-13T05:21:00.732+0000] {processor.py:183} INFO - Processing /opt/airflow/dags/flight_data_etl.py took 0.326 seconds
[2025-07-13T05:21:31.470+0000] {processor.py:161} INFO - Started process (PID=14199) to work on /opt/airflow/dags/flight_data_etl.py
[2025-07-13T05:21:31.474+0000] {processor.py:830} INFO - Processing file /opt/airflow/dags/flight_data_etl.py for tasks to queue
[2025-07-13T05:21:31.476+0000] {logging_mixin.py:188} INFO - [2025-07-13T05:21:31.476+0000] {dagbag.py:538} INFO - Filling up the DagBag from /opt/airflow/dags/flight_data_etl.py
[2025-07-13T05:21:31.747+0000] {processor.py:840} INFO - DAG(s) 'flight_data_etl' retrieved from /opt/airflow/dags/flight_data_etl.py
[2025-07-13T05:21:31.775+0000] {logging_mixin.py:188} INFO - [2025-07-13T05:21:31.774+0000] {dag.py:3036} INFO - Sync 1 DAGs
[2025-07-13T05:21:31.791+0000] {logging_mixin.py:188} INFO - [2025-07-13T05:21:31.791+0000] {dag.py:3823} INFO - Setting next_dagrun for flight_data_etl to 2025-07-13 00:00:00+00:00, run_after=2025-07-13 06:00:00+00:00
[2025-07-13T05:21:31.805+0000] {processor.py:183} INFO - Processing /opt/airflow/dags/flight_data_etl.py took 0.354 seconds
[2025-07-13T05:22:01.972+0000] {processor.py:161} INFO - Started process (PID=14239) to work on /opt/airflow/dags/flight_data_etl.py
[2025-07-13T05:22:01.973+0000] {processor.py:830} INFO - Processing file /opt/airflow/dags/flight_data_etl.py for tasks to queue
[2025-07-13T05:22:01.974+0000] {logging_mixin.py:188} INFO - [2025-07-13T05:22:01.974+0000] {dagbag.py:538} INFO - Filling up the DagBag from /opt/airflow/dags/flight_data_etl.py
[2025-07-13T05:22:02.138+0000] {processor.py:840} INFO - DAG(s) 'flight_data_etl' retrieved from /opt/airflow/dags/flight_data_etl.py
[2025-07-13T05:22:02.156+0000] {logging_mixin.py:188} INFO - [2025-07-13T05:22:02.155+0000] {dag.py:3036} INFO - Sync 1 DAGs
[2025-07-13T05:22:02.169+0000] {logging_mixin.py:188} INFO - [2025-07-13T05:22:02.168+0000] {dag.py:3823} INFO - Setting next_dagrun for flight_data_etl to 2025-07-13 00:00:00+00:00, run_after=2025-07-13 06:00:00+00:00
[2025-07-13T05:22:02.180+0000] {processor.py:183} INFO - Processing /opt/airflow/dags/flight_data_etl.py took 0.212 seconds
[2025-07-13T05:22:32.872+0000] {processor.py:161} INFO - Started process (PID=14279) to work on /opt/airflow/dags/flight_data_etl.py
[2025-07-13T05:22:32.876+0000] {processor.py:830} INFO - Processing file /opt/airflow/dags/flight_data_etl.py for tasks to queue
[2025-07-13T05:22:32.878+0000] {logging_mixin.py:188} INFO - [2025-07-13T05:22:32.877+0000] {dagbag.py:538} INFO - Filling up the DagBag from /opt/airflow/dags/flight_data_etl.py
[2025-07-13T05:22:33.122+0000] {processor.py:840} INFO - DAG(s) 'flight_data_etl' retrieved from /opt/airflow/dags/flight_data_etl.py
[2025-07-13T05:22:33.146+0000] {logging_mixin.py:188} INFO - [2025-07-13T05:22:33.146+0000] {dag.py:3036} INFO - Sync 1 DAGs
[2025-07-13T05:22:33.169+0000] {logging_mixin.py:188} INFO - [2025-07-13T05:22:33.169+0000] {dag.py:3823} INFO - Setting next_dagrun for flight_data_etl to 2025-07-13 00:00:00+00:00, run_after=2025-07-13 06:00:00+00:00
[2025-07-13T05:22:33.182+0000] {processor.py:183} INFO - Processing /opt/airflow/dags/flight_data_etl.py took 0.321 seconds
[2025-07-13T05:23:03.412+0000] {processor.py:161} INFO - Started process (PID=14319) to work on /opt/airflow/dags/flight_data_etl.py
[2025-07-13T05:23:03.414+0000] {processor.py:830} INFO - Processing file /opt/airflow/dags/flight_data_etl.py for tasks to queue
[2025-07-13T05:23:03.415+0000] {logging_mixin.py:188} INFO - [2025-07-13T05:23:03.415+0000] {dagbag.py:538} INFO - Filling up the DagBag from /opt/airflow/dags/flight_data_etl.py
[2025-07-13T05:23:03.618+0000] {processor.py:840} INFO - DAG(s) 'flight_data_etl' retrieved from /opt/airflow/dags/flight_data_etl.py
[2025-07-13T05:23:03.631+0000] {logging_mixin.py:188} INFO - [2025-07-13T05:23:03.631+0000] {dag.py:3036} INFO - Sync 1 DAGs
[2025-07-13T05:23:03.640+0000] {logging_mixin.py:188} INFO - [2025-07-13T05:23:03.639+0000] {dag.py:3823} INFO - Setting next_dagrun for flight_data_etl to 2025-07-13 00:00:00+00:00, run_after=2025-07-13 06:00:00+00:00
[2025-07-13T05:23:03.648+0000] {processor.py:183} INFO - Processing /opt/airflow/dags/flight_data_etl.py took 0.241 seconds
[2025-07-13T05:23:33.702+0000] {processor.py:161} INFO - Started process (PID=14359) to work on /opt/airflow/dags/flight_data_etl.py
[2025-07-13T05:23:33.704+0000] {processor.py:830} INFO - Processing file /opt/airflow/dags/flight_data_etl.py for tasks to queue
[2025-07-13T05:23:33.704+0000] {logging_mixin.py:188} INFO - [2025-07-13T05:23:33.704+0000] {dagbag.py:538} INFO - Filling up the DagBag from /opt/airflow/dags/flight_data_etl.py
[2025-07-13T05:23:33.943+0000] {processor.py:840} INFO - DAG(s) 'flight_data_etl' retrieved from /opt/airflow/dags/flight_data_etl.py
[2025-07-13T05:23:33.952+0000] {logging_mixin.py:188} INFO - [2025-07-13T05:23:33.952+0000] {dag.py:3036} INFO - Sync 1 DAGs
[2025-07-13T05:23:33.960+0000] {logging_mixin.py:188} INFO - [2025-07-13T05:23:33.960+0000] {dag.py:3823} INFO - Setting next_dagrun for flight_data_etl to 2025-07-13 00:00:00+00:00, run_after=2025-07-13 06:00:00+00:00
[2025-07-13T05:23:33.966+0000] {processor.py:183} INFO - Processing /opt/airflow/dags/flight_data_etl.py took 0.268 seconds
[2025-07-13T05:24:04.167+0000] {processor.py:161} INFO - Started process (PID=14399) to work on /opt/airflow/dags/flight_data_etl.py
[2025-07-13T05:24:04.169+0000] {processor.py:830} INFO - Processing file /opt/airflow/dags/flight_data_etl.py for tasks to queue
[2025-07-13T05:24:04.171+0000] {logging_mixin.py:188} INFO - [2025-07-13T05:24:04.170+0000] {dagbag.py:538} INFO - Filling up the DagBag from /opt/airflow/dags/flight_data_etl.py
[2025-07-13T05:24:04.560+0000] {processor.py:840} INFO - DAG(s) 'flight_data_etl' retrieved from /opt/airflow/dags/flight_data_etl.py
[2025-07-13T05:24:04.574+0000] {logging_mixin.py:188} INFO - [2025-07-13T05:24:04.574+0000] {dag.py:3036} INFO - Sync 1 DAGs
[2025-07-13T05:24:04.584+0000] {logging_mixin.py:188} INFO - [2025-07-13T05:24:04.584+0000] {dag.py:3823} INFO - Setting next_dagrun for flight_data_etl to 2025-07-13 00:00:00+00:00, run_after=2025-07-13 06:00:00+00:00
[2025-07-13T05:24:04.592+0000] {processor.py:183} INFO - Processing /opt/airflow/dags/flight_data_etl.py took 0.432 seconds
[2025-07-13T05:24:34.755+0000] {processor.py:161} INFO - Started process (PID=14439) to work on /opt/airflow/dags/flight_data_etl.py
[2025-07-13T05:24:34.761+0000] {processor.py:830} INFO - Processing file /opt/airflow/dags/flight_data_etl.py for tasks to queue
[2025-07-13T05:24:34.763+0000] {logging_mixin.py:188} INFO - [2025-07-13T05:24:34.762+0000] {dagbag.py:538} INFO - Filling up the DagBag from /opt/airflow/dags/flight_data_etl.py
[2025-07-13T05:24:35.091+0000] {processor.py:840} INFO - DAG(s) 'flight_data_etl' retrieved from /opt/airflow/dags/flight_data_etl.py
[2025-07-13T05:24:35.106+0000] {logging_mixin.py:188} INFO - [2025-07-13T05:24:35.105+0000] {dag.py:3036} INFO - Sync 1 DAGs
[2025-07-13T05:24:35.115+0000] {logging_mixin.py:188} INFO - [2025-07-13T05:24:35.115+0000] {dag.py:3823} INFO - Setting next_dagrun for flight_data_etl to 2025-07-13 00:00:00+00:00, run_after=2025-07-13 06:00:00+00:00
[2025-07-13T05:24:35.122+0000] {processor.py:183} INFO - Processing /opt/airflow/dags/flight_data_etl.py took 0.378 seconds
[2025-07-13T05:25:05.486+0000] {processor.py:161} INFO - Started process (PID=14479) to work on /opt/airflow/dags/flight_data_etl.py
[2025-07-13T05:25:05.488+0000] {processor.py:830} INFO - Processing file /opt/airflow/dags/flight_data_etl.py for tasks to queue
[2025-07-13T05:25:05.490+0000] {logging_mixin.py:188} INFO - [2025-07-13T05:25:05.489+0000] {dagbag.py:538} INFO - Filling up the DagBag from /opt/airflow/dags/flight_data_etl.py
[2025-07-13T05:25:05.877+0000] {processor.py:840} INFO - DAG(s) 'flight_data_etl' retrieved from /opt/airflow/dags/flight_data_etl.py
[2025-07-13T05:25:05.900+0000] {logging_mixin.py:188} INFO - [2025-07-13T05:25:05.900+0000] {dag.py:3036} INFO - Sync 1 DAGs
[2025-07-13T05:25:05.913+0000] {logging_mixin.py:188} INFO - [2025-07-13T05:25:05.913+0000] {dag.py:3823} INFO - Setting next_dagrun for flight_data_etl to 2025-07-13 00:00:00+00:00, run_after=2025-07-13 06:00:00+00:00
[2025-07-13T05:25:05.923+0000] {processor.py:183} INFO - Processing /opt/airflow/dags/flight_data_etl.py took 0.445 seconds
[2025-07-13T05:25:36.041+0000] {processor.py:161} INFO - Started process (PID=14519) to work on /opt/airflow/dags/flight_data_etl.py
[2025-07-13T05:25:36.044+0000] {processor.py:830} INFO - Processing file /opt/airflow/dags/flight_data_etl.py for tasks to queue
[2025-07-13T05:25:36.046+0000] {logging_mixin.py:188} INFO - [2025-07-13T05:25:36.045+0000] {dagbag.py:538} INFO - Filling up the DagBag from /opt/airflow/dags/flight_data_etl.py
[2025-07-13T05:25:36.355+0000] {processor.py:840} INFO - DAG(s) 'flight_data_etl' retrieved from /opt/airflow/dags/flight_data_etl.py
[2025-07-13T05:25:36.369+0000] {logging_mixin.py:188} INFO - [2025-07-13T05:25:36.369+0000] {dag.py:3036} INFO - Sync 1 DAGs
[2025-07-13T05:25:36.378+0000] {logging_mixin.py:188} INFO - [2025-07-13T05:25:36.378+0000] {dag.py:3823} INFO - Setting next_dagrun for flight_data_etl to 2025-07-13 00:00:00+00:00, run_after=2025-07-13 06:00:00+00:00
[2025-07-13T05:25:36.385+0000] {processor.py:183} INFO - Processing /opt/airflow/dags/flight_data_etl.py took 0.353 seconds
[2025-07-13T05:26:07.076+0000] {processor.py:161} INFO - Started process (PID=14559) to work on /opt/airflow/dags/flight_data_etl.py
[2025-07-13T05:26:07.078+0000] {processor.py:830} INFO - Processing file /opt/airflow/dags/flight_data_etl.py for tasks to queue
[2025-07-13T05:26:07.081+0000] {logging_mixin.py:188} INFO - [2025-07-13T05:26:07.079+0000] {dagbag.py:538} INFO - Filling up the DagBag from /opt/airflow/dags/flight_data_etl.py
[2025-07-13T05:26:07.323+0000] {processor.py:840} INFO - DAG(s) 'flight_data_etl' retrieved from /opt/airflow/dags/flight_data_etl.py
[2025-07-13T05:26:07.341+0000] {logging_mixin.py:188} INFO - [2025-07-13T05:26:07.341+0000] {dag.py:3036} INFO - Sync 1 DAGs
[2025-07-13T05:26:07.360+0000] {logging_mixin.py:188} INFO - [2025-07-13T05:26:07.360+0000] {dag.py:3823} INFO - Setting next_dagrun for flight_data_etl to 2025-07-13 00:00:00+00:00, run_after=2025-07-13 06:00:00+00:00
[2025-07-13T05:26:07.379+0000] {processor.py:183} INFO - Processing /opt/airflow/dags/flight_data_etl.py took 0.312 seconds
[2025-07-13T05:26:37.506+0000] {processor.py:161} INFO - Started process (PID=14599) to work on /opt/airflow/dags/flight_data_etl.py
[2025-07-13T05:26:37.508+0000] {processor.py:830} INFO - Processing file /opt/airflow/dags/flight_data_etl.py for tasks to queue
[2025-07-13T05:26:37.509+0000] {logging_mixin.py:188} INFO - [2025-07-13T05:26:37.509+0000] {dagbag.py:538} INFO - Filling up the DagBag from /opt/airflow/dags/flight_data_etl.py
[2025-07-13T05:26:37.684+0000] {processor.py:840} INFO - DAG(s) 'flight_data_etl' retrieved from /opt/airflow/dags/flight_data_etl.py
[2025-07-13T05:26:37.706+0000] {logging_mixin.py:188} INFO - [2025-07-13T05:26:37.705+0000] {dag.py:3036} INFO - Sync 1 DAGs
[2025-07-13T05:26:37.717+0000] {logging_mixin.py:188} INFO - [2025-07-13T05:26:37.717+0000] {dag.py:3823} INFO - Setting next_dagrun for flight_data_etl to 2025-07-13 00:00:00+00:00, run_after=2025-07-13 06:00:00+00:00
[2025-07-13T05:26:37.729+0000] {processor.py:183} INFO - Processing /opt/airflow/dags/flight_data_etl.py took 0.230 seconds
[2025-07-13T05:27:08.372+0000] {processor.py:161} INFO - Started process (PID=14639) to work on /opt/airflow/dags/flight_data_etl.py
[2025-07-13T05:27:08.373+0000] {processor.py:830} INFO - Processing file /opt/airflow/dags/flight_data_etl.py for tasks to queue
[2025-07-13T05:27:08.374+0000] {logging_mixin.py:188} INFO - [2025-07-13T05:27:08.374+0000] {dagbag.py:538} INFO - Filling up the DagBag from /opt/airflow/dags/flight_data_etl.py
[2025-07-13T05:27:08.493+0000] {processor.py:840} INFO - DAG(s) 'flight_data_etl' retrieved from /opt/airflow/dags/flight_data_etl.py
[2025-07-13T05:27:08.505+0000] {logging_mixin.py:188} INFO - [2025-07-13T05:27:08.505+0000] {dag.py:3036} INFO - Sync 1 DAGs
[2025-07-13T05:27:08.514+0000] {logging_mixin.py:188} INFO - [2025-07-13T05:27:08.514+0000] {dag.py:3823} INFO - Setting next_dagrun for flight_data_etl to 2025-07-13 00:00:00+00:00, run_after=2025-07-13 06:00:00+00:00
[2025-07-13T05:27:08.521+0000] {processor.py:183} INFO - Processing /opt/airflow/dags/flight_data_etl.py took 0.153 seconds
[2025-07-13T05:27:39.214+0000] {processor.py:161} INFO - Started process (PID=14679) to work on /opt/airflow/dags/flight_data_etl.py
[2025-07-13T05:27:39.217+0000] {processor.py:830} INFO - Processing file /opt/airflow/dags/flight_data_etl.py for tasks to queue
[2025-07-13T05:27:39.220+0000] {logging_mixin.py:188} INFO - [2025-07-13T05:27:39.219+0000] {dagbag.py:538} INFO - Filling up the DagBag from /opt/airflow/dags/flight_data_etl.py
[2025-07-13T05:27:39.403+0000] {processor.py:840} INFO - DAG(s) 'flight_data_etl' retrieved from /opt/airflow/dags/flight_data_etl.py
[2025-07-13T05:27:39.426+0000] {logging_mixin.py:188} INFO - [2025-07-13T05:27:39.426+0000] {dag.py:3036} INFO - Sync 1 DAGs
[2025-07-13T05:27:39.441+0000] {logging_mixin.py:188} INFO - [2025-07-13T05:27:39.441+0000] {dag.py:3823} INFO - Setting next_dagrun for flight_data_etl to 2025-07-13 00:00:00+00:00, run_after=2025-07-13 06:00:00+00:00
[2025-07-13T05:27:39.451+0000] {processor.py:183} INFO - Processing /opt/airflow/dags/flight_data_etl.py took 0.245 seconds
[2025-07-13T05:28:10.106+0000] {processor.py:161} INFO - Started process (PID=14719) to work on /opt/airflow/dags/flight_data_etl.py
[2025-07-13T05:28:10.108+0000] {processor.py:830} INFO - Processing file /opt/airflow/dags/flight_data_etl.py for tasks to queue
[2025-07-13T05:28:10.109+0000] {logging_mixin.py:188} INFO - [2025-07-13T05:28:10.109+0000] {dagbag.py:538} INFO - Filling up the DagBag from /opt/airflow/dags/flight_data_etl.py
[2025-07-13T05:28:10.295+0000] {processor.py:840} INFO - DAG(s) 'flight_data_etl' retrieved from /opt/airflow/dags/flight_data_etl.py
[2025-07-13T05:28:10.318+0000] {logging_mixin.py:188} INFO - [2025-07-13T05:28:10.317+0000] {dag.py:3036} INFO - Sync 1 DAGs
[2025-07-13T05:28:10.331+0000] {logging_mixin.py:188} INFO - [2025-07-13T05:28:10.331+0000] {dag.py:3823} INFO - Setting next_dagrun for flight_data_etl to 2025-07-13 00:00:00+00:00, run_after=2025-07-13 06:00:00+00:00
[2025-07-13T05:28:10.340+0000] {processor.py:183} INFO - Processing /opt/airflow/dags/flight_data_etl.py took 0.244 seconds
[2025-07-13T05:28:41.048+0000] {processor.py:161} INFO - Started process (PID=14759) to work on /opt/airflow/dags/flight_data_etl.py
[2025-07-13T05:28:41.049+0000] {processor.py:830} INFO - Processing file /opt/airflow/dags/flight_data_etl.py for tasks to queue
[2025-07-13T05:28:41.051+0000] {logging_mixin.py:188} INFO - [2025-07-13T05:28:41.050+0000] {dagbag.py:538} INFO - Filling up the DagBag from /opt/airflow/dags/flight_data_etl.py
[2025-07-13T05:28:41.216+0000] {processor.py:840} INFO - DAG(s) 'flight_data_etl' retrieved from /opt/airflow/dags/flight_data_etl.py
[2025-07-13T05:28:41.237+0000] {logging_mixin.py:188} INFO - [2025-07-13T05:28:41.237+0000] {dag.py:3036} INFO - Sync 1 DAGs
[2025-07-13T05:28:41.250+0000] {logging_mixin.py:188} INFO - [2025-07-13T05:28:41.249+0000] {dag.py:3823} INFO - Setting next_dagrun for flight_data_etl to 2025-07-13 00:00:00+00:00, run_after=2025-07-13 06:00:00+00:00
[2025-07-13T05:28:41.258+0000] {processor.py:183} INFO - Processing /opt/airflow/dags/flight_data_etl.py took 0.217 seconds
[2025-07-13T05:29:11.464+0000] {processor.py:161} INFO - Started process (PID=14805) to work on /opt/airflow/dags/flight_data_etl.py
[2025-07-13T05:29:11.465+0000] {processor.py:830} INFO - Processing file /opt/airflow/dags/flight_data_etl.py for tasks to queue
[2025-07-13T05:29:11.465+0000] {logging_mixin.py:188} INFO - [2025-07-13T05:29:11.465+0000] {dagbag.py:538} INFO - Filling up the DagBag from /opt/airflow/dags/flight_data_etl.py
[2025-07-13T05:29:11.569+0000] {processor.py:840} INFO - DAG(s) 'flight_data_etl' retrieved from /opt/airflow/dags/flight_data_etl.py
[2025-07-13T05:29:11.653+0000] {logging_mixin.py:188} INFO - [2025-07-13T05:29:11.652+0000] {dag.py:3036} INFO - Sync 1 DAGs
[2025-07-13T05:29:11.660+0000] {logging_mixin.py:188} INFO - [2025-07-13T05:29:11.660+0000] {dag.py:3823} INFO - Setting next_dagrun for flight_data_etl to 2025-07-13 00:00:00+00:00, run_after=2025-07-13 06:00:00+00:00
[2025-07-13T05:29:11.667+0000] {processor.py:183} INFO - Processing /opt/airflow/dags/flight_data_etl.py took 0.204 seconds
[2025-07-13T05:29:41.800+0000] {processor.py:161} INFO - Started process (PID=14845) to work on /opt/airflow/dags/flight_data_etl.py
[2025-07-13T05:29:41.801+0000] {processor.py:830} INFO - Processing file /opt/airflow/dags/flight_data_etl.py for tasks to queue
[2025-07-13T05:29:41.802+0000] {logging_mixin.py:188} INFO - [2025-07-13T05:29:41.802+0000] {dagbag.py:538} INFO - Filling up the DagBag from /opt/airflow/dags/flight_data_etl.py
[2025-07-13T05:29:42.171+0000] {processor.py:840} INFO - DAG(s) 'flight_data_etl' retrieved from /opt/airflow/dags/flight_data_etl.py
[2025-07-13T05:29:42.190+0000] {logging_mixin.py:188} INFO - [2025-07-13T05:29:42.190+0000] {dag.py:3036} INFO - Sync 1 DAGs
[2025-07-13T05:29:42.204+0000] {logging_mixin.py:188} INFO - [2025-07-13T05:29:42.204+0000] {dag.py:3823} INFO - Setting next_dagrun for flight_data_etl to 2025-07-13 00:00:00+00:00, run_after=2025-07-13 06:00:00+00:00
[2025-07-13T05:29:42.213+0000] {processor.py:183} INFO - Processing /opt/airflow/dags/flight_data_etl.py took 0.415 seconds
[2025-07-13T05:30:12.258+0000] {processor.py:161} INFO - Started process (PID=14885) to work on /opt/airflow/dags/flight_data_etl.py
[2025-07-13T05:30:12.259+0000] {processor.py:830} INFO - Processing file /opt/airflow/dags/flight_data_etl.py for tasks to queue
[2025-07-13T05:30:12.259+0000] {logging_mixin.py:188} INFO - [2025-07-13T05:30:12.259+0000] {dagbag.py:538} INFO - Filling up the DagBag from /opt/airflow/dags/flight_data_etl.py
[2025-07-13T05:30:12.532+0000] {processor.py:840} INFO - DAG(s) 'flight_data_etl' retrieved from /opt/airflow/dags/flight_data_etl.py
[2025-07-13T05:30:12.543+0000] {logging_mixin.py:188} INFO - [2025-07-13T05:30:12.543+0000] {dag.py:3036} INFO - Sync 1 DAGs
[2025-07-13T05:30:12.551+0000] {logging_mixin.py:188} INFO - [2025-07-13T05:30:12.551+0000] {dag.py:3823} INFO - Setting next_dagrun for flight_data_etl to 2025-07-13 00:00:00+00:00, run_after=2025-07-13 06:00:00+00:00
[2025-07-13T05:30:12.559+0000] {processor.py:183} INFO - Processing /opt/airflow/dags/flight_data_etl.py took 0.302 seconds
[2025-07-13T05:30:42.722+0000] {processor.py:161} INFO - Started process (PID=14925) to work on /opt/airflow/dags/flight_data_etl.py
[2025-07-13T05:30:42.723+0000] {processor.py:830} INFO - Processing file /opt/airflow/dags/flight_data_etl.py for tasks to queue
[2025-07-13T05:30:42.723+0000] {logging_mixin.py:188} INFO - [2025-07-13T05:30:42.723+0000] {dagbag.py:538} INFO - Filling up the DagBag from /opt/airflow/dags/flight_data_etl.py
[2025-07-13T05:30:42.892+0000] {processor.py:840} INFO - DAG(s) 'flight_data_etl' retrieved from /opt/airflow/dags/flight_data_etl.py
[2025-07-13T05:30:42.902+0000] {logging_mixin.py:188} INFO - [2025-07-13T05:30:42.901+0000] {dag.py:3036} INFO - Sync 1 DAGs
[2025-07-13T05:30:42.912+0000] {logging_mixin.py:188} INFO - [2025-07-13T05:30:42.912+0000] {dag.py:3823} INFO - Setting next_dagrun for flight_data_etl to 2025-07-13 00:00:00+00:00, run_after=2025-07-13 06:00:00+00:00
[2025-07-13T05:30:42.919+0000] {processor.py:183} INFO - Processing /opt/airflow/dags/flight_data_etl.py took 0.199 seconds
[2025-07-13T05:31:13.537+0000] {processor.py:161} INFO - Started process (PID=14959) to work on /opt/airflow/dags/flight_data_etl.py
[2025-07-13T05:31:13.538+0000] {processor.py:830} INFO - Processing file /opt/airflow/dags/flight_data_etl.py for tasks to queue
[2025-07-13T05:31:13.539+0000] {logging_mixin.py:188} INFO - [2025-07-13T05:31:13.539+0000] {dagbag.py:538} INFO - Filling up the DagBag from /opt/airflow/dags/flight_data_etl.py
[2025-07-13T05:31:13.834+0000] {processor.py:840} INFO - DAG(s) 'flight_data_etl' retrieved from /opt/airflow/dags/flight_data_etl.py
[2025-07-13T05:31:13.846+0000] {logging_mixin.py:188} INFO - [2025-07-13T05:31:13.846+0000] {dag.py:3036} INFO - Sync 1 DAGs
[2025-07-13T05:31:13.855+0000] {logging_mixin.py:188} INFO - [2025-07-13T05:31:13.855+0000] {dag.py:3823} INFO - Setting next_dagrun for flight_data_etl to 2025-07-13 00:00:00+00:00, run_after=2025-07-13 06:00:00+00:00
[2025-07-13T05:31:13.862+0000] {processor.py:183} INFO - Processing /opt/airflow/dags/flight_data_etl.py took 0.330 seconds
[2025-07-13T05:31:44.270+0000] {processor.py:161} INFO - Started process (PID=14999) to work on /opt/airflow/dags/flight_data_etl.py
[2025-07-13T05:31:44.273+0000] {processor.py:830} INFO - Processing file /opt/airflow/dags/flight_data_etl.py for tasks to queue
[2025-07-13T05:31:44.274+0000] {logging_mixin.py:188} INFO - [2025-07-13T05:31:44.274+0000] {dagbag.py:538} INFO - Filling up the DagBag from /opt/airflow/dags/flight_data_etl.py
[2025-07-13T05:31:44.648+0000] {processor.py:840} INFO - DAG(s) 'flight_data_etl' retrieved from /opt/airflow/dags/flight_data_etl.py
[2025-07-13T05:31:44.665+0000] {logging_mixin.py:188} INFO - [2025-07-13T05:31:44.665+0000] {dag.py:3036} INFO - Sync 1 DAGs
[2025-07-13T05:31:44.675+0000] {logging_mixin.py:188} INFO - [2025-07-13T05:31:44.675+0000] {dag.py:3823} INFO - Setting next_dagrun for flight_data_etl to 2025-07-13 00:00:00+00:00, run_after=2025-07-13 06:00:00+00:00
[2025-07-13T05:31:44.682+0000] {processor.py:183} INFO - Processing /opt/airflow/dags/flight_data_etl.py took 0.425 seconds
[2025-07-13T05:32:14.806+0000] {processor.py:161} INFO - Started process (PID=15039) to work on /opt/airflow/dags/flight_data_etl.py
[2025-07-13T05:32:14.810+0000] {processor.py:830} INFO - Processing file /opt/airflow/dags/flight_data_etl.py for tasks to queue
[2025-07-13T05:32:14.812+0000] {logging_mixin.py:188} INFO - [2025-07-13T05:32:14.812+0000] {dagbag.py:538} INFO - Filling up the DagBag from /opt/airflow/dags/flight_data_etl.py
[2025-07-13T05:32:15.347+0000] {processor.py:840} INFO - DAG(s) 'flight_data_etl' retrieved from /opt/airflow/dags/flight_data_etl.py
[2025-07-13T05:32:15.381+0000] {logging_mixin.py:188} INFO - [2025-07-13T05:32:15.380+0000] {dag.py:3036} INFO - Sync 1 DAGs
[2025-07-13T05:32:15.404+0000] {logging_mixin.py:188} INFO - [2025-07-13T05:32:15.404+0000] {dag.py:3823} INFO - Setting next_dagrun for flight_data_etl to 2025-07-13 00:00:00+00:00, run_after=2025-07-13 06:00:00+00:00
[2025-07-13T05:32:15.419+0000] {processor.py:183} INFO - Processing /opt/airflow/dags/flight_data_etl.py took 0.623 seconds
[2025-07-13T05:32:45.645+0000] {processor.py:161} INFO - Started process (PID=15079) to work on /opt/airflow/dags/flight_data_etl.py
[2025-07-13T05:32:45.646+0000] {processor.py:830} INFO - Processing file /opt/airflow/dags/flight_data_etl.py for tasks to queue
[2025-07-13T05:32:45.647+0000] {logging_mixin.py:188} INFO - [2025-07-13T05:32:45.647+0000] {dagbag.py:538} INFO - Filling up the DagBag from /opt/airflow/dags/flight_data_etl.py
[2025-07-13T05:32:45.798+0000] {processor.py:840} INFO - DAG(s) 'flight_data_etl' retrieved from /opt/airflow/dags/flight_data_etl.py
[2025-07-13T05:32:45.818+0000] {logging_mixin.py:188} INFO - [2025-07-13T05:32:45.818+0000] {dag.py:3036} INFO - Sync 1 DAGs
[2025-07-13T05:32:45.831+0000] {logging_mixin.py:188} INFO - [2025-07-13T05:32:45.831+0000] {dag.py:3823} INFO - Setting next_dagrun for flight_data_etl to 2025-07-13 00:00:00+00:00, run_after=2025-07-13 06:00:00+00:00
[2025-07-13T05:32:45.840+0000] {processor.py:183} INFO - Processing /opt/airflow/dags/flight_data_etl.py took 0.208 seconds
[2025-07-13T05:33:16.511+0000] {processor.py:161} INFO - Started process (PID=15119) to work on /opt/airflow/dags/flight_data_etl.py
[2025-07-13T05:33:16.513+0000] {processor.py:830} INFO - Processing file /opt/airflow/dags/flight_data_etl.py for tasks to queue
[2025-07-13T05:33:16.515+0000] {logging_mixin.py:188} INFO - [2025-07-13T05:33:16.514+0000] {dagbag.py:538} INFO - Filling up the DagBag from /opt/airflow/dags/flight_data_etl.py
[2025-07-13T05:33:16.711+0000] {processor.py:840} INFO - DAG(s) 'flight_data_etl' retrieved from /opt/airflow/dags/flight_data_etl.py
[2025-07-13T05:33:16.743+0000] {logging_mixin.py:188} INFO - [2025-07-13T05:33:16.743+0000] {dag.py:3036} INFO - Sync 1 DAGs
[2025-07-13T05:33:16.759+0000] {logging_mixin.py:188} INFO - [2025-07-13T05:33:16.758+0000] {dag.py:3823} INFO - Setting next_dagrun for flight_data_etl to 2025-07-13 00:00:00+00:00, run_after=2025-07-13 06:00:00+00:00
[2025-07-13T05:33:16.770+0000] {processor.py:183} INFO - Processing /opt/airflow/dags/flight_data_etl.py took 0.265 seconds
[2025-07-13T05:33:46.898+0000] {processor.py:161} INFO - Started process (PID=15159) to work on /opt/airflow/dags/flight_data_etl.py
[2025-07-13T05:33:46.900+0000] {processor.py:830} INFO - Processing file /opt/airflow/dags/flight_data_etl.py for tasks to queue
[2025-07-13T05:33:46.902+0000] {logging_mixin.py:188} INFO - [2025-07-13T05:33:46.902+0000] {dagbag.py:538} INFO - Filling up the DagBag from /opt/airflow/dags/flight_data_etl.py
[2025-07-13T05:33:47.119+0000] {processor.py:840} INFO - DAG(s) 'flight_data_etl' retrieved from /opt/airflow/dags/flight_data_etl.py
[2025-07-13T05:33:47.150+0000] {logging_mixin.py:188} INFO - [2025-07-13T05:33:47.149+0000] {dag.py:3036} INFO - Sync 1 DAGs
[2025-07-13T05:33:47.169+0000] {logging_mixin.py:188} INFO - [2025-07-13T05:33:47.169+0000] {dag.py:3823} INFO - Setting next_dagrun for flight_data_etl to 2025-07-13 00:00:00+00:00, run_after=2025-07-13 06:00:00+00:00
[2025-07-13T05:33:47.180+0000] {processor.py:183} INFO - Processing /opt/airflow/dags/flight_data_etl.py took 0.291 seconds
[2025-07-13T05:34:17.336+0000] {processor.py:161} INFO - Started process (PID=15199) to work on /opt/airflow/dags/flight_data_etl.py
[2025-07-13T05:34:17.338+0000] {processor.py:830} INFO - Processing file /opt/airflow/dags/flight_data_etl.py for tasks to queue
[2025-07-13T05:34:17.340+0000] {logging_mixin.py:188} INFO - [2025-07-13T05:34:17.339+0000] {dagbag.py:538} INFO - Filling up the DagBag from /opt/airflow/dags/flight_data_etl.py
[2025-07-13T05:34:17.522+0000] {processor.py:840} INFO - DAG(s) 'flight_data_etl' retrieved from /opt/airflow/dags/flight_data_etl.py
[2025-07-13T05:34:17.558+0000] {logging_mixin.py:188} INFO - [2025-07-13T05:34:17.558+0000] {dag.py:3036} INFO - Sync 1 DAGs
[2025-07-13T05:34:17.616+0000] {logging_mixin.py:188} INFO - [2025-07-13T05:34:17.615+0000] {dag.py:3823} INFO - Setting next_dagrun for flight_data_etl to 2025-07-13 00:00:00+00:00, run_after=2025-07-13 06:00:00+00:00
[2025-07-13T05:34:17.633+0000] {processor.py:183} INFO - Processing /opt/airflow/dags/flight_data_etl.py took 0.305 seconds
[2025-07-13T05:34:47.948+0000] {processor.py:161} INFO - Started process (PID=15239) to work on /opt/airflow/dags/flight_data_etl.py
[2025-07-13T05:34:47.951+0000] {processor.py:830} INFO - Processing file /opt/airflow/dags/flight_data_etl.py for tasks to queue
[2025-07-13T05:34:47.953+0000] {logging_mixin.py:188} INFO - [2025-07-13T05:34:47.952+0000] {dagbag.py:538} INFO - Filling up the DagBag from /opt/airflow/dags/flight_data_etl.py
[2025-07-13T05:34:48.131+0000] {processor.py:840} INFO - DAG(s) 'flight_data_etl' retrieved from /opt/airflow/dags/flight_data_etl.py
[2025-07-13T05:34:48.153+0000] {logging_mixin.py:188} INFO - [2025-07-13T05:34:48.153+0000] {dag.py:3036} INFO - Sync 1 DAGs
[2025-07-13T05:34:48.169+0000] {logging_mixin.py:188} INFO - [2025-07-13T05:34:48.168+0000] {dag.py:3823} INFO - Setting next_dagrun for flight_data_etl to 2025-07-13 00:00:00+00:00, run_after=2025-07-13 06:00:00+00:00
[2025-07-13T05:34:48.180+0000] {processor.py:183} INFO - Processing /opt/airflow/dags/flight_data_etl.py took 0.240 seconds
[2025-07-13T06:21:17.291+0000] {processor.py:161} INFO - Started process (PID=187) to work on /opt/airflow/dags/flight_data_etl.py
[2025-07-13T06:21:17.293+0000] {processor.py:830} INFO - Processing file /opt/airflow/dags/flight_data_etl.py for tasks to queue
[2025-07-13T06:21:17.295+0000] {logging_mixin.py:188} INFO - [2025-07-13T06:21:17.295+0000] {dagbag.py:538} INFO - Filling up the DagBag from /opt/airflow/dags/flight_data_etl.py
[2025-07-13T06:21:17.826+0000] {processor.py:840} INFO - DAG(s) 'flight_data_etl' retrieved from /opt/airflow/dags/flight_data_etl.py
[2025-07-13T06:21:17.847+0000] {logging_mixin.py:188} INFO - [2025-07-13T06:21:17.846+0000] {dag.py:3036} INFO - Sync 1 DAGs
[2025-07-13T06:21:17.882+0000] {logging_mixin.py:188} INFO - [2025-07-13T06:21:17.882+0000] {dag.py:3823} INFO - Setting next_dagrun for flight_data_etl to 2025-07-13 06:00:00+00:00, run_after=2025-07-13 12:00:00+00:00
[2025-07-13T06:21:17.916+0000] {processor.py:183} INFO - Processing /opt/airflow/dags/flight_data_etl.py took 0.631 seconds
[2025-07-13T06:21:48.434+0000] {processor.py:161} INFO - Started process (PID=243) to work on /opt/airflow/dags/flight_data_etl.py
[2025-07-13T06:21:48.435+0000] {processor.py:830} INFO - Processing file /opt/airflow/dags/flight_data_etl.py for tasks to queue
[2025-07-13T06:21:48.436+0000] {logging_mixin.py:188} INFO - [2025-07-13T06:21:48.436+0000] {dagbag.py:538} INFO - Filling up the DagBag from /opt/airflow/dags/flight_data_etl.py
[2025-07-13T06:21:48.763+0000] {processor.py:840} INFO - DAG(s) 'flight_data_etl' retrieved from /opt/airflow/dags/flight_data_etl.py
[2025-07-13T06:21:48.832+0000] {logging_mixin.py:188} INFO - [2025-07-13T06:21:48.832+0000] {dag.py:3036} INFO - Sync 1 DAGs
[2025-07-13T06:21:48.841+0000] {logging_mixin.py:188} INFO - [2025-07-13T06:21:48.840+0000] {dag.py:3823} INFO - Setting next_dagrun for flight_data_etl to 2025-07-13 06:00:00+00:00, run_after=2025-07-13 12:00:00+00:00
[2025-07-13T06:21:48.848+0000] {processor.py:183} INFO - Processing /opt/airflow/dags/flight_data_etl.py took 0.422 seconds
[2025-07-13T06:22:18.962+0000] {processor.py:161} INFO - Started process (PID=283) to work on /opt/airflow/dags/flight_data_etl.py
[2025-07-13T06:22:18.965+0000] {processor.py:830} INFO - Processing file /opt/airflow/dags/flight_data_etl.py for tasks to queue
[2025-07-13T06:22:18.974+0000] {logging_mixin.py:188} INFO - [2025-07-13T06:22:18.970+0000] {dagbag.py:538} INFO - Filling up the DagBag from /opt/airflow/dags/flight_data_etl.py
[2025-07-13T06:22:19.425+0000] {processor.py:840} INFO - DAG(s) 'flight_data_etl' retrieved from /opt/airflow/dags/flight_data_etl.py
[2025-07-13T06:22:19.443+0000] {logging_mixin.py:188} INFO - [2025-07-13T06:22:19.443+0000] {dag.py:3036} INFO - Sync 1 DAGs
[2025-07-13T06:22:19.457+0000] {logging_mixin.py:188} INFO - [2025-07-13T06:22:19.456+0000] {dag.py:3823} INFO - Setting next_dagrun for flight_data_etl to 2025-07-13 06:00:00+00:00, run_after=2025-07-13 12:00:00+00:00
[2025-07-13T06:22:19.468+0000] {processor.py:183} INFO - Processing /opt/airflow/dags/flight_data_etl.py took 0.518 seconds
[2025-07-13T06:22:49.582+0000] {processor.py:161} INFO - Started process (PID=323) to work on /opt/airflow/dags/flight_data_etl.py
[2025-07-13T06:22:49.584+0000] {processor.py:830} INFO - Processing file /opt/airflow/dags/flight_data_etl.py for tasks to queue
[2025-07-13T06:22:49.585+0000] {logging_mixin.py:188} INFO - [2025-07-13T06:22:49.584+0000] {dagbag.py:538} INFO - Filling up the DagBag from /opt/airflow/dags/flight_data_etl.py
[2025-07-13T06:22:49.827+0000] {processor.py:840} INFO - DAG(s) 'flight_data_etl' retrieved from /opt/airflow/dags/flight_data_etl.py
[2025-07-13T06:22:49.839+0000] {logging_mixin.py:188} INFO - [2025-07-13T06:22:49.838+0000] {dag.py:3036} INFO - Sync 1 DAGs
[2025-07-13T06:22:49.847+0000] {logging_mixin.py:188} INFO - [2025-07-13T06:22:49.847+0000] {dag.py:3823} INFO - Setting next_dagrun for flight_data_etl to 2025-07-13 06:00:00+00:00, run_after=2025-07-13 12:00:00+00:00
[2025-07-13T06:22:49.854+0000] {processor.py:183} INFO - Processing /opt/airflow/dags/flight_data_etl.py took 0.277 seconds
[2025-07-13T06:23:20.603+0000] {processor.py:161} INFO - Started process (PID=363) to work on /opt/airflow/dags/flight_data_etl.py
[2025-07-13T06:23:20.604+0000] {processor.py:830} INFO - Processing file /opt/airflow/dags/flight_data_etl.py for tasks to queue
[2025-07-13T06:23:20.605+0000] {logging_mixin.py:188} INFO - [2025-07-13T06:23:20.605+0000] {dagbag.py:538} INFO - Filling up the DagBag from /opt/airflow/dags/flight_data_etl.py
[2025-07-13T06:23:20.777+0000] {processor.py:840} INFO - DAG(s) 'flight_data_etl' retrieved from /opt/airflow/dags/flight_data_etl.py
[2025-07-13T06:23:20.787+0000] {logging_mixin.py:188} INFO - [2025-07-13T06:23:20.787+0000] {dag.py:3036} INFO - Sync 1 DAGs
[2025-07-13T06:23:20.796+0000] {logging_mixin.py:188} INFO - [2025-07-13T06:23:20.796+0000] {dag.py:3823} INFO - Setting next_dagrun for flight_data_etl to 2025-07-13 06:00:00+00:00, run_after=2025-07-13 12:00:00+00:00
[2025-07-13T06:23:20.802+0000] {processor.py:183} INFO - Processing /opt/airflow/dags/flight_data_etl.py took 0.204 seconds
[2025-07-13T06:23:51.433+0000] {processor.py:161} INFO - Started process (PID=403) to work on /opt/airflow/dags/flight_data_etl.py
[2025-07-13T06:23:51.435+0000] {processor.py:830} INFO - Processing file /opt/airflow/dags/flight_data_etl.py for tasks to queue
[2025-07-13T06:23:51.436+0000] {logging_mixin.py:188} INFO - [2025-07-13T06:23:51.436+0000] {dagbag.py:538} INFO - Filling up the DagBag from /opt/airflow/dags/flight_data_etl.py
[2025-07-13T06:23:51.707+0000] {processor.py:840} INFO - DAG(s) 'flight_data_etl' retrieved from /opt/airflow/dags/flight_data_etl.py
[2025-07-13T06:23:51.720+0000] {logging_mixin.py:188} INFO - [2025-07-13T06:23:51.720+0000] {dag.py:3036} INFO - Sync 1 DAGs
[2025-07-13T06:23:51.729+0000] {logging_mixin.py:188} INFO - [2025-07-13T06:23:51.729+0000] {dag.py:3823} INFO - Setting next_dagrun for flight_data_etl to 2025-07-13 06:00:00+00:00, run_after=2025-07-13 12:00:00+00:00
[2025-07-13T06:23:51.738+0000] {processor.py:183} INFO - Processing /opt/airflow/dags/flight_data_etl.py took 0.310 seconds
[2025-07-13T06:24:22.323+0000] {processor.py:161} INFO - Started process (PID=443) to work on /opt/airflow/dags/flight_data_etl.py
[2025-07-13T06:24:22.327+0000] {processor.py:830} INFO - Processing file /opt/airflow/dags/flight_data_etl.py for tasks to queue
[2025-07-13T06:24:22.328+0000] {logging_mixin.py:188} INFO - [2025-07-13T06:24:22.327+0000] {dagbag.py:538} INFO - Filling up the DagBag from /opt/airflow/dags/flight_data_etl.py
[2025-07-13T06:24:22.548+0000] {processor.py:840} INFO - DAG(s) 'flight_data_etl' retrieved from /opt/airflow/dags/flight_data_etl.py
[2025-07-13T06:24:22.581+0000] {logging_mixin.py:188} INFO - [2025-07-13T06:24:22.581+0000] {dag.py:3036} INFO - Sync 1 DAGs
[2025-07-13T06:24:22.596+0000] {logging_mixin.py:188} INFO - [2025-07-13T06:24:22.596+0000] {dag.py:3823} INFO - Setting next_dagrun for flight_data_etl to 2025-07-13 06:00:00+00:00, run_after=2025-07-13 12:00:00+00:00
[2025-07-13T06:24:22.607+0000] {processor.py:183} INFO - Processing /opt/airflow/dags/flight_data_etl.py took 0.290 seconds
[2025-07-13T06:24:52.663+0000] {processor.py:161} INFO - Started process (PID=483) to work on /opt/airflow/dags/flight_data_etl.py
[2025-07-13T06:24:52.663+0000] {processor.py:830} INFO - Processing file /opt/airflow/dags/flight_data_etl.py for tasks to queue
[2025-07-13T06:24:52.664+0000] {logging_mixin.py:188} INFO - [2025-07-13T06:24:52.664+0000] {dagbag.py:538} INFO - Filling up the DagBag from /opt/airflow/dags/flight_data_etl.py
[2025-07-13T06:24:52.783+0000] {processor.py:840} INFO - DAG(s) 'flight_data_etl' retrieved from /opt/airflow/dags/flight_data_etl.py
[2025-07-13T06:24:52.795+0000] {logging_mixin.py:188} INFO - [2025-07-13T06:24:52.795+0000] {dag.py:3036} INFO - Sync 1 DAGs
[2025-07-13T06:24:52.803+0000] {logging_mixin.py:188} INFO - [2025-07-13T06:24:52.803+0000] {dag.py:3823} INFO - Setting next_dagrun for flight_data_etl to 2025-07-13 06:00:00+00:00, run_after=2025-07-13 12:00:00+00:00
[2025-07-13T06:24:52.810+0000] {processor.py:183} INFO - Processing /opt/airflow/dags/flight_data_etl.py took 0.150 seconds
[2025-07-13T06:25:23.495+0000] {processor.py:161} INFO - Started process (PID=524) to work on /opt/airflow/dags/flight_data_etl.py
[2025-07-13T06:25:23.497+0000] {processor.py:830} INFO - Processing file /opt/airflow/dags/flight_data_etl.py for tasks to queue
[2025-07-13T06:25:23.500+0000] {logging_mixin.py:188} INFO - [2025-07-13T06:25:23.499+0000] {dagbag.py:538} INFO - Filling up the DagBag from /opt/airflow/dags/flight_data_etl.py
[2025-07-13T06:25:23.844+0000] {processor.py:840} INFO - DAG(s) 'flight_data_etl' retrieved from /opt/airflow/dags/flight_data_etl.py
[2025-07-13T06:25:23.859+0000] {logging_mixin.py:188} INFO - [2025-07-13T06:25:23.859+0000] {dag.py:3036} INFO - Sync 1 DAGs
[2025-07-13T06:25:23.874+0000] {logging_mixin.py:188} INFO - [2025-07-13T06:25:23.874+0000] {dag.py:3823} INFO - Setting next_dagrun for flight_data_etl to 2025-07-13 06:00:00+00:00, run_after=2025-07-13 12:00:00+00:00
[2025-07-13T06:25:23.886+0000] {processor.py:183} INFO - Processing /opt/airflow/dags/flight_data_etl.py took 0.407 seconds
[2025-07-13T07:25:15.480+0000] {processor.py:161} INFO - Started process (PID=188) to work on /opt/airflow/dags/flight_data_etl.py
[2025-07-13T07:25:15.482+0000] {processor.py:830} INFO - Processing file /opt/airflow/dags/flight_data_etl.py for tasks to queue
[2025-07-13T07:25:15.483+0000] {logging_mixin.py:188} INFO - [2025-07-13T07:25:15.482+0000] {dagbag.py:538} INFO - Filling up the DagBag from /opt/airflow/dags/flight_data_etl.py
[2025-07-13T07:25:15.760+0000] {processor.py:840} INFO - DAG(s) 'flight_data_etl' retrieved from /opt/airflow/dags/flight_data_etl.py
[2025-07-13T07:25:15.773+0000] {logging_mixin.py:188} INFO - [2025-07-13T07:25:15.773+0000] {dag.py:3036} INFO - Sync 1 DAGs
[2025-07-13T07:25:15.790+0000] {logging_mixin.py:188} INFO - [2025-07-13T07:25:15.790+0000] {dag.py:3823} INFO - Setting next_dagrun for flight_data_etl to 2025-07-13 06:00:00+00:00, run_after=2025-07-13 12:00:00+00:00
[2025-07-13T07:25:15.798+0000] {processor.py:183} INFO - Processing /opt/airflow/dags/flight_data_etl.py took 0.320 seconds
[2025-07-13T07:25:45.975+0000] {processor.py:161} INFO - Started process (PID=228) to work on /opt/airflow/dags/flight_data_etl.py
[2025-07-13T07:25:45.976+0000] {processor.py:830} INFO - Processing file /opt/airflow/dags/flight_data_etl.py for tasks to queue
[2025-07-13T07:25:45.977+0000] {logging_mixin.py:188} INFO - [2025-07-13T07:25:45.977+0000] {dagbag.py:538} INFO - Filling up the DagBag from /opt/airflow/dags/flight_data_etl.py
[2025-07-13T07:25:46.254+0000] {processor.py:840} INFO - DAG(s) 'flight_data_etl' retrieved from /opt/airflow/dags/flight_data_etl.py
[2025-07-13T07:25:46.329+0000] {logging_mixin.py:188} INFO - [2025-07-13T07:25:46.329+0000] {dag.py:3036} INFO - Sync 1 DAGs
[2025-07-13T07:25:46.339+0000] {logging_mixin.py:188} INFO - [2025-07-13T07:25:46.339+0000] {dag.py:3823} INFO - Setting next_dagrun for flight_data_etl to 2025-07-13 06:00:00+00:00, run_after=2025-07-13 12:00:00+00:00
[2025-07-13T07:25:46.347+0000] {processor.py:183} INFO - Processing /opt/airflow/dags/flight_data_etl.py took 0.375 seconds
[2025-07-13T07:41:04.604+0000] {processor.py:161} INFO - Started process (PID=188) to work on /opt/airflow/dags/flight_data_etl.py
[2025-07-13T07:41:04.606+0000] {processor.py:830} INFO - Processing file /opt/airflow/dags/flight_data_etl.py for tasks to queue
[2025-07-13T07:41:04.606+0000] {logging_mixin.py:188} INFO - [2025-07-13T07:41:04.606+0000] {dagbag.py:538} INFO - Filling up the DagBag from /opt/airflow/dags/flight_data_etl.py
[2025-07-13T07:41:04.815+0000] {processor.py:840} INFO - DAG(s) 'flight_data_etl' retrieved from /opt/airflow/dags/flight_data_etl.py
[2025-07-13T07:41:04.825+0000] {logging_mixin.py:188} INFO - [2025-07-13T07:41:04.825+0000] {dag.py:3036} INFO - Sync 1 DAGs
[2025-07-13T07:41:04.834+0000] {logging_mixin.py:188} INFO - [2025-07-13T07:41:04.834+0000] {dag.py:3823} INFO - Setting next_dagrun for flight_data_etl to 2025-07-13 06:00:00+00:00, run_after=2025-07-13 12:00:00+00:00
[2025-07-13T07:41:04.841+0000] {processor.py:183} INFO - Processing /opt/airflow/dags/flight_data_etl.py took 0.240 seconds
[2025-07-13T07:41:35.783+0000] {processor.py:161} INFO - Started process (PID=232) to work on /opt/airflow/dags/flight_data_etl.py
[2025-07-13T07:41:35.793+0000] {processor.py:830} INFO - Processing file /opt/airflow/dags/flight_data_etl.py for tasks to queue
[2025-07-13T07:41:35.796+0000] {logging_mixin.py:188} INFO - [2025-07-13T07:41:35.795+0000] {dagbag.py:538} INFO - Filling up the DagBag from /opt/airflow/dags/flight_data_etl.py
[2025-07-13T07:41:36.632+0000] {processor.py:840} INFO - DAG(s) 'flight_data_etl' retrieved from /opt/airflow/dags/flight_data_etl.py
[2025-07-13T07:41:36.777+0000] {logging_mixin.py:188} INFO - [2025-07-13T07:41:36.776+0000] {dag.py:3036} INFO - Sync 1 DAGs
[2025-07-13T07:41:36.794+0000] {logging_mixin.py:188} INFO - [2025-07-13T07:41:36.794+0000] {dag.py:3823} INFO - Setting next_dagrun for flight_data_etl to 2025-07-13 06:00:00+00:00, run_after=2025-07-13 12:00:00+00:00
[2025-07-13T07:41:36.827+0000] {processor.py:183} INFO - Processing /opt/airflow/dags/flight_data_etl.py took 1.064 seconds
