[2025-07-13T00:20:13.692+0000] {processor.py:161} INFO - Started process (PID=12278) to work on /opt/airflow/dags/realtime_global_flight_data.py
[2025-07-13T00:20:13.697+0000] {processor.py:830} INFO - Processing file /opt/airflow/dags/realtime_global_flight_data.py for tasks to queue
[2025-07-13T00:20:13.703+0000] {logging_mixin.py:188} INFO - [2025-07-13T00:20:13.702+0000] {dagbag.py:538} INFO - Filling up the DagBag from /opt/airflow/dags/realtime_global_flight_data.py
[2025-07-13T00:20:14.517+0000] {processor.py:840} INFO - DAG(s) 'realtime_global_flight_data' retrieved from /opt/airflow/dags/realtime_global_flight_data.py
[2025-07-13T00:20:14.575+0000] {logging_mixin.py:188} INFO - [2025-07-13T00:20:14.574+0000] {dag.py:3036} INFO - Sync 1 DAGs
[2025-07-13T00:20:14.596+0000] {logging_mixin.py:188} INFO - [2025-07-13T00:20:14.596+0000] {dag.py:3823} INFO - Setting next_dagrun for realtime_global_flight_data to 2025-07-13 00:00:00+00:00, run_after=2025-07-13 00:15:00+00:00
[2025-07-13T00:20:14.621+0000] {processor.py:183} INFO - Processing /opt/airflow/dags/realtime_global_flight_data.py took 0.952 seconds
[2025-07-13T00:35:41.718+0000] {processor.py:161} INFO - Started process (PID=12394) to work on /opt/airflow/dags/realtime_global_flight_data.py
[2025-07-13T00:35:41.720+0000] {processor.py:830} INFO - Processing file /opt/airflow/dags/realtime_global_flight_data.py for tasks to queue
[2025-07-13T00:35:41.722+0000] {logging_mixin.py:188} INFO - [2025-07-13T00:35:41.721+0000] {dagbag.py:538} INFO - Filling up the DagBag from /opt/airflow/dags/realtime_global_flight_data.py
[2025-07-13T00:35:42.175+0000] {processor.py:840} INFO - DAG(s) 'realtime_global_flight_data' retrieved from /opt/airflow/dags/realtime_global_flight_data.py
[2025-07-13T00:35:42.211+0000] {logging_mixin.py:188} INFO - [2025-07-13T00:35:42.210+0000] {dag.py:3036} INFO - Sync 1 DAGs
[2025-07-13T00:35:42.235+0000] {logging_mixin.py:188} INFO - [2025-07-13T00:35:42.235+0000] {dag.py:3823} INFO - Setting next_dagrun for realtime_global_flight_data to 2025-07-13 00:15:00+00:00, run_after=2025-07-13 00:30:00+00:00
[2025-07-13T00:35:42.255+0000] {processor.py:183} INFO - Processing /opt/airflow/dags/realtime_global_flight_data.py took 0.546 seconds
[2025-07-13T00:51:11.341+0000] {processor.py:161} INFO - Started process (PID=12434) to work on /opt/airflow/dags/realtime_global_flight_data.py
[2025-07-13T00:51:11.342+0000] {processor.py:830} INFO - Processing file /opt/airflow/dags/realtime_global_flight_data.py for tasks to queue
[2025-07-13T00:51:11.344+0000] {logging_mixin.py:188} INFO - [2025-07-13T00:51:11.343+0000] {dagbag.py:538} INFO - Filling up the DagBag from /opt/airflow/dags/realtime_global_flight_data.py
[2025-07-13T00:51:12.279+0000] {processor.py:840} INFO - DAG(s) 'realtime_global_flight_data' retrieved from /opt/airflow/dags/realtime_global_flight_data.py
[2025-07-13T00:51:12.315+0000] {logging_mixin.py:188} INFO - [2025-07-13T00:51:12.314+0000] {dag.py:3036} INFO - Sync 1 DAGs
[2025-07-13T00:51:12.346+0000] {logging_mixin.py:188} INFO - [2025-07-13T00:51:12.346+0000] {dag.py:3823} INFO - Setting next_dagrun for realtime_global_flight_data to 2025-07-13 00:30:00+00:00, run_after=2025-07-13 00:45:00+00:00
[2025-07-13T00:51:12.386+0000] {processor.py:183} INFO - Processing /opt/airflow/dags/realtime_global_flight_data.py took 1.047 seconds
[2025-07-13T01:03:14.399+0000] {processor.py:161} INFO - Started process (PID=12474) to work on /opt/airflow/dags/realtime_global_flight_data.py
[2025-07-13T01:03:14.400+0000] {processor.py:830} INFO - Processing file /opt/airflow/dags/realtime_global_flight_data.py for tasks to queue
[2025-07-13T01:03:14.401+0000] {logging_mixin.py:188} INFO - [2025-07-13T01:03:14.401+0000] {dagbag.py:538} INFO - Filling up the DagBag from /opt/airflow/dags/realtime_global_flight_data.py
[2025-07-13T01:03:14.982+0000] {processor.py:840} INFO - DAG(s) 'realtime_global_flight_data' retrieved from /opt/airflow/dags/realtime_global_flight_data.py
[2025-07-13T01:03:15.033+0000] {logging_mixin.py:188} INFO - [2025-07-13T01:03:15.032+0000] {dag.py:3036} INFO - Sync 1 DAGs
[2025-07-13T01:03:15.070+0000] {logging_mixin.py:188} INFO - [2025-07-13T01:03:15.069+0000] {dag.py:3823} INFO - Setting next_dagrun for realtime_global_flight_data to 2025-07-13 00:45:00+00:00, run_after=2025-07-13 01:00:00+00:00
[2025-07-13T01:03:15.100+0000] {processor.py:183} INFO - Processing /opt/airflow/dags/realtime_global_flight_data.py took 0.706 seconds
[2025-07-13T01:03:45.495+0000] {processor.py:161} INFO - Started process (PID=12514) to work on /opt/airflow/dags/realtime_global_flight_data.py
[2025-07-13T01:03:45.496+0000] {processor.py:830} INFO - Processing file /opt/airflow/dags/realtime_global_flight_data.py for tasks to queue
[2025-07-13T01:03:45.496+0000] {logging_mixin.py:188} INFO - [2025-07-13T01:03:45.496+0000] {dagbag.py:538} INFO - Filling up the DagBag from /opt/airflow/dags/realtime_global_flight_data.py
[2025-07-13T01:03:45.885+0000] {processor.py:840} INFO - DAG(s) 'realtime_global_flight_data' retrieved from /opt/airflow/dags/realtime_global_flight_data.py
[2025-07-13T01:03:45.910+0000] {logging_mixin.py:188} INFO - [2025-07-13T01:03:45.909+0000] {dag.py:3036} INFO - Sync 1 DAGs
[2025-07-13T01:03:45.918+0000] {logging_mixin.py:188} INFO - [2025-07-13T01:03:45.918+0000] {dag.py:3823} INFO - Setting next_dagrun for realtime_global_flight_data to 2025-07-13 00:45:00+00:00, run_after=2025-07-13 01:00:00+00:00
[2025-07-13T01:03:45.926+0000] {processor.py:183} INFO - Processing /opt/airflow/dags/realtime_global_flight_data.py took 0.436 seconds
[2025-07-13T01:04:16.348+0000] {processor.py:161} INFO - Started process (PID=12554) to work on /opt/airflow/dags/realtime_global_flight_data.py
[2025-07-13T01:04:16.350+0000] {processor.py:830} INFO - Processing file /opt/airflow/dags/realtime_global_flight_data.py for tasks to queue
[2025-07-13T01:04:16.350+0000] {logging_mixin.py:188} INFO - [2025-07-13T01:04:16.350+0000] {dagbag.py:538} INFO - Filling up the DagBag from /opt/airflow/dags/realtime_global_flight_data.py
[2025-07-13T01:04:16.452+0000] {processor.py:840} INFO - DAG(s) 'realtime_global_flight_data' retrieved from /opt/airflow/dags/realtime_global_flight_data.py
[2025-07-13T01:04:16.463+0000] {logging_mixin.py:188} INFO - [2025-07-13T01:04:16.463+0000] {dag.py:3036} INFO - Sync 1 DAGs
[2025-07-13T01:04:16.471+0000] {logging_mixin.py:188} INFO - [2025-07-13T01:04:16.470+0000] {dag.py:3823} INFO - Setting next_dagrun for realtime_global_flight_data to 2025-07-13 00:45:00+00:00, run_after=2025-07-13 01:00:00+00:00
[2025-07-13T01:04:16.477+0000] {processor.py:183} INFO - Processing /opt/airflow/dags/realtime_global_flight_data.py took 0.133 seconds
[2025-07-13T01:19:44.148+0000] {processor.py:161} INFO - Started process (PID=12596) to work on /opt/airflow/dags/realtime_global_flight_data.py
[2025-07-13T01:19:44.152+0000] {processor.py:830} INFO - Processing file /opt/airflow/dags/realtime_global_flight_data.py for tasks to queue
[2025-07-13T01:19:44.154+0000] {logging_mixin.py:188} INFO - [2025-07-13T01:19:44.153+0000] {dagbag.py:538} INFO - Filling up the DagBag from /opt/airflow/dags/realtime_global_flight_data.py
[2025-07-13T01:19:44.409+0000] {processor.py:840} INFO - DAG(s) 'realtime_global_flight_data' retrieved from /opt/airflow/dags/realtime_global_flight_data.py
[2025-07-13T01:19:44.463+0000] {logging_mixin.py:188} INFO - [2025-07-13T01:19:44.463+0000] {dag.py:3036} INFO - Sync 1 DAGs
[2025-07-13T01:19:44.497+0000] {logging_mixin.py:188} INFO - [2025-07-13T01:19:44.497+0000] {dag.py:3823} INFO - Setting next_dagrun for realtime_global_flight_data to 2025-07-13 01:00:00+00:00, run_after=2025-07-13 01:15:00+00:00
[2025-07-13T01:19:44.517+0000] {processor.py:183} INFO - Processing /opt/airflow/dags/realtime_global_flight_data.py took 0.378 seconds
[2025-07-13T01:35:14.515+0000] {processor.py:161} INFO - Started process (PID=12636) to work on /opt/airflow/dags/realtime_global_flight_data.py
[2025-07-13T01:35:14.516+0000] {processor.py:830} INFO - Processing file /opt/airflow/dags/realtime_global_flight_data.py for tasks to queue
[2025-07-13T01:35:14.517+0000] {logging_mixin.py:188} INFO - [2025-07-13T01:35:14.517+0000] {dagbag.py:538} INFO - Filling up the DagBag from /opt/airflow/dags/realtime_global_flight_data.py
[2025-07-13T01:35:14.707+0000] {processor.py:840} INFO - DAG(s) 'realtime_global_flight_data' retrieved from /opt/airflow/dags/realtime_global_flight_data.py
[2025-07-13T01:35:14.742+0000] {logging_mixin.py:188} INFO - [2025-07-13T01:35:14.741+0000] {dag.py:3036} INFO - Sync 1 DAGs
[2025-07-13T01:35:14.760+0000] {logging_mixin.py:188} INFO - [2025-07-13T01:35:14.760+0000] {dag.py:3823} INFO - Setting next_dagrun for realtime_global_flight_data to 2025-07-13 01:15:00+00:00, run_after=2025-07-13 01:30:00+00:00
[2025-07-13T01:35:14.777+0000] {processor.py:183} INFO - Processing /opt/airflow/dags/realtime_global_flight_data.py took 0.267 seconds
[2025-07-13T01:50:44.652+0000] {processor.py:161} INFO - Started process (PID=12676) to work on /opt/airflow/dags/realtime_global_flight_data.py
[2025-07-13T01:50:44.653+0000] {processor.py:830} INFO - Processing file /opt/airflow/dags/realtime_global_flight_data.py for tasks to queue
[2025-07-13T01:50:44.654+0000] {logging_mixin.py:188} INFO - [2025-07-13T01:50:44.654+0000] {dagbag.py:538} INFO - Filling up the DagBag from /opt/airflow/dags/realtime_global_flight_data.py
[2025-07-13T01:50:44.876+0000] {processor.py:840} INFO - DAG(s) 'realtime_global_flight_data' retrieved from /opt/airflow/dags/realtime_global_flight_data.py
[2025-07-13T01:50:44.915+0000] {logging_mixin.py:188} INFO - [2025-07-13T01:50:44.915+0000] {dag.py:3036} INFO - Sync 1 DAGs
[2025-07-13T01:50:44.935+0000] {logging_mixin.py:188} INFO - [2025-07-13T01:50:44.935+0000] {dag.py:3823} INFO - Setting next_dagrun for realtime_global_flight_data to 2025-07-13 01:30:00+00:00, run_after=2025-07-13 01:45:00+00:00
[2025-07-13T01:50:44.949+0000] {processor.py:183} INFO - Processing /opt/airflow/dags/realtime_global_flight_data.py took 0.301 seconds
[2025-07-13T02:06:13.844+0000] {processor.py:161} INFO - Started process (PID=12716) to work on /opt/airflow/dags/realtime_global_flight_data.py
[2025-07-13T02:06:13.845+0000] {processor.py:830} INFO - Processing file /opt/airflow/dags/realtime_global_flight_data.py for tasks to queue
[2025-07-13T02:06:13.846+0000] {logging_mixin.py:188} INFO - [2025-07-13T02:06:13.846+0000] {dagbag.py:538} INFO - Filling up the DagBag from /opt/airflow/dags/realtime_global_flight_data.py
[2025-07-13T02:06:14.017+0000] {processor.py:840} INFO - DAG(s) 'realtime_global_flight_data' retrieved from /opt/airflow/dags/realtime_global_flight_data.py
[2025-07-13T02:06:14.040+0000] {logging_mixin.py:188} INFO - [2025-07-13T02:06:14.040+0000] {dag.py:3036} INFO - Sync 1 DAGs
[2025-07-13T02:06:14.052+0000] {logging_mixin.py:188} INFO - [2025-07-13T02:06:14.052+0000] {dag.py:3823} INFO - Setting next_dagrun for realtime_global_flight_data to 2025-07-13 01:45:00+00:00, run_after=2025-07-13 02:00:00+00:00
[2025-07-13T02:06:14.061+0000] {processor.py:183} INFO - Processing /opt/airflow/dags/realtime_global_flight_data.py took 0.226 seconds
[2025-07-13T02:06:44.879+0000] {processor.py:161} INFO - Started process (PID=12756) to work on /opt/airflow/dags/realtime_global_flight_data.py
[2025-07-13T02:06:44.880+0000] {processor.py:830} INFO - Processing file /opt/airflow/dags/realtime_global_flight_data.py for tasks to queue
[2025-07-13T02:06:44.881+0000] {logging_mixin.py:188} INFO - [2025-07-13T02:06:44.881+0000] {dagbag.py:538} INFO - Filling up the DagBag from /opt/airflow/dags/realtime_global_flight_data.py
[2025-07-13T02:06:45.058+0000] {processor.py:840} INFO - DAG(s) 'realtime_global_flight_data' retrieved from /opt/airflow/dags/realtime_global_flight_data.py
[2025-07-13T02:06:45.079+0000] {logging_mixin.py:188} INFO - [2025-07-13T02:06:45.079+0000] {dag.py:3036} INFO - Sync 1 DAGs
[2025-07-13T02:06:45.093+0000] {logging_mixin.py:188} INFO - [2025-07-13T02:06:45.093+0000] {dag.py:3823} INFO - Setting next_dagrun for realtime_global_flight_data to 2025-07-13 01:45:00+00:00, run_after=2025-07-13 02:00:00+00:00
[2025-07-13T02:06:45.101+0000] {processor.py:183} INFO - Processing /opt/airflow/dags/realtime_global_flight_data.py took 0.226 seconds
[2025-07-13T02:07:15.999+0000] {processor.py:161} INFO - Started process (PID=12796) to work on /opt/airflow/dags/realtime_global_flight_data.py
[2025-07-13T02:07:16.000+0000] {processor.py:830} INFO - Processing file /opt/airflow/dags/realtime_global_flight_data.py for tasks to queue
[2025-07-13T02:07:16.001+0000] {logging_mixin.py:188} INFO - [2025-07-13T02:07:16.001+0000] {dagbag.py:538} INFO - Filling up the DagBag from /opt/airflow/dags/realtime_global_flight_data.py
[2025-07-13T02:07:16.106+0000] {processor.py:840} INFO - DAG(s) 'realtime_global_flight_data' retrieved from /opt/airflow/dags/realtime_global_flight_data.py
[2025-07-13T02:07:16.115+0000] {logging_mixin.py:188} INFO - [2025-07-13T02:07:16.115+0000] {dag.py:3036} INFO - Sync 1 DAGs
[2025-07-13T02:07:16.187+0000] {logging_mixin.py:188} INFO - [2025-07-13T02:07:16.187+0000] {dag.py:3823} INFO - Setting next_dagrun for realtime_global_flight_data to 2025-07-13 01:45:00+00:00, run_after=2025-07-13 02:00:00+00:00
[2025-07-13T02:07:16.194+0000] {processor.py:183} INFO - Processing /opt/airflow/dags/realtime_global_flight_data.py took 0.197 seconds
[2025-07-13T02:07:47.155+0000] {processor.py:161} INFO - Started process (PID=12836) to work on /opt/airflow/dags/realtime_global_flight_data.py
[2025-07-13T02:07:47.156+0000] {processor.py:830} INFO - Processing file /opt/airflow/dags/realtime_global_flight_data.py for tasks to queue
[2025-07-13T02:07:47.157+0000] {logging_mixin.py:188} INFO - [2025-07-13T02:07:47.157+0000] {dagbag.py:538} INFO - Filling up the DagBag from /opt/airflow/dags/realtime_global_flight_data.py
[2025-07-13T02:07:47.329+0000] {processor.py:840} INFO - DAG(s) 'realtime_global_flight_data' retrieved from /opt/airflow/dags/realtime_global_flight_data.py
[2025-07-13T02:07:47.486+0000] {logging_mixin.py:188} INFO - [2025-07-13T02:07:47.486+0000] {dag.py:3036} INFO - Sync 1 DAGs
[2025-07-13T02:07:47.497+0000] {logging_mixin.py:188} INFO - [2025-07-13T02:07:47.497+0000] {dag.py:3823} INFO - Setting next_dagrun for realtime_global_flight_data to 2025-07-13 01:45:00+00:00, run_after=2025-07-13 02:00:00+00:00
[2025-07-13T02:07:47.511+0000] {processor.py:183} INFO - Processing /opt/airflow/dags/realtime_global_flight_data.py took 0.359 seconds
[2025-07-13T02:08:17.610+0000] {processor.py:161} INFO - Started process (PID=12876) to work on /opt/airflow/dags/realtime_global_flight_data.py
[2025-07-13T02:08:17.611+0000] {processor.py:830} INFO - Processing file /opt/airflow/dags/realtime_global_flight_data.py for tasks to queue
[2025-07-13T02:08:17.611+0000] {logging_mixin.py:188} INFO - [2025-07-13T02:08:17.611+0000] {dagbag.py:538} INFO - Filling up the DagBag from /opt/airflow/dags/realtime_global_flight_data.py
[2025-07-13T02:08:17.779+0000] {processor.py:840} INFO - DAG(s) 'realtime_global_flight_data' retrieved from /opt/airflow/dags/realtime_global_flight_data.py
[2025-07-13T02:08:17.794+0000] {logging_mixin.py:188} INFO - [2025-07-13T02:08:17.794+0000] {dag.py:3036} INFO - Sync 1 DAGs
[2025-07-13T02:08:17.801+0000] {logging_mixin.py:188} INFO - [2025-07-13T02:08:17.801+0000] {dag.py:3823} INFO - Setting next_dagrun for realtime_global_flight_data to 2025-07-13 01:45:00+00:00, run_after=2025-07-13 02:00:00+00:00
[2025-07-13T02:08:17.808+0000] {processor.py:183} INFO - Processing /opt/airflow/dags/realtime_global_flight_data.py took 0.201 seconds
[2025-07-13T02:08:48.382+0000] {processor.py:161} INFO - Started process (PID=12916) to work on /opt/airflow/dags/realtime_global_flight_data.py
[2025-07-13T02:08:48.383+0000] {processor.py:830} INFO - Processing file /opt/airflow/dags/realtime_global_flight_data.py for tasks to queue
[2025-07-13T02:08:48.383+0000] {logging_mixin.py:188} INFO - [2025-07-13T02:08:48.383+0000] {dagbag.py:538} INFO - Filling up the DagBag from /opt/airflow/dags/realtime_global_flight_data.py
[2025-07-13T02:08:48.756+0000] {processor.py:840} INFO - DAG(s) 'realtime_global_flight_data' retrieved from /opt/airflow/dags/realtime_global_flight_data.py
[2025-07-13T02:08:48.772+0000] {logging_mixin.py:188} INFO - [2025-07-13T02:08:48.772+0000] {dag.py:3036} INFO - Sync 1 DAGs
[2025-07-13T02:08:48.784+0000] {logging_mixin.py:188} INFO - [2025-07-13T02:08:48.784+0000] {dag.py:3823} INFO - Setting next_dagrun for realtime_global_flight_data to 2025-07-13 01:45:00+00:00, run_after=2025-07-13 02:00:00+00:00
[2025-07-13T02:08:48.794+0000] {processor.py:183} INFO - Processing /opt/airflow/dags/realtime_global_flight_data.py took 0.414 seconds
[2025-07-13T02:35:13.321+0000] {processor.py:161} INFO - Started process (PID=12956) to work on /opt/airflow/dags/realtime_global_flight_data.py
[2025-07-13T02:35:13.322+0000] {processor.py:830} INFO - Processing file /opt/airflow/dags/realtime_global_flight_data.py for tasks to queue
[2025-07-13T02:35:13.323+0000] {logging_mixin.py:188} INFO - [2025-07-13T02:35:13.322+0000] {dagbag.py:538} INFO - Filling up the DagBag from /opt/airflow/dags/realtime_global_flight_data.py
[2025-07-13T02:35:13.706+0000] {processor.py:840} INFO - DAG(s) 'realtime_global_flight_data' retrieved from /opt/airflow/dags/realtime_global_flight_data.py
[2025-07-13T02:35:13.721+0000] {logging_mixin.py:188} INFO - [2025-07-13T02:35:13.720+0000] {dag.py:3036} INFO - Sync 1 DAGs
[2025-07-13T02:35:13.734+0000] {logging_mixin.py:188} INFO - [2025-07-13T02:35:13.734+0000] {dag.py:3823} INFO - Setting next_dagrun for realtime_global_flight_data to 2025-07-13 02:15:00+00:00, run_after=2025-07-13 02:30:00+00:00
[2025-07-13T02:35:13.742+0000] {processor.py:183} INFO - Processing /opt/airflow/dags/realtime_global_flight_data.py took 0.424 seconds
[2025-07-13T02:50:43.580+0000] {processor.py:161} INFO - Started process (PID=12998) to work on /opt/airflow/dags/realtime_global_flight_data.py
[2025-07-13T02:50:43.581+0000] {processor.py:830} INFO - Processing file /opt/airflow/dags/realtime_global_flight_data.py for tasks to queue
[2025-07-13T02:50:43.584+0000] {logging_mixin.py:188} INFO - [2025-07-13T02:50:43.583+0000] {dagbag.py:538} INFO - Filling up the DagBag from /opt/airflow/dags/realtime_global_flight_data.py
[2025-07-13T02:50:44.065+0000] {processor.py:840} INFO - DAG(s) 'realtime_global_flight_data' retrieved from /opt/airflow/dags/realtime_global_flight_data.py
[2025-07-13T02:50:44.087+0000] {logging_mixin.py:188} INFO - [2025-07-13T02:50:44.086+0000] {dag.py:3036} INFO - Sync 1 DAGs
[2025-07-13T02:50:44.104+0000] {logging_mixin.py:188} INFO - [2025-07-13T02:50:44.104+0000] {dag.py:3823} INFO - Setting next_dagrun for realtime_global_flight_data to 2025-07-13 02:30:00+00:00, run_after=2025-07-13 02:45:00+00:00
[2025-07-13T02:50:44.121+0000] {processor.py:183} INFO - Processing /opt/airflow/dags/realtime_global_flight_data.py took 0.546 seconds
[2025-07-13T03:04:14.021+0000] {processor.py:161} INFO - Started process (PID=13038) to work on /opt/airflow/dags/realtime_global_flight_data.py
[2025-07-13T03:04:14.022+0000] {processor.py:830} INFO - Processing file /opt/airflow/dags/realtime_global_flight_data.py for tasks to queue
[2025-07-13T03:04:14.022+0000] {logging_mixin.py:188} INFO - [2025-07-13T03:04:14.022+0000] {dagbag.py:538} INFO - Filling up the DagBag from /opt/airflow/dags/realtime_global_flight_data.py
[2025-07-13T03:04:14.296+0000] {processor.py:840} INFO - DAG(s) 'realtime_global_flight_data' retrieved from /opt/airflow/dags/realtime_global_flight_data.py
[2025-07-13T03:04:14.315+0000] {logging_mixin.py:188} INFO - [2025-07-13T03:04:14.315+0000] {dag.py:3036} INFO - Sync 1 DAGs
[2025-07-13T03:04:14.330+0000] {logging_mixin.py:188} INFO - [2025-07-13T03:04:14.330+0000] {dag.py:3823} INFO - Setting next_dagrun for realtime_global_flight_data to 2025-07-13 02:45:00+00:00, run_after=2025-07-13 03:00:00+00:00
[2025-07-13T03:04:14.337+0000] {processor.py:183} INFO - Processing /opt/airflow/dags/realtime_global_flight_data.py took 0.319 seconds
[2025-07-13T03:04:45.365+0000] {processor.py:161} INFO - Started process (PID=13078) to work on /opt/airflow/dags/realtime_global_flight_data.py
[2025-07-13T03:04:45.365+0000] {processor.py:830} INFO - Processing file /opt/airflow/dags/realtime_global_flight_data.py for tasks to queue
[2025-07-13T03:04:45.366+0000] {logging_mixin.py:188} INFO - [2025-07-13T03:04:45.366+0000] {dagbag.py:538} INFO - Filling up the DagBag from /opt/airflow/dags/realtime_global_flight_data.py
[2025-07-13T03:04:45.729+0000] {processor.py:840} INFO - DAG(s) 'realtime_global_flight_data' retrieved from /opt/airflow/dags/realtime_global_flight_data.py
[2025-07-13T03:04:45.755+0000] {logging_mixin.py:188} INFO - [2025-07-13T03:04:45.755+0000] {dag.py:3036} INFO - Sync 1 DAGs
[2025-07-13T03:04:45.766+0000] {logging_mixin.py:188} INFO - [2025-07-13T03:04:45.766+0000] {dag.py:3823} INFO - Setting next_dagrun for realtime_global_flight_data to 2025-07-13 02:45:00+00:00, run_after=2025-07-13 03:00:00+00:00
[2025-07-13T03:04:45.773+0000] {processor.py:183} INFO - Processing /opt/airflow/dags/realtime_global_flight_data.py took 0.416 seconds
[2025-07-13T03:05:16.628+0000] {processor.py:161} INFO - Started process (PID=13118) to work on /opt/airflow/dags/realtime_global_flight_data.py
[2025-07-13T03:05:16.629+0000] {processor.py:830} INFO - Processing file /opt/airflow/dags/realtime_global_flight_data.py for tasks to queue
[2025-07-13T03:05:16.629+0000] {logging_mixin.py:188} INFO - [2025-07-13T03:05:16.629+0000] {dagbag.py:538} INFO - Filling up the DagBag from /opt/airflow/dags/realtime_global_flight_data.py
[2025-07-13T03:05:16.797+0000] {processor.py:840} INFO - DAG(s) 'realtime_global_flight_data' retrieved from /opt/airflow/dags/realtime_global_flight_data.py
[2025-07-13T03:05:16.806+0000] {logging_mixin.py:188} INFO - [2025-07-13T03:05:16.806+0000] {dag.py:3036} INFO - Sync 1 DAGs
[2025-07-13T03:05:16.813+0000] {logging_mixin.py:188} INFO - [2025-07-13T03:05:16.813+0000] {dag.py:3823} INFO - Setting next_dagrun for realtime_global_flight_data to 2025-07-13 02:45:00+00:00, run_after=2025-07-13 03:00:00+00:00
[2025-07-13T03:05:16.821+0000] {processor.py:183} INFO - Processing /opt/airflow/dags/realtime_global_flight_data.py took 0.196 seconds
[2025-07-13T03:05:47.302+0000] {processor.py:161} INFO - Started process (PID=13158) to work on /opt/airflow/dags/realtime_global_flight_data.py
[2025-07-13T03:05:47.303+0000] {processor.py:830} INFO - Processing file /opt/airflow/dags/realtime_global_flight_data.py for tasks to queue
[2025-07-13T03:05:47.304+0000] {logging_mixin.py:188} INFO - [2025-07-13T03:05:47.304+0000] {dagbag.py:538} INFO - Filling up the DagBag from /opt/airflow/dags/realtime_global_flight_data.py
[2025-07-13T03:05:47.460+0000] {processor.py:840} INFO - DAG(s) 'realtime_global_flight_data' retrieved from /opt/airflow/dags/realtime_global_flight_data.py
[2025-07-13T03:05:47.481+0000] {logging_mixin.py:188} INFO - [2025-07-13T03:05:47.481+0000] {dag.py:3036} INFO - Sync 1 DAGs
[2025-07-13T03:05:47.495+0000] {logging_mixin.py:188} INFO - [2025-07-13T03:05:47.495+0000] {dag.py:3823} INFO - Setting next_dagrun for realtime_global_flight_data to 2025-07-13 02:45:00+00:00, run_after=2025-07-13 03:00:00+00:00
[2025-07-13T03:05:47.502+0000] {processor.py:183} INFO - Processing /opt/airflow/dags/realtime_global_flight_data.py took 0.203 seconds
[2025-07-13T03:06:18.429+0000] {processor.py:161} INFO - Started process (PID=13198) to work on /opt/airflow/dags/realtime_global_flight_data.py
[2025-07-13T03:06:18.430+0000] {processor.py:830} INFO - Processing file /opt/airflow/dags/realtime_global_flight_data.py for tasks to queue
[2025-07-13T03:06:18.431+0000] {logging_mixin.py:188} INFO - [2025-07-13T03:06:18.431+0000] {dagbag.py:538} INFO - Filling up the DagBag from /opt/airflow/dags/realtime_global_flight_data.py
[2025-07-13T03:06:18.534+0000] {processor.py:840} INFO - DAG(s) 'realtime_global_flight_data' retrieved from /opt/airflow/dags/realtime_global_flight_data.py
[2025-07-13T03:06:18.544+0000] {logging_mixin.py:188} INFO - [2025-07-13T03:06:18.544+0000] {dag.py:3036} INFO - Sync 1 DAGs
[2025-07-13T03:06:18.551+0000] {logging_mixin.py:188} INFO - [2025-07-13T03:06:18.551+0000] {dag.py:3823} INFO - Setting next_dagrun for realtime_global_flight_data to 2025-07-13 02:45:00+00:00, run_after=2025-07-13 03:00:00+00:00
[2025-07-13T03:06:18.558+0000] {processor.py:183} INFO - Processing /opt/airflow/dags/realtime_global_flight_data.py took 0.131 seconds
[2025-07-13T03:06:49.386+0000] {processor.py:161} INFO - Started process (PID=13238) to work on /opt/airflow/dags/realtime_global_flight_data.py
[2025-07-13T03:06:49.387+0000] {processor.py:830} INFO - Processing file /opt/airflow/dags/realtime_global_flight_data.py for tasks to queue
[2025-07-13T03:06:49.388+0000] {logging_mixin.py:188} INFO - [2025-07-13T03:06:49.387+0000] {dagbag.py:538} INFO - Filling up the DagBag from /opt/airflow/dags/realtime_global_flight_data.py
[2025-07-13T03:06:49.526+0000] {processor.py:840} INFO - DAG(s) 'realtime_global_flight_data' retrieved from /opt/airflow/dags/realtime_global_flight_data.py
[2025-07-13T03:06:49.541+0000] {logging_mixin.py:188} INFO - [2025-07-13T03:06:49.541+0000] {dag.py:3036} INFO - Sync 1 DAGs
[2025-07-13T03:06:49.552+0000] {logging_mixin.py:188} INFO - [2025-07-13T03:06:49.552+0000] {dag.py:3823} INFO - Setting next_dagrun for realtime_global_flight_data to 2025-07-13 02:45:00+00:00, run_after=2025-07-13 03:00:00+00:00
[2025-07-13T03:06:49.561+0000] {processor.py:183} INFO - Processing /opt/airflow/dags/realtime_global_flight_data.py took 0.178 seconds
[2025-07-13T03:24:07.986+0000] {processor.py:161} INFO - Started process (PID=13280) to work on /opt/airflow/dags/realtime_global_flight_data.py
[2025-07-13T03:24:07.986+0000] {processor.py:830} INFO - Processing file /opt/airflow/dags/realtime_global_flight_data.py for tasks to queue
[2025-07-13T03:24:07.989+0000] {logging_mixin.py:188} INFO - [2025-07-13T03:24:07.989+0000] {dagbag.py:538} INFO - Filling up the DagBag from /opt/airflow/dags/realtime_global_flight_data.py
[2025-07-13T03:24:08.153+0000] {processor.py:840} INFO - DAG(s) 'realtime_global_flight_data' retrieved from /opt/airflow/dags/realtime_global_flight_data.py
[2025-07-13T03:24:08.168+0000] {logging_mixin.py:188} INFO - [2025-07-13T03:24:08.168+0000] {dag.py:3036} INFO - Sync 1 DAGs
[2025-07-13T03:24:08.181+0000] {logging_mixin.py:188} INFO - [2025-07-13T03:24:08.181+0000] {dag.py:3823} INFO - Setting next_dagrun for realtime_global_flight_data to 2025-07-13 03:00:00+00:00, run_after=2025-07-13 03:15:00+00:00
[2025-07-13T03:24:08.190+0000] {processor.py:183} INFO - Processing /opt/airflow/dags/realtime_global_flight_data.py took 0.207 seconds
[2025-07-13T03:39:37.738+0000] {processor.py:161} INFO - Started process (PID=13320) to work on /opt/airflow/dags/realtime_global_flight_data.py
[2025-07-13T03:39:37.739+0000] {processor.py:830} INFO - Processing file /opt/airflow/dags/realtime_global_flight_data.py for tasks to queue
[2025-07-13T03:39:37.741+0000] {logging_mixin.py:188} INFO - [2025-07-13T03:39:37.740+0000] {dagbag.py:538} INFO - Filling up the DagBag from /opt/airflow/dags/realtime_global_flight_data.py
[2025-07-13T03:39:38.024+0000] {processor.py:840} INFO - DAG(s) 'realtime_global_flight_data' retrieved from /opt/airflow/dags/realtime_global_flight_data.py
[2025-07-13T03:39:38.069+0000] {logging_mixin.py:188} INFO - [2025-07-13T03:39:38.069+0000] {dag.py:3036} INFO - Sync 1 DAGs
[2025-07-13T03:39:38.090+0000] {logging_mixin.py:188} INFO - [2025-07-13T03:39:38.090+0000] {dag.py:3823} INFO - Setting next_dagrun for realtime_global_flight_data to 2025-07-13 03:15:00+00:00, run_after=2025-07-13 03:30:00+00:00
[2025-07-13T03:39:38.108+0000] {processor.py:183} INFO - Processing /opt/airflow/dags/realtime_global_flight_data.py took 0.376 seconds
[2025-07-13T03:55:07.688+0000] {processor.py:161} INFO - Started process (PID=13360) to work on /opt/airflow/dags/realtime_global_flight_data.py
[2025-07-13T03:55:07.690+0000] {processor.py:830} INFO - Processing file /opt/airflow/dags/realtime_global_flight_data.py for tasks to queue
[2025-07-13T03:55:07.691+0000] {logging_mixin.py:188} INFO - [2025-07-13T03:55:07.690+0000] {dagbag.py:538} INFO - Filling up the DagBag from /opt/airflow/dags/realtime_global_flight_data.py
[2025-07-13T03:55:07.873+0000] {processor.py:840} INFO - DAG(s) 'realtime_global_flight_data' retrieved from /opt/airflow/dags/realtime_global_flight_data.py
[2025-07-13T03:55:07.889+0000] {logging_mixin.py:188} INFO - [2025-07-13T03:55:07.889+0000] {dag.py:3036} INFO - Sync 1 DAGs
[2025-07-13T03:55:07.903+0000] {logging_mixin.py:188} INFO - [2025-07-13T03:55:07.903+0000] {dag.py:3823} INFO - Setting next_dagrun for realtime_global_flight_data to 2025-07-13 03:30:00+00:00, run_after=2025-07-13 03:45:00+00:00
[2025-07-13T03:55:07.914+0000] {processor.py:183} INFO - Processing /opt/airflow/dags/realtime_global_flight_data.py took 0.232 seconds
[2025-07-13T04:05:26.117+0000] {processor.py:161} INFO - Started process (PID=13402) to work on /opt/airflow/dags/realtime_global_flight_data.py
[2025-07-13T04:05:26.118+0000] {processor.py:830} INFO - Processing file /opt/airflow/dags/realtime_global_flight_data.py for tasks to queue
[2025-07-13T04:05:26.119+0000] {logging_mixin.py:188} INFO - [2025-07-13T04:05:26.118+0000] {dagbag.py:538} INFO - Filling up the DagBag from /opt/airflow/dags/realtime_global_flight_data.py
[2025-07-13T04:05:26.734+0000] {processor.py:840} INFO - DAG(s) 'realtime_global_flight_data' retrieved from /opt/airflow/dags/realtime_global_flight_data.py
[2025-07-13T04:05:26.780+0000] {logging_mixin.py:188} INFO - [2025-07-13T04:05:26.779+0000] {dag.py:3036} INFO - Sync 1 DAGs
[2025-07-13T04:05:26.819+0000] {logging_mixin.py:188} INFO - [2025-07-13T04:05:26.819+0000] {dag.py:3823} INFO - Setting next_dagrun for realtime_global_flight_data to 2025-07-13 03:45:00+00:00, run_after=2025-07-13 04:00:00+00:00
[2025-07-13T04:05:26.851+0000] {processor.py:183} INFO - Processing /opt/airflow/dags/realtime_global_flight_data.py took 0.737 seconds
[2025-07-13T04:05:57.640+0000] {processor.py:161} INFO - Started process (PID=13442) to work on /opt/airflow/dags/realtime_global_flight_data.py
[2025-07-13T04:05:57.641+0000] {processor.py:830} INFO - Processing file /opt/airflow/dags/realtime_global_flight_data.py for tasks to queue
[2025-07-13T04:05:57.641+0000] {logging_mixin.py:188} INFO - [2025-07-13T04:05:57.641+0000] {dagbag.py:538} INFO - Filling up the DagBag from /opt/airflow/dags/realtime_global_flight_data.py
[2025-07-13T04:05:58.021+0000] {processor.py:840} INFO - DAG(s) 'realtime_global_flight_data' retrieved from /opt/airflow/dags/realtime_global_flight_data.py
[2025-07-13T04:05:58.038+0000] {logging_mixin.py:188} INFO - [2025-07-13T04:05:58.037+0000] {dag.py:3036} INFO - Sync 1 DAGs
[2025-07-13T04:05:58.046+0000] {logging_mixin.py:188} INFO - [2025-07-13T04:05:58.046+0000] {dag.py:3823} INFO - Setting next_dagrun for realtime_global_flight_data to 2025-07-13 03:45:00+00:00, run_after=2025-07-13 04:00:00+00:00
[2025-07-13T04:05:58.053+0000] {processor.py:183} INFO - Processing /opt/airflow/dags/realtime_global_flight_data.py took 0.417 seconds
[2025-07-13T04:36:25.872+0000] {processor.py:161} INFO - Started process (PID=13482) to work on /opt/airflow/dags/realtime_global_flight_data.py
[2025-07-13T04:36:25.874+0000] {processor.py:830} INFO - Processing file /opt/airflow/dags/realtime_global_flight_data.py for tasks to queue
[2025-07-13T04:36:25.875+0000] {logging_mixin.py:188} INFO - [2025-07-13T04:36:25.874+0000] {dagbag.py:538} INFO - Filling up the DagBag from /opt/airflow/dags/realtime_global_flight_data.py
[2025-07-13T04:36:26.841+0000] {processor.py:840} INFO - DAG(s) 'realtime_global_flight_data' retrieved from /opt/airflow/dags/realtime_global_flight_data.py
[2025-07-13T04:36:26.950+0000] {logging_mixin.py:188} INFO - [2025-07-13T04:36:26.949+0000] {dag.py:3036} INFO - Sync 1 DAGs
[2025-07-13T04:36:27.051+0000] {logging_mixin.py:188} INFO - [2025-07-13T04:36:27.050+0000] {dag.py:3823} INFO - Setting next_dagrun for realtime_global_flight_data to 2025-07-13 04:15:00+00:00, run_after=2025-07-13 04:30:00+00:00
[2025-07-13T04:36:27.133+0000] {processor.py:183} INFO - Processing /opt/airflow/dags/realtime_global_flight_data.py took 1.270 seconds
[2025-07-13T04:51:56.266+0000] {processor.py:161} INFO - Started process (PID=13522) to work on /opt/airflow/dags/realtime_global_flight_data.py
[2025-07-13T04:51:56.267+0000] {processor.py:830} INFO - Processing file /opt/airflow/dags/realtime_global_flight_data.py for tasks to queue
[2025-07-13T04:51:56.268+0000] {logging_mixin.py:188} INFO - [2025-07-13T04:51:56.268+0000] {dagbag.py:538} INFO - Filling up the DagBag from /opt/airflow/dags/realtime_global_flight_data.py
[2025-07-13T04:51:56.774+0000] {processor.py:840} INFO - DAG(s) 'realtime_global_flight_data' retrieved from /opt/airflow/dags/realtime_global_flight_data.py
[2025-07-13T04:51:56.802+0000] {logging_mixin.py:188} INFO - [2025-07-13T04:51:56.802+0000] {dag.py:3036} INFO - Sync 1 DAGs
[2025-07-13T04:51:56.822+0000] {logging_mixin.py:188} INFO - [2025-07-13T04:51:56.822+0000] {dag.py:3823} INFO - Setting next_dagrun for realtime_global_flight_data to 2025-07-13 04:30:00+00:00, run_after=2025-07-13 04:45:00+00:00
[2025-07-13T04:51:56.841+0000] {processor.py:183} INFO - Processing /opt/airflow/dags/realtime_global_flight_data.py took 0.581 seconds
[2025-07-13T05:06:14.864+0000] {processor.py:161} INFO - Started process (PID=13562) to work on /opt/airflow/dags/realtime_global_flight_data.py
[2025-07-13T05:06:14.866+0000] {processor.py:830} INFO - Processing file /opt/airflow/dags/realtime_global_flight_data.py for tasks to queue
[2025-07-13T05:06:14.867+0000] {logging_mixin.py:188} INFO - [2025-07-13T05:06:14.866+0000] {dagbag.py:538} INFO - Filling up the DagBag from /opt/airflow/dags/realtime_global_flight_data.py
[2025-07-13T05:06:15.379+0000] {processor.py:840} INFO - DAG(s) 'realtime_global_flight_data' retrieved from /opt/airflow/dags/realtime_global_flight_data.py
[2025-07-13T05:06:15.432+0000] {logging_mixin.py:188} INFO - [2025-07-13T05:06:15.431+0000] {dag.py:3036} INFO - Sync 1 DAGs
[2025-07-13T05:06:15.463+0000] {logging_mixin.py:188} INFO - [2025-07-13T05:06:15.463+0000] {dag.py:3823} INFO - Setting next_dagrun for realtime_global_flight_data to 2025-07-13 04:45:00+00:00, run_after=2025-07-13 05:00:00+00:00
[2025-07-13T05:06:15.483+0000] {processor.py:183} INFO - Processing /opt/airflow/dags/realtime_global_flight_data.py took 0.625 seconds
[2025-07-13T05:06:46.231+0000] {processor.py:161} INFO - Started process (PID=13602) to work on /opt/airflow/dags/realtime_global_flight_data.py
[2025-07-13T05:06:46.231+0000] {processor.py:830} INFO - Processing file /opt/airflow/dags/realtime_global_flight_data.py for tasks to queue
[2025-07-13T05:06:46.232+0000] {logging_mixin.py:188} INFO - [2025-07-13T05:06:46.232+0000] {dagbag.py:538} INFO - Filling up the DagBag from /opt/airflow/dags/realtime_global_flight_data.py
[2025-07-13T05:06:46.475+0000] {processor.py:840} INFO - DAG(s) 'realtime_global_flight_data' retrieved from /opt/airflow/dags/realtime_global_flight_data.py
[2025-07-13T05:06:46.487+0000] {logging_mixin.py:188} INFO - [2025-07-13T05:06:46.487+0000] {dag.py:3036} INFO - Sync 1 DAGs
[2025-07-13T05:06:46.497+0000] {logging_mixin.py:188} INFO - [2025-07-13T05:06:46.497+0000] {dag.py:3823} INFO - Setting next_dagrun for realtime_global_flight_data to 2025-07-13 04:45:00+00:00, run_after=2025-07-13 05:00:00+00:00
[2025-07-13T05:06:46.503+0000] {processor.py:183} INFO - Processing /opt/airflow/dags/realtime_global_flight_data.py took 0.276 seconds
[2025-07-13T05:07:17.362+0000] {processor.py:161} INFO - Started process (PID=13642) to work on /opt/airflow/dags/realtime_global_flight_data.py
[2025-07-13T05:07:17.362+0000] {processor.py:830} INFO - Processing file /opt/airflow/dags/realtime_global_flight_data.py for tasks to queue
[2025-07-13T05:07:17.363+0000] {logging_mixin.py:188} INFO - [2025-07-13T05:07:17.363+0000] {dagbag.py:538} INFO - Filling up the DagBag from /opt/airflow/dags/realtime_global_flight_data.py
[2025-07-13T05:07:17.462+0000] {processor.py:840} INFO - DAG(s) 'realtime_global_flight_data' retrieved from /opt/airflow/dags/realtime_global_flight_data.py
[2025-07-13T05:07:17.473+0000] {logging_mixin.py:188} INFO - [2025-07-13T05:07:17.473+0000] {dag.py:3036} INFO - Sync 1 DAGs
[2025-07-13T05:07:17.482+0000] {logging_mixin.py:188} INFO - [2025-07-13T05:07:17.481+0000] {dag.py:3823} INFO - Setting next_dagrun for realtime_global_flight_data to 2025-07-13 04:45:00+00:00, run_after=2025-07-13 05:00:00+00:00
[2025-07-13T05:07:17.488+0000] {processor.py:183} INFO - Processing /opt/airflow/dags/realtime_global_flight_data.py took 0.128 seconds
[2025-07-13T05:07:48.190+0000] {processor.py:161} INFO - Started process (PID=13682) to work on /opt/airflow/dags/realtime_global_flight_data.py
[2025-07-13T05:07:48.191+0000] {processor.py:830} INFO - Processing file /opt/airflow/dags/realtime_global_flight_data.py for tasks to queue
[2025-07-13T05:07:48.192+0000] {logging_mixin.py:188} INFO - [2025-07-13T05:07:48.192+0000] {dagbag.py:538} INFO - Filling up the DagBag from /opt/airflow/dags/realtime_global_flight_data.py
[2025-07-13T05:07:48.318+0000] {processor.py:840} INFO - DAG(s) 'realtime_global_flight_data' retrieved from /opt/airflow/dags/realtime_global_flight_data.py
[2025-07-13T05:07:48.333+0000] {logging_mixin.py:188} INFO - [2025-07-13T05:07:48.333+0000] {dag.py:3036} INFO - Sync 1 DAGs
[2025-07-13T05:07:48.343+0000] {logging_mixin.py:188} INFO - [2025-07-13T05:07:48.343+0000] {dag.py:3823} INFO - Setting next_dagrun for realtime_global_flight_data to 2025-07-13 04:45:00+00:00, run_after=2025-07-13 05:00:00+00:00
[2025-07-13T05:07:48.351+0000] {processor.py:183} INFO - Processing /opt/airflow/dags/realtime_global_flight_data.py took 0.165 seconds
[2025-07-13T05:08:19.096+0000] {processor.py:161} INFO - Started process (PID=13722) to work on /opt/airflow/dags/realtime_global_flight_data.py
[2025-07-13T05:08:19.097+0000] {processor.py:830} INFO - Processing file /opt/airflow/dags/realtime_global_flight_data.py for tasks to queue
[2025-07-13T05:08:19.098+0000] {logging_mixin.py:188} INFO - [2025-07-13T05:08:19.098+0000] {dagbag.py:538} INFO - Filling up the DagBag from /opt/airflow/dags/realtime_global_flight_data.py
[2025-07-13T05:08:19.206+0000] {processor.py:840} INFO - DAG(s) 'realtime_global_flight_data' retrieved from /opt/airflow/dags/realtime_global_flight_data.py
[2025-07-13T05:08:19.218+0000] {logging_mixin.py:188} INFO - [2025-07-13T05:08:19.218+0000] {dag.py:3036} INFO - Sync 1 DAGs
[2025-07-13T05:08:19.226+0000] {logging_mixin.py:188} INFO - [2025-07-13T05:08:19.226+0000] {dag.py:3823} INFO - Setting next_dagrun for realtime_global_flight_data to 2025-07-13 04:45:00+00:00, run_after=2025-07-13 05:00:00+00:00
[2025-07-13T05:08:19.233+0000] {processor.py:183} INFO - Processing /opt/airflow/dags/realtime_global_flight_data.py took 0.140 seconds
[2025-07-13T05:08:49.887+0000] {processor.py:161} INFO - Started process (PID=13762) to work on /opt/airflow/dags/realtime_global_flight_data.py
[2025-07-13T05:08:49.888+0000] {processor.py:830} INFO - Processing file /opt/airflow/dags/realtime_global_flight_data.py for tasks to queue
[2025-07-13T05:08:49.888+0000] {logging_mixin.py:188} INFO - [2025-07-13T05:08:49.888+0000] {dagbag.py:538} INFO - Filling up the DagBag from /opt/airflow/dags/realtime_global_flight_data.py
[2025-07-13T05:08:49.992+0000] {processor.py:840} INFO - DAG(s) 'realtime_global_flight_data' retrieved from /opt/airflow/dags/realtime_global_flight_data.py
[2025-07-13T05:08:50.002+0000] {logging_mixin.py:188} INFO - [2025-07-13T05:08:50.001+0000] {dag.py:3036} INFO - Sync 1 DAGs
[2025-07-13T05:08:50.010+0000] {logging_mixin.py:188} INFO - [2025-07-13T05:08:50.010+0000] {dag.py:3823} INFO - Setting next_dagrun for realtime_global_flight_data to 2025-07-13 04:45:00+00:00, run_after=2025-07-13 05:00:00+00:00
[2025-07-13T05:08:50.016+0000] {processor.py:183} INFO - Processing /opt/airflow/dags/realtime_global_flight_data.py took 0.132 seconds
[2025-07-13T05:16:22.321+0000] {processor.py:161} INFO - Started process (PID=13802) to work on /opt/airflow/dags/realtime_global_flight_data.py
[2025-07-13T05:16:22.323+0000] {processor.py:830} INFO - Processing file /opt/airflow/dags/realtime_global_flight_data.py for tasks to queue
[2025-07-13T05:16:22.326+0000] {logging_mixin.py:188} INFO - [2025-07-13T05:16:22.325+0000] {dagbag.py:538} INFO - Filling up the DagBag from /opt/airflow/dags/realtime_global_flight_data.py
[2025-07-13T05:16:22.486+0000] {processor.py:840} INFO - DAG(s) 'realtime_global_flight_data' retrieved from /opt/airflow/dags/realtime_global_flight_data.py
[2025-07-13T05:16:22.511+0000] {logging_mixin.py:188} INFO - [2025-07-13T05:16:22.511+0000] {dag.py:3036} INFO - Sync 1 DAGs
[2025-07-13T05:16:22.522+0000] {logging_mixin.py:188} INFO - [2025-07-13T05:16:22.522+0000] {dag.py:3823} INFO - Setting next_dagrun for realtime_global_flight_data to 2025-07-13 05:00:00+00:00, run_after=2025-07-13 05:15:00+00:00
[2025-07-13T05:16:22.531+0000] {processor.py:183} INFO - Processing /opt/airflow/dags/realtime_global_flight_data.py took 0.214 seconds
[2025-07-13T05:16:53.005+0000] {processor.py:161} INFO - Started process (PID=13842) to work on /opt/airflow/dags/realtime_global_flight_data.py
[2025-07-13T05:16:53.005+0000] {processor.py:830} INFO - Processing file /opt/airflow/dags/realtime_global_flight_data.py for tasks to queue
[2025-07-13T05:16:53.006+0000] {logging_mixin.py:188} INFO - [2025-07-13T05:16:53.006+0000] {dagbag.py:538} INFO - Filling up the DagBag from /opt/airflow/dags/realtime_global_flight_data.py
[2025-07-13T05:16:53.138+0000] {processor.py:840} INFO - DAG(s) 'realtime_global_flight_data' retrieved from /opt/airflow/dags/realtime_global_flight_data.py
[2025-07-13T05:16:53.153+0000] {logging_mixin.py:188} INFO - [2025-07-13T05:16:53.153+0000] {dag.py:3036} INFO - Sync 1 DAGs
[2025-07-13T05:16:53.164+0000] {logging_mixin.py:188} INFO - [2025-07-13T05:16:53.164+0000] {dag.py:3823} INFO - Setting next_dagrun for realtime_global_flight_data to 2025-07-13 05:00:00+00:00, run_after=2025-07-13 05:15:00+00:00
[2025-07-13T05:16:53.174+0000] {processor.py:183} INFO - Processing /opt/airflow/dags/realtime_global_flight_data.py took 0.173 seconds
[2025-07-13T05:17:24.003+0000] {processor.py:161} INFO - Started process (PID=13882) to work on /opt/airflow/dags/realtime_global_flight_data.py
[2025-07-13T05:17:24.004+0000] {processor.py:830} INFO - Processing file /opt/airflow/dags/realtime_global_flight_data.py for tasks to queue
[2025-07-13T05:17:24.004+0000] {logging_mixin.py:188} INFO - [2025-07-13T05:17:24.004+0000] {dagbag.py:538} INFO - Filling up the DagBag from /opt/airflow/dags/realtime_global_flight_data.py
[2025-07-13T05:17:24.223+0000] {processor.py:840} INFO - DAG(s) 'realtime_global_flight_data' retrieved from /opt/airflow/dags/realtime_global_flight_data.py
[2025-07-13T05:17:24.233+0000] {logging_mixin.py:188} INFO - [2025-07-13T05:17:24.233+0000] {dag.py:3036} INFO - Sync 1 DAGs
[2025-07-13T05:17:24.240+0000] {logging_mixin.py:188} INFO - [2025-07-13T05:17:24.240+0000] {dag.py:3823} INFO - Setting next_dagrun for realtime_global_flight_data to 2025-07-13 05:00:00+00:00, run_after=2025-07-13 05:15:00+00:00
[2025-07-13T05:17:24.246+0000] {processor.py:183} INFO - Processing /opt/airflow/dags/realtime_global_flight_data.py took 0.245 seconds
[2025-07-13T05:17:55.087+0000] {processor.py:161} INFO - Started process (PID=13922) to work on /opt/airflow/dags/realtime_global_flight_data.py
[2025-07-13T05:17:55.088+0000] {processor.py:830} INFO - Processing file /opt/airflow/dags/realtime_global_flight_data.py for tasks to queue
[2025-07-13T05:17:55.089+0000] {logging_mixin.py:188} INFO - [2025-07-13T05:17:55.088+0000] {dagbag.py:538} INFO - Filling up the DagBag from /opt/airflow/dags/realtime_global_flight_data.py
[2025-07-13T05:17:55.311+0000] {processor.py:840} INFO - DAG(s) 'realtime_global_flight_data' retrieved from /opt/airflow/dags/realtime_global_flight_data.py
[2025-07-13T05:17:55.322+0000] {logging_mixin.py:188} INFO - [2025-07-13T05:17:55.322+0000] {dag.py:3036} INFO - Sync 1 DAGs
[2025-07-13T05:17:55.330+0000] {logging_mixin.py:188} INFO - [2025-07-13T05:17:55.329+0000] {dag.py:3823} INFO - Setting next_dagrun for realtime_global_flight_data to 2025-07-13 05:00:00+00:00, run_after=2025-07-13 05:15:00+00:00
[2025-07-13T05:17:55.337+0000] {processor.py:183} INFO - Processing /opt/airflow/dags/realtime_global_flight_data.py took 0.253 seconds
[2025-07-13T05:18:25.989+0000] {processor.py:161} INFO - Started process (PID=13962) to work on /opt/airflow/dags/realtime_global_flight_data.py
[2025-07-13T05:18:25.990+0000] {processor.py:830} INFO - Processing file /opt/airflow/dags/realtime_global_flight_data.py for tasks to queue
[2025-07-13T05:18:25.991+0000] {logging_mixin.py:188} INFO - [2025-07-13T05:18:25.990+0000] {dagbag.py:538} INFO - Filling up the DagBag from /opt/airflow/dags/realtime_global_flight_data.py
[2025-07-13T05:18:26.478+0000] {processor.py:840} INFO - DAG(s) 'realtime_global_flight_data' retrieved from /opt/airflow/dags/realtime_global_flight_data.py
[2025-07-13T05:18:26.499+0000] {logging_mixin.py:188} INFO - [2025-07-13T05:18:26.499+0000] {dag.py:3036} INFO - Sync 1 DAGs
[2025-07-13T05:18:26.508+0000] {logging_mixin.py:188} INFO - [2025-07-13T05:18:26.508+0000] {dag.py:3823} INFO - Setting next_dagrun for realtime_global_flight_data to 2025-07-13 05:00:00+00:00, run_after=2025-07-13 05:15:00+00:00
[2025-07-13T05:18:26.516+0000] {processor.py:183} INFO - Processing /opt/airflow/dags/realtime_global_flight_data.py took 0.536 seconds
[2025-07-13T05:18:56.731+0000] {processor.py:161} INFO - Started process (PID=14002) to work on /opt/airflow/dags/realtime_global_flight_data.py
[2025-07-13T05:18:56.732+0000] {processor.py:830} INFO - Processing file /opt/airflow/dags/realtime_global_flight_data.py for tasks to queue
[2025-07-13T05:18:56.733+0000] {logging_mixin.py:188} INFO - [2025-07-13T05:18:56.733+0000] {dagbag.py:538} INFO - Filling up the DagBag from /opt/airflow/dags/realtime_global_flight_data.py
[2025-07-13T05:18:57.305+0000] {processor.py:840} INFO - DAG(s) 'realtime_global_flight_data' retrieved from /opt/airflow/dags/realtime_global_flight_data.py
[2025-07-13T05:18:57.318+0000] {logging_mixin.py:188} INFO - [2025-07-13T05:18:57.318+0000] {dag.py:3036} INFO - Sync 1 DAGs
[2025-07-13T05:18:57.329+0000] {logging_mixin.py:188} INFO - [2025-07-13T05:18:57.328+0000] {dag.py:3823} INFO - Setting next_dagrun for realtime_global_flight_data to 2025-07-13 05:00:00+00:00, run_after=2025-07-13 05:15:00+00:00
[2025-07-13T05:18:57.338+0000] {processor.py:183} INFO - Processing /opt/airflow/dags/realtime_global_flight_data.py took 0.610 seconds
[2025-07-13T05:19:27.452+0000] {processor.py:161} INFO - Started process (PID=14042) to work on /opt/airflow/dags/realtime_global_flight_data.py
[2025-07-13T05:19:27.454+0000] {processor.py:830} INFO - Processing file /opt/airflow/dags/realtime_global_flight_data.py for tasks to queue
[2025-07-13T05:19:27.455+0000] {logging_mixin.py:188} INFO - [2025-07-13T05:19:27.454+0000] {dagbag.py:538} INFO - Filling up the DagBag from /opt/airflow/dags/realtime_global_flight_data.py
[2025-07-13T05:19:27.881+0000] {processor.py:840} INFO - DAG(s) 'realtime_global_flight_data' retrieved from /opt/airflow/dags/realtime_global_flight_data.py
[2025-07-13T05:19:27.897+0000] {logging_mixin.py:188} INFO - [2025-07-13T05:19:27.897+0000] {dag.py:3036} INFO - Sync 1 DAGs
[2025-07-13T05:19:27.908+0000] {logging_mixin.py:188} INFO - [2025-07-13T05:19:27.908+0000] {dag.py:3823} INFO - Setting next_dagrun for realtime_global_flight_data to 2025-07-13 05:00:00+00:00, run_after=2025-07-13 05:15:00+00:00
[2025-07-13T05:19:27.916+0000] {processor.py:183} INFO - Processing /opt/airflow/dags/realtime_global_flight_data.py took 0.468 seconds
[2025-07-13T05:19:58.170+0000] {processor.py:161} INFO - Started process (PID=14082) to work on /opt/airflow/dags/realtime_global_flight_data.py
[2025-07-13T05:19:58.171+0000] {processor.py:830} INFO - Processing file /opt/airflow/dags/realtime_global_flight_data.py for tasks to queue
[2025-07-13T05:19:58.172+0000] {logging_mixin.py:188} INFO - [2025-07-13T05:19:58.172+0000] {dagbag.py:538} INFO - Filling up the DagBag from /opt/airflow/dags/realtime_global_flight_data.py
[2025-07-13T05:19:58.338+0000] {processor.py:840} INFO - DAG(s) 'realtime_global_flight_data' retrieved from /opt/airflow/dags/realtime_global_flight_data.py
[2025-07-13T05:19:58.356+0000] {logging_mixin.py:188} INFO - [2025-07-13T05:19:58.356+0000] {dag.py:3036} INFO - Sync 1 DAGs
[2025-07-13T05:19:58.367+0000] {logging_mixin.py:188} INFO - [2025-07-13T05:19:58.367+0000] {dag.py:3823} INFO - Setting next_dagrun for realtime_global_flight_data to 2025-07-13 05:00:00+00:00, run_after=2025-07-13 05:15:00+00:00
[2025-07-13T05:19:58.374+0000] {processor.py:183} INFO - Processing /opt/airflow/dags/realtime_global_flight_data.py took 0.207 seconds
[2025-07-13T05:20:29.322+0000] {processor.py:161} INFO - Started process (PID=14122) to work on /opt/airflow/dags/realtime_global_flight_data.py
[2025-07-13T05:20:29.323+0000] {processor.py:830} INFO - Processing file /opt/airflow/dags/realtime_global_flight_data.py for tasks to queue
[2025-07-13T05:20:29.324+0000] {logging_mixin.py:188} INFO - [2025-07-13T05:20:29.324+0000] {dagbag.py:538} INFO - Filling up the DagBag from /opt/airflow/dags/realtime_global_flight_data.py
[2025-07-13T05:20:29.480+0000] {processor.py:840} INFO - DAG(s) 'realtime_global_flight_data' retrieved from /opt/airflow/dags/realtime_global_flight_data.py
[2025-07-13T05:20:29.503+0000] {logging_mixin.py:188} INFO - [2025-07-13T05:20:29.503+0000] {dag.py:3036} INFO - Sync 1 DAGs
[2025-07-13T05:20:29.516+0000] {logging_mixin.py:188} INFO - [2025-07-13T05:20:29.516+0000] {dag.py:3823} INFO - Setting next_dagrun for realtime_global_flight_data to 2025-07-13 05:00:00+00:00, run_after=2025-07-13 05:15:00+00:00
[2025-07-13T05:20:29.528+0000] {processor.py:183} INFO - Processing /opt/airflow/dags/realtime_global_flight_data.py took 0.211 seconds
[2025-07-13T05:21:00.429+0000] {processor.py:161} INFO - Started process (PID=14162) to work on /opt/airflow/dags/realtime_global_flight_data.py
[2025-07-13T05:21:00.430+0000] {processor.py:830} INFO - Processing file /opt/airflow/dags/realtime_global_flight_data.py for tasks to queue
[2025-07-13T05:21:00.431+0000] {logging_mixin.py:188} INFO - [2025-07-13T05:21:00.431+0000] {dagbag.py:538} INFO - Filling up the DagBag from /opt/airflow/dags/realtime_global_flight_data.py
[2025-07-13T05:21:00.669+0000] {processor.py:840} INFO - DAG(s) 'realtime_global_flight_data' retrieved from /opt/airflow/dags/realtime_global_flight_data.py
[2025-07-13T05:21:00.696+0000] {logging_mixin.py:188} INFO - [2025-07-13T05:21:00.695+0000] {dag.py:3036} INFO - Sync 1 DAGs
[2025-07-13T05:21:00.712+0000] {logging_mixin.py:188} INFO - [2025-07-13T05:21:00.712+0000] {dag.py:3823} INFO - Setting next_dagrun for realtime_global_flight_data to 2025-07-13 05:00:00+00:00, run_after=2025-07-13 05:15:00+00:00
[2025-07-13T05:21:00.732+0000] {processor.py:183} INFO - Processing /opt/airflow/dags/realtime_global_flight_data.py took 0.306 seconds
[2025-07-13T05:21:31.493+0000] {processor.py:161} INFO - Started process (PID=14202) to work on /opt/airflow/dags/realtime_global_flight_data.py
[2025-07-13T05:21:31.497+0000] {processor.py:830} INFO - Processing file /opt/airflow/dags/realtime_global_flight_data.py for tasks to queue
[2025-07-13T05:21:31.499+0000] {logging_mixin.py:188} INFO - [2025-07-13T05:21:31.498+0000] {dagbag.py:538} INFO - Filling up the DagBag from /opt/airflow/dags/realtime_global_flight_data.py
[2025-07-13T05:21:31.747+0000] {processor.py:840} INFO - DAG(s) 'realtime_global_flight_data' retrieved from /opt/airflow/dags/realtime_global_flight_data.py
[2025-07-13T05:21:31.775+0000] {logging_mixin.py:188} INFO - [2025-07-13T05:21:31.774+0000] {dag.py:3036} INFO - Sync 1 DAGs
[2025-07-13T05:21:31.791+0000] {logging_mixin.py:188} INFO - [2025-07-13T05:21:31.791+0000] {dag.py:3823} INFO - Setting next_dagrun for realtime_global_flight_data to 2025-07-13 05:00:00+00:00, run_after=2025-07-13 05:15:00+00:00
[2025-07-13T05:21:31.805+0000] {processor.py:183} INFO - Processing /opt/airflow/dags/realtime_global_flight_data.py took 0.326 seconds
[2025-07-13T05:22:01.982+0000] {processor.py:161} INFO - Started process (PID=14242) to work on /opt/airflow/dags/realtime_global_flight_data.py
[2025-07-13T05:22:01.983+0000] {processor.py:830} INFO - Processing file /opt/airflow/dags/realtime_global_flight_data.py for tasks to queue
[2025-07-13T05:22:01.984+0000] {logging_mixin.py:188} INFO - [2025-07-13T05:22:01.983+0000] {dagbag.py:538} INFO - Filling up the DagBag from /opt/airflow/dags/realtime_global_flight_data.py
[2025-07-13T05:22:02.145+0000] {processor.py:840} INFO - DAG(s) 'realtime_global_flight_data' retrieved from /opt/airflow/dags/realtime_global_flight_data.py
[2025-07-13T05:22:02.162+0000] {logging_mixin.py:188} INFO - [2025-07-13T05:22:02.162+0000] {dag.py:3036} INFO - Sync 1 DAGs
[2025-07-13T05:22:02.174+0000] {logging_mixin.py:188} INFO - [2025-07-13T05:22:02.174+0000] {dag.py:3823} INFO - Setting next_dagrun for realtime_global_flight_data to 2025-07-13 05:00:00+00:00, run_after=2025-07-13 05:15:00+00:00
[2025-07-13T05:22:02.281+0000] {processor.py:183} INFO - Processing /opt/airflow/dags/realtime_global_flight_data.py took 0.303 seconds
[2025-07-13T05:22:32.889+0000] {processor.py:161} INFO - Started process (PID=14282) to work on /opt/airflow/dags/realtime_global_flight_data.py
[2025-07-13T05:22:32.891+0000] {processor.py:830} INFO - Processing file /opt/airflow/dags/realtime_global_flight_data.py for tasks to queue
[2025-07-13T05:22:32.892+0000] {logging_mixin.py:188} INFO - [2025-07-13T05:22:32.892+0000] {dagbag.py:538} INFO - Filling up the DagBag from /opt/airflow/dags/realtime_global_flight_data.py
[2025-07-13T05:22:33.121+0000] {processor.py:840} INFO - DAG(s) 'realtime_global_flight_data' retrieved from /opt/airflow/dags/realtime_global_flight_data.py
[2025-07-13T05:22:33.146+0000] {logging_mixin.py:188} INFO - [2025-07-13T05:22:33.146+0000] {dag.py:3036} INFO - Sync 1 DAGs
[2025-07-13T05:22:33.318+0000] {logging_mixin.py:188} INFO - [2025-07-13T05:22:33.318+0000] {dag.py:3823} INFO - Setting next_dagrun for realtime_global_flight_data to 2025-07-13 05:00:00+00:00, run_after=2025-07-13 05:15:00+00:00
[2025-07-13T05:22:33.328+0000] {processor.py:183} INFO - Processing /opt/airflow/dags/realtime_global_flight_data.py took 0.450 seconds
[2025-07-13T05:23:03.424+0000] {processor.py:161} INFO - Started process (PID=14322) to work on /opt/airflow/dags/realtime_global_flight_data.py
[2025-07-13T05:23:03.424+0000] {processor.py:830} INFO - Processing file /opt/airflow/dags/realtime_global_flight_data.py for tasks to queue
[2025-07-13T05:23:03.425+0000] {logging_mixin.py:188} INFO - [2025-07-13T05:23:03.425+0000] {dagbag.py:538} INFO - Filling up the DagBag from /opt/airflow/dags/realtime_global_flight_data.py
[2025-07-13T05:23:03.536+0000] {processor.py:840} INFO - DAG(s) 'realtime_global_flight_data' retrieved from /opt/airflow/dags/realtime_global_flight_data.py
[2025-07-13T05:23:03.675+0000] {logging_mixin.py:188} INFO - [2025-07-13T05:23:03.675+0000] {dag.py:3036} INFO - Sync 1 DAGs
[2025-07-13T05:23:03.683+0000] {logging_mixin.py:188} INFO - [2025-07-13T05:23:03.683+0000] {dag.py:3823} INFO - Setting next_dagrun for realtime_global_flight_data to 2025-07-13 05:00:00+00:00, run_after=2025-07-13 05:15:00+00:00
[2025-07-13T05:23:03.690+0000] {processor.py:183} INFO - Processing /opt/airflow/dags/realtime_global_flight_data.py took 0.269 seconds
[2025-07-13T05:23:33.982+0000] {processor.py:161} INFO - Started process (PID=14365) to work on /opt/airflow/dags/realtime_global_flight_data.py
[2025-07-13T05:23:33.982+0000] {processor.py:830} INFO - Processing file /opt/airflow/dags/realtime_global_flight_data.py for tasks to queue
[2025-07-13T05:23:33.983+0000] {logging_mixin.py:188} INFO - [2025-07-13T05:23:33.983+0000] {dagbag.py:538} INFO - Filling up the DagBag from /opt/airflow/dags/realtime_global_flight_data.py
[2025-07-13T05:23:34.188+0000] {processor.py:840} INFO - DAG(s) 'realtime_global_flight_data' retrieved from /opt/airflow/dags/realtime_global_flight_data.py
[2025-07-13T05:23:34.198+0000] {logging_mixin.py:188} INFO - [2025-07-13T05:23:34.198+0000] {dag.py:3036} INFO - Sync 1 DAGs
[2025-07-13T05:23:34.206+0000] {logging_mixin.py:188} INFO - [2025-07-13T05:23:34.206+0000] {dag.py:3823} INFO - Setting next_dagrun for realtime_global_flight_data to 2025-07-13 05:00:00+00:00, run_after=2025-07-13 05:15:00+00:00
[2025-07-13T05:23:34.213+0000] {processor.py:183} INFO - Processing /opt/airflow/dags/realtime_global_flight_data.py took 0.233 seconds
[2025-07-13T05:24:04.612+0000] {processor.py:161} INFO - Started process (PID=14405) to work on /opt/airflow/dags/realtime_global_flight_data.py
[2025-07-13T05:24:04.613+0000] {processor.py:830} INFO - Processing file /opt/airflow/dags/realtime_global_flight_data.py for tasks to queue
[2025-07-13T05:24:04.613+0000] {logging_mixin.py:188} INFO - [2025-07-13T05:24:04.613+0000] {dagbag.py:538} INFO - Filling up the DagBag from /opt/airflow/dags/realtime_global_flight_data.py
[2025-07-13T05:24:04.902+0000] {processor.py:840} INFO - DAG(s) 'realtime_global_flight_data' retrieved from /opt/airflow/dags/realtime_global_flight_data.py
[2025-07-13T05:24:04.915+0000] {logging_mixin.py:188} INFO - [2025-07-13T05:24:04.915+0000] {dag.py:3036} INFO - Sync 1 DAGs
[2025-07-13T05:24:04.926+0000] {logging_mixin.py:188} INFO - [2025-07-13T05:24:04.926+0000] {dag.py:3823} INFO - Setting next_dagrun for realtime_global_flight_data to 2025-07-13 05:00:00+00:00, run_after=2025-07-13 05:15:00+00:00
[2025-07-13T05:24:04.934+0000] {processor.py:183} INFO - Processing /opt/airflow/dags/realtime_global_flight_data.py took 0.325 seconds
[2025-07-13T05:24:35.141+0000] {processor.py:161} INFO - Started process (PID=14445) to work on /opt/airflow/dags/realtime_global_flight_data.py
[2025-07-13T05:24:35.142+0000] {processor.py:830} INFO - Processing file /opt/airflow/dags/realtime_global_flight_data.py for tasks to queue
[2025-07-13T05:24:35.142+0000] {logging_mixin.py:188} INFO - [2025-07-13T05:24:35.142+0000] {dagbag.py:538} INFO - Filling up the DagBag from /opt/airflow/dags/realtime_global_flight_data.py
[2025-07-13T05:24:35.363+0000] {processor.py:840} INFO - DAG(s) 'realtime_global_flight_data' retrieved from /opt/airflow/dags/realtime_global_flight_data.py
[2025-07-13T05:24:35.376+0000] {logging_mixin.py:188} INFO - [2025-07-13T05:24:35.376+0000] {dag.py:3036} INFO - Sync 1 DAGs
[2025-07-13T05:24:35.385+0000] {logging_mixin.py:188} INFO - [2025-07-13T05:24:35.384+0000] {dag.py:3823} INFO - Setting next_dagrun for realtime_global_flight_data to 2025-07-13 05:00:00+00:00, run_after=2025-07-13 05:15:00+00:00
[2025-07-13T05:24:35.393+0000] {processor.py:183} INFO - Processing /opt/airflow/dags/realtime_global_flight_data.py took 0.253 seconds
[2025-07-13T05:25:05.495+0000] {processor.py:161} INFO - Started process (PID=14482) to work on /opt/airflow/dags/realtime_global_flight_data.py
[2025-07-13T05:25:05.496+0000] {processor.py:830} INFO - Processing file /opt/airflow/dags/realtime_global_flight_data.py for tasks to queue
[2025-07-13T05:25:05.497+0000] {logging_mixin.py:188} INFO - [2025-07-13T05:25:05.497+0000] {dagbag.py:538} INFO - Filling up the DagBag from /opt/airflow/dags/realtime_global_flight_data.py
[2025-07-13T05:25:05.888+0000] {processor.py:840} INFO - DAG(s) 'realtime_global_flight_data' retrieved from /opt/airflow/dags/realtime_global_flight_data.py
[2025-07-13T05:25:05.904+0000] {logging_mixin.py:188} INFO - [2025-07-13T05:25:05.904+0000] {dag.py:3036} INFO - Sync 1 DAGs
[2025-07-13T05:25:05.914+0000] {logging_mixin.py:188} INFO - [2025-07-13T05:25:05.914+0000] {dag.py:3823} INFO - Setting next_dagrun for realtime_global_flight_data to 2025-07-13 05:00:00+00:00, run_after=2025-07-13 05:15:00+00:00
[2025-07-13T05:25:05.924+0000] {processor.py:183} INFO - Processing /opt/airflow/dags/realtime_global_flight_data.py took 0.433 seconds
[2025-07-13T05:25:36.050+0000] {processor.py:161} INFO - Started process (PID=14522) to work on /opt/airflow/dags/realtime_global_flight_data.py
[2025-07-13T05:25:36.051+0000] {processor.py:830} INFO - Processing file /opt/airflow/dags/realtime_global_flight_data.py for tasks to queue
[2025-07-13T05:25:36.052+0000] {logging_mixin.py:188} INFO - [2025-07-13T05:25:36.052+0000] {dagbag.py:538} INFO - Filling up the DagBag from /opt/airflow/dags/realtime_global_flight_data.py
[2025-07-13T05:25:36.365+0000] {processor.py:840} INFO - DAG(s) 'realtime_global_flight_data' retrieved from /opt/airflow/dags/realtime_global_flight_data.py
[2025-07-13T05:25:36.377+0000] {logging_mixin.py:188} INFO - [2025-07-13T05:25:36.376+0000] {dag.py:3036} INFO - Sync 1 DAGs
[2025-07-13T05:25:36.386+0000] {logging_mixin.py:188} INFO - [2025-07-13T05:25:36.386+0000] {dag.py:3823} INFO - Setting next_dagrun for realtime_global_flight_data to 2025-07-13 05:00:00+00:00, run_after=2025-07-13 05:15:00+00:00
[2025-07-13T05:25:36.393+0000] {processor.py:183} INFO - Processing /opt/airflow/dags/realtime_global_flight_data.py took 0.346 seconds
[2025-07-13T05:26:07.101+0000] {processor.py:161} INFO - Started process (PID=14562) to work on /opt/airflow/dags/realtime_global_flight_data.py
[2025-07-13T05:26:07.103+0000] {processor.py:830} INFO - Processing file /opt/airflow/dags/realtime_global_flight_data.py for tasks to queue
[2025-07-13T05:26:07.103+0000] {logging_mixin.py:188} INFO - [2025-07-13T05:26:07.103+0000] {dagbag.py:538} INFO - Filling up the DagBag from /opt/airflow/dags/realtime_global_flight_data.py
[2025-07-13T05:26:07.323+0000] {processor.py:840} INFO - DAG(s) 'realtime_global_flight_data' retrieved from /opt/airflow/dags/realtime_global_flight_data.py
[2025-07-13T05:26:07.341+0000] {logging_mixin.py:188} INFO - [2025-07-13T05:26:07.341+0000] {dag.py:3036} INFO - Sync 1 DAGs
[2025-07-13T05:26:07.360+0000] {logging_mixin.py:188} INFO - [2025-07-13T05:26:07.360+0000] {dag.py:3823} INFO - Setting next_dagrun for realtime_global_flight_data to 2025-07-13 05:00:00+00:00, run_after=2025-07-13 05:15:00+00:00
[2025-07-13T05:26:07.379+0000] {processor.py:183} INFO - Processing /opt/airflow/dags/realtime_global_flight_data.py took 0.288 seconds
[2025-07-13T05:26:37.516+0000] {processor.py:161} INFO - Started process (PID=14602) to work on /opt/airflow/dags/realtime_global_flight_data.py
[2025-07-13T05:26:37.517+0000] {processor.py:830} INFO - Processing file /opt/airflow/dags/realtime_global_flight_data.py for tasks to queue
[2025-07-13T05:26:37.518+0000] {logging_mixin.py:188} INFO - [2025-07-13T05:26:37.517+0000] {dagbag.py:538} INFO - Filling up the DagBag from /opt/airflow/dags/realtime_global_flight_data.py
[2025-07-13T05:26:37.684+0000] {processor.py:840} INFO - DAG(s) 'realtime_global_flight_data' retrieved from /opt/airflow/dags/realtime_global_flight_data.py
[2025-07-13T05:26:37.706+0000] {logging_mixin.py:188} INFO - [2025-07-13T05:26:37.705+0000] {dag.py:3036} INFO - Sync 1 DAGs
[2025-07-13T05:26:37.717+0000] {logging_mixin.py:188} INFO - [2025-07-13T05:26:37.717+0000] {dag.py:3823} INFO - Setting next_dagrun for realtime_global_flight_data to 2025-07-13 05:00:00+00:00, run_after=2025-07-13 05:15:00+00:00
[2025-07-13T05:26:37.729+0000] {processor.py:183} INFO - Processing /opt/airflow/dags/realtime_global_flight_data.py took 0.218 seconds
[2025-07-13T05:27:08.381+0000] {processor.py:161} INFO - Started process (PID=14642) to work on /opt/airflow/dags/realtime_global_flight_data.py
[2025-07-13T05:27:08.381+0000] {processor.py:830} INFO - Processing file /opt/airflow/dags/realtime_global_flight_data.py for tasks to queue
[2025-07-13T05:27:08.382+0000] {logging_mixin.py:188} INFO - [2025-07-13T05:27:08.382+0000] {dagbag.py:538} INFO - Filling up the DagBag from /opt/airflow/dags/realtime_global_flight_data.py
[2025-07-13T05:27:08.493+0000] {processor.py:840} INFO - DAG(s) 'realtime_global_flight_data' retrieved from /opt/airflow/dags/realtime_global_flight_data.py
[2025-07-13T05:27:08.505+0000] {logging_mixin.py:188} INFO - [2025-07-13T05:27:08.505+0000] {dag.py:3036} INFO - Sync 1 DAGs
[2025-07-13T05:27:08.514+0000] {logging_mixin.py:188} INFO - [2025-07-13T05:27:08.514+0000] {dag.py:3823} INFO - Setting next_dagrun for realtime_global_flight_data to 2025-07-13 05:00:00+00:00, run_after=2025-07-13 05:15:00+00:00
[2025-07-13T05:27:08.521+0000] {processor.py:183} INFO - Processing /opt/airflow/dags/realtime_global_flight_data.py took 0.143 seconds
[2025-07-13T05:27:39.225+0000] {processor.py:161} INFO - Started process (PID=14682) to work on /opt/airflow/dags/realtime_global_flight_data.py
[2025-07-13T05:27:39.227+0000] {processor.py:830} INFO - Processing file /opt/airflow/dags/realtime_global_flight_data.py for tasks to queue
[2025-07-13T05:27:39.228+0000] {logging_mixin.py:188} INFO - [2025-07-13T05:27:39.228+0000] {dagbag.py:538} INFO - Filling up the DagBag from /opt/airflow/dags/realtime_global_flight_data.py
[2025-07-13T05:27:39.403+0000] {processor.py:840} INFO - DAG(s) 'realtime_global_flight_data' retrieved from /opt/airflow/dags/realtime_global_flight_data.py
[2025-07-13T05:27:39.426+0000] {logging_mixin.py:188} INFO - [2025-07-13T05:27:39.426+0000] {dag.py:3036} INFO - Sync 1 DAGs
[2025-07-13T05:27:39.441+0000] {logging_mixin.py:188} INFO - [2025-07-13T05:27:39.441+0000] {dag.py:3823} INFO - Setting next_dagrun for realtime_global_flight_data to 2025-07-13 05:00:00+00:00, run_after=2025-07-13 05:15:00+00:00
[2025-07-13T05:27:39.451+0000] {processor.py:183} INFO - Processing /opt/airflow/dags/realtime_global_flight_data.py took 0.230 seconds
[2025-07-13T05:28:10.112+0000] {processor.py:161} INFO - Started process (PID=14722) to work on /opt/airflow/dags/realtime_global_flight_data.py
[2025-07-13T05:28:10.116+0000] {processor.py:830} INFO - Processing file /opt/airflow/dags/realtime_global_flight_data.py for tasks to queue
[2025-07-13T05:28:10.117+0000] {logging_mixin.py:188} INFO - [2025-07-13T05:28:10.117+0000] {dagbag.py:538} INFO - Filling up the DagBag from /opt/airflow/dags/realtime_global_flight_data.py
[2025-07-13T05:28:10.295+0000] {processor.py:840} INFO - DAG(s) 'realtime_global_flight_data' retrieved from /opt/airflow/dags/realtime_global_flight_data.py
[2025-07-13T05:28:10.318+0000] {logging_mixin.py:188} INFO - [2025-07-13T05:28:10.317+0000] {dag.py:3036} INFO - Sync 1 DAGs
[2025-07-13T05:28:10.331+0000] {logging_mixin.py:188} INFO - [2025-07-13T05:28:10.331+0000] {dag.py:3823} INFO - Setting next_dagrun for realtime_global_flight_data to 2025-07-13 05:00:00+00:00, run_after=2025-07-13 05:15:00+00:00
[2025-07-13T05:28:10.340+0000] {processor.py:183} INFO - Processing /opt/airflow/dags/realtime_global_flight_data.py took 0.232 seconds
[2025-07-13T05:28:41.056+0000] {processor.py:161} INFO - Started process (PID=14762) to work on /opt/airflow/dags/realtime_global_flight_data.py
[2025-07-13T05:28:41.057+0000] {processor.py:830} INFO - Processing file /opt/airflow/dags/realtime_global_flight_data.py for tasks to queue
[2025-07-13T05:28:41.058+0000] {logging_mixin.py:188} INFO - [2025-07-13T05:28:41.058+0000] {dagbag.py:538} INFO - Filling up the DagBag from /opt/airflow/dags/realtime_global_flight_data.py
[2025-07-13T05:28:41.216+0000] {processor.py:840} INFO - DAG(s) 'realtime_global_flight_data' retrieved from /opt/airflow/dags/realtime_global_flight_data.py
[2025-07-13T05:28:41.237+0000] {logging_mixin.py:188} INFO - [2025-07-13T05:28:41.237+0000] {dag.py:3036} INFO - Sync 1 DAGs
[2025-07-13T05:28:41.250+0000] {logging_mixin.py:188} INFO - [2025-07-13T05:28:41.249+0000] {dag.py:3823} INFO - Setting next_dagrun for realtime_global_flight_data to 2025-07-13 05:00:00+00:00, run_after=2025-07-13 05:15:00+00:00
[2025-07-13T05:28:41.258+0000] {processor.py:183} INFO - Processing /opt/airflow/dags/realtime_global_flight_data.py took 0.206 seconds
[2025-07-13T05:29:11.305+0000] {processor.py:161} INFO - Started process (PID=14799) to work on /opt/airflow/dags/realtime_global_flight_data.py
[2025-07-13T05:29:11.307+0000] {processor.py:830} INFO - Processing file /opt/airflow/dags/realtime_global_flight_data.py for tasks to queue
[2025-07-13T05:29:11.308+0000] {logging_mixin.py:188} INFO - [2025-07-13T05:29:11.307+0000] {dagbag.py:538} INFO - Filling up the DagBag from /opt/airflow/dags/realtime_global_flight_data.py
[2025-07-13T05:29:11.425+0000] {processor.py:840} INFO - DAG(s) 'realtime_global_flight_data' retrieved from /opt/airflow/dags/realtime_global_flight_data.py
[2025-07-13T05:29:11.436+0000] {logging_mixin.py:188} INFO - [2025-07-13T05:29:11.436+0000] {dag.py:3036} INFO - Sync 1 DAGs
[2025-07-13T05:29:11.444+0000] {logging_mixin.py:188} INFO - [2025-07-13T05:29:11.444+0000] {dag.py:3823} INFO - Setting next_dagrun for realtime_global_flight_data to 2025-07-13 05:00:00+00:00, run_after=2025-07-13 05:15:00+00:00
[2025-07-13T05:29:11.450+0000] {processor.py:183} INFO - Processing /opt/airflow/dags/realtime_global_flight_data.py took 0.150 seconds
[2025-07-13T05:29:41.513+0000] {processor.py:161} INFO - Started process (PID=14839) to work on /opt/airflow/dags/realtime_global_flight_data.py
[2025-07-13T05:29:41.514+0000] {processor.py:830} INFO - Processing file /opt/airflow/dags/realtime_global_flight_data.py for tasks to queue
[2025-07-13T05:29:41.515+0000] {logging_mixin.py:188} INFO - [2025-07-13T05:29:41.515+0000] {dagbag.py:538} INFO - Filling up the DagBag from /opt/airflow/dags/realtime_global_flight_data.py
[2025-07-13T05:29:41.753+0000] {processor.py:840} INFO - DAG(s) 'realtime_global_flight_data' retrieved from /opt/airflow/dags/realtime_global_flight_data.py
[2025-07-13T05:29:41.767+0000] {logging_mixin.py:188} INFO - [2025-07-13T05:29:41.767+0000] {dag.py:3036} INFO - Sync 1 DAGs
[2025-07-13T05:29:41.776+0000] {logging_mixin.py:188} INFO - [2025-07-13T05:29:41.776+0000] {dag.py:3823} INFO - Setting next_dagrun for realtime_global_flight_data to 2025-07-13 05:00:00+00:00, run_after=2025-07-13 05:15:00+00:00
[2025-07-13T05:29:41.783+0000] {processor.py:183} INFO - Processing /opt/airflow/dags/realtime_global_flight_data.py took 0.273 seconds
[2025-07-13T05:30:11.945+0000] {processor.py:161} INFO - Started process (PID=14879) to work on /opt/airflow/dags/realtime_global_flight_data.py
[2025-07-13T05:30:11.947+0000] {processor.py:830} INFO - Processing file /opt/airflow/dags/realtime_global_flight_data.py for tasks to queue
[2025-07-13T05:30:11.948+0000] {logging_mixin.py:188} INFO - [2025-07-13T05:30:11.948+0000] {dagbag.py:538} INFO - Filling up the DagBag from /opt/airflow/dags/realtime_global_flight_data.py
[2025-07-13T05:30:12.209+0000] {processor.py:840} INFO - DAG(s) 'realtime_global_flight_data' retrieved from /opt/airflow/dags/realtime_global_flight_data.py
[2025-07-13T05:30:12.221+0000] {logging_mixin.py:188} INFO - [2025-07-13T05:30:12.221+0000] {dag.py:3036} INFO - Sync 1 DAGs
[2025-07-13T05:30:12.231+0000] {logging_mixin.py:188} INFO - [2025-07-13T05:30:12.230+0000] {dag.py:3823} INFO - Setting next_dagrun for realtime_global_flight_data to 2025-07-13 05:15:00+00:00, run_after=2025-07-13 05:30:00+00:00
[2025-07-13T05:30:12.241+0000] {processor.py:183} INFO - Processing /opt/airflow/dags/realtime_global_flight_data.py took 0.303 seconds
[2025-07-13T05:30:42.493+0000] {processor.py:161} INFO - Started process (PID=14919) to work on /opt/airflow/dags/realtime_global_flight_data.py
[2025-07-13T05:30:42.493+0000] {processor.py:830} INFO - Processing file /opt/airflow/dags/realtime_global_flight_data.py for tasks to queue
[2025-07-13T05:30:42.494+0000] {logging_mixin.py:188} INFO - [2025-07-13T05:30:42.494+0000] {dagbag.py:538} INFO - Filling up the DagBag from /opt/airflow/dags/realtime_global_flight_data.py
[2025-07-13T05:30:42.685+0000] {processor.py:840} INFO - DAG(s) 'realtime_global_flight_data' retrieved from /opt/airflow/dags/realtime_global_flight_data.py
[2025-07-13T05:30:42.695+0000] {logging_mixin.py:188} INFO - [2025-07-13T05:30:42.695+0000] {dag.py:3036} INFO - Sync 1 DAGs
[2025-07-13T05:30:42.702+0000] {logging_mixin.py:188} INFO - [2025-07-13T05:30:42.702+0000] {dag.py:3823} INFO - Setting next_dagrun for realtime_global_flight_data to 2025-07-13 05:15:00+00:00, run_after=2025-07-13 05:30:00+00:00
[2025-07-13T05:30:42.708+0000] {processor.py:183} INFO - Processing /opt/airflow/dags/realtime_global_flight_data.py took 0.218 seconds
[2025-07-13T05:31:13.551+0000] {processor.py:161} INFO - Started process (PID=14962) to work on /opt/airflow/dags/realtime_global_flight_data.py
[2025-07-13T05:31:13.552+0000] {processor.py:830} INFO - Processing file /opt/airflow/dags/realtime_global_flight_data.py for tasks to queue
[2025-07-13T05:31:13.552+0000] {logging_mixin.py:188} INFO - [2025-07-13T05:31:13.552+0000] {dagbag.py:538} INFO - Filling up the DagBag from /opt/airflow/dags/realtime_global_flight_data.py
[2025-07-13T05:31:13.854+0000] {processor.py:840} INFO - DAG(s) 'realtime_global_flight_data' retrieved from /opt/airflow/dags/realtime_global_flight_data.py
[2025-07-13T05:31:13.866+0000] {logging_mixin.py:188} INFO - [2025-07-13T05:31:13.866+0000] {dag.py:3036} INFO - Sync 1 DAGs
[2025-07-13T05:31:13.875+0000] {logging_mixin.py:188} INFO - [2025-07-13T05:31:13.874+0000] {dag.py:3823} INFO - Setting next_dagrun for realtime_global_flight_data to 2025-07-13 05:15:00+00:00, run_after=2025-07-13 05:30:00+00:00
[2025-07-13T05:31:13.881+0000] {processor.py:183} INFO - Processing /opt/airflow/dags/realtime_global_flight_data.py took 0.334 seconds
[2025-07-13T05:31:44.281+0000] {processor.py:161} INFO - Started process (PID=15002) to work on /opt/airflow/dags/realtime_global_flight_data.py
[2025-07-13T05:31:44.282+0000] {processor.py:830} INFO - Processing file /opt/airflow/dags/realtime_global_flight_data.py for tasks to queue
[2025-07-13T05:31:44.282+0000] {logging_mixin.py:188} INFO - [2025-07-13T05:31:44.282+0000] {dagbag.py:538} INFO - Filling up the DagBag from /opt/airflow/dags/realtime_global_flight_data.py
[2025-07-13T05:31:44.656+0000] {processor.py:840} INFO - DAG(s) 'realtime_global_flight_data' retrieved from /opt/airflow/dags/realtime_global_flight_data.py
[2025-07-13T05:31:44.667+0000] {logging_mixin.py:188} INFO - [2025-07-13T05:31:44.667+0000] {dag.py:3036} INFO - Sync 1 DAGs
[2025-07-13T05:31:44.675+0000] {logging_mixin.py:188} INFO - [2025-07-13T05:31:44.675+0000] {dag.py:3823} INFO - Setting next_dagrun for realtime_global_flight_data to 2025-07-13 05:15:00+00:00, run_after=2025-07-13 05:30:00+00:00
[2025-07-13T05:31:44.682+0000] {processor.py:183} INFO - Processing /opt/airflow/dags/realtime_global_flight_data.py took 0.409 seconds
[2025-07-13T05:32:15.183+0000] {processor.py:161} INFO - Started process (PID=15042) to work on /opt/airflow/dags/realtime_global_flight_data.py
[2025-07-13T05:32:15.184+0000] {processor.py:830} INFO - Processing file /opt/airflow/dags/realtime_global_flight_data.py for tasks to queue
[2025-07-13T05:32:15.185+0000] {logging_mixin.py:188} INFO - [2025-07-13T05:32:15.185+0000] {dagbag.py:538} INFO - Filling up the DagBag from /opt/airflow/dags/realtime_global_flight_data.py
[2025-07-13T05:32:15.381+0000] {processor.py:840} INFO - DAG(s) 'realtime_global_flight_data' retrieved from /opt/airflow/dags/realtime_global_flight_data.py
[2025-07-13T05:32:15.417+0000] {logging_mixin.py:188} INFO - [2025-07-13T05:32:15.416+0000] {dag.py:3036} INFO - Sync 1 DAGs
[2025-07-13T05:32:15.430+0000] {logging_mixin.py:188} INFO - [2025-07-13T05:32:15.430+0000] {dag.py:3823} INFO - Setting next_dagrun for realtime_global_flight_data to 2025-07-13 05:15:00+00:00, run_after=2025-07-13 05:30:00+00:00
[2025-07-13T05:32:15.440+0000] {processor.py:183} INFO - Processing /opt/airflow/dags/realtime_global_flight_data.py took 0.260 seconds
[2025-07-13T05:32:45.650+0000] {processor.py:161} INFO - Started process (PID=15082) to work on /opt/airflow/dags/realtime_global_flight_data.py
[2025-07-13T05:32:45.651+0000] {processor.py:830} INFO - Processing file /opt/airflow/dags/realtime_global_flight_data.py for tasks to queue
[2025-07-13T05:32:45.651+0000] {logging_mixin.py:188} INFO - [2025-07-13T05:32:45.651+0000] {dagbag.py:538} INFO - Filling up the DagBag from /opt/airflow/dags/realtime_global_flight_data.py
[2025-07-13T05:32:45.798+0000] {processor.py:840} INFO - DAG(s) 'realtime_global_flight_data' retrieved from /opt/airflow/dags/realtime_global_flight_data.py
[2025-07-13T05:32:45.818+0000] {logging_mixin.py:188} INFO - [2025-07-13T05:32:45.818+0000] {dag.py:3036} INFO - Sync 1 DAGs
[2025-07-13T05:32:45.831+0000] {logging_mixin.py:188} INFO - [2025-07-13T05:32:45.831+0000] {dag.py:3823} INFO - Setting next_dagrun for realtime_global_flight_data to 2025-07-13 05:15:00+00:00, run_after=2025-07-13 05:30:00+00:00
[2025-07-13T05:32:45.840+0000] {processor.py:183} INFO - Processing /opt/airflow/dags/realtime_global_flight_data.py took 0.193 seconds
[2025-07-13T05:33:16.524+0000] {processor.py:161} INFO - Started process (PID=15122) to work on /opt/airflow/dags/realtime_global_flight_data.py
[2025-07-13T05:33:16.525+0000] {processor.py:830} INFO - Processing file /opt/airflow/dags/realtime_global_flight_data.py for tasks to queue
[2025-07-13T05:33:16.527+0000] {logging_mixin.py:188} INFO - [2025-07-13T05:33:16.526+0000] {dagbag.py:538} INFO - Filling up the DagBag from /opt/airflow/dags/realtime_global_flight_data.py
[2025-07-13T05:33:16.710+0000] {processor.py:840} INFO - DAG(s) 'realtime_global_flight_data' retrieved from /opt/airflow/dags/realtime_global_flight_data.py
[2025-07-13T05:33:16.743+0000] {logging_mixin.py:188} INFO - [2025-07-13T05:33:16.743+0000] {dag.py:3036} INFO - Sync 1 DAGs
[2025-07-13T05:33:16.759+0000] {logging_mixin.py:188} INFO - [2025-07-13T05:33:16.758+0000] {dag.py:3823} INFO - Setting next_dagrun for realtime_global_flight_data to 2025-07-13 05:15:00+00:00, run_after=2025-07-13 05:30:00+00:00
[2025-07-13T05:33:16.770+0000] {processor.py:183} INFO - Processing /opt/airflow/dags/realtime_global_flight_data.py took 0.251 seconds
[2025-07-13T05:33:46.906+0000] {processor.py:161} INFO - Started process (PID=15162) to work on /opt/airflow/dags/realtime_global_flight_data.py
[2025-07-13T05:33:46.907+0000] {processor.py:830} INFO - Processing file /opt/airflow/dags/realtime_global_flight_data.py for tasks to queue
[2025-07-13T05:33:46.908+0000] {logging_mixin.py:188} INFO - [2025-07-13T05:33:46.908+0000] {dagbag.py:538} INFO - Filling up the DagBag from /opt/airflow/dags/realtime_global_flight_data.py
[2025-07-13T05:33:47.118+0000] {processor.py:840} INFO - DAG(s) 'realtime_global_flight_data' retrieved from /opt/airflow/dags/realtime_global_flight_data.py
[2025-07-13T05:33:47.150+0000] {logging_mixin.py:188} INFO - [2025-07-13T05:33:47.150+0000] {dag.py:3036} INFO - Sync 1 DAGs
[2025-07-13T05:33:47.169+0000] {logging_mixin.py:188} INFO - [2025-07-13T05:33:47.169+0000] {dag.py:3823} INFO - Setting next_dagrun for realtime_global_flight_data to 2025-07-13 05:15:00+00:00, run_after=2025-07-13 05:30:00+00:00
[2025-07-13T05:33:47.180+0000] {processor.py:183} INFO - Processing /opt/airflow/dags/realtime_global_flight_data.py took 0.278 seconds
[2025-07-13T05:34:17.344+0000] {processor.py:161} INFO - Started process (PID=15202) to work on /opt/airflow/dags/realtime_global_flight_data.py
[2025-07-13T05:34:17.346+0000] {processor.py:830} INFO - Processing file /opt/airflow/dags/realtime_global_flight_data.py for tasks to queue
[2025-07-13T05:34:17.346+0000] {logging_mixin.py:188} INFO - [2025-07-13T05:34:17.346+0000] {dagbag.py:538} INFO - Filling up the DagBag from /opt/airflow/dags/realtime_global_flight_data.py
[2025-07-13T05:34:17.521+0000] {processor.py:840} INFO - DAG(s) 'realtime_global_flight_data' retrieved from /opt/airflow/dags/realtime_global_flight_data.py
[2025-07-13T05:34:17.558+0000] {logging_mixin.py:188} INFO - [2025-07-13T05:34:17.558+0000] {dag.py:3036} INFO - Sync 1 DAGs
[2025-07-13T05:34:17.615+0000] {logging_mixin.py:188} INFO - [2025-07-13T05:34:17.615+0000] {dag.py:3823} INFO - Setting next_dagrun for realtime_global_flight_data to 2025-07-13 05:15:00+00:00, run_after=2025-07-13 05:30:00+00:00
[2025-07-13T05:34:17.633+0000] {processor.py:183} INFO - Processing /opt/airflow/dags/realtime_global_flight_data.py took 0.293 seconds
[2025-07-13T05:34:47.958+0000] {processor.py:161} INFO - Started process (PID=15242) to work on /opt/airflow/dags/realtime_global_flight_data.py
[2025-07-13T05:34:47.959+0000] {processor.py:830} INFO - Processing file /opt/airflow/dags/realtime_global_flight_data.py for tasks to queue
[2025-07-13T05:34:47.961+0000] {logging_mixin.py:188} INFO - [2025-07-13T05:34:47.960+0000] {dagbag.py:538} INFO - Filling up the DagBag from /opt/airflow/dags/realtime_global_flight_data.py
[2025-07-13T05:34:48.131+0000] {processor.py:840} INFO - DAG(s) 'realtime_global_flight_data' retrieved from /opt/airflow/dags/realtime_global_flight_data.py
[2025-07-13T05:34:48.153+0000] {logging_mixin.py:188} INFO - [2025-07-13T05:34:48.153+0000] {dag.py:3036} INFO - Sync 1 DAGs
[2025-07-13T05:34:48.169+0000] {logging_mixin.py:188} INFO - [2025-07-13T05:34:48.168+0000] {dag.py:3823} INFO - Setting next_dagrun for realtime_global_flight_data to 2025-07-13 05:15:00+00:00, run_after=2025-07-13 05:30:00+00:00
[2025-07-13T05:34:48.259+0000] {processor.py:183} INFO - Processing /opt/airflow/dags/realtime_global_flight_data.py took 0.306 seconds
[2025-07-13T06:21:17.315+0000] {processor.py:161} INFO - Started process (PID=190) to work on /opt/airflow/dags/realtime_global_flight_data.py
[2025-07-13T06:21:17.317+0000] {processor.py:830} INFO - Processing file /opt/airflow/dags/realtime_global_flight_data.py for tasks to queue
[2025-07-13T06:21:17.318+0000] {logging_mixin.py:188} INFO - [2025-07-13T06:21:17.318+0000] {dagbag.py:538} INFO - Filling up the DagBag from /opt/airflow/dags/realtime_global_flight_data.py
[2025-07-13T06:21:17.827+0000] {processor.py:840} INFO - DAG(s) 'realtime_global_flight_data' retrieved from /opt/airflow/dags/realtime_global_flight_data.py
[2025-07-13T06:21:17.850+0000] {logging_mixin.py:188} INFO - [2025-07-13T06:21:17.850+0000] {dag.py:3036} INFO - Sync 1 DAGs
[2025-07-13T06:21:17.878+0000] {logging_mixin.py:188} INFO - [2025-07-13T06:21:17.878+0000] {dag.py:3823} INFO - Setting next_dagrun for realtime_global_flight_data to 2025-07-13 06:00:00+00:00, run_after=2025-07-13 06:15:00+00:00
[2025-07-13T06:21:17.907+0000] {processor.py:183} INFO - Processing /opt/airflow/dags/realtime_global_flight_data.py took 0.596 seconds
[2025-07-13T06:21:48.434+0000] {processor.py:161} INFO - Started process (PID=246) to work on /opt/airflow/dags/realtime_global_flight_data.py
[2025-07-13T06:21:48.435+0000] {processor.py:830} INFO - Processing file /opt/airflow/dags/realtime_global_flight_data.py for tasks to queue
[2025-07-13T06:21:48.436+0000] {logging_mixin.py:188} INFO - [2025-07-13T06:21:48.436+0000] {dagbag.py:538} INFO - Filling up the DagBag from /opt/airflow/dags/realtime_global_flight_data.py
[2025-07-13T06:21:48.796+0000] {processor.py:840} INFO - DAG(s) 'realtime_global_flight_data' retrieved from /opt/airflow/dags/realtime_global_flight_data.py
[2025-07-13T06:21:48.843+0000] {logging_mixin.py:188} INFO - [2025-07-13T06:21:48.842+0000] {dag.py:3036} INFO - Sync 1 DAGs
[2025-07-13T06:21:48.853+0000] {logging_mixin.py:188} INFO - [2025-07-13T06:21:48.853+0000] {dag.py:3823} INFO - Setting next_dagrun for realtime_global_flight_data to 2025-07-13 06:00:00+00:00, run_after=2025-07-13 06:15:00+00:00
[2025-07-13T06:21:48.862+0000] {processor.py:183} INFO - Processing /opt/airflow/dags/realtime_global_flight_data.py took 0.435 seconds
[2025-07-13T06:22:18.986+0000] {processor.py:161} INFO - Started process (PID=286) to work on /opt/airflow/dags/realtime_global_flight_data.py
[2025-07-13T06:22:18.987+0000] {processor.py:830} INFO - Processing file /opt/airflow/dags/realtime_global_flight_data.py for tasks to queue
[2025-07-13T06:22:18.988+0000] {logging_mixin.py:188} INFO - [2025-07-13T06:22:18.988+0000] {dagbag.py:538} INFO - Filling up the DagBag from /opt/airflow/dags/realtime_global_flight_data.py
[2025-07-13T06:22:19.433+0000] {processor.py:840} INFO - DAG(s) 'realtime_global_flight_data' retrieved from /opt/airflow/dags/realtime_global_flight_data.py
[2025-07-13T06:22:19.445+0000] {logging_mixin.py:188} INFO - [2025-07-13T06:22:19.444+0000] {dag.py:3036} INFO - Sync 1 DAGs
[2025-07-13T06:22:19.457+0000] {logging_mixin.py:188} INFO - [2025-07-13T06:22:19.456+0000] {dag.py:3823} INFO - Setting next_dagrun for realtime_global_flight_data to 2025-07-13 06:00:00+00:00, run_after=2025-07-13 06:15:00+00:00
[2025-07-13T06:22:19.468+0000] {processor.py:183} INFO - Processing /opt/airflow/dags/realtime_global_flight_data.py took 0.503 seconds
[2025-07-13T06:22:49.588+0000] {processor.py:161} INFO - Started process (PID=326) to work on /opt/airflow/dags/realtime_global_flight_data.py
[2025-07-13T06:22:49.589+0000] {processor.py:830} INFO - Processing file /opt/airflow/dags/realtime_global_flight_data.py for tasks to queue
[2025-07-13T06:22:49.589+0000] {logging_mixin.py:188} INFO - [2025-07-13T06:22:49.589+0000] {dagbag.py:538} INFO - Filling up the DagBag from /opt/airflow/dags/realtime_global_flight_data.py
[2025-07-13T06:22:49.833+0000] {processor.py:840} INFO - DAG(s) 'realtime_global_flight_data' retrieved from /opt/airflow/dags/realtime_global_flight_data.py
[2025-07-13T06:22:49.843+0000] {logging_mixin.py:188} INFO - [2025-07-13T06:22:49.843+0000] {dag.py:3036} INFO - Sync 1 DAGs
[2025-07-13T06:22:49.850+0000] {logging_mixin.py:188} INFO - [2025-07-13T06:22:49.850+0000] {dag.py:3823} INFO - Setting next_dagrun for realtime_global_flight_data to 2025-07-13 06:00:00+00:00, run_after=2025-07-13 06:15:00+00:00
[2025-07-13T06:22:49.857+0000] {processor.py:183} INFO - Processing /opt/airflow/dags/realtime_global_flight_data.py took 0.272 seconds
[2025-07-13T06:23:20.613+0000] {processor.py:161} INFO - Started process (PID=366) to work on /opt/airflow/dags/realtime_global_flight_data.py
[2025-07-13T06:23:20.614+0000] {processor.py:830} INFO - Processing file /opt/airflow/dags/realtime_global_flight_data.py for tasks to queue
[2025-07-13T06:23:20.614+0000] {logging_mixin.py:188} INFO - [2025-07-13T06:23:20.614+0000] {dagbag.py:538} INFO - Filling up the DagBag from /opt/airflow/dags/realtime_global_flight_data.py
[2025-07-13T06:23:20.783+0000] {processor.py:840} INFO - DAG(s) 'realtime_global_flight_data' retrieved from /opt/airflow/dags/realtime_global_flight_data.py
[2025-07-13T06:23:20.792+0000] {logging_mixin.py:188} INFO - [2025-07-13T06:23:20.792+0000] {dag.py:3036} INFO - Sync 1 DAGs
[2025-07-13T06:23:20.801+0000] {logging_mixin.py:188} INFO - [2025-07-13T06:23:20.801+0000] {dag.py:3823} INFO - Setting next_dagrun for realtime_global_flight_data to 2025-07-13 06:00:00+00:00, run_after=2025-07-13 06:15:00+00:00
[2025-07-13T06:23:20.807+0000] {processor.py:183} INFO - Processing /opt/airflow/dags/realtime_global_flight_data.py took 0.196 seconds
[2025-07-13T06:23:51.439+0000] {processor.py:161} INFO - Started process (PID=406) to work on /opt/airflow/dags/realtime_global_flight_data.py
[2025-07-13T06:23:51.440+0000] {processor.py:830} INFO - Processing file /opt/airflow/dags/realtime_global_flight_data.py for tasks to queue
[2025-07-13T06:23:51.441+0000] {logging_mixin.py:188} INFO - [2025-07-13T06:23:51.441+0000] {dagbag.py:538} INFO - Filling up the DagBag from /opt/airflow/dags/realtime_global_flight_data.py
[2025-07-13T06:23:51.719+0000] {processor.py:840} INFO - DAG(s) 'realtime_global_flight_data' retrieved from /opt/airflow/dags/realtime_global_flight_data.py
[2025-07-13T06:23:51.731+0000] {logging_mixin.py:188} INFO - [2025-07-13T06:23:51.730+0000] {dag.py:3036} INFO - Sync 1 DAGs
[2025-07-13T06:23:51.741+0000] {logging_mixin.py:188} INFO - [2025-07-13T06:23:51.740+0000] {dag.py:3823} INFO - Setting next_dagrun for realtime_global_flight_data to 2025-07-13 06:00:00+00:00, run_after=2025-07-13 06:15:00+00:00
[2025-07-13T06:23:51.747+0000] {processor.py:183} INFO - Processing /opt/airflow/dags/realtime_global_flight_data.py took 0.311 seconds
[2025-07-13T06:24:22.330+0000] {processor.py:161} INFO - Started process (PID=446) to work on /opt/airflow/dags/realtime_global_flight_data.py
[2025-07-13T06:24:22.331+0000] {processor.py:830} INFO - Processing file /opt/airflow/dags/realtime_global_flight_data.py for tasks to queue
[2025-07-13T06:24:22.332+0000] {logging_mixin.py:188} INFO - [2025-07-13T06:24:22.332+0000] {dagbag.py:538} INFO - Filling up the DagBag from /opt/airflow/dags/realtime_global_flight_data.py
[2025-07-13T06:24:22.548+0000] {processor.py:840} INFO - DAG(s) 'realtime_global_flight_data' retrieved from /opt/airflow/dags/realtime_global_flight_data.py
[2025-07-13T06:24:22.581+0000] {logging_mixin.py:188} INFO - [2025-07-13T06:24:22.581+0000] {dag.py:3036} INFO - Sync 1 DAGs
[2025-07-13T06:24:22.596+0000] {logging_mixin.py:188} INFO - [2025-07-13T06:24:22.596+0000] {dag.py:3823} INFO - Setting next_dagrun for realtime_global_flight_data to 2025-07-13 06:00:00+00:00, run_after=2025-07-13 06:15:00+00:00
[2025-07-13T06:24:22.607+0000] {processor.py:183} INFO - Processing /opt/airflow/dags/realtime_global_flight_data.py took 0.280 seconds
[2025-07-13T06:24:52.669+0000] {processor.py:161} INFO - Started process (PID=486) to work on /opt/airflow/dags/realtime_global_flight_data.py
[2025-07-13T06:24:52.669+0000] {processor.py:830} INFO - Processing file /opt/airflow/dags/realtime_global_flight_data.py for tasks to queue
[2025-07-13T06:24:52.670+0000] {logging_mixin.py:188} INFO - [2025-07-13T06:24:52.670+0000] {dagbag.py:538} INFO - Filling up the DagBag from /opt/airflow/dags/realtime_global_flight_data.py
[2025-07-13T06:24:52.786+0000] {processor.py:840} INFO - DAG(s) 'realtime_global_flight_data' retrieved from /opt/airflow/dags/realtime_global_flight_data.py
[2025-07-13T06:24:52.796+0000] {logging_mixin.py:188} INFO - [2025-07-13T06:24:52.796+0000] {dag.py:3036} INFO - Sync 1 DAGs
[2025-07-13T06:24:52.804+0000] {logging_mixin.py:188} INFO - [2025-07-13T06:24:52.804+0000] {dag.py:3823} INFO - Setting next_dagrun for realtime_global_flight_data to 2025-07-13 06:00:00+00:00, run_after=2025-07-13 06:15:00+00:00
[2025-07-13T06:24:52.811+0000] {processor.py:183} INFO - Processing /opt/airflow/dags/realtime_global_flight_data.py took 0.144 seconds
[2025-07-13T06:25:23.512+0000] {processor.py:161} INFO - Started process (PID=525) to work on /opt/airflow/dags/realtime_global_flight_data.py
[2025-07-13T06:25:23.523+0000] {processor.py:830} INFO - Processing file /opt/airflow/dags/realtime_global_flight_data.py for tasks to queue
[2025-07-13T06:25:23.541+0000] {logging_mixin.py:188} INFO - [2025-07-13T06:25:23.535+0000] {dagbag.py:538} INFO - Filling up the DagBag from /opt/airflow/dags/realtime_global_flight_data.py
[2025-07-13T06:25:23.840+0000] {processor.py:840} INFO - DAG(s) 'realtime_global_flight_data' retrieved from /opt/airflow/dags/realtime_global_flight_data.py
[2025-07-13T06:25:23.859+0000] {logging_mixin.py:188} INFO - [2025-07-13T06:25:23.859+0000] {dag.py:3036} INFO - Sync 1 DAGs
[2025-07-13T06:25:23.874+0000] {logging_mixin.py:188} INFO - [2025-07-13T06:25:23.874+0000] {dag.py:3823} INFO - Setting next_dagrun for realtime_global_flight_data to 2025-07-13 06:00:00+00:00, run_after=2025-07-13 06:15:00+00:00
[2025-07-13T06:25:23.886+0000] {processor.py:183} INFO - Processing /opt/airflow/dags/realtime_global_flight_data.py took 0.383 seconds
[2025-07-13T07:25:15.494+0000] {processor.py:161} INFO - Started process (PID=191) to work on /opt/airflow/dags/realtime_global_flight_data.py
[2025-07-13T07:25:15.495+0000] {processor.py:830} INFO - Processing file /opt/airflow/dags/realtime_global_flight_data.py for tasks to queue
[2025-07-13T07:25:15.495+0000] {logging_mixin.py:188} INFO - [2025-07-13T07:25:15.495+0000] {dagbag.py:538} INFO - Filling up the DagBag from /opt/airflow/dags/realtime_global_flight_data.py
[2025-07-13T07:25:15.760+0000] {processor.py:840} INFO - DAG(s) 'realtime_global_flight_data' retrieved from /opt/airflow/dags/realtime_global_flight_data.py
[2025-07-13T07:25:15.773+0000] {logging_mixin.py:188} INFO - [2025-07-13T07:25:15.773+0000] {dag.py:3036} INFO - Sync 1 DAGs
[2025-07-13T07:25:15.790+0000] {logging_mixin.py:188} INFO - [2025-07-13T07:25:15.790+0000] {dag.py:3823} INFO - Setting next_dagrun for realtime_global_flight_data to 2025-07-13 07:00:00+00:00, run_after=2025-07-13 07:15:00+00:00
[2025-07-13T07:25:15.798+0000] {processor.py:183} INFO - Processing /opt/airflow/dags/realtime_global_flight_data.py took 0.306 seconds
[2025-07-13T07:25:45.979+0000] {processor.py:161} INFO - Started process (PID=231) to work on /opt/airflow/dags/realtime_global_flight_data.py
[2025-07-13T07:25:45.980+0000] {processor.py:830} INFO - Processing file /opt/airflow/dags/realtime_global_flight_data.py for tasks to queue
[2025-07-13T07:25:45.981+0000] {logging_mixin.py:188} INFO - [2025-07-13T07:25:45.981+0000] {dagbag.py:538} INFO - Filling up the DagBag from /opt/airflow/dags/realtime_global_flight_data.py
[2025-07-13T07:25:46.288+0000] {processor.py:840} INFO - DAG(s) 'realtime_global_flight_data' retrieved from /opt/airflow/dags/realtime_global_flight_data.py
[2025-07-13T07:25:46.333+0000] {logging_mixin.py:188} INFO - [2025-07-13T07:25:46.333+0000] {dag.py:3036} INFO - Sync 1 DAGs
[2025-07-13T07:25:46.342+0000] {logging_mixin.py:188} INFO - [2025-07-13T07:25:46.342+0000] {dag.py:3823} INFO - Setting next_dagrun for realtime_global_flight_data to 2025-07-13 07:00:00+00:00, run_after=2025-07-13 07:15:00+00:00
[2025-07-13T07:25:46.349+0000] {processor.py:183} INFO - Processing /opt/airflow/dags/realtime_global_flight_data.py took 0.372 seconds
[2025-07-13T07:41:04.614+0000] {processor.py:161} INFO - Started process (PID=191) to work on /opt/airflow/dags/realtime_global_flight_data.py
[2025-07-13T07:41:04.615+0000] {processor.py:830} INFO - Processing file /opt/airflow/dags/realtime_global_flight_data.py for tasks to queue
[2025-07-13T07:41:04.616+0000] {logging_mixin.py:188} INFO - [2025-07-13T07:41:04.616+0000] {dagbag.py:538} INFO - Filling up the DagBag from /opt/airflow/dags/realtime_global_flight_data.py
[2025-07-13T07:41:04.815+0000] {processor.py:840} INFO - DAG(s) 'realtime_global_flight_data' retrieved from /opt/airflow/dags/realtime_global_flight_data.py
[2025-07-13T07:41:04.825+0000] {logging_mixin.py:188} INFO - [2025-07-13T07:41:04.825+0000] {dag.py:3036} INFO - Sync 1 DAGs
[2025-07-13T07:41:04.834+0000] {logging_mixin.py:188} INFO - [2025-07-13T07:41:04.834+0000] {dag.py:3823} INFO - Setting next_dagrun for realtime_global_flight_data to 2025-07-13 07:15:00+00:00, run_after=2025-07-13 07:30:00+00:00
[2025-07-13T07:41:04.841+0000] {processor.py:183} INFO - Processing /opt/airflow/dags/realtime_global_flight_data.py took 0.229 seconds
[2025-07-13T07:41:34.932+0000] {processor.py:161} INFO - Started process (PID=228) to work on /opt/airflow/dags/realtime_global_flight_data.py
[2025-07-13T07:41:34.937+0000] {processor.py:830} INFO - Processing file /opt/airflow/dags/realtime_global_flight_data.py for tasks to queue
[2025-07-13T07:41:34.941+0000] {logging_mixin.py:188} INFO - [2025-07-13T07:41:34.940+0000] {dagbag.py:538} INFO - Filling up the DagBag from /opt/airflow/dags/realtime_global_flight_data.py
[2025-07-13T07:41:35.546+0000] {processor.py:840} INFO - DAG(s) 'realtime_global_flight_data' retrieved from /opt/airflow/dags/realtime_global_flight_data.py
[2025-07-13T07:41:36.048+0000] {logging_mixin.py:188} INFO - [2025-07-13T07:41:36.047+0000] {dag.py:3036} INFO - Sync 1 DAGs
[2025-07-13T07:41:36.082+0000] {logging_mixin.py:188} INFO - [2025-07-13T07:41:36.082+0000] {dag.py:3823} INFO - Setting next_dagrun for realtime_global_flight_data to 2025-07-13 07:15:00+00:00, run_after=2025-07-13 07:30:00+00:00
[2025-07-13T07:41:36.112+0000] {processor.py:183} INFO - Processing /opt/airflow/dags/realtime_global_flight_data.py took 1.193 seconds
