[2025-07-13T00:20:17.509+0000] {taskinstance.py:1956} INFO - Dependencies all met for dep_context=non-requeueable deps ti=<TaskInstance: flight_data_quality_check.generate_data_summary scheduled__2025-07-12T12:00:00+00:00 [queued]>
[2025-07-13T00:20:17.563+0000] {taskinstance.py:1956} INFO - Dependencies all met for dep_context=requeueable deps ti=<TaskInstance: flight_data_quality_check.generate_data_summary scheduled__2025-07-12T12:00:00+00:00 [queued]>
[2025-07-13T00:20:17.571+0000] {taskinstance.py:2170} INFO - Starting attempt 1 of 2
[2025-07-13T00:20:17.679+0000] {taskinstance.py:2191} INFO - Executing <Task(PythonOperator): generate_data_summary> on 2025-07-12 12:00:00+00:00
[2025-07-13T00:20:17.701+0000] {standard_task_runner.py:60} INFO - Started process 12365 to run task
[2025-07-13T00:20:17.715+0000] {standard_task_runner.py:87} INFO - Running: ['***', 'tasks', 'run', 'flight_data_quality_check', 'generate_data_summary', 'scheduled__2025-07-12T12:00:00+00:00', '--job-id', '170', '--raw', '--subdir', 'DAGS_FOLDER/flight_data_quality.py', '--cfg-path', '/tmp/tmpr9py07y6']
[2025-07-13T00:20:17.720+0000] {standard_task_runner.py:88} INFO - Job 170: Subtask generate_data_summary
[2025-07-13T00:20:17.899+0000] {task_command.py:423} INFO - Running <TaskInstance: flight_data_quality_check.generate_data_summary scheduled__2025-07-12T12:00:00+00:00 [running]> on host f1b3ce86e5d1
[2025-07-13T00:20:18.740+0000] {taskinstance.py:2480} INFO - Exporting env vars: AIRFLOW_CTX_DAG_OWNER='data_engineer' AIRFLOW_CTX_DAG_ID='flight_data_quality_check' AIRFLOW_CTX_TASK_ID='generate_data_summary' AIRFLOW_CTX_EXECUTION_DATE='2025-07-12T12:00:00+00:00' AIRFLOW_CTX_TRY_NUMBER='1' AIRFLOW_CTX_DAG_RUN_ID='scheduled__2025-07-12T12:00:00+00:00'
[2025-07-13T00:20:18.757+0000] {base.py:83} INFO - Using connection ID 'postgres_default' for task execution.
[2025-07-13T00:20:18.814+0000] {sql.py:450} INFO - Running statement: 
        SELECT airline, COUNT(*) as flight_count
        FROM scheduled_flights
        GROUP BY airline
        ORDER BY flight_count DESC
        , parameters: None
[2025-07-13T00:20:18.826+0000] {sql.py:459} INFO - Rows affected: 109
[2025-07-13T00:20:18.833+0000] {logging_mixin.py:188} INFO - Airlines summary:
[2025-07-13T00:20:18.834+0000] {logging_mixin.py:188} INFO -   MS: 23 flights
[2025-07-13T00:20:18.836+0000] {logging_mixin.py:188} INFO -   PD: 17 flights
[2025-07-13T00:20:18.838+0000] {logging_mixin.py:188} INFO -   VJ: 16 flights
[2025-07-13T00:20:18.840+0000] {logging_mixin.py:188} INFO -   SY: 15 flights
[2025-07-13T00:20:18.843+0000] {logging_mixin.py:188} INFO -   SQ: 15 flights
[2025-07-13T00:20:18.843+0000] {logging_mixin.py:188} INFO -   RO: 14 flights
[2025-07-13T00:20:18.846+0000] {logging_mixin.py:188} INFO -   OZ: 14 flights
[2025-07-13T00:20:18.851+0000] {logging_mixin.py:188} INFO -   OK: 14 flights
[2025-07-13T00:20:18.857+0000] {logging_mixin.py:188} INFO -   KL: 14 flights
[2025-07-13T00:20:18.862+0000] {logging_mixin.py:188} INFO -   JJ: 14 flights
[2025-07-13T00:20:18.866+0000] {logging_mixin.py:188} INFO -   BT: 14 flights
[2025-07-13T00:20:18.872+0000] {logging_mixin.py:188} INFO -   AI: 14 flights
[2025-07-13T00:20:18.879+0000] {logging_mixin.py:188} INFO -   WF: 14 flights
[2025-07-13T00:20:18.884+0000] {logging_mixin.py:188} INFO -   UK: 13 flights
[2025-07-13T00:20:18.886+0000] {logging_mixin.py:188} INFO -   MP: 13 flights
[2025-07-13T00:20:18.887+0000] {logging_mixin.py:188} INFO -   TT: 13 flights
[2025-07-13T00:20:18.889+0000] {logging_mixin.py:188} INFO -   SJ: 13 flights
[2025-07-13T00:20:18.892+0000] {logging_mixin.py:188} INFO -   F8: 12 flights
[2025-07-13T00:20:18.896+0000] {logging_mixin.py:188} INFO -   6E: 12 flights
[2025-07-13T00:20:18.909+0000] {logging_mixin.py:188} INFO -   ZX: 12 flights
[2025-07-13T00:20:18.914+0000] {logging_mixin.py:188} INFO -   MH: 12 flights
[2025-07-13T00:20:18.920+0000] {logging_mixin.py:188} INFO -   VY: 12 flights
[2025-07-13T00:20:18.925+0000] {logging_mixin.py:188} INFO -   SB: 12 flights
[2025-07-13T00:20:18.930+0000] {logging_mixin.py:188} INFO -   DJ: 12 flights
[2025-07-13T00:20:18.941+0000] {logging_mixin.py:188} INFO -   PC: 12 flights
[2025-07-13T00:20:18.943+0000] {logging_mixin.py:188} INFO -   TP: 11 flights
[2025-07-13T00:20:18.948+0000] {logging_mixin.py:188} INFO -   XG: 11 flights
[2025-07-13T00:20:18.952+0000] {logging_mixin.py:188} INFO -   FR: 11 flights
[2025-07-13T00:20:18.955+0000] {logging_mixin.py:188} INFO -   WG: 11 flights
[2025-07-13T00:20:18.960+0000] {logging_mixin.py:188} INFO -   IR: 11 flights
[2025-07-13T00:20:18.961+0000] {logging_mixin.py:188} INFO -   AY: 11 flights
[2025-07-13T00:20:18.963+0000] {logging_mixin.py:188} INFO -   TS: 11 flights
[2025-07-13T00:20:18.966+0000] {logging_mixin.py:188} INFO -   G4: 11 flights
[2025-07-13T00:20:18.969+0000] {logging_mixin.py:188} INFO -   HV: 11 flights
[2025-07-13T00:20:18.974+0000] {logging_mixin.py:188} INFO -   RJ: 11 flights
[2025-07-13T00:20:18.980+0000] {logging_mixin.py:188} INFO -   U2: 11 flights
[2025-07-13T00:20:18.984+0000] {logging_mixin.py:188} INFO -   UA: 10 flights
[2025-07-13T00:20:18.986+0000] {logging_mixin.py:188} INFO -   AZ: 10 flights
[2025-07-13T00:20:18.987+0000] {logging_mixin.py:188} INFO -   SV: 10 flights
[2025-07-13T00:20:18.989+0000] {logging_mixin.py:188} INFO -   VA: 10 flights
[2025-07-13T00:20:18.991+0000] {logging_mixin.py:188} INFO -   FZ: 10 flights
[2025-07-13T00:20:18.993+0000] {logging_mixin.py:188} INFO -   HC: 10 flights
[2025-07-13T00:20:18.995+0000] {logging_mixin.py:188} INFO -   IC: 10 flights
[2025-07-13T00:20:18.999+0000] {logging_mixin.py:188} INFO -   QR: 10 flights
[2025-07-13T00:20:19.001+0000] {logging_mixin.py:188} INFO -   AS: 10 flights
[2025-07-13T00:20:19.004+0000] {logging_mixin.py:188} INFO -   AC: 10 flights
[2025-07-13T00:20:19.028+0000] {logging_mixin.py:188} INFO -   PK: 10 flights
[2025-07-13T00:20:19.041+0000] {logging_mixin.py:188} INFO -   FJ: 9 flights
[2025-07-13T00:20:19.042+0000] {logging_mixin.py:188} INFO -   WN: 9 flights
[2025-07-13T00:20:19.059+0000] {logging_mixin.py:188} INFO -   IB: 9 flights
[2025-07-13T00:20:19.087+0000] {logging_mixin.py:188} INFO -   JU: 9 flights
[2025-07-13T00:20:19.089+0000] {logging_mixin.py:188} INFO -   OS: 9 flights
[2025-07-13T00:20:19.092+0000] {logging_mixin.py:188} INFO -   AT: 9 flights
[2025-07-13T00:20:19.095+0000] {logging_mixin.py:188} INFO -   G3: 9 flights
[2025-07-13T00:20:19.096+0000] {logging_mixin.py:188} INFO -   SA: 9 flights
[2025-07-13T00:20:19.097+0000] {logging_mixin.py:188} INFO -   JL: 9 flights
[2025-07-13T00:20:19.107+0000] {logging_mixin.py:188} INFO -   NZ: 9 flights
[2025-07-13T00:20:19.117+0000] {logging_mixin.py:188} INFO -   P5: 9 flights
[2025-07-13T00:20:19.127+0000] {logging_mixin.py:188} INFO -   UU: 9 flights
[2025-07-13T00:20:19.134+0000] {logging_mixin.py:188} INFO -   KE: 9 flights
[2025-07-13T00:20:19.141+0000] {logging_mixin.py:188} INFO -   BA: 8 flights
[2025-07-13T00:20:19.146+0000] {logging_mixin.py:188} INFO -   I5: 8 flights
[2025-07-13T00:20:19.147+0000] {logging_mixin.py:188} INFO -   DT: 8 flights
[2025-07-13T00:20:19.149+0000] {logging_mixin.py:188} INFO -   VN: 8 flights
[2025-07-13T00:20:19.150+0000] {logging_mixin.py:188} INFO -   BR: 8 flights
[2025-07-13T00:20:19.158+0000] {logging_mixin.py:188} INFO -   LP: 8 flights
[2025-07-13T00:20:19.167+0000] {logging_mixin.py:188} INFO -   PX: 8 flights
[2025-07-13T00:20:19.184+0000] {logging_mixin.py:188} INFO -   TG: 8 flights
[2025-07-13T00:20:19.190+0000] {logging_mixin.py:188} INFO -   NK: 8 flights
[2025-07-13T00:20:19.195+0000] {logging_mixin.py:188} INFO -   TD: 7 flights
[2025-07-13T00:20:19.198+0000] {logging_mixin.py:188} INFO -   DL: 7 flights
[2025-07-13T00:20:19.198+0000] {logging_mixin.py:188} INFO -   AA: 7 flights
[2025-07-13T00:20:19.200+0000] {logging_mixin.py:188} INFO -   AF: 7 flights
[2025-07-13T00:20:19.213+0000] {logging_mixin.py:188} INFO -   AV: 7 flights
[2025-07-13T00:20:19.215+0000] {logging_mixin.py:188} INFO -   W6: 7 flights
[2025-07-13T00:20:19.216+0000] {logging_mixin.py:188} INFO -   CX: 7 flights
[2025-07-13T00:20:19.217+0000] {logging_mixin.py:188} INFO -   CI: 7 flights
[2025-07-13T00:20:19.218+0000] {logging_mixin.py:188} INFO -   QZ: 7 flights
[2025-07-13T00:20:19.218+0000] {logging_mixin.py:188} INFO -   LH: 7 flights
[2025-07-13T00:20:19.219+0000] {logging_mixin.py:188} INFO -   EY: 7 flights
[2025-07-13T00:20:19.222+0000] {logging_mixin.py:188} INFO -   LA: 7 flights
[2025-07-13T00:20:19.223+0000] {logging_mixin.py:188} INFO -   F9: 7 flights
[2025-07-13T00:20:19.225+0000] {logging_mixin.py:188} INFO -   SW: 7 flights
[2025-07-13T00:20:19.227+0000] {logging_mixin.py:188} INFO -   FD: 7 flights
[2025-07-13T00:20:19.228+0000] {logging_mixin.py:188} INFO -   B6: 7 flights
[2025-07-13T00:20:19.229+0000] {logging_mixin.py:188} INFO -   YM: 6 flights
[2025-07-13T00:20:19.231+0000] {logging_mixin.py:188} INFO -   KQ: 6 flights
[2025-07-13T00:20:19.235+0000] {logging_mixin.py:188} INFO -   BL: 6 flights
[2025-07-13T00:20:19.238+0000] {logging_mixin.py:188} INFO -   ME: 6 flights
[2025-07-13T00:20:19.240+0000] {logging_mixin.py:188} INFO -   AR: 6 flights
[2025-07-13T00:20:19.243+0000] {logging_mixin.py:188} INFO -   AD: 6 flights
[2025-07-13T00:20:19.245+0000] {logging_mixin.py:188} INFO -   W5: 6 flights
[2025-07-13T00:20:19.246+0000] {logging_mixin.py:188} INFO -   WJ: 6 flights
[2025-07-13T00:20:19.247+0000] {logging_mixin.py:188} INFO -   QF: 6 flights
[2025-07-13T00:20:19.248+0000] {logging_mixin.py:188} INFO -   LX: 6 flights
[2025-07-13T00:20:19.249+0000] {logging_mixin.py:188} INFO -   SN: 6 flights
[2025-07-13T00:20:19.250+0000] {logging_mixin.py:188} INFO -   LO: 6 flights
[2025-07-13T00:20:19.254+0000] {logging_mixin.py:188} INFO -   NH: 6 flights
[2025-07-13T00:20:19.256+0000] {logging_mixin.py:188} INFO -   IX: 5 flights
[2025-07-13T00:20:19.258+0000] {logging_mixin.py:188} INFO -   WS: 5 flights
[2025-07-13T00:20:19.260+0000] {logging_mixin.py:188} INFO -   TK: 5 flights
[2025-07-13T00:20:19.260+0000] {logging_mixin.py:188} INFO -   ET: 5 flights
[2025-07-13T00:20:19.261+0000] {logging_mixin.py:188} INFO -   SK: 5 flights
[2025-07-13T00:20:19.262+0000] {logging_mixin.py:188} INFO -   CM: 5 flights
[2025-07-13T00:20:19.263+0000] {logging_mixin.py:188} INFO -   JQ: 4 flights
[2025-07-13T00:20:19.264+0000] {logging_mixin.py:188} INFO -   EK: 3 flights
[2025-07-13T00:20:19.264+0000] {logging_mixin.py:188} INFO -   D8: 3 flights
[2025-07-13T00:20:19.265+0000] {logging_mixin.py:188} INFO -   GA: 3 flights
[2025-07-13T00:20:19.266+0000] {logging_mixin.py:188} INFO -   GF: 1 flights
[2025-07-13T00:20:19.305+0000] {base.py:83} INFO - Using connection ID 'postgres_default' for task execution.
[2025-07-13T00:20:19.313+0000] {sql.py:450} INFO - Running statement: 
        SELECT origin_airport, destination_airport, COUNT(*) as route_count
        FROM scheduled_flights
        GROUP BY origin_airport, destination_airport
        ORDER BY route_count DESC
        LIMIT 10
        , parameters: None
[2025-07-13T00:20:19.324+0000] {sql.py:459} INFO - Rows affected: 10
[2025-07-13T00:20:19.327+0000] {logging_mixin.py:188} INFO - 
Top 10 routes:
[2025-07-13T00:20:19.330+0000] {logging_mixin.py:188} INFO -   YOW -> IPC: 2 flights
[2025-07-13T00:20:19.335+0000] {logging_mixin.py:188} INFO -   NQN -> TAG: 2 flights
[2025-07-13T00:20:19.336+0000] {logging_mixin.py:188} INFO -   HKT -> SLL: 1 flights
[2025-07-13T00:20:19.337+0000] {logging_mixin.py:188} INFO -   ATL -> CLO: 1 flights
[2025-07-13T00:20:19.338+0000] {logging_mixin.py:188} INFO -   FEZ -> ZCO: 1 flights
[2025-07-13T00:20:19.339+0000] {logging_mixin.py:188} INFO -   CJC -> NRT: 1 flights
[2025-07-13T00:20:19.341+0000] {logging_mixin.py:188} INFO -   OVB -> COR: 1 flights
[2025-07-13T00:20:19.343+0000] {logging_mixin.py:188} INFO -   CRK -> MED: 1 flights
[2025-07-13T00:20:19.344+0000] {logging_mixin.py:188} INFO -   CLO -> PVR: 1 flights
[2025-07-13T00:20:19.345+0000] {logging_mixin.py:188} INFO -   CHM -> SYD: 1 flights
[2025-07-13T00:20:19.365+0000] {base.py:83} INFO - Using connection ID 'postgres_default' for task execution.
[2025-07-13T00:20:19.372+0000] {sql.py:450} INFO - Running statement: 
        SELECT status, COUNT(*) as status_count
        FROM scheduled_flights
        GROUP BY status
        ORDER BY status_count DESC
        , parameters: None
[2025-07-13T00:20:19.376+0000] {sql.py:459} INFO - Rows affected: 4
[2025-07-13T00:20:19.378+0000] {logging_mixin.py:188} INFO - 
Flight status summary:
[2025-07-13T00:20:19.379+0000] {logging_mixin.py:188} INFO -   Cancelled: 265 flights
[2025-07-13T00:20:19.380+0000] {logging_mixin.py:188} INFO -   Scheduled: 248 flights
[2025-07-13T00:20:19.381+0000] {logging_mixin.py:188} INFO -   Delayed: 245 flights
[2025-07-13T00:20:19.382+0000] {logging_mixin.py:188} INFO -   On Time: 242 flights
[2025-07-13T00:20:19.383+0000] {python.py:201} INFO - Done. Returned value was: None
[2025-07-13T00:20:19.530+0000] {taskinstance.py:1138} INFO - Marking task as SUCCESS. dag_id=flight_data_quality_check, task_id=generate_data_summary, execution_date=20250712T120000, start_date=20250713T002017, end_date=20250713T002019
[2025-07-13T00:20:19.597+0000] {local_task_job_runner.py:234} INFO - Task exited with return code 0
[2025-07-13T00:20:19.627+0000] {taskinstance.py:3280} INFO - 0 downstream tasks scheduled from follow-on schedule check
