[2025-07-12T15:51:42.378+0000] {taskinstance.py:1956} INFO - Dependencies all met for dep_context=non-requeueable deps ti=<TaskInstance: flight_data_quality_check.check_data_completeness manual__2025-07-12T15:51:41.622216+00:00 [queued]>
[2025-07-12T15:51:42.383+0000] {taskinstance.py:1956} INFO - Dependencies all met for dep_context=requeueable deps ti=<TaskInstance: flight_data_quality_check.check_data_completeness manual__2025-07-12T15:51:41.622216+00:00 [queued]>
[2025-07-12T15:51:42.384+0000] {taskinstance.py:2170} INFO - Starting attempt 1 of 2
[2025-07-12T15:51:42.389+0000] {taskinstance.py:2191} INFO - Executing <Task(PythonOperator): check_data_completeness> on 2025-07-12 15:51:41.622216+00:00
[2025-07-12T15:51:42.392+0000] {standard_task_runner.py:60} INFO - Started process 298 to run task
[2025-07-12T15:51:42.394+0000] {standard_task_runner.py:87} INFO - Running: ['***', 'tasks', 'run', 'flight_data_quality_check', 'check_data_completeness', 'manual__2025-07-12T15:51:41.622216+00:00', '--job-id', '146', '--raw', '--subdir', 'DAGS_FOLDER/flight_data_quality.py', '--cfg-path', '/tmp/tmpa4p2zhdi']
[2025-07-12T15:51:42.396+0000] {standard_task_runner.py:88} INFO - Job 146: Subtask check_data_completeness
[2025-07-12T15:51:42.421+0000] {task_command.py:423} INFO - Running <TaskInstance: flight_data_quality_check.check_data_completeness manual__2025-07-12T15:51:41.622216+00:00 [running]> on host f1b3ce86e5d1
[2025-07-12T15:51:42.595+0000] {taskinstance.py:2480} INFO - Exporting env vars: AIRFLOW_CTX_DAG_OWNER='data_engineer' AIRFLOW_CTX_DAG_ID='flight_data_quality_check' AIRFLOW_CTX_TASK_ID='check_data_completeness' AIRFLOW_CTX_EXECUTION_DATE='2025-07-12T15:51:41.622216+00:00' AIRFLOW_CTX_TRY_NUMBER='1' AIRFLOW_CTX_DAG_RUN_ID='manual__2025-07-12T15:51:41.622216+00:00'
[2025-07-12T15:51:42.602+0000] {base.py:83} INFO - Using connection ID 'postgres_default' for task execution.
[2025-07-12T15:51:42.605+0000] {sql.py:450} INFO - Running statement: 
        SELECT 
            COUNT(*) as total_records,
            COUNT(code) as code_count,
            COUNT(name) as name_count,
            COUNT(latitude) as lat_count,
            COUNT(longitude) as lon_count
        FROM airports
        , parameters: None
[2025-07-12T15:51:42.606+0000] {sql.py:459} INFO - Rows affected: 1
[2025-07-12T15:51:42.606+0000] {logging_mixin.py:188} INFO - Airports completeness check:
[2025-07-12T15:51:42.606+0000] {logging_mixin.py:188} INFO - Total records: 81
[2025-07-12T15:51:42.607+0000] {logging_mixin.py:188} INFO - Code completeness: 81/81 (100.0%)
[2025-07-12T15:51:42.607+0000] {logging_mixin.py:188} INFO - Name completeness: 81/81 (100.0%)
[2025-07-12T15:51:42.608+0000] {logging_mixin.py:188} INFO - Coordinates completeness: 81/81 (100.0%)
[2025-07-12T15:51:42.611+0000] {base.py:83} INFO - Using connection ID 'postgres_default' for task execution.
[2025-07-12T15:51:42.613+0000] {sql.py:450} INFO - Running statement: 
        SELECT 
            COUNT(*) as total_records,
            COUNT(flight_number) as flight_num_count,
            COUNT(origin_airport) as origin_count,
            COUNT(destination_airport) as dest_count,
            COUNT(scheduled_departure) as dept_count
        FROM scheduled_flights
        , parameters: None
[2025-07-12T15:51:42.614+0000] {sql.py:459} INFO - Rows affected: 1
[2025-07-12T15:51:42.614+0000] {logging_mixin.py:188} INFO - Scheduled flights completeness check:
[2025-07-12T15:51:42.614+0000] {logging_mixin.py:188} INFO - Total records: 1000
[2025-07-12T15:51:42.615+0000] {logging_mixin.py:188} INFO - Flight number completeness: 1000/1000 (100.0%)
[2025-07-12T15:51:42.616+0000] {logging_mixin.py:188} INFO - Origin completeness: 1000/1000 (100.0%)
[2025-07-12T15:51:42.616+0000] {logging_mixin.py:188} INFO - Destination completeness: 1000/1000 (100.0%)
[2025-07-12T15:51:42.616+0000] {python.py:201} INFO - Done. Returned value was: None
[2025-07-12T15:51:42.620+0000] {taskinstance.py:1138} INFO - Marking task as SUCCESS. dag_id=flight_data_quality_check, task_id=check_data_completeness, execution_date=20250712T155141, start_date=20250712T155142, end_date=20250712T155142
[2025-07-12T15:51:42.665+0000] {local_task_job_runner.py:234} INFO - Task exited with return code 0
[2025-07-12T15:51:42.699+0000] {taskinstance.py:3280} INFO - 0 downstream tasks scheduled from follow-on schedule check
